#
# There is insufficient memory for the Java Runtime Environment to continue.
# Native memory allocation (malloc) failed to allocate 1158576 bytes for Chunk::new
# Possible reasons:
#   The system is out of physical RAM or swap space
#   The process is running with CompressedOops enabled, and the Java Heap may be blocking the growth of the native heap
# Possible solutions:
#   Reduce memory load on the system
#   Increase physical memory or swap space
#   Check if swap backing store is full
#   Decrease Java heap size (-Xmx/-Xms)
#   Decrease number of Java threads
#   Decrease Java thread stack sizes (-Xss)
#   Set larger code cache with -XX:ReservedCodeCacheSize=
#   JVM is running with Unscaled Compressed Oops mode in which the Java heap is
#     placed in the first 4GB address space. The Java Heap base address is the
#     maximum limit for the native heap growth. Please use -XX:HeapBaseMinAddress
#     to set the Java Heap base and to place the Java Heap above 4GB virtual address.
# This output file may be truncated or incomplete.
#
#  Out of Memory Error (arena.cpp:189), pid=6876, tid=4480
#
# JRE version: OpenJDK Runtime Environment Temurin-17.0.1+12 (17.0.1+12) (build 17.0.1+12)
# Java VM: OpenJDK 64-Bit Server VM Temurin-17.0.1+12 (17.0.1+12, mixed mode, tiered, compressed oops, compressed class ptrs, g1 gc, windows-amd64)
# No core dump will be written. Minidumps are not enabled by default on client versions of Windows
#

---------------  S U M M A R Y ------------

Command Line: -Dmaven.home=EMBEDDED -Dclassworlds.conf=C:\Users\Nidhi\eclipse-workspace\.metadata\.plugins\org.eclipse.m2e.launching\launches\m2conf13814724952222547261.tmp -Dmaven.multiModuleProjectDirectory=C:\Users\Nidhi\Documents\workspace-spring-tool-suite-4-4.12.1.RELEASE\E-CommerceFasionBackend -Dfile.encoding=Cp1252 -XX:+ShowCodeDetailsInExceptionMessages org.codehaus.plexus.classworlds.launcher.Launcher -Ppom.xml -B install

Host: Intel(R) Core(TM) i5-5200U CPU @ 2.20GHz, 4 cores, 3G,  Windows 8.1 , 64 bit Build 9600 (6.3.9600.16656)
Time: Tue Dec 21 22:53:26 2021 India Standard Time elapsed time: 18.678726 seconds (0d 0h 0m 18s)

---------------  T H R E A D  ---------------

Current thread (0x000000e0dbeb7c50):  JavaThread "C2 CompilerThread0" daemon [_thread_in_native, id=4480, stack(0x000000e0dd200000,0x000000e0dd300000)]


Current CompileTask:
C2:  18678 3922   !   4       org.codehaus.plexus.interpolation.reflection.ReflectionValueExtractor::getPropertyValue (114 bytes)

Stack: [0x000000e0dd200000,0x000000e0dd300000]
Native frames: (J=compiled Java code, j=interpreted, Vv=VM code, C=native code)
V  [jvm.dll+0x6744da]
V  [jvm.dll+0x82e144]
V  [jvm.dll+0x82f8ee]
V  [jvm.dll+0x82ff53]
V  [jvm.dll+0x245175]
V  [jvm.dll+0xab85b]
V  [jvm.dll+0xabdec]
V  [jvm.dll+0x362eb2]
V  [jvm.dll+0x32d4c1]
V  [jvm.dll+0x32c96a]
V  [jvm.dll+0x218031]
V  [jvm.dll+0x217451]
V  [jvm.dll+0x1a355d]
V  [jvm.dll+0x226e38]
V  [jvm.dll+0x224f7c]
V  [jvm.dll+0x7e3f5b]
V  [jvm.dll+0x7de51a]
V  [jvm.dll+0x673305]
C  [ucrtbase.DLL+0x1c1ae]
C  [KERNEL32.DLL+0x15dd]
C  [ntdll.dll+0x743d1]


---------------  P R O C E S S  ---------------

Threads class SMR info:
_java_thread_list=0x000000e0dcb64170, length=12, elements={
0x000000e0c48afa60, 0x000000e0dbe662a0, 0x000000e0dbe688a0, 0x000000e0dbeb0010,
0x000000e0dbeb08d0, 0x000000e0dbeb1930, 0x000000e0dbeb5f80, 0x000000e0dbeb7c50,
0x000000e0dbebaea0, 0x000000e0dca14030, 0x000000e0dcb4e750, 0x000000e0dcb64260
}

Java Threads: ( => current thread )
  0x000000e0c48afa60 JavaThread "main" [_thread_in_native, id=6060, stack(0x000000e0c3f60000,0x000000e0c4060000)]
  0x000000e0dbe662a0 JavaThread "Reference Handler" daemon [_thread_blocked, id=7592, stack(0x000000e0dc800000,0x000000e0dc900000)]
  0x000000e0dbe688a0 JavaThread "Finalizer" daemon [_thread_blocked, id=4864, stack(0x000000e0dc900000,0x000000e0dca00000)]
  0x000000e0dbeb0010 JavaThread "Signal Dispatcher" daemon [_thread_blocked, id=5724, stack(0x000000e0dce00000,0x000000e0dcf00000)]
  0x000000e0dbeb08d0 JavaThread "Attach Listener" daemon [_thread_blocked, id=4832, stack(0x000000e0dcf00000,0x000000e0dd000000)]
  0x000000e0dbeb1930 JavaThread "Service Thread" daemon [_thread_blocked, id=7236, stack(0x000000e0dd000000,0x000000e0dd100000)]
  0x000000e0dbeb5f80 JavaThread "Monitor Deflation Thread" daemon [_thread_blocked, id=3888, stack(0x000000e0dd100000,0x000000e0dd200000)]
=>0x000000e0dbeb7c50 JavaThread "C2 CompilerThread0" daemon [_thread_in_native, id=4480, stack(0x000000e0dd200000,0x000000e0dd300000)]
  0x000000e0dbebaea0 JavaThread "C1 CompilerThread0" daemon [_thread_blocked, id=3944, stack(0x000000e0dd300000,0x000000e0dd400000)]
  0x000000e0dca14030 JavaThread "Sweeper thread" daemon [_thread_blocked, id=5520, stack(0x000000e0dd400000,0x000000e0dd500000)]
  0x000000e0dcb4e750 JavaThread "Notification Thread" daemon [_thread_blocked, id=5300, stack(0x000000e0dd500000,0x000000e0dd600000)]
  0x000000e0dcb64260 JavaThread "Common-Cleaner" daemon [_thread_blocked, id=6004, stack(0x000000e0dd700000,0x000000e0dd800000)]

Other Threads:
  0x000000e0c495e0a0 VMThread "VM Thread" [stack: 0x000000e0dbed0000,0x000000e0dbfd0000] [id=8840]
  0x000000e0dcb53650 WatcherThread [stack: 0x000000e0dd600000,0x000000e0dd700000] [id=7220]
  0x000000e0c48de550 GCTaskThread "GC Thread#0" [stack: 0x000000e0c4680000,0x000000e0c4780000] [id=880]
  0x000000e0ddfcdd10 GCTaskThread "GC Thread#1" [stack: 0x000000e0de6e0000,0x000000e0de7e0000] [id=8528]
  0x000000e0dde41dd0 GCTaskThread "GC Thread#2" [stack: 0x000000e0dffd0000,0x000000e0e00d0000] [id=8284]
  0x000000e0dde7b030 GCTaskThread "GC Thread#3" [stack: 0x000000e0e00d0000,0x000000e0e01d0000] [id=7556]
  0x000000e0c48e7210 ConcurrentGCThread "G1 Main Marker" [stack: 0x000000e0d9490000,0x000000e0d9590000] [id=8996]
  0x000000e0c48ea5d0 ConcurrentGCThread "G1 Conc#0" [stack: 0x000000e0d9590000,0x000000e0d9690000] [id=4828]
  0x000000e0c4938580 ConcurrentGCThread "G1 Refine#0" [stack: 0x000000e0dbad0000,0x000000e0dbbd0000] [id=1792]
  0x000000e0c493abe0 ConcurrentGCThread "G1 Service" [stack: 0x000000e0dbbd0000,0x000000e0dbcd0000] [id=6964]

Threads with active compile tasks:
C2 CompilerThread0    18749 3922   !   4       org.codehaus.plexus.interpolation.reflection.ReflectionValueExtractor::getPropertyValue (114 bytes)

VM state: not at safepoint (normal execution)

VM Mutex/Monitor currently owned by a thread: None

Heap address: 0x00000000c1400000, size: 1004 MB, Compressed Oops mode: 32-bit

CDS archive(s) not mapped
Compressed class space mapped at: 0x0000000100000000-0x0000000140000000, reserved size: 1073741824
Narrow klass base: 0x0000000000000000, Narrow klass shift: 3, Narrow klass range: 0x140000000

GC Precious Log:
 CPUs: 4 total, 4 available
 Memory: 4011M
 Large Page Support: Disabled
 NUMA Support: Disabled
 Compressed Oops: Enabled (32-bit)
 Heap Region Size: 1M
 Heap Min Capacity: 8M
 Heap Initial Capacity: 64M
 Heap Max Capacity: 1004M
 Pre-touch: Disabled
 Parallel Workers: 4
 Concurrent Workers: 1
 Concurrent Refinement Workers: 4
 Periodic GC: Disabled

Heap:
 garbage-first heap   total 60416K, used 15881K [0x00000000c1400000, 0x0000000100000000)
  region size 1024K, 5 young (5120K), 2 survivors (2048K)
 Metaspace       used 23209K, committed 23488K, reserved 1073152K
  class space    used 2346K, committed 2496K, reserved 1048576K

Heap Regions: E=young(eden), S=young(survivor), O=old, HS=humongous(starts), HC=humongous(continues), CS=collection set, F=free, OA=open archive, CA=closed archive, TAMS=top-at-mark-start (previous, next)
|   0|0x00000000c1400000, 0x00000000c1500000, 0x00000000c1500000|100%| O|  |TAMS 0x00000000c1500000, 0x00000000c1400000| Untracked 
|   1|0x00000000c1500000, 0x00000000c1600000, 0x00000000c1600000|100%| O|  |TAMS 0x00000000c1600000, 0x00000000c1500000| Untracked 
|   2|0x00000000c1600000, 0x00000000c1700000, 0x00000000c1700000|100%| O|  |TAMS 0x00000000c1700000, 0x00000000c1600000| Untracked 
|   3|0x00000000c1700000, 0x00000000c1800000, 0x00000000c1800000|100%| O|  |TAMS 0x00000000c1800000, 0x00000000c1700000| Untracked 
|   4|0x00000000c1800000, 0x00000000c1900000, 0x00000000c1900000|100%| O|  |TAMS 0x00000000c1900000, 0x00000000c1800000| Untracked 
|   5|0x00000000c1900000, 0x00000000c1a00000, 0x00000000c1a00000|100%| O|  |TAMS 0x00000000c1a00000, 0x00000000c1900000| Untracked 
|   6|0x00000000c1a00000, 0x00000000c1b00000, 0x00000000c1b00000|100%| O|  |TAMS 0x00000000c1a09c00, 0x00000000c1a00000| Untracked 
|   7|0x00000000c1b00000, 0x00000000c1c00000, 0x00000000c1c00000|100%| O|  |TAMS 0x00000000c1b00000, 0x00000000c1b00000| Untracked 
|   8|0x00000000c1c00000, 0x00000000c1d00000, 0x00000000c1d00000|100%| O|  |TAMS 0x00000000c1c00000, 0x00000000c1c00000| Untracked 
|   9|0x00000000c1d00000, 0x00000000c1d00000, 0x00000000c1e00000|  0%| F|  |TAMS 0x00000000c1d00000, 0x00000000c1d00000| Untracked 
|  10|0x00000000c1e00000, 0x00000000c1f00000, 0x00000000c1f00000|100%| O|  |TAMS 0x00000000c1e00000, 0x00000000c1e00000| Untracked 
|  11|0x00000000c1f00000, 0x00000000c2000000, 0x00000000c2000000|100%| O|  |TAMS 0x00000000c1f00000, 0x00000000c1f00000| Untracked 
|  12|0x00000000c2000000, 0x00000000c20c2e00, 0x00000000c2100000| 76%| O|  |TAMS 0x00000000c2000000, 0x00000000c2000000| Untracked 
|  13|0x00000000c2100000, 0x00000000c2100000, 0x00000000c2200000|  0%| F|  |TAMS 0x00000000c2100000, 0x00000000c2100000| Untracked 
|  14|0x00000000c2200000, 0x00000000c2200000, 0x00000000c2300000|  0%| F|  |TAMS 0x00000000c2200000, 0x00000000c2200000| Untracked 
|  15|0x00000000c2300000, 0x00000000c2300000, 0x00000000c2400000|  0%| F|  |TAMS 0x00000000c2300000, 0x00000000c2300000| Untracked 
|  16|0x00000000c2400000, 0x00000000c2400000, 0x00000000c2500000|  0%| F|  |TAMS 0x00000000c2400000, 0x00000000c2400000| Untracked 
|  17|0x00000000c2500000, 0x00000000c2500000, 0x00000000c2600000|  0%| F|  |TAMS 0x00000000c2500000, 0x00000000c2500000| Untracked 
|  18|0x00000000c2600000, 0x00000000c2600000, 0x00000000c2700000|  0%| F|  |TAMS 0x00000000c2600000, 0x00000000c2600000| Untracked 
|  19|0x00000000c2700000, 0x00000000c2700000, 0x00000000c2800000|  0%| F|  |TAMS 0x00000000c2700000, 0x00000000c2700000| Untracked 
|  20|0x00000000c2800000, 0x00000000c2800000, 0x00000000c2900000|  0%| F|  |TAMS 0x00000000c2800000, 0x00000000c2800000| Untracked 
|  21|0x00000000c2900000, 0x00000000c2900000, 0x00000000c2a00000|  0%| F|  |TAMS 0x00000000c2900000, 0x00000000c2900000| Untracked 
|  22|0x00000000c2a00000, 0x00000000c2a00000, 0x00000000c2b00000|  0%| F|  |TAMS 0x00000000c2a00000, 0x00000000c2a00000| Untracked 
|  23|0x00000000c2b00000, 0x00000000c2b00000, 0x00000000c2c00000|  0%| F|  |TAMS 0x00000000c2b00000, 0x00000000c2b00000| Untracked 
|  24|0x00000000c2c00000, 0x00000000c2cbf8e0, 0x00000000c2d00000| 74%| S|CS|TAMS 0x00000000c2c00000, 0x00000000c2c00000| Complete 
|  25|0x00000000c2d00000, 0x00000000c2e00000, 0x00000000c2e00000|100%| S|CS|TAMS 0x00000000c2d00000, 0x00000000c2d00000| Complete 
|  26|0x00000000c2e00000, 0x00000000c2e00000, 0x00000000c2f00000|  0%| F|  |TAMS 0x00000000c2e00000, 0x00000000c2e00000| Untracked 
|  27|0x00000000c2f00000, 0x00000000c2f00000, 0x00000000c3000000|  0%| F|  |TAMS 0x00000000c2f00000, 0x00000000c2f00000| Untracked 
|  28|0x00000000c3000000, 0x00000000c3000000, 0x00000000c3100000|  0%| F|  |TAMS 0x00000000c3000000, 0x00000000c3000000| Untracked 
|  29|0x00000000c3100000, 0x00000000c3100000, 0x00000000c3200000|  0%| F|  |TAMS 0x00000000c3100000, 0x00000000c3100000| Untracked 
|  30|0x00000000c3200000, 0x00000000c3200000, 0x00000000c3300000|  0%| F|  |TAMS 0x00000000c3200000, 0x00000000c3200000| Untracked 
|  31|0x00000000c3300000, 0x00000000c3300000, 0x00000000c3400000|  0%| F|  |TAMS 0x00000000c3300000, 0x00000000c3300000| Untracked 
|  32|0x00000000c3400000, 0x00000000c3400000, 0x00000000c3500000|  0%| F|  |TAMS 0x00000000c3400000, 0x00000000c3400000| Untracked 
|  33|0x00000000c3500000, 0x00000000c3500000, 0x00000000c3600000|  0%| F|  |TAMS 0x00000000c3500000, 0x00000000c3500000| Untracked 
|  34|0x00000000c3600000, 0x00000000c3600000, 0x00000000c3700000|  0%| F|  |TAMS 0x00000000c3600000, 0x00000000c3600000| Untracked 
|  35|0x00000000c3700000, 0x00000000c3700000, 0x00000000c3800000|  0%| F|  |TAMS 0x00000000c3700000, 0x00000000c3700000| Untracked 
|  36|0x00000000c3800000, 0x00000000c3800000, 0x00000000c3900000|  0%| F|  |TAMS 0x00000000c3800000, 0x00000000c3800000| Untracked 
|  37|0x00000000c3900000, 0x00000000c3900000, 0x00000000c3a00000|  0%| F|  |TAMS 0x00000000c3900000, 0x00000000c3900000| Untracked 
|  38|0x00000000c3a00000, 0x00000000c3a00000, 0x00000000c3b00000|  0%| F|  |TAMS 0x00000000c3a00000, 0x00000000c3a00000| Untracked 
|  39|0x00000000c3b00000, 0x00000000c3b00000, 0x00000000c3c00000|  0%| F|  |TAMS 0x00000000c3b00000, 0x00000000c3b00000| Untracked 
|  40|0x00000000c3c00000, 0x00000000c3c00000, 0x00000000c3d00000|  0%| F|  |TAMS 0x00000000c3c00000, 0x00000000c3c00000| Untracked 
|  41|0x00000000c3d00000, 0x00000000c3d00000, 0x00000000c3e00000|  0%| F|  |TAMS 0x00000000c3d00000, 0x00000000c3d00000| Untracked 
|  42|0x00000000c3e00000, 0x00000000c3e00000, 0x00000000c3f00000|  0%| F|  |TAMS 0x00000000c3e00000, 0x00000000c3e00000| Untracked 
|  43|0x00000000c3f00000, 0x00000000c3f00000, 0x00000000c4000000|  0%| F|  |TAMS 0x00000000c3f00000, 0x00000000c3f00000| Untracked 
|  44|0x00000000c4000000, 0x00000000c4000000, 0x00000000c4100000|  0%| F|  |TAMS 0x00000000c4000000, 0x00000000c4000000| Untracked 
|  45|0x00000000c4100000, 0x00000000c4100000, 0x00000000c4200000|  0%| F|  |TAMS 0x00000000c4100000, 0x00000000c4100000| Untracked 
|  46|0x00000000c4200000, 0x00000000c4200000, 0x00000000c4300000|  0%| F|  |TAMS 0x00000000c4200000, 0x00000000c4200000| Untracked 
|  47|0x00000000c4300000, 0x00000000c4300000, 0x00000000c4400000|  0%| F|  |TAMS 0x00000000c4300000, 0x00000000c4300000| Untracked 
|  48|0x00000000c4400000, 0x00000000c4400000, 0x00000000c4500000|  0%| F|  |TAMS 0x00000000c4400000, 0x00000000c4400000| Untracked 
|  49|0x00000000c4500000, 0x00000000c4500000, 0x00000000c4600000|  0%| F|  |TAMS 0x00000000c4500000, 0x00000000c4500000| Untracked 
|  50|0x00000000c4600000, 0x00000000c4600000, 0x00000000c4700000|  0%| F|  |TAMS 0x00000000c4600000, 0x00000000c4600000| Untracked 
|  51|0x00000000c4700000, 0x00000000c4700000, 0x00000000c4800000|  0%| F|  |TAMS 0x00000000c4700000, 0x00000000c4700000| Untracked 
|  52|0x00000000c4800000, 0x00000000c4800000, 0x00000000c4900000|  0%| F|  |TAMS 0x00000000c4800000, 0x00000000c4800000| Untracked 
|  53|0x00000000c4900000, 0x00000000c4900000, 0x00000000c4a00000|  0%| F|  |TAMS 0x00000000c4900000, 0x00000000c4900000| Untracked 
|  54|0x00000000c4a00000, 0x00000000c4a00000, 0x00000000c4b00000|  0%| F|  |TAMS 0x00000000c4a00000, 0x00000000c4a00000| Untracked 
|  55|0x00000000c4b00000, 0x00000000c4b00000, 0x00000000c4c00000|  0%| F|  |TAMS 0x00000000c4b00000, 0x00000000c4b00000| Untracked 
|  56|0x00000000c4c00000, 0x00000000c4c82010, 0x00000000c4d00000| 50%| E|  |TAMS 0x00000000c4c00000, 0x00000000c4c00000| Complete 
|  62|0x00000000c5200000, 0x00000000c5300000, 0x00000000c5300000|100%| E|CS|TAMS 0x00000000c5200000, 0x00000000c5200000| Complete 
|  63|0x00000000c5300000, 0x00000000c5400000, 0x00000000c5400000|100%| E|CS|TAMS 0x00000000c5300000, 0x00000000c5300000| Complete 

Card table byte_map: [0x000000e0d7130000,0x000000e0d7330000] _byte_map_base: 0x000000e0d6b26000

Marking Bits (Prev, Next): (CMBitMap*) 0x000000e0c48deba0, (CMBitMap*) 0x000000e0c48deb60
 Prev Bits: [0x000000e0d84e0000, 0x000000e0d9490000)
 Next Bits: [0x000000e0d7530000, 0x000000e0d84e0000)

Polling page: 0x000000e0c2770000

Metaspace:

Usage:
  Non-class:     20.37 MB used.
      Class:      2.29 MB used.
       Both:     22.67 MB used.

Virtual space:
  Non-class space:       24.00 MB reserved,      20.50 MB ( 85%) committed,  3 nodes.
      Class space:        1.00 GB reserved,       2.44 MB ( <1%) committed,  1 nodes.
             Both:        1.02 GB reserved,      22.94 MB (  2%) committed. 

Chunk freelists:
   Non-Class:  3.35 MB
       Class:  1.55 MB
        Both:  4.90 MB

MaxMetaspaceSize: unlimited
CompressedClassSpaceSize: 1.00 GB
Initial GC threshold: 21.00 MB
Current GC threshold: 35.13 MB
CDS: off
MetaspaceReclaimPolicy: balanced
 - commit_granule_bytes: 65536.
 - commit_granule_words: 8192.
 - virtual_space_node_default_size: 1048576.
 - enlarge_chunks_in_place: 1.
 - new_chunks_are_fully_committed: 0.
 - uncommit_free_chunks: 1.
 - use_allocation_guard: 0.
 - handle_deallocations: 1.


Internal statistics:

num_allocs_failed_limit: 3.
num_arena_births: 82.
num_arena_deaths: 0.
num_vsnodes_births: 4.
num_vsnodes_deaths: 0.
num_space_committed: 367.
num_space_uncommitted: 0.
num_chunks_returned_to_freelist: 3.
num_chunks_taken_from_freelist: 604.
num_chunk_merges: 3.
num_chunk_splits: 419.
num_chunks_enlarged: 333.
num_purges: 0.
num_inconsistent_stats: 0.

CodeHeap 'non-profiled nmethods': size=120000Kb used=1827Kb max_used=1827Kb free=118172Kb
 bounds [0x000000e0cfa00000, 0x000000e0cfc70000, 0x000000e0d6f30000]
CodeHeap 'profiled nmethods': size=120000Kb used=8122Kb max_used=8122Kb free=111877Kb
 bounds [0x000000e0c84d0000, 0x000000e0c8cc0000, 0x000000e0cfa00000]
CodeHeap 'non-nmethods': size=5760Kb used=1179Kb max_used=1227Kb free=4580Kb
 bounds [0x000000e0c7f30000, 0x000000e0c81a0000, 0x000000e0c84d0000]
 total_blobs=4424 nmethods=3948 adapters=387
 compilation: enabled
              stopped_count=0, restarted_count=0
 full_count=0

Compilation events (20 events):
Event: 18.653 Thread 0x000000e0dbebaea0 3977       3       org.eclipse.aether.util.graph.transformer.ConflictIdSorter$ConflictId::add (47 bytes)
Event: 18.654 Thread 0x000000e0dbebaea0 nmethod 3977 0x000000e0c8cb3b10 code [0x000000e0c8cb3d20, 0x000000e0c8cb4458]
Event: 18.654 Thread 0x000000e0dbebaea0 3978       3       org.eclipse.aether.util.graph.transformer.ConflictIdSorter$ConflictId::hashCode (8 bytes)
Event: 18.654 Thread 0x000000e0dbebaea0 nmethod 3978 0x000000e0c8cb4710 code [0x000000e0c8cb48c0, 0x000000e0c8cb4a88]
Event: 18.654 Thread 0x000000e0dbebaea0 3968       3       org.apache.maven.model.merge.ModelMerger::mergeModel_Parent (55 bytes)
Event: 18.656 Thread 0x000000e0dbebaea0 nmethod 3968 0x000000e0c8cb4b90 code [0x000000e0c8cb4d60, 0x000000e0c8cb5248]
Event: 18.656 Thread 0x000000e0dbebaea0 3969       3       org.apache.maven.model.merge.ModelMerger::mergeModel_GroupId (41 bytes)
Event: 18.657 Thread 0x000000e0dbebaea0 nmethod 3969 0x000000e0c8cb5410 code [0x000000e0c8cb55e0, 0x000000e0c8cb59d8]
Event: 18.657 Thread 0x000000e0dbebaea0 3970       3       org.apache.maven.model.merge.ModelMerger::mergeModel_Version (41 bytes)
Event: 18.658 Thread 0x000000e0dbebaea0 nmethod 3970 0x000000e0c8cb5b10 code [0x000000e0c8cb5ce0, 0x000000e0c8cb60d8]
Event: 18.658 Thread 0x000000e0dbebaea0 3971       3       org.apache.maven.model.merge.ModelMerger::mergeModel_Packaging (41 bytes)
Event: 18.659 Thread 0x000000e0dbebaea0 nmethod 3971 0x000000e0c8cb6210 code [0x000000e0c8cb63e0, 0x000000e0c8cb67d8]
Event: 18.659 Thread 0x000000e0dbebaea0 3972       3       org.apache.maven.model.merge.ModelMerger::mergeModel_Description (41 bytes)
Event: 18.660 Thread 0x000000e0dbebaea0 nmethod 3972 0x000000e0c8cb6910 code [0x000000e0c8cb6ae0, 0x000000e0c8cb6ed8]
Event: 18.660 Thread 0x000000e0dbebaea0 3973       3       org.apache.maven.model.merge.ModelMerger::mergeModel_InceptionYear (41 bytes)
Event: 18.661 Thread 0x000000e0dbebaea0 nmethod 3973 0x000000e0c8cb7010 code [0x000000e0c8cb71e0, 0x000000e0c8cb75d8]
Event: 18.661 Thread 0x000000e0dbebaea0 3974       3       org.apache.maven.model.merge.ModelMerger::mergeModel_Scm (55 bytes)
Event: 18.662 Thread 0x000000e0dbebaea0 nmethod 3974 0x000000e0c8cb7710 code [0x000000e0c8cb78e0, 0x000000e0c8cb7da8]
Event: 18.662 Thread 0x000000e0dbebaea0 3975       3       org.apache.maven.model.merge.ModelMerger::mergeModel_Build (49 bytes)
Event: 18.664 Thread 0x000000e0dbebaea0 nmethod 3975 0x000000e0c8cb7f90 code [0x000000e0c8cb8160, 0x000000e0c8cb86a8]

GC Heap History (16 events):
Event: 3.491 GC heap before
{Heap before GC invocations=0 (full 0):
 garbage-first heap   total 65536K, used 13312K [0x00000000c1400000, 0x0000000100000000)
  region size 1024K, 13 young (13312K), 0 survivors (0K)
 Metaspace       used 11485K, committed 11648K, reserved 1064960K
  class space    used 1062K, committed 1152K, reserved 1048576K
}
Event: 3.505 GC heap after
{Heap after GC invocations=1 (full 0):
 garbage-first heap   total 65536K, used 2872K [0x00000000c1400000, 0x0000000100000000)
  region size 1024K, 2 young (2048K), 2 survivors (2048K)
 Metaspace       used 11485K, committed 11648K, reserved 1064960K
  class space    used 1062K, committed 1152K, reserved 1048576K
}
Event: 6.063 GC heap before
{Heap before GC invocations=1 (full 0):
 garbage-first heap   total 65536K, used 17208K [0x00000000c1400000, 0x0000000100000000)
  region size 1024K, 16 young (16384K), 2 survivors (2048K)
 Metaspace       used 13685K, committed 13824K, reserved 1064960K
  class space    used 1361K, committed 1408K, reserved 1048576K
}
Event: 6.080 GC heap after
{Heap after GC invocations=2 (full 0):
 garbage-first heap   total 65536K, used 3655K [0x00000000c1400000, 0x0000000100000000)
  region size 1024K, 1 young (1024K), 1 survivors (1024K)
 Metaspace       used 13685K, committed 13824K, reserved 1064960K
  class space    used 1361K, committed 1408K, reserved 1048576K
}
Event: 9.083 GC heap before
{Heap before GC invocations=2 (full 0):
 garbage-first heap   total 65536K, used 41543K [0x00000000c1400000, 0x0000000100000000)
  region size 1024K, 38 young (38912K), 1 survivors (1024K)
 Metaspace       used 20126K, committed 20352K, reserved 1073152K
  class space    used 2134K, committed 2240K, reserved 1048576K
}
Event: 9.109 GC heap after
{Heap after GC invocations=3 (full 0):
 garbage-first heap   total 65536K, used 6433K [0x00000000c1400000, 0x0000000100000000)
  region size 1024K, 4 young (4096K), 4 survivors (4096K)
 Metaspace       used 20126K, committed 20352K, reserved 1073152K
  class space    used 2134K, committed 2240K, reserved 1048576K
}
Event: 12.232 GC heap before
{Heap before GC invocations=3 (full 0):
 garbage-first heap   total 65536K, used 41249K [0x00000000c1400000, 0x0000000100000000)
  region size 1024K, 38 young (38912K), 4 survivors (4096K)
 Metaspace       used 20889K, committed 21056K, reserved 1073152K
  class space    used 2177K, committed 2240K, reserved 1048576K
}
Event: 12.275 GC heap after
{Heap after GC invocations=4 (full 0):
 garbage-first heap   total 65536K, used 10279K [0x00000000c1400000, 0x0000000100000000)
  region size 1024K, 4 young (4096K), 4 survivors (4096K)
 Metaspace       used 20889K, committed 21056K, reserved 1073152K
  class space    used 2177K, committed 2240K, reserved 1048576K
}
Event: 14.689 GC heap before
{Heap before GC invocations=4 (full 0):
 garbage-first heap   total 65536K, used 37927K [0x00000000c1400000, 0x0000000100000000)
  region size 1024K, 32 young (32768K), 4 survivors (4096K)
 Metaspace       used 21355K, committed 21504K, reserved 1073152K
  class space    used 2194K, committed 2240K, reserved 1048576K
}
Event: 14.716 GC heap after
{Heap after GC invocations=5 (full 0):
 garbage-first heap   total 65536K, used 11758K [0x00000000c1400000, 0x0000000100000000)
  region size 1024K, 2 young (2048K), 2 survivors (2048K)
 Metaspace       used 21355K, committed 21504K, reserved 1073152K
  class space    used 2194K, committed 2240K, reserved 1048576K
}
Event: 15.509 GC heap before
{Heap before GC invocations=6 (full 0):
 garbage-first heap   total 60416K, used 54766K [0x00000000c1400000, 0x0000000100000000)
  region size 1024K, 13 young (13312K), 2 survivors (2048K)
 Metaspace       used 22422K, committed 22656K, reserved 1073152K
  class space    used 2308K, committed 2432K, reserved 1048576K
}
Event: 15.521 GC heap after
{Heap after GC invocations=7 (full 0):
 garbage-first heap   total 60416K, used 12457K [0x00000000c1400000, 0x0000000100000000)
  region size 1024K, 3 young (3072K), 3 survivors (3072K)
 Metaspace       used 22422K, committed 22656K, reserved 1073152K
  class space    used 2308K, committed 2432K, reserved 1048576K
}
Event: 15.615 GC heap before
{Heap before GC invocations=7 (full 0):
 garbage-first heap   total 60416K, used 12457K [0x00000000c1400000, 0x0000000100000000)
  region size 1024K, 4 young (4096K), 3 survivors (3072K)
 Metaspace       used 22429K, committed 22656K, reserved 1073152K
  class space    used 2308K, committed 2432K, reserved 1048576K
}
Event: 15.627 GC heap after
{Heap after GC invocations=8 (full 0):
 garbage-first heap   total 60416K, used 12511K [0x00000000c1400000, 0x0000000100000000)
  region size 1024K, 1 young (1024K), 1 survivors (1024K)
 Metaspace       used 22429K, committed 22656K, reserved 1073152K
  class space    used 2308K, committed 2432K, reserved 1048576K
}
Event: 18.437 GC heap before
{Heap before GC invocations=8 (full 0):
 garbage-first heap   total 60416K, used 45279K [0x00000000c1400000, 0x0000000100000000)
  region size 1024K, 33 young (33792K), 1 survivors (1024K)
 Metaspace       used 23182K, committed 23488K, reserved 1073152K
  class space    used 2346K, committed 2496K, reserved 1048576K
}
Event: 18.450 GC heap after
{Heap after GC invocations=9 (full 0):
 garbage-first heap   total 60416K, used 13833K [0x00000000c1400000, 0x0000000100000000)
  region size 1024K, 2 young (2048K), 2 survivors (2048K)
 Metaspace       used 23182K, committed 23488K, reserved 1073152K
  class space    used 2346K, committed 2496K, reserved 1048576K
}

Deoptimization events (20 events):
Event: 16.667 Thread 0x000000e0c48afa60 DEOPT PACKING pc=0x000000e0cfb9dcd4 sp=0x000000e0c405c600
Event: 16.667 Thread 0x000000e0c48afa60 DEOPT UNPACKING pc=0x000000e0c7f823a3 sp=0x000000e0c405c590 mode 2
Event: 16.667 Thread 0x000000e0c48afa60 Uncommon trap: trap_request=0xffffffbe fr.pc=0x000000e0cfb9dcd4 relative=0x00000000000008b4
Event: 16.667 Thread 0x000000e0c48afa60 Uncommon trap: reason=profile_predicate action=maybe_recompile pc=0x000000e0cfb9dcd4 method=java.util.regex.Pattern$CharPropertyGreedy.match(Ljava/util/regex/Matcher;ILjava/lang/CharSequence;)Z @ 103 c2
Event: 16.667 Thread 0x000000e0c48afa60 DEOPT PACKING pc=0x000000e0cfb9dcd4 sp=0x000000e0c405c220
Event: 16.667 Thread 0x000000e0c48afa60 DEOPT UNPACKING pc=0x000000e0c7f823a3 sp=0x000000e0c405c1b0 mode 2
Event: 17.054 Thread 0x000000e0c48afa60 DEOPT PACKING pc=0x000000e0c86227b8 sp=0x000000e0c405d980
Event: 17.054 Thread 0x000000e0c48afa60 DEOPT UNPACKING pc=0x000000e0c7f82b43 sp=0x000000e0c405ce70 mode 0
Event: 17.165 Thread 0x000000e0c48afa60 Uncommon trap: trap_request=0xffffff45 fr.pc=0x000000e0cfa7b9f0 relative=0x0000000000001910
Event: 17.165 Thread 0x000000e0c48afa60 Uncommon trap: reason=unstable_if action=reinterpret pc=0x000000e0cfa7b9f0 method=java.util.jar.JarFile.isMultiRelease()Z @ 4 c2
Event: 17.165 Thread 0x000000e0c48afa60 DEOPT PACKING pc=0x000000e0cfa7b9f0 sp=0x000000e0c405cfa0
Event: 17.165 Thread 0x000000e0c48afa60 DEOPT UNPACKING pc=0x000000e0c7f823a3 sp=0x000000e0c405ce68 mode 2
Event: 17.711 Thread 0x000000e0c48afa60 DEOPT PACKING pc=0x000000e0c88d08a6 sp=0x000000e0c405d7d0
Event: 17.711 Thread 0x000000e0c48afa60 DEOPT UNPACKING pc=0x000000e0c7f82b43 sp=0x000000e0c405cce8 mode 0
Event: 18.211 Thread 0x000000e0c48afa60 DEOPT PACKING pc=0x000000e0c86227d9 sp=0x000000e0c405cda0
Event: 18.211 Thread 0x000000e0c48afa60 DEOPT UNPACKING pc=0x000000e0c7f82b43 sp=0x000000e0c405c290 mode 0
Event: 18.308 Thread 0x000000e0c48afa60 Uncommon trap: trap_request=0xffffff45 fr.pc=0x000000e0cfbbe0c8 relative=0x0000000000000368
Event: 18.308 Thread 0x000000e0c48afa60 Uncommon trap: reason=unstable_if action=reinterpret pc=0x000000e0cfbbe0c8 method=org.apache.maven.model.merge.ModelMerger.mergeConfigurationContainer_Configuration(Lorg/apache/maven/model/ConfigurationContainer;Lorg/apache/maven/model/ConfigurationContai
Event: 18.308 Thread 0x000000e0c48afa60 DEOPT PACKING pc=0x000000e0cfbbe0c8 sp=0x000000e0c405c5b0
Event: 18.308 Thread 0x000000e0c48afa60 DEOPT UNPACKING pc=0x000000e0c7f823a3 sp=0x000000e0c405c4d8 mode 2

Classes unloaded (0 events):
No events

Classes redefined (0 events):
No events

Internal exceptions (8 events):
Event: 1.083 Thread 0x000000e0c48afa60 Exception <a 'java/lang/NoSuchMethodError'{0x00000000c4f4fe50}: 'java.lang.Object java.lang.invoke.DirectMethodHandle$Holder.invokeStaticInit(java.lang.Object, int, int, int, int)'> (0x00000000c4f4fe50) 
thrown [e:\jenkins\tmp\workspace\build\src\src\hotspot\share\interpreter\linkResolver.cpp, line 766]
Event: 1.266 Thread 0x000000e0c48afa60 Exception <a 'java/lang/NoSuchMethodError'{0x00000000c4e40340}: 'java.lang.Object java.lang.invoke.DirectMethodHandle$Holder.invokeStaticInit(java.lang.Object, java.lang.Object, int, int, int, int)'> (0x00000000c4e40340) 
thrown [e:\jenkins\tmp\workspace\build\src\src\hotspot\share\interpreter\linkResolver.cpp, line 766]
Event: 4.870 Thread 0x000000e0c48afa60 Exception <a 'java/lang/NoSuchMethodError'{0x00000000c507c148}: 'java.lang.Object java.lang.invoke.DirectMethodHandle$Holder.newInvokeSpecial(java.lang.Object, java.lang.Object, java.lang.Object, java.lang.Object, java.lang.Object)'> (0x00000000c507c148) 
thrown [e:\jenkins\tmp\workspace\build\src\src\hotspot\share\interpreter\linkResolver.cpp, line 766]
Event: 8.302 Thread 0x000000e0c48afa60 Exception <a 'java/lang/NoClassDefFoundError'{0x00000000c37e3408}: com/google/inject/servlet/ServletModuleTargetVisitor> (0x00000000c37e3408) 
thrown [e:\jenkins\tmp\workspace\build\src\src\hotspot\share\classfile\systemDictionary.cpp, line 245]
Event: 8.303 Thread 0x000000e0c48afa60 Exception <a 'java/lang/NoClassDefFoundError'{0x00000000c37e7308}: javax/annotation/Priority> (0x00000000c37e7308) 
thrown [e:\jenkins\tmp\workspace\build\src\src\hotspot\share\classfile\systemDictionary.cpp, line 245]
Event: 8.735 Thread 0x000000e0c48afa60 Implicit null exception at 0x000000e0cfa239f2 to 0x000000e0cfa23fc4
Event: 8.735 Thread 0x000000e0c48afa60 Implicit null exception at 0x000000e0cfa24f72 to 0x000000e0cfa25554
Event: 12.949 Thread 0x000000e0c48afa60 Implicit null exception at 0x000000e0cfadb611 to 0x000000e0cfadba14

VM Operations (20 events):
Event: 14.847 Executing VM operation: G1Concurrent
Event: 14.847 Executing VM operation: G1Concurrent done
Event: 15.122 Executing VM operation: HandshakeAllThreads
Event: 15.122 Executing VM operation: HandshakeAllThreads done
Event: 15.167 Executing VM operation: HandshakeAllThreads
Event: 15.167 Executing VM operation: HandshakeAllThreads done
Event: 15.284 Executing VM operation: HandshakeAllThreads
Event: 15.284 Executing VM operation: HandshakeAllThreads done
Event: 15.509 Executing VM operation: G1CollectForAllocation
Event: 15.521 Executing VM operation: G1CollectForAllocation done
Event: 15.615 Executing VM operation: G1CollectForAllocation
Event: 15.628 Executing VM operation: G1CollectForAllocation done
Event: 16.628 Executing VM operation: Cleanup
Event: 16.629 Executing VM operation: Cleanup done
Event: 17.228 Executing VM operation: HandshakeAllThreads
Event: 17.228 Executing VM operation: HandshakeAllThreads done
Event: 18.228 Executing VM operation: Cleanup
Event: 18.229 Executing VM operation: Cleanup done
Event: 18.437 Executing VM operation: G1CollectForAllocation
Event: 18.450 Executing VM operation: G1CollectForAllocation done

Events (20 events):
Event: 15.322 loading class sun/nio/ch/NativeThread
Event: 15.322 loading class sun/nio/ch/NativeThread done
Event: 15.322 loading class sun/nio/ch/Util
Event: 15.323 loading class sun/nio/ch/Util done
Event: 15.324 loading class sun/nio/ch/Util$1
Event: 15.324 loading class sun/nio/ch/Util$1 done
Event: 15.324 loading class sun/nio/ch/Util$BufferCache
Event: 15.324 loading class sun/nio/ch/Util$BufferCache done
Event: 15.325 loading class java/nio/DirectByteBuffer$Deallocator
Event: 15.325 loading class java/nio/DirectByteBuffer$Deallocator done
Event: 15.326 loading class sun/nio/ch/IOStatus
Event: 15.326 loading class sun/nio/ch/IOStatus done
Event: 15.329 loading class java/nio/BufferMismatch
Event: 15.329 loading class java/nio/BufferMismatch done
Event: 15.330 loading class java/nio/file/attribute/PosixFileAttributes
Event: 15.330 loading class java/nio/file/attribute/PosixFileAttributes done
Event: 17.227 loading class java/io/FileWriter
Event: 17.227 loading class java/io/FileWriter done
Event: 17.277 loading class jdk/internal/reflect/UnsafeIntegerFieldAccessorImpl
Event: 17.278 loading class jdk/internal/reflect/UnsafeIntegerFieldAccessorImpl done


Dynamic libraries:
0x00007ff61d720000 - 0x00007ff61d72e000 	C:\Users\Nidhi\Downloads\eclipse-java-2021-12-R-win32-x86_64\eclipse\plugins\org.eclipse.justj.openjdk.hotspot.jre.full.win32.x86_64_17.0.1.v20211116-1657\jre\bin\javaw.exe
0x00007ff807470000 - 0x00007ff807619000 	C:\Windows\SYSTEM32\ntdll.dll
0x00007ff806d70000 - 0x00007ff806ea9000 	C:\Windows\system32\KERNEL32.DLL
0x00007ff804970000 - 0x00007ff804a7e000 	C:\Windows\system32\KERNELBASE.dll
0x00007ff8004c0000 - 0x00007ff8004d8000 	C:\Users\Nidhi\Downloads\eclipse-java-2021-12-R-win32-x86_64\eclipse\plugins\org.eclipse.justj.openjdk.hotspot.jre.full.win32.x86_64_17.0.1.v20211116-1657\jre\bin\jli.dll
0x00007ff800450000 - 0x00007ff800469000 	C:\Users\Nidhi\Downloads\eclipse-java-2021-12-R-win32-x86_64\eclipse\plugins\org.eclipse.justj.openjdk.hotspot.jre.full.win32.x86_64_17.0.1.v20211116-1657\jre\bin\VCRUNTIME140.dll
0x00007ff801cd0000 - 0x00007ff801cd4000 	C:\Users\Nidhi\Downloads\eclipse-java-2021-12-R-win32-x86_64\eclipse\plugins\org.eclipse.justj.openjdk.hotspot.jre.full.win32.x86_64_17.0.1.v20211116-1657\jre\bin\api-ms-win-crt-stdio-l1-1-0.dll
0x00007ff801440000 - 0x00007ff801444000 	C:\Users\Nidhi\Downloads\eclipse-java-2021-12-R-win32-x86_64\eclipse\plugins\org.eclipse.justj.openjdk.hotspot.jre.full.win32.x86_64_17.0.1.v20211116-1657\jre\bin\api-ms-win-crt-runtime-l1-1-0.dll
0x00007ff801620000 - 0x00007ff801623000 	C:\Users\Nidhi\Downloads\eclipse-java-2021-12-R-win32-x86_64\eclipse\plugins\org.eclipse.justj.openjdk.hotspot.jre.full.win32.x86_64_17.0.1.v20211116-1657\jre\bin\api-ms-win-crt-environment-l1-1-0.dll
0x00007ff801c00000 - 0x00007ff801c05000 	C:\Users\Nidhi\Downloads\eclipse-java-2021-12-R-win32-x86_64\eclipse\plugins\org.eclipse.justj.openjdk.hotspot.jre.full.win32.x86_64_17.0.1.v20211116-1657\jre\bin\api-ms-win-crt-math-l1-1-0.dll
0x00007ff800d90000 - 0x00007ff800d93000 	C:\Users\Nidhi\Downloads\eclipse-java-2021-12-R-win32-x86_64\eclipse\plugins\org.eclipse.justj.openjdk.hotspot.jre.full.win32.x86_64_17.0.1.v20211116-1657\jre\bin\api-ms-win-crt-locale-l1-1-0.dll
0x00007ff8015f0000 - 0x00007ff8015f3000 	C:\Users\Nidhi\Downloads\eclipse-java-2021-12-R-win32-x86_64\eclipse\plugins\org.eclipse.justj.openjdk.hotspot.jre.full.win32.x86_64_17.0.1.v20211116-1657\jre\bin\api-ms-win-crt-heap-l1-1-0.dll
0x00007ff802b70000 - 0x00007ff802dca000 	C:\Windows\WinSxS\amd64_microsoft.windows.common-controls_6595b64144ccf1df_6.0.9600.16384_none_62475f7becb72503\COMCTL32.dll
0x00007ff805000000 - 0x00007ff805171000 	C:\Windows\system32\USER32.dll
0x00007ff801610000 - 0x00007ff801613000 	C:\Users\Nidhi\Downloads\eclipse-java-2021-12-R-win32-x86_64\eclipse\plugins\org.eclipse.justj.openjdk.hotspot.jre.full.win32.x86_64_17.0.1.v20211116-1657\jre\bin\api-ms-win-crt-filesystem-l1-1-0.dll
0x00007ff801c80000 - 0x00007ff801c84000 	C:\Users\Nidhi\Downloads\eclipse-java-2021-12-R-win32-x86_64\eclipse\plugins\org.eclipse.justj.openjdk.hotspot.jre.full.win32.x86_64_17.0.1.v20211116-1657\jre\bin\api-ms-win-crt-string-l1-1-0.dll
0x00007ff801630000 - 0x00007ff801634000 	C:\Users\Nidhi\Downloads\eclipse-java-2021-12-R-win32-x86_64\eclipse\plugins\org.eclipse.justj.openjdk.hotspot.jre.full.win32.x86_64_17.0.1.v20211116-1657\jre\bin\api-ms-win-crt-convert-l1-1-0.dll
0x00007ff8068a0000 - 0x00007ff806947000 	C:\Windows\system32\msvcrt.dll
0x00007ff806c20000 - 0x00007ff806d65000 	C:\Windows\system32\GDI32.dll
0x00007ffffa730000 - 0x00007ffffa82a000 	C:\Users\Nidhi\Downloads\eclipse-java-2021-12-R-win32-x86_64\eclipse\plugins\org.eclipse.justj.openjdk.hotspot.jre.full.win32.x86_64_17.0.1.v20211116-1657\jre\bin\ucrtbase.DLL
0x00007ff8052d0000 - 0x00007ff805304000 	C:\Windows\system32\IMM32.DLL
0x00007ff806eb0000 - 0x00007ff806fe8000 	C:\Windows\system32\MSCTF.dll
0x00007ff800cb0000 - 0x00007ff800cbc000 	C:\Users\Nidhi\Downloads\eclipse-java-2021-12-R-win32-x86_64\eclipse\plugins\org.eclipse.justj.openjdk.hotspot.jre.full.win32.x86_64_17.0.1.v20211116-1657\jre\bin\vcruntime140_1.dll
0x00007ffffaf20000 - 0x00007ffffafb1000 	C:\Users\Nidhi\Downloads\eclipse-java-2021-12-R-win32-x86_64\eclipse\plugins\org.eclipse.justj.openjdk.hotspot.jre.full.win32.x86_64_17.0.1.v20211116-1657\jre\bin\msvcp140.dll
0x00007ff801600000 - 0x00007ff801603000 	C:\Users\Nidhi\Downloads\eclipse-java-2021-12-R-win32-x86_64\eclipse\plugins\org.eclipse.justj.openjdk.hotspot.jre.full.win32.x86_64_17.0.1.v20211116-1657\jre\bin\api-ms-win-crt-time-l1-1-0.dll
0x00007ff801790000 - 0x00007ff801793000 	C:\Users\Nidhi\Downloads\eclipse-java-2021-12-R-win32-x86_64\eclipse\plugins\org.eclipse.justj.openjdk.hotspot.jre.full.win32.x86_64_17.0.1.v20211116-1657\jre\bin\api-ms-win-crt-utility-l1-1-0.dll
0x00007fffe83d0000 - 0x00007fffe9016000 	C:\Users\Nidhi\Downloads\eclipse-java-2021-12-R-win32-x86_64\eclipse\plugins\org.eclipse.justj.openjdk.hotspot.jre.full.win32.x86_64_17.0.1.v20211116-1657\jre\bin\server\jvm.dll
0x00007ff805310000 - 0x00007ff8053b5000 	C:\Windows\system32\ADVAPI32.dll
0x00007ff801d80000 - 0x00007ff801d89000 	C:\Windows\SYSTEM32\WSOCK32.dll
0x00007ff801690000 - 0x00007ff8016af000 	C:\Windows\SYSTEM32\WINMM.dll
0x00007ff8012f0000 - 0x00007ff8012fa000 	C:\Windows\SYSTEM32\VERSION.dll
0x00007ff806a10000 - 0x00007ff806a17000 	C:\Windows\system32\PSAPI.DLL
0x00007ff807410000 - 0x00007ff807467000 	C:\Windows\SYSTEM32\sechost.dll
0x00007ff805180000 - 0x00007ff8052b6000 	C:\Windows\system32\RPCRT4.dll
0x00007ff806950000 - 0x00007ff8069a8000 	C:\Windows\system32\WS2_32.dll
0x00007ff801660000 - 0x00007ff80168a000 	C:\Windows\SYSTEM32\WINMMBASE.dll
0x00007ff8052c0000 - 0x00007ff8052c9000 	C:\Windows\system32\NSI.dll
0x00007ff804a80000 - 0x00007ff804aca000 	C:\Windows\SYSTEM32\cfgmgr32.dll
0x00007ff803610000 - 0x00007ff803636000 	C:\Windows\SYSTEM32\DEVOBJ.dll
0x00007ff8015e0000 - 0x00007ff8015ea000 	C:\Users\Nidhi\Downloads\eclipse-java-2021-12-R-win32-x86_64\eclipse\plugins\org.eclipse.justj.openjdk.hotspot.jre.full.win32.x86_64_17.0.1.v20211116-1657\jre\bin\jimage.dll
0x00007ffff4de0000 - 0x00007ffff4f68000 	C:\Windows\SYSTEM32\DBGHELP.DLL
0x00007ff8015b0000 - 0x00007ff8015d5000 	C:\Users\Nidhi\Downloads\eclipse-java-2021-12-R-win32-x86_64\eclipse\plugins\org.eclipse.justj.openjdk.hotspot.jre.full.win32.x86_64_17.0.1.v20211116-1657\jre\bin\java.dll
0x00007ff8014e0000 - 0x00007ff8014f8000 	C:\Users\Nidhi\Downloads\eclipse-java-2021-12-R-win32-x86_64\eclipse\plugins\org.eclipse.justj.openjdk.hotspot.jre.full.win32.x86_64_17.0.1.v20211116-1657\jre\bin\zip.dll
0x00007ff8053d0000 - 0x00007ff8067e0000 	C:\Windows\system32\SHELL32.dll
0x00007ff8071d0000 - 0x00007ff8073a7000 	C:\Windows\SYSTEM32\combase.dll
0x00007ff806bc0000 - 0x00007ff806c11000 	C:\Windows\system32\SHLWAPI.dll
0x00007ff802dd0000 - 0x00007ff802e71000 	C:\Windows\SYSTEM32\SHCORE.dll
0x00007ff8047f0000 - 0x00007ff804804000 	C:\Windows\SYSTEM32\profapi.dll
0x00007ff8014c0000 - 0x00007ff8014d9000 	C:\Users\Nidhi\Downloads\eclipse-java-2021-12-R-win32-x86_64\eclipse\plugins\org.eclipse.justj.openjdk.hotspot.jre.full.win32.x86_64_17.0.1.v20211116-1657\jre\bin\net.dll
0x00007ffff75e0000 - 0x00007ffff76a5000 	C:\Windows\SYSTEM32\WINHTTP.dll
0x00007ff8040b0000 - 0x00007ff804108000 	C:\Windows\system32\mswsock.dll
0x00007ff8014a0000 - 0x00007ff8014b5000 	C:\Users\Nidhi\Downloads\eclipse-java-2021-12-R-win32-x86_64\eclipse\plugins\org.eclipse.justj.openjdk.hotspot.jre.full.win32.x86_64_17.0.1.v20211116-1657\jre\bin\nio.dll
0x00007ff801480000 - 0x00007ff801490000 	C:\Users\Nidhi\Downloads\eclipse-java-2021-12-R-win32-x86_64\eclipse\plugins\org.eclipse.justj.openjdk.hotspot.jre.full.win32.x86_64_17.0.1.v20211116-1657\jre\bin\verify.dll
0x00007ff804110000 - 0x00007ff80412e000 	C:\Windows\SYSTEM32\CRYPTSP.dll
0x00007ff803d50000 - 0x00007ff803d85000 	C:\Windows\system32\rsaenh.dll
0x00007ff804340000 - 0x00007ff804366000 	C:\Windows\SYSTEM32\bcrypt.dll
0x00007ff803e60000 - 0x00007ff803e7f000 	C:\Windows\SYSTEM32\USERENV.dll
0x00007ff804660000 - 0x00007ff8046be000 	C:\Windows\system32\bcryptprimitives.dll
0x00007ff8046c0000 - 0x00007ff8046ca000 	C:\Windows\SYSTEM32\CRYPTBASE.dll
0x00007fffff110000 - 0x00007fffff139000 	C:\Windows\SYSTEM32\IPHLPAPI.DLL
0x00007fffff100000 - 0x00007fffff10a000 	C:\Windows\SYSTEM32\WINNSI.DLL
0x00007ffffe500000 - 0x00007ffffe514000 	C:\Windows\SYSTEM32\dhcpcsvc6.DLL
0x00007ffffe400000 - 0x00007ffffe419000 	C:\Windows\SYSTEM32\dhcpcsvc.DLL
0x00007ff801d00000 - 0x00007ff801d0a000 	C:\Users\Nidhi\AppData\Local\Temp\jansi-1.17.1-2289461248739579647.dll
0x00007ff801ce0000 - 0x00007ff801cea000 	C:\Users\Nidhi\AppData\Local\Temp\jansi-1.17.1-13971993722243992271.dll

dbghelp: loaded successfully - version: 4.0.5 - missing functions: none
symbol engine: initialized successfully - sym options: 0x614 - pdb path: .;C:\Users\Nidhi\Downloads\eclipse-java-2021-12-R-win32-x86_64\eclipse\plugins\org.eclipse.justj.openjdk.hotspot.jre.full.win32.x86_64_17.0.1.v20211116-1657\jre\bin;C:\Windows\SYSTEM32;C:\Windows\WinSxS\amd64_microsoft.windows.common-controls_6595b64144ccf1df_6.0.9600.16384_none_62475f7becb72503;C:\Users\Nidhi\Downloads\eclipse-java-2021-12-R-win32-x86_64\eclipse\plugins\org.eclipse.justj.openjdk.hotspot.jre.full.win32.x86_64_17.0.1.v20211116-1657\jre\bin\server;C:\Users\Nidhi\AppData\Local\Temp

VM Arguments:
jvm_args: -Dmaven.home=EMBEDDED -Dclassworlds.conf=C:\Users\Nidhi\eclipse-workspace\.metadata\.plugins\org.eclipse.m2e.launching\launches\m2conf13814724952222547261.tmp -Dmaven.multiModuleProjectDirectory=C:\Users\Nidhi\Documents\workspace-spring-tool-suite-4-4.12.1.RELEASE\E-CommerceFasionBackend -Dfile.encoding=Cp1252 -XX:+ShowCodeDetailsInExceptionMessages 
java_command: org.codehaus.plexus.classworlds.launcher.Launcher -Ppom.xml -B install
java_class_path (initial): C:\Users\Nidhi\Downloads\eclipse-java-2021-12-R-win32-x86_64\eclipse\plugins\org.eclipse.m2e.maven.runtime_1.18.1.20211011-2139\jars\plexus-classworlds-2.6.0.jar
Launcher Type: SUN_STANDARD

[Global flags]
     intx CICompilerCount                          = 3                                         {product} {ergonomic}
     uint ConcGCThreads                            = 1                                         {product} {ergonomic}
     uint G1ConcRefinementThreads                  = 4                                         {product} {ergonomic}
   size_t G1HeapRegionSize                         = 1048576                                   {product} {ergonomic}
    uintx GCDrainStackTargetSize                   = 64                                        {product} {ergonomic}
   size_t InitialHeapSize                          = 67108864                                  {product} {ergonomic}
   size_t MarkStackSize                            = 4194304                                   {product} {ergonomic}
   size_t MaxHeapSize                              = 1052770304                                {product} {ergonomic}
   size_t MaxNewSize                               = 631242752                                 {product} {ergonomic}
   size_t MinHeapDeltaBytes                        = 1048576                                   {product} {ergonomic}
   size_t MinHeapSize                              = 8388608                                   {product} {ergonomic}
    uintx NonNMethodCodeHeapSize                   = 5832780                                {pd product} {ergonomic}
    uintx NonProfiledCodeHeapSize                  = 122912730                              {pd product} {ergonomic}
    uintx ProfiledCodeHeapSize                     = 122912730                              {pd product} {ergonomic}
    uintx ReservedCodeCacheSize                    = 251658240                              {pd product} {ergonomic}
     bool SegmentedCodeCache                       = true                                      {product} {ergonomic}
     bool ShowCodeDetailsInExceptionMessages       = true                                   {manageable} {command line}
   size_t SoftMaxHeapSize                          = 1052770304                             {manageable} {ergonomic}
     bool UseCompressedClassPointers               = true                           {product lp64_product} {ergonomic}
     bool UseCompressedOops                        = true                           {product lp64_product} {ergonomic}
     bool UseG1GC                                  = true                                      {product} {ergonomic}
     bool UseLargePagesIndividualAllocation        = false                                  {pd product} {ergonomic}

Logging:
Log output configuration:
 #0: stdout all=warning uptime,level,tags
 #1: stderr all=off uptime,level,tags

Environment Variables:
PATH=C:/Users/Nidhi/Downloads/eclipse-java-2021-12-R-win32-x86_64/eclipse//plugins/org.eclipse.justj.openjdk.hotspot.jre.full.win32.x86_64_17.0.1.v20211116-1657/jre/bin/server;C:/Users/Nidhi/Downloads/eclipse-java-2021-12-R-win32-x86_64/eclipse//plugins/org.eclipse.justj.openjdk.hotspot.jre.full.win32.x86_64_17.0.1.v20211116-1657/jre/bin;C:\Program Files\Common Files\Oracle\Java\javapath;C:\Program Files (x86)\Common Files\Oracle\Java\javapath;C:\ProgramData\Oracle\Java\javapath;C:\Program Files\Java\jre1.8.0_121\bin;C:\xampp\php;C:\Users\Default\Desktop;C:\Users\Nidhi\Anaconda4\Scripts\;C:\Program Files\Microsoft VS Code\bin;C:\Program Files\Git\cmd;C:\Program Files\nodejs\;C:\Users\Nidhi\Anaconda3;C:\Users\Nidhi\Anaconda3\Library\mingw-w64\bin;C:\Users\Nidhi\Anaconda3\Library\usr\bin;C:\Users\Nidhi\Anaconda3\Library\bin;C:\Users\Nidhi\Anaconda3\Scripts;C:\Program Files\Java\jdk1.8.0_121\bin;C:\Users\Nidhi\AppData\Roaming\Composer\vendor\bin;C:\Program Files\Microsoft VS Code\bin;C:\Users\Nidhi\AppData\Local\GitHubDesktop\bin;C:\Users\Nidhi\AppData\Roaming\npm;C:\Users\Nidhi\Downloads\eclipse-java-2021-12-R-win32-x86_64\eclipse;
USERNAME=Nidhi
OS=Windows_NT
PROCESSOR_IDENTIFIER=Intel64 Family 6 Model 61 Stepping 4, GenuineIntel



---------------  S Y S T E M  ---------------

OS:
 Windows 8.1 , 64 bit Build 9600 (6.3.9600.16656)
OS uptime: 12 days 8:30 hours

CPU: total 4 (initial active 4) (2 cores per cpu, 2 threads per core) family 6 model 61 stepping 4 microcode 0x1f, cx8, cmov, fxsr, ht, mmx, 3dnowpref, sse, sse2, sse3, ssse3, sse4.1, sse4.2, popcnt, lzcnt, tsc, tscinvbit, avx, avx2, aes, erms, clmul, bmi1, bmi2, adx, fma, vzeroupper, clflush

Memory: 4k page, system-wide physical 4011M (273M free)
TotalPageFile size 4011M (AvailPageFile size 5M)
current process WorkingSet (physical memory assigned to process): 150M, peak: 150M
current process commit charge ("private bytes"): 176M, peak: 177M

vm_info: OpenJDK 64-Bit Server VM (17.0.1+12) for windows-amd64 JRE (17.0.1+12), built on Oct 20 2021 07:42:55 by "" with MS VC++ 16.7 (VS2019)

END.
