#
# There is insufficient memory for the Java Runtime Environment to continue.
# Native memory allocation (mmap) failed to map 65536 bytes for Failed to commit metaspace.
# Possible reasons:
#   The system is out of physical RAM or swap space
#   The process is running with CompressedOops enabled, and the Java Heap may be blocking the growth of the native heap
# Possible solutions:
#   Reduce memory load on the system
#   Increase physical memory or swap space
#   Check if swap backing store is full
#   Decrease Java heap size (-Xmx/-Xms)
#   Decrease number of Java threads
#   Decrease Java thread stack sizes (-Xss)
#   Set larger code cache with -XX:ReservedCodeCacheSize=
#   JVM is running with Unscaled Compressed Oops mode in which the Java heap is
#     placed in the first 4GB address space. The Java Heap base address is the
#     maximum limit for the native heap growth. Please use -XX:HeapBaseMinAddress
#     to set the Java Heap base and to place the Java Heap above 4GB virtual address.
# This output file may be truncated or incomplete.
#
#  Out of Memory Error (virtualSpaceNode.cpp:110), pid=1304, tid=2460
#
# JRE version: OpenJDK Runtime Environment Temurin-17.0.1+12 (17.0.1+12) (build 17.0.1+12)
# Java VM: OpenJDK 64-Bit Server VM Temurin-17.0.1+12 (17.0.1+12, mixed mode, tiered, compressed oops, compressed class ptrs, g1 gc, windows-amd64)
# No core dump will be written. Minidumps are not enabled by default on client versions of Windows
#

---------------  S U M M A R Y ------------

Command Line: C:\Users\Nidhi\AppData\Local\Temp\surefire18435687073013936355\surefirebooter12118028830473634835.jar C:\Users\Nidhi\AppData\Local\Temp\surefire18435687073013936355 2021-12-21T23-00-43_354-jvmRun1 surefire9089255015093158695tmp surefire_02884919079798957156tmp

Host: Intel(R) Core(TM) i5-5200U CPU @ 2.20GHz, 4 cores, 3G,  Windows 8.1 , 64 bit Build 9600 (6.3.9600.16656)
Time: Tue Dec 21 23:00:53 2021 India Standard Time elapsed time: 8.190104 seconds (0d 0h 0m 8s)

---------------  T H R E A D  ---------------

Current thread (0x000000537b2fd680):  JavaThread "main" [_thread_in_vm, id=2460, stack(0x000000537a9b0000,0x000000537aab0000)]

Stack: [0x000000537a9b0000,0x000000537aab0000]
Native frames: (J=compiled Java code, j=interpreted, Vv=VM code, C=native code)
V  [jvm.dll+0x6744da]
V  [jvm.dll+0x82e144]
V  [jvm.dll+0x82f8ee]
V  [jvm.dll+0x82ff53]
V  [jvm.dll+0x245175]
V  [jvm.dll+0x82a0eb]
V  [jvm.dll+0x619566]
V  [jvm.dll+0x1bff1e]
V  [jvm.dll+0x61beb1]
V  [jvm.dll+0x619f06]
V  [jvm.dll+0x623b87]
V  [jvm.dll+0x24d556]
V  [jvm.dll+0x24ea75]
V  [jvm.dll+0x1e2595]
V  [jvm.dll+0x1e1b1d]
V  [jvm.dll+0x53b179]
V  [jvm.dll+0x7a9378]
V  [jvm.dll+0x7a9464]
V  [jvm.dll+0x40bfd5]
V  [jvm.dll+0x4121c8]
C  [java.dll+0x17ec]

Java frames: (J=compiled Java code, j=interpreted, Vv=VM code)
J 1122  java.lang.ClassLoader.defineClass1(Ljava/lang/ClassLoader;Ljava/lang/String;[BIILjava/security/ProtectionDomain;Ljava/lang/String;)Ljava/lang/Class; java.base@17.0.1 (0 bytes) @ 0x0000005307b27edb [0x0000005307b27e20+0x00000000000000bb]
J 1135 c1 java.lang.ClassLoader.defineClass(Ljava/lang/String;[BIILjava/security/ProtectionDomain;)Ljava/lang/Class; java.base@17.0.1 (43 bytes) @ 0x000000530079d644 [0x000000530079d300+0x0000000000000344]
J 1164 c1 java.security.SecureClassLoader.defineClass(Ljava/lang/String;[BIILjava/security/CodeSource;)Ljava/lang/Class; java.base@17.0.1 (16 bytes) @ 0x00000053007b4a8c [0x00000053007b49c0+0x00000000000000cc]
J 1062 c1 jdk.internal.loader.BuiltinClassLoader.defineClass(Ljava/lang/String;Ljdk/internal/loader/Resource;)Ljava/lang/Class; java.base@17.0.1 (121 bytes) @ 0x0000005300776cdc [0x0000005300775e00+0x0000000000000edc]
J 767 c1 jdk.internal.loader.BuiltinClassLoader.findClassOnClassPathOrNull(Ljava/lang/String;)Ljava/lang/Class; java.base@17.0.1 (64 bytes) @ 0x00000053006ec0a4 [0x00000053006eb060+0x0000000000001044]
J 403 c1 jdk.internal.loader.BuiltinClassLoader.loadClassOrNull(Ljava/lang/String;Z)Ljava/lang/Class; java.base@17.0.1 (143 bytes) @ 0x0000005300631784 [0x00000053006308c0+0x0000000000000ec4]
J 633 c1 jdk.internal.loader.ClassLoaders$AppClassLoader.loadClass(Ljava/lang/String;Z)Ljava/lang/Class; java.base@17.0.1 (40 bytes) @ 0x000000530069bf74 [0x000000530069b960+0x0000000000000614]
J 617 c1 java.lang.ClassLoader.loadClass(Ljava/lang/String;)Ljava/lang/Class; java.base@17.0.1 (7 bytes) @ 0x00000053006979bc [0x00000053006978c0+0x00000000000000fc]
v  ~StubRoutines::call_stub
j  java.lang.Class.getDeclaredMethods0(Z)[Ljava/lang/reflect/Method;+0 java.base@17.0.1
j  java.lang.Class.privateGetDeclaredMethods(Z)[Ljava/lang/reflect/Method;+34 java.base@17.0.1
j  java.lang.Class.getDeclaredMethods()[Ljava/lang/reflect/Method;+20 java.base@17.0.1
j  org.springframework.util.ReflectionUtils.getDeclaredMethods(Ljava/lang/Class;Z)[Ljava/lang/reflect/Method;+24
j  org.springframework.util.ReflectionUtils.doWithMethods(Ljava/lang/Class;Lorg/springframework/util/ReflectionUtils$MethodCallback;Lorg/springframework/util/ReflectionUtils$MethodFilter;)V+2
j  org.springframework.util.ReflectionUtils.getUniqueDeclaredMethods(Ljava/lang/Class;Lorg/springframework/util/ReflectionUtils$MethodFilter;)[Ljava/lang/reflect/Method;+18
j  org.springframework.beans.factory.support.AbstractAutowireCapableBeanFactory.lambda$getTypeForFactoryMethod$2(Ljava/lang/Class;)[Ljava/lang/reflect/Method;+4
j  org.springframework.beans.factory.support.AbstractAutowireCapableBeanFactory$$Lambda$364+0x00000001001f1058.apply(Ljava/lang/Object;)Ljava/lang/Object;+4
J 698 c1 java.util.concurrent.ConcurrentHashMap.computeIfAbsent(Ljava/lang/Object;Ljava/util/function/Function;)Ljava/lang/Object; java.base@17.0.1 (576 bytes) @ 0x00000053006c2374 [0x00000053006c1da0+0x00000000000005d4]
j  org.springframework.beans.factory.support.AbstractAutowireCapableBeanFactory.getTypeForFactoryMethod(Ljava/lang/String;Lorg/springframework/beans/factory/support/RootBeanDefinition;[Ljava/lang/Class;)Ljava/lang/Class;+137
j  org.springframework.beans.factory.support.AbstractAutowireCapableBeanFactory.determineTargetType(Ljava/lang/String;Lorg/springframework/beans/factory/support/RootBeanDefinition;[Ljava/lang/Class;)Ljava/lang/Class;+22
j  org.springframework.beans.factory.support.AbstractAutowireCapableBeanFactory.predictBeanType(Ljava/lang/String;Lorg/springframework/beans/factory/support/RootBeanDefinition;[Ljava/lang/Class;)Ljava/lang/Class;+4
j  org.springframework.beans.factory.support.AbstractBeanFactory.isFactoryBean(Ljava/lang/String;Lorg/springframework/beans/factory/support/RootBeanDefinition;)Z+21
j  org.springframework.beans.factory.support.DefaultListableBeanFactory.doGetBeanNamesForType(Lorg/springframework/core/ResolvableType;ZZ)[Ljava/lang/String;+111
j  org.springframework.beans.factory.support.DefaultListableBeanFactory.getBeanNamesForType(Ljava/lang/Class;ZZ)[Ljava/lang/String;+22
j  org.springframework.context.support.PostProcessorRegistrationDelegate.invokeBeanFactoryPostProcessors(Lorg/springframework/beans/factory/config/ConfigurableListableBeanFactory;Ljava/util/List;)V+244
j  org.springframework.context.support.AbstractApplicationContext.invokeBeanFactoryPostProcessors(Lorg/springframework/beans/factory/config/ConfigurableListableBeanFactory;)V+5
j  org.springframework.context.support.AbstractApplicationContext.refresh()V+28
j  ECommerce.test.CategoryJUnitTest.executeFirst()V+22
v  ~StubRoutines::call_stub
j  jdk.internal.reflect.NativeMethodAccessorImpl.invoke0(Ljava/lang/reflect/Method;Ljava/lang/Object;[Ljava/lang/Object;)Ljava/lang/Object;+0 java.base@17.0.1
j  jdk.internal.reflect.NativeMethodAccessorImpl.invoke(Ljava/lang/Object;[Ljava/lang/Object;)Ljava/lang/Object;+133 java.base@17.0.1
j  jdk.internal.reflect.DelegatingMethodAccessorImpl.invoke(Ljava/lang/Object;[Ljava/lang/Object;)Ljava/lang/Object;+6 java.base@17.0.1
j  java.lang.reflect.Method.invoke(Ljava/lang/Object;[Ljava/lang/Object;)Ljava/lang/Object;+59 java.base@17.0.1
j  org.junit.platform.commons.util.ReflectionUtils.invokeMethod(Ljava/lang/reflect/Method;Ljava/lang/Object;[Ljava/lang/Object;)Ljava/lang/Object;+42
j  org.junit.jupiter.engine.execution.MethodInvocation.proceed()Ljava/lang/Object;+16
j  org.junit.jupiter.engine.execution.InvocationInterceptorChain$ValidatingInvocation.proceed()Ljava/lang/Object;+8
j  org.junit.jupiter.engine.extension.TimeoutExtension.intercept(Lorg/junit/jupiter/api/extension/InvocationInterceptor$Invocation;Lorg/junit/jupiter/api/extension/ReflectiveInvocationContext;Lorg/junit/jupiter/api/extension/ExtensionContext;Lorg/junit/jupiter/engine/extension/TimeoutDuration;Lorg/junit/jupiter/engine/extension/TimeoutExtension$TimeoutProvider;)Ljava/lang/Object;+28
j  org.junit.jupiter.engine.extension.TimeoutExtension.interceptLifecycleMethod(Lorg/junit/jupiter/api/extension/InvocationInterceptor$Invocation;Lorg/junit/jupiter/api/extension/ReflectiveInvocationContext;Lorg/junit/jupiter/api/extension/ExtensionContext;Lorg/junit/jupiter/engine/extension/TimeoutExtension$TimeoutProvider;)V+30
j  org.junit.jupiter.engine.extension.TimeoutExtension.interceptBeforeAllMethod(Lorg/junit/jupiter/api/extension/InvocationInterceptor$Invocation;Lorg/junit/jupiter/api/extension/ReflectiveInvocationContext;Lorg/junit/jupiter/api/extension/ExtensionContext;)V+9
j  org.junit.jupiter.engine.descriptor.ClassBasedTestDescriptor$$Lambda$302+0x000000010013d790.apply(Lorg/junit/jupiter/api/extension/InvocationInterceptor;Lorg/junit/jupiter/api/extension/InvocationInterceptor$Invocation;Lorg/junit/jupiter/api/extension/ReflectiveInvocationContext;Lorg/junit/jupiter/api/extension/ExtensionContext;)V+5
j  org.junit.jupiter.engine.execution.ExecutableInvoker$ReflectiveInterceptorCall.lambda$ofVoidMethod$0(Lorg/junit/jupiter/engine/execution/ExecutableInvoker$ReflectiveInterceptorCall$VoidMethodInterceptorCall;Lorg/junit/jupiter/api/extension/InvocationInterceptor;Lorg/junit/jupiter/api/extension/InvocationInterceptor$Invocation;Lorg/junit/jupiter/api/extension/ReflectiveInvocationContext;Lorg/junit/jupiter/api/extension/ExtensionContext;)Ljava/lang/Void;+6
j  org.junit.jupiter.engine.execution.ExecutableInvoker$ReflectiveInterceptorCall$$Lambda$156+0x0000000100112e58.apply(Lorg/junit/jupiter/api/extension/InvocationInterceptor;Lorg/junit/jupiter/api/extension/InvocationInterceptor$Invocation;Lorg/junit/jupiter/api/extension/ReflectiveInvocationContext;Lorg/junit/jupiter/api/extension/ExtensionContext;)Ljava/lang/Object;+9
j  org.junit.jupiter.engine.execution.ExecutableInvoker.lambda$invoke$0(Lorg/junit/jupiter/engine/execution/ExecutableInvoker$ReflectiveInterceptorCall;Lorg/junit/jupiter/api/extension/ReflectiveInvocationContext;Lorg/junit/jupiter/api/extension/ExtensionContext;Lorg/junit/jupiter/api/extension/InvocationInterceptor;Lorg/junit/jupiter/api/extension/InvocationInterceptor$Invocation;)Ljava/lang/Object;+6
j  org.junit.jupiter.engine.execution.ExecutableInvoker$$Lambda$303+0x000000010013de30.apply(Lorg/junit/jupiter/api/extension/InvocationInterceptor;Lorg/junit/jupiter/api/extension/InvocationInterceptor$Invocation;)Ljava/lang/Object;+14
j  org.junit.jupiter.engine.execution.InvocationInterceptorChain$InterceptedInvocation.proceed()Ljava/lang/Object;+12
j  org.junit.jupiter.engine.execution.InvocationInterceptorChain.proceed(Lorg/junit/jupiter/api/extension/InvocationInterceptor$Invocation;)Ljava/lang/Object;+1
j  org.junit.jupiter.engine.execution.InvocationInterceptorChain.chainAndInvoke(Lorg/junit/jupiter/api/extension/InvocationInterceptor$Invocation;Lorg/junit/jupiter/engine/execution/InvocationInterceptorChain$InterceptorCall;Ljava/util/List;)Ljava/lang/Object;+24
j  org.junit.jupiter.engine.execution.InvocationInterceptorChain.invoke(Lorg/junit/jupiter/api/extension/InvocationInterceptor$Invocation;Lorg/junit/jupiter/engine/extension/ExtensionRegistry;Lorg/junit/jupiter/engine/execution/InvocationInterceptorChain$InterceptorCall;)Ljava/lang/Object;+31
j  org.junit.jupiter.engine.execution.ExecutableInvoker.invoke(Lorg/junit/jupiter/api/extension/InvocationInterceptor$Invocation;Lorg/junit/jupiter/api/extension/ReflectiveInvocationContext;Lorg/junit/jupiter/api/extension/ExtensionContext;Lorg/junit/jupiter/engine/extension/ExtensionRegistry;Lorg/junit/jupiter/engine/execution/ExecutableInvoker$ReflectiveInterceptorCall;)Ljava/lang/Object;+15
j  org.junit.jupiter.engine.execution.ExecutableInvoker.invoke(Ljava/lang/reflect/Method;Ljava/lang/Object;Lorg/junit/jupiter/api/extension/ExtensionContext;Lorg/junit/jupiter/engine/extension/ExtensionRegistry;Lorg/junit/jupiter/engine/execution/ExecutableInvoker$ReflectiveInterceptorCall;)Ljava/lang/Object;+56
j  org.junit.jupiter.engine.descriptor.ClassBasedTestDescriptor.lambda$invokeBeforeAllMethods$11(Ljava/lang/reflect/Method;Ljava/lang/Object;Lorg/junit/jupiter/api/extension/ExtensionContext;Lorg/junit/jupiter/engine/extension/ExtensionRegistry;)V+16
j  org.junit.jupiter.engine.descriptor.ClassBasedTestDescriptor$$Lambda$301+0x000000010013d570.execute()V+20
j  org.junit.platform.engine.support.hierarchical.ThrowableCollector.execute(Lorg/junit/platform/engine/support/hierarchical/ThrowableCollector$Executable;)V+1
j  org.junit.jupiter.engine.descriptor.ClassBasedTestDescriptor.invokeBeforeAllMethods(Lorg/junit/jupiter/engine/execution/JupiterEngineExecutionContext;)V+75
j  org.junit.jupiter.engine.descriptor.ClassBasedTestDescriptor.before(Lorg/junit/jupiter/engine/execution/JupiterEngineExecutionContext;)Lorg/junit/jupiter/engine/execution/JupiterEngineExecutionContext;+64
j  org.junit.jupiter.engine.descriptor.ClassBasedTestDescriptor.before(Lorg/junit/platform/engine/support/hierarchical/EngineExecutionContext;)Lorg/junit/platform/engine/support/hierarchical/EngineExecutionContext;+5
j  org.junit.platform.engine.support.hierarchical.NodeTestTask.lambda$executeRecursively$6()V+51
j  org.junit.platform.engine.support.hierarchical.NodeTestTask$$Lambda$245+0x00000001001319c0.execute()V+4
j  org.junit.platform.engine.support.hierarchical.ThrowableCollector.execute(Lorg/junit/platform/engine/support/hierarchical/ThrowableCollector$Executable;)V+1
j  org.junit.platform.engine.support.hierarchical.NodeTestTask.lambda$executeRecursively$8(Lorg/junit/platform/engine/support/hierarchical/EngineExecutionContext;)V+15
j  org.junit.platform.engine.support.hierarchical.NodeTestTask$$Lambda$244+0x00000001001317a0.invoke(Lorg/junit/platform/engine/support/hierarchical/EngineExecutionContext;)V+5
j  org.junit.platform.engine.support.hierarchical.Node.around(Lorg/junit/platform/engine/support/hierarchical/EngineExecutionContext;Lorg/junit/platform/engine/support/hierarchical/Node$Invocation;)V+2
j  org.junit.platform.engine.support.hierarchical.NodeTestTask.lambda$executeRecursively$9()V+14
j  org.junit.platform.engine.support.hierarchical.NodeTestTask$$Lambda$243+0x0000000100131388.execute()V+4
j  org.junit.platform.engine.support.hierarchical.ThrowableCollector.execute(Lorg/junit/platform/engine/support/hierarchical/ThrowableCollector$Executable;)V+1
j  org.junit.platform.engine.support.hierarchical.NodeTestTask.executeRecursively()V+31
j  org.junit.platform.engine.support.hierarchical.NodeTestTask.execute()V+55
j  org.junit.platform.engine.support.hierarchical.SameThreadHierarchicalTestExecutorService$$Lambda$249+0x00000001001324b0.accept(Ljava/lang/Object;)V+4
j  java.util.ArrayList.forEach(Ljava/util/function/Consumer;)V+46 java.base@17.0.1
j  org.junit.platform.engine.support.hierarchical.SameThreadHierarchicalTestExecutorService.invokeAll(Ljava/util/List;)V+6
j  org.junit.platform.engine.support.hierarchical.NodeTestTask.lambda$executeRecursively$6()V+116
j  org.junit.platform.engine.support.hierarchical.NodeTestTask$$Lambda$245+0x00000001001319c0.execute()V+4
j  org.junit.platform.engine.support.hierarchical.ThrowableCollector.execute(Lorg/junit/platform/engine/support/hierarchical/ThrowableCollector$Executable;)V+1
j  org.junit.platform.engine.support.hierarchical.NodeTestTask.lambda$executeRecursively$8(Lorg/junit/platform/engine/support/hierarchical/EngineExecutionContext;)V+15
j  org.junit.platform.engine.support.hierarchical.NodeTestTask$$Lambda$244+0x00000001001317a0.invoke(Lorg/junit/platform/engine/support/hierarchical/EngineExecutionContext;)V+5
j  org.junit.platform.engine.support.hierarchical.Node.around(Lorg/junit/platform/engine/support/hierarchical/EngineExecutionContext;Lorg/junit/platform/engine/support/hierarchical/Node$Invocation;)V+2
j  org.junit.platform.engine.support.hierarchical.NodeTestTask.lambda$executeRecursively$9()V+14
j  org.junit.platform.engine.support.hierarchical.NodeTestTask$$Lambda$243+0x0000000100131388.execute()V+4
j  org.junit.platform.engine.support.hierarchical.ThrowableCollector.execute(Lorg/junit/platform/engine/support/hierarchical/ThrowableCollector$Executable;)V+1
j  org.junit.platform.engine.support.hierarchical.NodeTestTask.executeRecursively()V+31
j  org.junit.platform.engine.support.hierarchical.NodeTestTask.execute()V+55
j  org.junit.platform.engine.support.hierarchical.SameThreadHierarchicalTestExecutorService.submit(Lorg/junit/platform/engine/support/hierarchical/HierarchicalTestExecutorService$TestTask;)Ljava/util/concurrent/Future;+1
j  org.junit.platform.engine.support.hierarchical.HierarchicalTestExecutor.execute()Ljava/util/concurrent/Future;+74
j  org.junit.platform.engine.support.hierarchical.HierarchicalTestEngine.execute(Lorg/junit/platform/engine/ExecutionRequest;)V+31
j  org.junit.platform.launcher.core.DefaultLauncher.execute(Lorg/junit/platform/engine/TestEngine;Lorg/junit/platform/engine/ExecutionRequest;)V+2
j  org.junit.platform.launcher.core.DefaultLauncher.lambda$execute$6(Lorg/junit/platform/launcher/core/Root;Lorg/junit/platform/engine/ConfigurationParameters;Lorg/junit/platform/launcher/TestExecutionListener;)V+85
j  org.junit.platform.launcher.core.DefaultLauncher$$Lambda$209+0x0000000100122318.accept(Ljava/lang/Object;)V+16
j  org.junit.platform.launcher.core.DefaultLauncher.withInterceptedStreams(Lorg/junit/platform/engine/ConfigurationParameters;Lorg/junit/platform/launcher/core/TestExecutionListenerRegistry;Ljava/util/function/Consumer;)V+43
j  org.junit.platform.launcher.core.DefaultLauncher.execute(Lorg/junit/platform/launcher/core/Root;Lorg/junit/platform/engine/ConfigurationParameters;[Lorg/junit/platform/launcher/TestExecutionListener;)V+19
j  org.junit.platform.launcher.core.DefaultLauncher.execute(Lorg/junit/platform/launcher/LauncherDiscoveryRequest;[Lorg/junit/platform/launcher/TestExecutionListener;)V+36
j  org.apache.maven.surefire.junitplatform.JUnitPlatformProvider.invokeAllTests(Lorg/apache/maven/surefire/util/TestsToRun;Lorg/apache/maven/surefire/report/RunListener;)V+26
j  org.apache.maven.surefire.junitplatform.JUnitPlatformProvider.invoke(Ljava/lang/Object;)Lorg/apache/maven/surefire/suite/RunResult;+80
j  org.apache.maven.surefire.booter.ForkedBooter.invokeProviderInSameClassLoader(Lorg/apache/maven/surefire/booter/ForkingReporterFactory;)Lorg/apache/maven/surefire/suite/RunResult;+9
j  org.apache.maven.surefire.booter.ForkedBooter.runSuitesInProcess()Lorg/apache/maven/surefire/suite/RunResult;+7
j  org.apache.maven.surefire.booter.ForkedBooter.execute()V+1
j  org.apache.maven.surefire.booter.ForkedBooter.main([Ljava/lang/String;)V+35
v  ~StubRoutines::call_stub

---------------  P R O C E S S  ---------------

Threads class SMR info:
_java_thread_list=0x00000053138a40d0, length=14, elements={
0x000000537b2fd680, 0x000000531297a160, 0x000000531297ce40, 0x00000053135ea4a0,
0x00000053135eab70, 0x00000053135eb330, 0x00000053135f1000, 0x00000053135f7910,
0x00000053129d6030, 0x00000053129df630, 0x0000005313731030, 0x000000531373a540,
0x000000531377c890, 0x0000005313990fb0
}

Java Threads: ( => current thread )
=>0x000000537b2fd680 JavaThread "main" [_thread_in_vm, id=2460, stack(0x000000537a9b0000,0x000000537aab0000)]
  0x000000531297a160 JavaThread "Reference Handler" daemon [_thread_blocked, id=3268, stack(0x0000005312af0000,0x0000005312bf0000)]
  0x000000531297ce40 JavaThread "Finalizer" daemon [_thread_blocked, id=1784, stack(0x0000005313400000,0x0000005313500000)]
  0x00000053135ea4a0 JavaThread "Signal Dispatcher" daemon [_thread_blocked, id=8760, stack(0x00000053139e0000,0x0000005313ae0000)]
  0x00000053135eab70 JavaThread "Attach Listener" daemon [_thread_blocked, id=4564, stack(0x0000005313ae0000,0x0000005313be0000)]
  0x00000053135eb330 JavaThread "Service Thread" daemon [_thread_blocked, id=2256, stack(0x0000005313be0000,0x0000005313ce0000)]
  0x00000053135f1000 JavaThread "Monitor Deflation Thread" daemon [_thread_blocked, id=2168, stack(0x0000005313ce0000,0x0000005313de0000)]
  0x00000053135f7910 JavaThread "C2 CompilerThread0" daemon [_thread_blocked, id=6468, stack(0x0000005313de0000,0x0000005313ee0000)]
  0x00000053129d6030 JavaThread "C1 CompilerThread0" daemon [_thread_blocked, id=8924, stack(0x0000005313ee0000,0x0000005313fe0000)]
  0x00000053129df630 JavaThread "Sweeper thread" daemon [_thread_blocked, id=7424, stack(0x0000005313fe0000,0x00000053140e0000)]
  0x0000005313731030 JavaThread "Notification Thread" daemon [_thread_blocked, id=3404, stack(0x00000053140e0000,0x00000053141e0000)]
  0x000000531373a540 JavaThread "Common-Cleaner" daemon [_thread_blocked, id=7448, stack(0x00000053142e0000,0x00000053143e0000)]
  0x000000531377c890 JavaThread "surefire-forkedjvm-command-thread" daemon [_thread_in_vm, id=2784, stack(0x00000053143e0000,0x00000053144e0000)]
  0x0000005313990fb0 JavaThread "surefire-forkedjvm-ping-30s" daemon [_thread_blocked, id=1940, stack(0x00000053144e0000,0x00000053145e0000)]

Other Threads:
  0x00000053129206a0 VMThread "VM Thread" [stack: 0x00000053129f0000,0x0000005312af0000] [id=8900]
  0x000000537b344c40 WatcherThread [stack: 0x00000053141e0000,0x00000053142e0000] [id=3552]
  0x000000537b32ca10 GCTaskThread "GC Thread#0" [stack: 0x000000537b100000,0x000000537b200000] [id=264]
  0x000000531577e1b0 GCTaskThread "GC Thread#1" [stack: 0x00000053145e0000,0x00000053146e0000] [id=5504]
  0x00000053153f3b50 GCTaskThread "GC Thread#2" [stack: 0x00000053146e0000,0x00000053147e0000] [id=8904]
  0x00000053153e5e60 GCTaskThread "GC Thread#3" [stack: 0x0000005315800000,0x0000005315900000] [id=6232]
  0x000000537b335f50 ConcurrentGCThread "G1 Main Marker" [stack: 0x000000530ffb0000,0x00000053100b0000] [id=6792]
  0x000000537b337520 ConcurrentGCThread "G1 Conc#0" [stack: 0x00000053100b0000,0x00000053101b0000] [id=6252]
  0x000000537b37b9e0 ConcurrentGCThread "G1 Refine#0" [stack: 0x00000053125f0000,0x00000053126f0000] [id=8708]
  0x0000005315347610 ConcurrentGCThread "G1 Refine#1" [stack: 0x0000005315900000,0x0000005315a00000] [id=1968]
  0x000000537b37e020 ConcurrentGCThread "G1 Service" [stack: 0x00000053126f0000,0x00000053127f0000] [id=580]

Threads with active compile tasks:

VM state: not at safepoint (normal execution)

VM Mutex/Monitor currently owned by a thread:  ([mutex/lock_event])
[0x000000537b2f88e0] Metaspace_lock - owner thread: 0x000000537b2fd680

Heap address: 0x00000000c1400000, size: 1004 MB, Compressed Oops mode: 32-bit

CDS archive(s) not mapped
Compressed class space mapped at: 0x0000000100000000-0x0000000140000000, reserved size: 1073741824
Narrow klass base: 0x0000000000000000, Narrow klass shift: 3, Narrow klass range: 0x140000000

GC Precious Log:
 CPUs: 4 total, 4 available
 Memory: 4011M
 Large Page Support: Disabled
 NUMA Support: Disabled
 Compressed Oops: Enabled (32-bit)
 Heap Region Size: 1M
 Heap Min Capacity: 8M
 Heap Initial Capacity: 64M
 Heap Max Capacity: 1004M
 Pre-touch: Disabled
 Parallel Workers: 4
 Concurrent Workers: 1
 Concurrent Refinement Workers: 4
 Periodic GC: Disabled

Heap:
 garbage-first heap   total 65536K, used 32068K [0x00000000c1400000, 0x0000000100000000)
  region size 1024K, 28 young (28672K), 2 survivors (2048K)
 Metaspace       used 17724K, committed 17856K, reserved 1073152K
  class space    used 1904K, committed 1984K, reserved 1048576K

Heap Regions: E=young(eden), S=young(survivor), O=old, HS=humongous(starts), HC=humongous(continues), CS=collection set, F=free, OA=open archive, CA=closed archive, TAMS=top-at-mark-start (previous, next)
|   0|0x00000000c1400000, 0x00000000c1500000, 0x00000000c1500000|100%| O|  |TAMS 0x00000000c1400000, 0x00000000c1400000| Untracked 
|   1|0x00000000c1500000, 0x00000000c1600000, 0x00000000c1600000|100%| O|  |TAMS 0x00000000c1500000, 0x00000000c1500000| Untracked 
|   2|0x00000000c1600000, 0x00000000c1700000, 0x00000000c1700000|100%| O|  |TAMS 0x00000000c1600000, 0x00000000c1600000| Untracked 
|   3|0x00000000c1700000, 0x00000000c1800000, 0x00000000c1800000|100%| O|  |TAMS 0x00000000c1700000, 0x00000000c1700000| Untracked 
|   4|0x00000000c1800000, 0x00000000c1900000, 0x00000000c1900000|100%| O|  |TAMS 0x00000000c1800000, 0x00000000c1800000| Untracked 
|   5|0x00000000c1900000, 0x00000000c1995000, 0x00000000c1a00000| 58%| O|  |TAMS 0x00000000c1900000, 0x00000000c1900000| Untracked 
|   6|0x00000000c1a00000, 0x00000000c1a00000, 0x00000000c1b00000|  0%| F|  |TAMS 0x00000000c1a00000, 0x00000000c1a00000| Untracked 
|   7|0x00000000c1b00000, 0x00000000c1b00000, 0x00000000c1c00000|  0%| F|  |TAMS 0x00000000c1b00000, 0x00000000c1b00000| Untracked 
|   8|0x00000000c1c00000, 0x00000000c1c00000, 0x00000000c1d00000|  0%| F|  |TAMS 0x00000000c1c00000, 0x00000000c1c00000| Untracked 
|   9|0x00000000c1d00000, 0x00000000c1d00000, 0x00000000c1e00000|  0%| F|  |TAMS 0x00000000c1d00000, 0x00000000c1d00000| Untracked 
|  10|0x00000000c1e00000, 0x00000000c1e00000, 0x00000000c1f00000|  0%| F|  |TAMS 0x00000000c1e00000, 0x00000000c1e00000| Untracked 
|  11|0x00000000c1f00000, 0x00000000c1f00000, 0x00000000c2000000|  0%| F|  |TAMS 0x00000000c1f00000, 0x00000000c1f00000| Untracked 
|  12|0x00000000c2000000, 0x00000000c2000000, 0x00000000c2100000|  0%| F|  |TAMS 0x00000000c2000000, 0x00000000c2000000| Untracked 
|  13|0x00000000c2100000, 0x00000000c2100000, 0x00000000c2200000|  0%| F|  |TAMS 0x00000000c2100000, 0x00000000c2100000| Untracked 
|  14|0x00000000c2200000, 0x00000000c2200000, 0x00000000c2300000|  0%| F|  |TAMS 0x00000000c2200000, 0x00000000c2200000| Untracked 
|  15|0x00000000c2300000, 0x00000000c2300000, 0x00000000c2400000|  0%| F|  |TAMS 0x00000000c2300000, 0x00000000c2300000| Untracked 
|  16|0x00000000c2400000, 0x00000000c2400000, 0x00000000c2500000|  0%| F|  |TAMS 0x00000000c2400000, 0x00000000c2400000| Untracked 
|  17|0x00000000c2500000, 0x00000000c2500000, 0x00000000c2600000|  0%| F|  |TAMS 0x00000000c2500000, 0x00000000c2500000| Untracked 
|  18|0x00000000c2600000, 0x00000000c2600000, 0x00000000c2700000|  0%| F|  |TAMS 0x00000000c2600000, 0x00000000c2600000| Untracked 
|  19|0x00000000c2700000, 0x00000000c2700000, 0x00000000c2800000|  0%| F|  |TAMS 0x00000000c2700000, 0x00000000c2700000| Untracked 
|  20|0x00000000c2800000, 0x00000000c2800000, 0x00000000c2900000|  0%| F|  |TAMS 0x00000000c2800000, 0x00000000c2800000| Untracked 
|  21|0x00000000c2900000, 0x00000000c2900000, 0x00000000c2a00000|  0%| F|  |TAMS 0x00000000c2900000, 0x00000000c2900000| Untracked 
|  22|0x00000000c2a00000, 0x00000000c2a00000, 0x00000000c2b00000|  0%| F|  |TAMS 0x00000000c2a00000, 0x00000000c2a00000| Untracked 
|  23|0x00000000c2b00000, 0x00000000c2b00000, 0x00000000c2c00000|  0%| F|  |TAMS 0x00000000c2b00000, 0x00000000c2b00000| Untracked 
|  24|0x00000000c2c00000, 0x00000000c2c00000, 0x00000000c2d00000|  0%| F|  |TAMS 0x00000000c2c00000, 0x00000000c2c00000| Untracked 
|  25|0x00000000c2d00000, 0x00000000c2d00000, 0x00000000c2e00000|  0%| F|  |TAMS 0x00000000c2d00000, 0x00000000c2d00000| Untracked 
|  26|0x00000000c2e00000, 0x00000000c2e00000, 0x00000000c2f00000|  0%| F|  |TAMS 0x00000000c2e00000, 0x00000000c2e00000| Untracked 
|  27|0x00000000c2f00000, 0x00000000c2f00000, 0x00000000c3000000|  0%| F|  |TAMS 0x00000000c2f00000, 0x00000000c2f00000| Untracked 
|  28|0x00000000c3000000, 0x00000000c3000000, 0x00000000c3100000|  0%| F|  |TAMS 0x00000000c3000000, 0x00000000c3000000| Untracked 
|  29|0x00000000c3100000, 0x00000000c3100000, 0x00000000c3200000|  0%| F|  |TAMS 0x00000000c3100000, 0x00000000c3100000| Untracked 
|  30|0x00000000c3200000, 0x00000000c3200000, 0x00000000c3300000|  0%| F|  |TAMS 0x00000000c3200000, 0x00000000c3200000| Untracked 
|  31|0x00000000c3300000, 0x00000000c3300000, 0x00000000c3400000|  0%| F|  |TAMS 0x00000000c3300000, 0x00000000c3300000| Untracked 
|  32|0x00000000c3400000, 0x00000000c3400000, 0x00000000c3500000|  0%| F|  |TAMS 0x00000000c3400000, 0x00000000c3400000| Untracked 
|  33|0x00000000c3500000, 0x00000000c3500000, 0x00000000c3600000|  0%| F|  |TAMS 0x00000000c3500000, 0x00000000c3500000| Untracked 
|  34|0x00000000c3600000, 0x00000000c3600000, 0x00000000c3700000|  0%| F|  |TAMS 0x00000000c3600000, 0x00000000c3600000| Untracked 
|  35|0x00000000c3700000, 0x00000000c3700000, 0x00000000c3800000|  0%| F|  |TAMS 0x00000000c3700000, 0x00000000c3700000| Untracked 
|  36|0x00000000c3800000, 0x00000000c3859280, 0x00000000c3900000| 34%| E|  |TAMS 0x00000000c3800000, 0x00000000c3800000| Complete 
|  37|0x00000000c3900000, 0x00000000c3a00000, 0x00000000c3a00000|100%| E|CS|TAMS 0x00000000c3900000, 0x00000000c3900000| Complete 
|  38|0x00000000c3a00000, 0x00000000c3b00000, 0x00000000c3b00000|100%| E|CS|TAMS 0x00000000c3a00000, 0x00000000c3a00000| Complete 
|  39|0x00000000c3b00000, 0x00000000c3bbc028, 0x00000000c3c00000| 73%| S|CS|TAMS 0x00000000c3b00000, 0x00000000c3b00000| Complete 
|  40|0x00000000c3c00000, 0x00000000c3d00000, 0x00000000c3d00000|100%| S|CS|TAMS 0x00000000c3c00000, 0x00000000c3c00000| Complete 
|  41|0x00000000c3d00000, 0x00000000c3e00000, 0x00000000c3e00000|100%| E|CS|TAMS 0x00000000c3d00000, 0x00000000c3d00000| Complete 
|  42|0x00000000c3e00000, 0x00000000c3f00000, 0x00000000c3f00000|100%| E|CS|TAMS 0x00000000c3e00000, 0x00000000c3e00000| Complete 
|  43|0x00000000c3f00000, 0x00000000c4000000, 0x00000000c4000000|100%| E|  |TAMS 0x00000000c3f00000, 0x00000000c3f00000| Complete 
|  44|0x00000000c4000000, 0x00000000c4100000, 0x00000000c4100000|100%| E|CS|TAMS 0x00000000c4000000, 0x00000000c4000000| Complete 
|  45|0x00000000c4100000, 0x00000000c4200000, 0x00000000c4200000|100%| E|CS|TAMS 0x00000000c4100000, 0x00000000c4100000| Complete 
|  46|0x00000000c4200000, 0x00000000c4300000, 0x00000000c4300000|100%| E|CS|TAMS 0x00000000c4200000, 0x00000000c4200000| Complete 
|  47|0x00000000c4300000, 0x00000000c4400000, 0x00000000c4400000|100%| E|CS|TAMS 0x00000000c4300000, 0x00000000c4300000| Complete 
|  48|0x00000000c4400000, 0x00000000c4500000, 0x00000000c4500000|100%| E|CS|TAMS 0x00000000c4400000, 0x00000000c4400000| Complete 
|  49|0x00000000c4500000, 0x00000000c4600000, 0x00000000c4600000|100%| E|CS|TAMS 0x00000000c4500000, 0x00000000c4500000| Complete 
|  50|0x00000000c4600000, 0x00000000c4700000, 0x00000000c4700000|100%| E|CS|TAMS 0x00000000c4600000, 0x00000000c4600000| Complete 
|  51|0x00000000c4700000, 0x00000000c4800000, 0x00000000c4800000|100%| E|CS|TAMS 0x00000000c4700000, 0x00000000c4700000| Complete 
|  52|0x00000000c4800000, 0x00000000c4900000, 0x00000000c4900000|100%| E|CS|TAMS 0x00000000c4800000, 0x00000000c4800000| Complete 
|  53|0x00000000c4900000, 0x00000000c4a00000, 0x00000000c4a00000|100%| E|CS|TAMS 0x00000000c4900000, 0x00000000c4900000| Complete 
|  54|0x00000000c4a00000, 0x00000000c4b00000, 0x00000000c4b00000|100%| E|CS|TAMS 0x00000000c4a00000, 0x00000000c4a00000| Complete 
|  55|0x00000000c4b00000, 0x00000000c4c00000, 0x00000000c4c00000|100%| E|CS|TAMS 0x00000000c4b00000, 0x00000000c4b00000| Complete 
|  56|0x00000000c4c00000, 0x00000000c4d00000, 0x00000000c4d00000|100%| E|CS|TAMS 0x00000000c4c00000, 0x00000000c4c00000| Complete 
|  57|0x00000000c4d00000, 0x00000000c4e00000, 0x00000000c4e00000|100%| E|CS|TAMS 0x00000000c4d00000, 0x00000000c4d00000| Complete 
|  58|0x00000000c4e00000, 0x00000000c4f00000, 0x00000000c4f00000|100%| E|CS|TAMS 0x00000000c4e00000, 0x00000000c4e00000| Complete 
|  59|0x00000000c4f00000, 0x00000000c5000000, 0x00000000c5000000|100%| E|CS|TAMS 0x00000000c4f00000, 0x00000000c4f00000| Complete 
|  60|0x00000000c5000000, 0x00000000c5100000, 0x00000000c5100000|100%| E|CS|TAMS 0x00000000c5000000, 0x00000000c5000000| Complete 
|  61|0x00000000c5100000, 0x00000000c5200000, 0x00000000c5200000|100%| E|CS|TAMS 0x00000000c5100000, 0x00000000c5100000| Complete 
|  62|0x00000000c5200000, 0x00000000c5300000, 0x00000000c5300000|100%| E|CS|TAMS 0x00000000c5200000, 0x00000000c5200000| Complete 
|  63|0x00000000c5300000, 0x00000000c5400000, 0x00000000c5400000|100%| E|CS|TAMS 0x00000000c5300000, 0x00000000c5300000| Complete 

Card table byte_map: [0x000000537eb80000,0x000000537ed80000] _byte_map_base: 0x000000537e576000

Marking Bits (Prev, Next): (CMBitMap*) 0x000000537b32d020, (CMBitMap*) 0x000000537b32d060
 Prev Bits: [0x000000537ef80000, 0x000000537ff30000)
 Next Bits: [0x000000530f000000, 0x000000530ffb0000)

Polling page: 0x0000005379140000

Metaspace:

Usage:
  Non-class:     15.45 MB used.
      Class:      1.86 MB used.
       Both:     17.31 MB used.

Virtual space:
  Non-class space:       24.00 MB reserved,      15.50 MB ( 65%) committed,  3 nodes.
      Class space:        1.00 GB reserved,       1.94 MB ( <1%) committed,  1 nodes.
             Both:        1.02 GB reserved,      17.44 MB (  2%) committed. 

Chunk freelists:
   Non-Class:  3.98 MB
       Class:  2.03 MB
        Both:  6.02 MB

MaxMetaspaceSize: unlimited
CompressedClassSpaceSize: 1.00 GB
Initial GC threshold: 21.00 MB
Current GC threshold: 21.00 MB
CDS: off
MetaspaceReclaimPolicy: balanced
 - commit_granule_bytes: 65536.
 - commit_granule_words: 8192.
 - virtual_space_node_default_size: 1048576.
 - enlarge_chunks_in_place: 1.
 - new_chunks_are_fully_committed: 0.
 - uncommit_free_chunks: 1.
 - use_allocation_guard: 0.
 - handle_deallocations: 1.


Internal statistics:

num_allocs_failed_limit: 0.
num_arena_births: 104.
num_arena_deaths: 0.
num_vsnodes_births: 4.
num_vsnodes_deaths: 0.
num_space_committed: 279.
num_space_uncommitted: 0.
num_chunks_returned_to_freelist: 0.
num_chunks_taken_from_freelist: 427.
num_chunk_merges: 0.
num_chunk_splits: 257.
num_chunks_enlarged: 194.
num_purges: 0.
num_inconsistent_stats: 0.

CodeHeap 'non-profiled nmethods': size=120000Kb used=535Kb max_used=535Kb free=119464Kb
 bounds [0x0000005307ad0000, 0x0000005307d40000, 0x000000530f000000]
CodeHeap 'profiled nmethods': size=120000Kb used=2692Kb max_used=2692Kb free=117307Kb
 bounds [0x00000053005a0000, 0x0000005300850000, 0x0000005307ad0000]
CodeHeap 'non-nmethods': size=5760Kb used=1161Kb max_used=1189Kb free=4598Kb
 bounds [0x0000005300000000, 0x0000005300270000, 0x00000053005a0000]
 total_blobs=1936 nmethods=1485 adapters=363
 compilation: enabled
              stopped_count=0, restarted_count=0
 full_count=0

Compilation events (20 events):
Event: 8.084 Thread 0x00000053129d6030 1476       3       jdk.internal.org.objectweb.asm.SymbolTable::addConstant (330 bytes)
Event: 8.091 Thread 0x00000053129d6030 nmethod 1476 0x0000005307b4ed90 code [0x0000005307b4f300, 0x0000005307b52358]
Event: 8.091 Thread 0x00000053129d6030 1477       1       org.springframework.util.ConcurrentReferenceHashMap::access$400 (5 bytes)
Event: 8.091 Thread 0x00000053129d6030 nmethod 1477 0x0000005307b52c90 code [0x0000005307b52e20, 0x0000005307b52ed8]
Event: 8.096 Thread 0x00000053129d6030 1478       3       jdk.internal.loader.AbstractClassLoaderValue$Sub::hashCode (19 bytes)
Event: 8.097 Thread 0x00000053129d6030 nmethod 1478 0x0000005307b52f90 code [0x0000005307b53160, 0x0000005307b534d8]
Event: 8.098 Thread 0x00000053129d6030 1479       3       java.lang.Integer::valueOf (32 bytes)
Event: 8.099 Thread 0x00000053129d6030 nmethod 1479 0x0000005307b53610 code [0x0000005307b537c0, 0x0000005307b53ad8]
Event: 8.100 Thread 0x00000053129d6030 1480   !   3       java.util.zip.Inflater::finished (19 bytes)
Event: 8.100 Thread 0x00000053129d6030 nmethod 1480 0x0000005307b53c10 code [0x0000005307b53da0, 0x0000005307b53f98]
Event: 8.103 Thread 0x00000053129d6030 1481       3       java.util.jar.Manifest$FastInputStream::readLine (296 bytes)
Event: 8.106 Thread 0x00000053129d6030 nmethod 1481 0x0000005307b54090 code [0x0000005307b542c0, 0x0000005307b54bc8]
Event: 8.127 Thread 0x00000053129d6030 1482   !   3       java.lang.ref.ReferenceQueue::remove (125 bytes)
Event: 8.129 Thread 0x00000053129d6030 nmethod 1482 0x000000530083fd90 code [0x000000530083ffa0, 0x0000005300840738]
Event: 8.129 Thread 0x00000053129d6030 1483   !   3       jdk.internal.ref.PhantomCleanable::isListEmpty (34 bytes)
Event: 8.130 Thread 0x00000053129d6030 nmethod 1483 0x0000005300840a90 code [0x0000005300840c20, 0x0000005300840e78]
Event: 8.130 Thread 0x00000053129d6030 1484       3       jdk.internal.misc.InnocuousThread::eraseThreadLocals (23 bytes)
Event: 8.130 Thread 0x00000053129d6030 nmethod 1484 0x0000005300840f90 code [0x0000005300841120, 0x0000005300841318]
Event: 8.134 Thread 0x00000053135f7910 1485       4       java.util.jar.Manifest$FastInputStream::readLine (296 bytes)
Event: 8.169 Thread 0x00000053135f7910 nmethod 1485 0x0000005307b54f10 code [0x0000005307b550c0, 0x0000005307b55838]

GC Heap History (6 events):
Event: 4.032 GC heap before
{Heap before GC invocations=0 (full 0):
 garbage-first heap   total 65536K, used 12288K [0x00000000c1400000, 0x0000000100000000)
  region size 1024K, 13 young (13312K), 0 survivors (0K)
 Metaspace       used 10881K, committed 11072K, reserved 1064960K
  class space    used 993K, committed 1088K, reserved 1048576K
}
Event: 4.049 GC heap after
{Heap after GC invocations=1 (full 0):
 garbage-first heap   total 65536K, used 5940K [0x00000000c1400000, 0x0000000100000000)
  region size 1024K, 2 young (2048K), 2 survivors (2048K)
 Metaspace       used 10881K, committed 11072K, reserved 1064960K
  class space    used 993K, committed 1088K, reserved 1048576K
}
Event: 4.859 GC heap before
{Heap before GC invocations=1 (full 0):
 garbage-first heap   total 65536K, used 13108K [0x00000000c1400000, 0x0000000100000000)
  region size 1024K, 9 young (9216K), 2 survivors (2048K)
 Metaspace       used 12729K, committed 12928K, reserved 1064960K
  class space    used 1265K, committed 1344K, reserved 1048576K
}
Event: 4.873 GC heap after
{Heap after GC invocations=2 (full 0):
 garbage-first heap   total 65536K, used 6197K [0x00000000c1400000, 0x0000000100000000)
  region size 1024K, 1 young (1024K), 1 survivors (1024K)
 Metaspace       used 12729K, committed 12928K, reserved 1064960K
  class space    used 1265K, committed 1344K, reserved 1048576K
}
Event: 8.109 GC heap before
{Heap before GC invocations=2 (full 0):
 garbage-first heap   total 65536K, used 28725K [0x00000000c1400000, 0x0000000100000000)
  region size 1024K, 23 young (23552K), 1 survivors (1024K)
 Metaspace       used 17710K, committed 17856K, reserved 1064960K
  class space    used 1903K, committed 1984K, reserved 1048576K
}
Event: 8.126 GC heap after
{Heap after GC invocations=3 (full 0):
 garbage-first heap   total 65536K, used 7492K [0x00000000c1400000, 0x0000000100000000)
  region size 1024K, 2 young (2048K), 2 survivors (2048K)
 Metaspace       used 17710K, committed 17856K, reserved 1064960K
  class space    used 1903K, committed 1984K, reserved 1048576K
}

Deoptimization events (20 events):
Event: 8.102 Thread 0x000000537b2fd680 Uncommon trap: trap_request=0xffffff45 fr.pc=0x0000005307b2d09c relative=0x00000000000003fc
Event: 8.102 Thread 0x000000537b2fd680 Uncommon trap: reason=unstable_if action=reinterpret pc=0x0000005307b2d09c method=java.util.jar.Manifest$FastInputStream.readLine([BII)I @ 90 c2
Event: 8.102 Thread 0x000000537b2fd680 DEOPT PACKING pc=0x0000005307b2d09c sp=0x000000537aaaadb0
Event: 8.102 Thread 0x000000537b2fd680 DEOPT UNPACKING pc=0x00000053000523a3 sp=0x000000537aaaad40 mode 2
Event: 8.107 Thread 0x000000537b2fd680 DEOPT PACKING pc=0x0000005307b54a68 sp=0x000000537aaaadb0
Event: 8.107 Thread 0x000000537b2fd680 DEOPT UNPACKING pc=0x0000005300052b43 sp=0x000000537aaaa240 mode 0
Event: 8.108 Thread 0x000000537b2fd680 DEOPT PACKING pc=0x0000005307b54a68 sp=0x000000537aaaadb0
Event: 8.108 Thread 0x000000537b2fd680 DEOPT UNPACKING pc=0x0000005300052b43 sp=0x000000537aaaa240 mode 0
Event: 8.127 Thread 0x000000537b2fd680 DEOPT PACKING pc=0x0000005307b54a68 sp=0x000000537aaaadb0
Event: 8.127 Thread 0x000000537b2fd680 DEOPT UNPACKING pc=0x0000005300052b43 sp=0x000000537aaaa240 mode 0
Event: 8.131 Thread 0x000000537b2fd680 DEOPT PACKING pc=0x0000005307b54a68 sp=0x000000537aaaadb0
Event: 8.131 Thread 0x000000537b2fd680 DEOPT UNPACKING pc=0x0000005300052b43 sp=0x000000537aaaa240 mode 0
Event: 8.134 Thread 0x000000537b2fd680 DEOPT PACKING pc=0x0000005307b54a68 sp=0x000000537aaaadb0
Event: 8.134 Thread 0x000000537b2fd680 DEOPT UNPACKING pc=0x0000005300052b43 sp=0x000000537aaaa240 mode 0
Event: 8.139 Thread 0x000000537b2fd680 DEOPT PACKING pc=0x0000005307b54a68 sp=0x000000537aaaadb0
Event: 8.139 Thread 0x000000537b2fd680 DEOPT UNPACKING pc=0x0000005300052b43 sp=0x000000537aaaa240 mode 0
Event: 8.144 Thread 0x000000537b2fd680 DEOPT PACKING pc=0x0000005307b54a68 sp=0x000000537aaaadb0
Event: 8.144 Thread 0x000000537b2fd680 DEOPT UNPACKING pc=0x0000005300052b43 sp=0x000000537aaaa240 mode 0
Event: 8.151 Thread 0x000000537b2fd680 DEOPT PACKING pc=0x0000005307b54a68 sp=0x000000537aaaadb0
Event: 8.151 Thread 0x000000537b2fd680 DEOPT UNPACKING pc=0x0000005300052b43 sp=0x000000537aaaa240 mode 0

Classes unloaded (0 events):
No events

Classes redefined (0 events):
No events

Internal exceptions (20 events):
Event: 4.490 Thread 0x000000537b2fd680 Exception <a 'java/lang/IncompatibleClassChangeError'{0x00000000c4f65ae0}: Found class java.lang.Object, but interface was expected> (0x00000000c4f65ae0) 
thrown [e:\jenkins\tmp\workspace\build\src\src\hotspot\share\interpreter\linkResolver.cpp, line 833]
Event: 4.504 Thread 0x000000537b2fd680 Exception <a 'java/lang/NoSuchMethodError'{0x00000000c4f847d0}: 'java.lang.Object java.lang.invoke.DirectMethodHandle$Holder.invokeStatic(java.lang.Object, java.lang.Object, int)'> (0x00000000c4f847d0) 
thrown [e:\jenkins\tmp\workspace\build\src\src\hotspot\share\interpreter\linkResolver.cpp, line 766]
Event: 4.553 Thread 0x000000537b2fd680 Exception <a 'java/lang/NoSuchMethodError'{0x00000000c4fdbe48}: 'void java.lang.invoke.DirectMethodHandle$Holder.invokeSpecial(java.lang.Object, java.lang.Object, java.lang.Object, java.lang.Object, java.lang.Object)'> (0x00000000c4fdbe48) 
thrown [e:\jenkins\tmp\workspace\build\src\src\hotspot\share\interpreter\linkResolver.cpp, line 766]
Event: 4.564 Thread 0x000000537b2fd680 Exception <a 'java/lang/NoSuchMethodError'{0x00000000c4fefda8}: 'void java.lang.invoke.DirectMethodHandle$Holder.invokeStatic(java.lang.Object, java.lang.Object, java.lang.Object, java.lang.Object)'> (0x00000000c4fefda8) 
thrown [e:\jenkins\tmp\workspace\build\src\src\hotspot\share\interpreter\linkResolver.cpp, line 766]
Event: 4.734 Thread 0x000000537b2fd680 Exception <a 'java/lang/NoSuchMethodError'{0x00000000c4eb6c60}: 'void java.lang.invoke.DirectMethodHandle$Holder.invokeInterface(java.lang.Object, java.lang.Object, java.lang.Object, java.lang.Object)'> (0x00000000c4eb6c60) 
thrown [e:\jenkins\tmp\workspace\build\src\src\hotspot\share\interpreter\linkResolver.cpp, line 766]
Event: 4.736 Thread 0x000000537b2fd680 Exception <a 'java/lang/IncompatibleClassChangeError'{0x00000000c4eba0e8}: Found class java.lang.Object, but interface was expected> (0x00000000c4eba0e8) 
thrown [e:\jenkins\tmp\workspace\build\src\src\hotspot\share\interpreter\linkResolver.cpp, line 833]
Event: 4.776 Thread 0x000000537b2fd680 Exception <a 'java/lang/NoSuchMethodError'{0x00000000c4d29540}: 'int java.lang.invoke.DirectMethodHandle$Holder.invokeStatic(java.lang.Object, java.lang.Object, java.lang.Object, java.lang.Object)'> (0x00000000c4d29540) 
thrown [e:\jenkins\tmp\workspace\build\src\src\hotspot\share\interpreter\linkResolver.cpp, line 766]
Event: 4.776 Thread 0x000000537b2fd680 Exception <a 'java/lang/NoSuchMethodError'{0x00000000c4d2cec0}: 'java.lang.Object java.lang.invoke.Invokers$Holder.invokeExact_MT(java.lang.Object, java.lang.Object, java.lang.Object, java.lang.Object, java.lang.Object, java.lang.Object)'> (0x00000000c4d2cec0) 
thrown [e:\jenkins\tmp\workspace\build\src\src\hotspot\share\interpreter\linkResolver.cpp, line 766]
Event: 4.783 Thread 0x000000537b2fd680 Exception <a 'java/lang/NoSuchMethodError'{0x00000000c4d3ccc8}: 'int java.lang.invoke.DirectMethodHandle$Holder.invokeStatic(java.lang.Object, java.lang.Object, java.lang.Object, java.lang.Object, java.lang.Object)'> (0x00000000c4d3ccc8) 
thrown [e:\jenkins\tmp\workspace\build\src\src\hotspot\share\interpreter\linkResolver.cpp, line 766]
Event: 4.819 Thread 0x000000537b2fd680 Exception <a 'java/lang/NoSuchMethodError'{0x00000000c4d88250}: 'void java.lang.invoke.DirectMethodHandle$Holder.invokeStaticInit(java.lang.Object)'> (0x00000000c4d88250) 
thrown [e:\jenkins\tmp\workspace\build\src\src\hotspot\share\interpreter\linkResolver.cpp, line 766]
Event: 4.924 Thread 0x000000537b2fd680 Exception <a 'java/lang/NoSuchMethodError'{0x00000000c53acec0}: 'int java.lang.invoke.DirectMethodHandle$Holder.invokeStaticInit(java.lang.Object, java.lang.Object)'> (0x00000000c53acec0) 
thrown [e:\jenkins\tmp\workspace\build\src\src\hotspot\share\interpreter\linkResolver.cpp, line 766]
Event: 5.061 Thread 0x000000537b2fd680 Exception <a 'java/lang/IncompatibleClassChangeError'{0x00000000c52c2fa8}: Found class java.lang.Object, but interface was expected> (0x00000000c52c2fa8) 
thrown [e:\jenkins\tmp\workspace\build\src\src\hotspot\share\interpreter\linkResolver.cpp, line 833]
Event: 5.829 Thread 0x000000537b2fd680 Exception <a 'java/lang/ClassNotFoundException'{0x00000000c4f4c8d0}: javax/smartcardio/CardPermission> (0x00000000c4f4c8d0) 
thrown [e:\jenkins\tmp\workspace\build\src\src\hotspot\share\classfile\systemDictionary.cpp, line 256]
Event: 5.859 Thread 0x000000537b2fd680 Exception <a 'java/io/FileNotFoundException'{0x00000000c4f5b8e0}> (0x00000000c4f5b8e0) 
thrown [e:\jenkins\tmp\workspace\build\src\src\hotspot\share\prims\jni.cpp, line 516]
Event: 6.710 Thread 0x000000537b2fd680 Exception <a 'java/lang/NoSuchMethodError'{0x00000000c4932d20}: 'org.slf4j.impl.StaticMDCBinder org.slf4j.impl.StaticMDCBinder.getSingleton()'> (0x00000000c4932d20) 
thrown [e:\jenkins\tmp\workspace\build\src\src\hotspot\share\interpreter\linkResolver.cpp, line 766]
Event: 6.733 Thread 0x000000537b2fd680 Exception <a 'java/lang/NoSuchMethodError'{0x00000000c499cae8}: 'java.lang.Object java.lang.invoke.DirectMethodHandle$Holder.invokeVirtual(java.lang.Object, java.lang.Object, java.lang.Object)'> (0x00000000c499cae8) 
thrown [e:\jenkins\tmp\workspace\build\src\src\hotspot\share\interpreter\linkResolver.cpp, line 766]
Event: 6.927 Thread 0x000000537b2fd680 Exception <a 'java/lang/NoSuchMethodError'{0x00000000c47569a8}: 'int java.lang.invoke.DirectMethodHandle$Holder.invokeStaticInit(java.lang.Object, java.lang.Object, java.lang.Object)'> (0x00000000c47569a8) 
thrown [e:\jenkins\tmp\workspace\build\src\src\hotspot\share\interpreter\linkResolver.cpp, line 766]
Event: 6.967 Thread 0x000000537b2fd680 Exception <a 'java/lang/NoSuchMethodError'{0x00000000c47cee90}: 'int java.lang.invoke.DirectMethodHandle$Holder.invokeInterface(java.lang.Object, java.lang.Object)'> (0x00000000c47cee90) 
thrown [e:\jenkins\tmp\workspace\build\src\src\hotspot\share\interpreter\linkResolver.cpp, line 766]
Event: 7.168 Thread 0x000000537b2fd680 Implicit null exception at 0x0000005307b3075e to 0x0000005307b30fd8
Event: 7.417 Thread 0x000000537b2fd680 Exception <a 'java/lang/NoSuchMethodError'{0x00000000c45f0bf0}: 'int java.lang.invoke.DirectMethodHandle$Holder.invokeSpecial(java.lang.Object, java.lang.Object, java.lang.Object, java.lang.Object)'> (0x00000000c45f0bf0) 
thrown [e:\jenkins\tmp\workspace\build\src\src\hotspot\share\interpreter\linkResolver.cpp, line 766]

VM Operations (20 events):
Event: 4.032 Executing VM operation: G1CollectForAllocation
Event: 4.049 Executing VM operation: G1CollectForAllocation done
Event: 4.859 Executing VM operation: G1CollectForAllocation
Event: 4.874 Executing VM operation: G1CollectForAllocation done
Event: 5.070 Executing VM operation: HandshakeAllThreads
Event: 5.070 Executing VM operation: HandshakeAllThreads done
Event: 6.070 Executing VM operation: Cleanup
Event: 6.070 Executing VM operation: Cleanup done
Event: 6.144 Executing VM operation: HandshakeAllThreads
Event: 6.144 Executing VM operation: HandshakeAllThreads done
Event: 7.145 Executing VM operation: Cleanup
Event: 7.145 Executing VM operation: Cleanup done
Event: 7.217 Executing VM operation: HandshakeAllThreads
Event: 7.217 Executing VM operation: HandshakeAllThreads done
Event: 7.534 Executing VM operation: HandshakeAllThreads
Event: 7.534 Executing VM operation: HandshakeAllThreads done
Event: 7.753 Executing VM operation: HandshakeAllThreads
Event: 7.753 Executing VM operation: HandshakeAllThreads done
Event: 8.109 Executing VM operation: G1CollectForAllocation
Event: 8.126 Executing VM operation: G1CollectForAllocation done

Events (20 events):
Event: 7.880 loading class sun/reflect/generics/tree/FormalTypeParameter
Event: 7.880 loading class sun/reflect/generics/tree/FormalTypeParameter done
Event: 7.881 loading class sun/reflect/generics/tree/ClassSignature
Event: 7.881 loading class sun/reflect/generics/tree/Signature
Event: 7.881 loading class sun/reflect/generics/tree/Signature done
Event: 7.881 loading class sun/reflect/generics/tree/ClassSignature done
Event: 7.882 loading class sun/reflect/generics/reflectiveObjects/ParameterizedTypeImpl
Event: 7.882 loading class java/lang/reflect/ParameterizedType
Event: 7.883 loading class java/lang/reflect/ParameterizedType done
Event: 7.883 loading class sun/reflect/generics/reflectiveObjects/ParameterizedTypeImpl done
Event: 7.884 loading class java/lang/reflect/TypeVariable
Event: 7.884 loading class java/lang/reflect/TypeVariable done
Event: 7.884 loading class sun/reflect/generics/reflectiveObjects/TypeVariableImpl
Event: 7.885 loading class sun/reflect/generics/reflectiveObjects/LazyReflectiveObjectGenerator
Event: 7.885 loading class sun/reflect/generics/reflectiveObjects/LazyReflectiveObjectGenerator done
Event: 7.885 loading class sun/reflect/generics/reflectiveObjects/TypeVariableImpl done
Event: 8.095 loading class java/lang/reflect/WildcardType
Event: 8.095 loading class java/lang/reflect/WildcardType done
Event: 8.185 loading class javax/naming/Referenceable
Event: 8.185 loading class javax/naming/Referenceable done


Dynamic libraries:
0x00007ff760b40000 - 0x00007ff760b4e000 	C:\Users\Nidhi\Downloads\eclipse-java-2021-12-R-win32-x86_64\eclipse\plugins\org.eclipse.justj.openjdk.hotspot.jre.full.win32.x86_64_17.0.1.v20211116-1657\jre\bin\java.exe
0x00007ff807470000 - 0x00007ff807619000 	C:\Windows\SYSTEM32\ntdll.dll
0x00007ff806d70000 - 0x00007ff806ea9000 	C:\Windows\system32\KERNEL32.DLL
0x00007ff804970000 - 0x00007ff804a7e000 	C:\Windows\system32\KERNELBASE.dll
0x00007ff8004c0000 - 0x00007ff8004d8000 	C:\Users\Nidhi\Downloads\eclipse-java-2021-12-R-win32-x86_64\eclipse\plugins\org.eclipse.justj.openjdk.hotspot.jre.full.win32.x86_64_17.0.1.v20211116-1657\jre\bin\jli.dll
0x00007ff800450000 - 0x00007ff800469000 	C:\Users\Nidhi\Downloads\eclipse-java-2021-12-R-win32-x86_64\eclipse\plugins\org.eclipse.justj.openjdk.hotspot.jre.full.win32.x86_64_17.0.1.v20211116-1657\jre\bin\VCRUNTIME140.dll
0x00007ff801cd0000 - 0x00007ff801cd4000 	C:\Users\Nidhi\Downloads\eclipse-java-2021-12-R-win32-x86_64\eclipse\plugins\org.eclipse.justj.openjdk.hotspot.jre.full.win32.x86_64_17.0.1.v20211116-1657\jre\bin\api-ms-win-crt-stdio-l1-1-0.dll
0x00007ff801440000 - 0x00007ff801444000 	C:\Users\Nidhi\Downloads\eclipse-java-2021-12-R-win32-x86_64\eclipse\plugins\org.eclipse.justj.openjdk.hotspot.jre.full.win32.x86_64_17.0.1.v20211116-1657\jre\bin\api-ms-win-crt-runtime-l1-1-0.dll
0x00007ff801620000 - 0x00007ff801623000 	C:\Users\Nidhi\Downloads\eclipse-java-2021-12-R-win32-x86_64\eclipse\plugins\org.eclipse.justj.openjdk.hotspot.jre.full.win32.x86_64_17.0.1.v20211116-1657\jre\bin\api-ms-win-crt-environment-l1-1-0.dll
0x00007ff801c00000 - 0x00007ff801c05000 	C:\Users\Nidhi\Downloads\eclipse-java-2021-12-R-win32-x86_64\eclipse\plugins\org.eclipse.justj.openjdk.hotspot.jre.full.win32.x86_64_17.0.1.v20211116-1657\jre\bin\api-ms-win-crt-math-l1-1-0.dll
0x00007ff800d90000 - 0x00007ff800d93000 	C:\Users\Nidhi\Downloads\eclipse-java-2021-12-R-win32-x86_64\eclipse\plugins\org.eclipse.justj.openjdk.hotspot.jre.full.win32.x86_64_17.0.1.v20211116-1657\jre\bin\api-ms-win-crt-locale-l1-1-0.dll
0x00007ff8015f0000 - 0x00007ff8015f3000 	C:\Users\Nidhi\Downloads\eclipse-java-2021-12-R-win32-x86_64\eclipse\plugins\org.eclipse.justj.openjdk.hotspot.jre.full.win32.x86_64_17.0.1.v20211116-1657\jre\bin\api-ms-win-crt-heap-l1-1-0.dll
0x00007ff802b70000 - 0x00007ff802dca000 	C:\Windows\WinSxS\amd64_microsoft.windows.common-controls_6595b64144ccf1df_6.0.9600.16384_none_62475f7becb72503\COMCTL32.dll
0x00007ff805000000 - 0x00007ff805171000 	C:\Windows\system32\USER32.dll
0x00007ff801610000 - 0x00007ff801613000 	C:\Users\Nidhi\Downloads\eclipse-java-2021-12-R-win32-x86_64\eclipse\plugins\org.eclipse.justj.openjdk.hotspot.jre.full.win32.x86_64_17.0.1.v20211116-1657\jre\bin\api-ms-win-crt-filesystem-l1-1-0.dll
0x00007ff801c80000 - 0x00007ff801c84000 	C:\Users\Nidhi\Downloads\eclipse-java-2021-12-R-win32-x86_64\eclipse\plugins\org.eclipse.justj.openjdk.hotspot.jre.full.win32.x86_64_17.0.1.v20211116-1657\jre\bin\api-ms-win-crt-string-l1-1-0.dll
0x00007ff801630000 - 0x00007ff801634000 	C:\Users\Nidhi\Downloads\eclipse-java-2021-12-R-win32-x86_64\eclipse\plugins\org.eclipse.justj.openjdk.hotspot.jre.full.win32.x86_64_17.0.1.v20211116-1657\jre\bin\api-ms-win-crt-convert-l1-1-0.dll
0x00007ff8068a0000 - 0x00007ff806947000 	C:\Windows\system32\msvcrt.dll
0x00007ff806c20000 - 0x00007ff806d65000 	C:\Windows\system32\GDI32.dll
0x00007ffffa730000 - 0x00007ffffa82a000 	C:\Users\Nidhi\Downloads\eclipse-java-2021-12-R-win32-x86_64\eclipse\plugins\org.eclipse.justj.openjdk.hotspot.jre.full.win32.x86_64_17.0.1.v20211116-1657\jre\bin\ucrtbase.DLL
0x00007ff8052d0000 - 0x00007ff805304000 	C:\Windows\system32\IMM32.DLL
0x00007ff806eb0000 - 0x00007ff806fe8000 	C:\Windows\system32\MSCTF.dll
0x00007ff800cb0000 - 0x00007ff800cbc000 	C:\Users\Nidhi\Downloads\eclipse-java-2021-12-R-win32-x86_64\eclipse\plugins\org.eclipse.justj.openjdk.hotspot.jre.full.win32.x86_64_17.0.1.v20211116-1657\jre\bin\vcruntime140_1.dll
0x00007ffffaf20000 - 0x00007ffffafb1000 	C:\Users\Nidhi\Downloads\eclipse-java-2021-12-R-win32-x86_64\eclipse\plugins\org.eclipse.justj.openjdk.hotspot.jre.full.win32.x86_64_17.0.1.v20211116-1657\jre\bin\msvcp140.dll
0x00007ff801600000 - 0x00007ff801603000 	C:\Users\Nidhi\Downloads\eclipse-java-2021-12-R-win32-x86_64\eclipse\plugins\org.eclipse.justj.openjdk.hotspot.jre.full.win32.x86_64_17.0.1.v20211116-1657\jre\bin\api-ms-win-crt-time-l1-1-0.dll
0x00007ff801790000 - 0x00007ff801793000 	C:\Users\Nidhi\Downloads\eclipse-java-2021-12-R-win32-x86_64\eclipse\plugins\org.eclipse.justj.openjdk.hotspot.jre.full.win32.x86_64_17.0.1.v20211116-1657\jre\bin\api-ms-win-crt-utility-l1-1-0.dll
0x00007fffe83d0000 - 0x00007fffe9016000 	C:\Users\Nidhi\Downloads\eclipse-java-2021-12-R-win32-x86_64\eclipse\plugins\org.eclipse.justj.openjdk.hotspot.jre.full.win32.x86_64_17.0.1.v20211116-1657\jre\bin\server\jvm.dll
0x00007ff805310000 - 0x00007ff8053b5000 	C:\Windows\system32\ADVAPI32.dll
0x00007ff801d80000 - 0x00007ff801d89000 	C:\Windows\SYSTEM32\WSOCK32.dll
0x00007ff801690000 - 0x00007ff8016af000 	C:\Windows\SYSTEM32\WINMM.dll
0x00007ff8012f0000 - 0x00007ff8012fa000 	C:\Windows\SYSTEM32\VERSION.dll
0x00007ff806a10000 - 0x00007ff806a17000 	C:\Windows\system32\PSAPI.DLL
0x00007ff807410000 - 0x00007ff807467000 	C:\Windows\SYSTEM32\sechost.dll
0x00007ff805180000 - 0x00007ff8052b6000 	C:\Windows\system32\RPCRT4.dll
0x00007ff806950000 - 0x00007ff8069a8000 	C:\Windows\system32\WS2_32.dll
0x00007ff801660000 - 0x00007ff80168a000 	C:\Windows\SYSTEM32\WINMMBASE.dll
0x00007ff8052c0000 - 0x00007ff8052c9000 	C:\Windows\system32\NSI.dll
0x00007ff804a80000 - 0x00007ff804aca000 	C:\Windows\SYSTEM32\cfgmgr32.dll
0x00007ff803610000 - 0x00007ff803636000 	C:\Windows\SYSTEM32\DEVOBJ.dll
0x00007ff8015e0000 - 0x00007ff8015ea000 	C:\Users\Nidhi\Downloads\eclipse-java-2021-12-R-win32-x86_64\eclipse\plugins\org.eclipse.justj.openjdk.hotspot.jre.full.win32.x86_64_17.0.1.v20211116-1657\jre\bin\jimage.dll
0x00007ffff4de0000 - 0x00007ffff4f68000 	C:\Windows\SYSTEM32\DBGHELP.DLL
0x00007ff8015b0000 - 0x00007ff8015d5000 	C:\Users\Nidhi\Downloads\eclipse-java-2021-12-R-win32-x86_64\eclipse\plugins\org.eclipse.justj.openjdk.hotspot.jre.full.win32.x86_64_17.0.1.v20211116-1657\jre\bin\java.dll
0x00007ff8014e0000 - 0x00007ff8014f8000 	C:\Users\Nidhi\Downloads\eclipse-java-2021-12-R-win32-x86_64\eclipse\plugins\org.eclipse.justj.openjdk.hotspot.jre.full.win32.x86_64_17.0.1.v20211116-1657\jre\bin\zip.dll
0x00007ff8053d0000 - 0x00007ff8067e0000 	C:\Windows\system32\SHELL32.dll
0x00007ff8071d0000 - 0x00007ff8073a7000 	C:\Windows\SYSTEM32\combase.dll
0x00007ff806bc0000 - 0x00007ff806c11000 	C:\Windows\system32\SHLWAPI.dll
0x00007ff802dd0000 - 0x00007ff802e71000 	C:\Windows\SYSTEM32\SHCORE.dll
0x00007ff8047f0000 - 0x00007ff804804000 	C:\Windows\SYSTEM32\profapi.dll
0x00007ff8014c0000 - 0x00007ff8014d9000 	C:\Users\Nidhi\Downloads\eclipse-java-2021-12-R-win32-x86_64\eclipse\plugins\org.eclipse.justj.openjdk.hotspot.jre.full.win32.x86_64_17.0.1.v20211116-1657\jre\bin\net.dll
0x00007ffff75e0000 - 0x00007ffff76a5000 	C:\Windows\SYSTEM32\WINHTTP.dll
0x00007ff8040b0000 - 0x00007ff804108000 	C:\Windows\system32\mswsock.dll
0x00007ff8014a0000 - 0x00007ff8014b5000 	C:\Users\Nidhi\Downloads\eclipse-java-2021-12-R-win32-x86_64\eclipse\plugins\org.eclipse.justj.openjdk.hotspot.jre.full.win32.x86_64_17.0.1.v20211116-1657\jre\bin\nio.dll
0x00007ff800b00000 - 0x00007ff800b09000 	C:\Users\Nidhi\Downloads\eclipse-java-2021-12-R-win32-x86_64\eclipse\plugins\org.eclipse.justj.openjdk.hotspot.jre.full.win32.x86_64_17.0.1.v20211116-1657\jre\bin\management.dll
0x00007ff800af0000 - 0x00007ff800afb000 	C:\Users\Nidhi\Downloads\eclipse-java-2021-12-R-win32-x86_64\eclipse\plugins\org.eclipse.justj.openjdk.hotspot.jre.full.win32.x86_64_17.0.1.v20211116-1657\jre\bin\management_ext.dll
0x00007ff801480000 - 0x00007ff801490000 	C:\Users\Nidhi\Downloads\eclipse-java-2021-12-R-win32-x86_64\eclipse\plugins\org.eclipse.justj.openjdk.hotspot.jre.full.win32.x86_64_17.0.1.v20211116-1657\jre\bin\verify.dll

dbghelp: loaded successfully - version: 4.0.5 - missing functions: none
symbol engine: initialized successfully - sym options: 0x614 - pdb path: .;C:\Users\Nidhi\Downloads\eclipse-java-2021-12-R-win32-x86_64\eclipse\plugins\org.eclipse.justj.openjdk.hotspot.jre.full.win32.x86_64_17.0.1.v20211116-1657\jre\bin;C:\Windows\SYSTEM32;C:\Windows\WinSxS\amd64_microsoft.windows.common-controls_6595b64144ccf1df_6.0.9600.16384_none_62475f7becb72503;C:\Users\Nidhi\Downloads\eclipse-java-2021-12-R-win32-x86_64\eclipse\plugins\org.eclipse.justj.openjdk.hotspot.jre.full.win32.x86_64_17.0.1.v20211116-1657\jre\bin\server

VM Arguments:
java_command: C:\Users\Nidhi\AppData\Local\Temp\surefire18435687073013936355\surefirebooter12118028830473634835.jar C:\Users\Nidhi\AppData\Local\Temp\surefire18435687073013936355 2021-12-21T23-00-43_354-jvmRun1 surefire9089255015093158695tmp surefire_02884919079798957156tmp
java_class_path (initial): C:\Users\Nidhi\AppData\Local\Temp\surefire18435687073013936355\surefirebooter12118028830473634835.jar
Launcher Type: SUN_STANDARD

[Global flags]
     intx CICompilerCount                          = 3                                         {product} {ergonomic}
     uint ConcGCThreads                            = 1                                         {product} {ergonomic}
     uint G1ConcRefinementThreads                  = 4                                         {product} {ergonomic}
   size_t G1HeapRegionSize                         = 1048576                                   {product} {ergonomic}
    uintx GCDrainStackTargetSize                   = 64                                        {product} {ergonomic}
   size_t InitialHeapSize                          = 67108864                                  {product} {ergonomic}
   size_t MarkStackSize                            = 4194304                                   {product} {ergonomic}
   size_t MaxHeapSize                              = 1052770304                                {product} {ergonomic}
   size_t MaxNewSize                               = 631242752                                 {product} {ergonomic}
   size_t MinHeapDeltaBytes                        = 1048576                                   {product} {ergonomic}
   size_t MinHeapSize                              = 8388608                                   {product} {ergonomic}
    uintx NonNMethodCodeHeapSize                   = 5832780                                {pd product} {ergonomic}
    uintx NonProfiledCodeHeapSize                  = 122912730                              {pd product} {ergonomic}
    uintx ProfiledCodeHeapSize                     = 122912730                              {pd product} {ergonomic}
    uintx ReservedCodeCacheSize                    = 251658240                              {pd product} {ergonomic}
     bool SegmentedCodeCache                       = true                                      {product} {ergonomic}
   size_t SoftMaxHeapSize                          = 1052770304                             {manageable} {ergonomic}
     bool UseCompressedClassPointers               = true                           {product lp64_product} {ergonomic}
     bool UseCompressedOops                        = true                           {product lp64_product} {ergonomic}
     bool UseG1GC                                  = true                                      {product} {ergonomic}
     bool UseLargePagesIndividualAllocation        = false                                  {pd product} {ergonomic}

Logging:
Log output configuration:
 #0: stdout all=warning uptime,level,tags
 #1: stderr all=off uptime,level,tags

Environment Variables:
PATH=C:/Users/Nidhi/Downloads/eclipse-java-2021-12-R-win32-x86_64/eclipse//plugins/org.eclipse.justj.openjdk.hotspot.jre.full.win32.x86_64_17.0.1.v20211116-1657/jre/bin/server;C:/Users/Nidhi/Downloads/eclipse-java-2021-12-R-win32-x86_64/eclipse//plugins/org.eclipse.justj.openjdk.hotspot.jre.full.win32.x86_64_17.0.1.v20211116-1657/jre/bin;C:\Program Files\Common Files\Oracle\Java\javapath;C:\Program Files (x86)\Common Files\Oracle\Java\javapath;C:\ProgramData\Oracle\Java\javapath;C:\Program Files\Java\jre1.8.0_121\bin;C:\xampp\php;C:\Users\Default\Desktop;C:\Users\Nidhi\Anaconda4\Scripts\;C:\Program Files\Microsoft VS Code\bin;C:\Program Files\Git\cmd;C:\Program Files\nodejs\;C:\Users\Nidhi\Anaconda3;C:\Users\Nidhi\Anaconda3\Library\mingw-w64\bin;C:\Users\Nidhi\Anaconda3\Library\usr\bin;C:\Users\Nidhi\Anaconda3\Library\bin;C:\Users\Nidhi\Anaconda3\Scripts;C:\Program Files\Java\jdk1.8.0_121\bin;C:\Users\Nidhi\AppData\Roaming\Composer\vendor\bin;C:\Program Files\Microsoft VS Code\bin;C:\Users\Nidhi\AppData\Local\GitHubDesktop\bin;C:\Users\Nidhi\AppData\Roaming\npm;C:\Users\Nidhi\Downloads\eclipse-java-2021-12-R-win32-x86_64\eclipse;
USERNAME=Nidhi
OS=Windows_NT
PROCESSOR_IDENTIFIER=Intel64 Family 6 Model 61 Stepping 4, GenuineIntel



---------------  S Y S T E M  ---------------

OS:
 Windows 8.1 , 64 bit Build 9600 (6.3.9600.16656)
OS uptime: 12 days 8:38 hours

CPU: total 4 (initial active 4) (2 cores per cpu, 2 threads per core) family 6 model 61 stepping 4 microcode 0x1f, cx8, cmov, fxsr, ht, mmx, 3dnowpref, sse, sse2, sse3, ssse3, sse4.1, sse4.2, popcnt, lzcnt, tsc, tscinvbit, avx, avx2, aes, erms, clmul, bmi1, bmi2, adx, fma, vzeroupper, clflush

Memory: 4k page, system-wide physical 4011M (421M free)
TotalPageFile size 4011M (AvailPageFile size 179M)
current process WorkingSet (physical memory assigned to process): 97M, peak: 97M
current process commit charge ("private bytes"): 157M, peak: 157M

vm_info: OpenJDK 64-Bit Server VM (17.0.1+12) for windows-amd64 JRE (17.0.1+12), built on Oct 20 2021 07:42:55 by "" with MS VC++ 16.7 (VS2019)

END.
