#
# There is insufficient memory for the Java Runtime Environment to continue.
# Native memory allocation (malloc) failed to allocate 587504 bytes for Chunk::new
# Possible reasons:
#   The system is out of physical RAM or swap space
#   The process is running with CompressedOops enabled, and the Java Heap may be blocking the growth of the native heap
# Possible solutions:
#   Reduce memory load on the system
#   Increase physical memory or swap space
#   Check if swap backing store is full
#   Decrease Java heap size (-Xmx/-Xms)
#   Decrease number of Java threads
#   Decrease Java thread stack sizes (-Xss)
#   Set larger code cache with -XX:ReservedCodeCacheSize=
#   JVM is running with Unscaled Compressed Oops mode in which the Java heap is
#     placed in the first 4GB address space. The Java Heap base address is the
#     maximum limit for the native heap growth. Please use -XX:HeapBaseMinAddress
#     to set the Java Heap base and to place the Java Heap above 4GB virtual address.
# This output file may be truncated or incomplete.
#
#  Out of Memory Error (arena.cpp:189), pid=7292, tid=8216
#
# JRE version: OpenJDK Runtime Environment Temurin-17.0.1+12 (17.0.1+12) (build 17.0.1+12)
# Java VM: OpenJDK 64-Bit Server VM Temurin-17.0.1+12 (17.0.1+12, mixed mode, tiered, compressed oops, compressed class ptrs, g1 gc, windows-amd64)
# No core dump will be written. Minidumps are not enabled by default on client versions of Windows
#

---------------  S U M M A R Y ------------

Command Line: C:\Users\Nidhi\AppData\Local\Temp\surefire17121364921761346774\surefirebooter12084442137695439866.jar C:\Users\Nidhi\AppData\Local\Temp\surefire17121364921761346774 2021-12-21T22-56-23_112-jvmRun1 surefire4604917585784876796tmp surefire_01337776858917035695tmp

Host: Intel(R) Core(TM) i5-5200U CPU @ 2.20GHz, 4 cores, 3G,  Windows 8.1 , 64 bit Build 9600 (6.3.9600.16656)
Time: Tue Dec 21 22:56:31 2021 India Standard Time elapsed time: 6.616836 seconds (0d 0h 0m 6s)

---------------  T H R E A D  ---------------

Current thread (0x0000002657516970):  JavaThread "C2 CompilerThread0" daemon [_thread_in_native, id=8216, stack(0x0000002657d00000,0x0000002657e00000)]


Current CompileTask:
C2:   6617 1311       4       jdk.internal.loader.URLClassPath::getResource (74 bytes)

Stack: [0x0000002657d00000,0x0000002657e00000]
Native frames: (J=compiled Java code, j=interpreted, Vv=VM code, C=native code)
V  [jvm.dll+0x6744da]
V  [jvm.dll+0x82e144]
V  [jvm.dll+0x82f8ee]
V  [jvm.dll+0x82ff53]
V  [jvm.dll+0x245175]
V  [jvm.dll+0xab85b]
V  [jvm.dll+0xabdec]
V  [jvm.dll+0x362f07]
V  [jvm.dll+0x1bb4b2]
V  [jvm.dll+0x218189]
V  [jvm.dll+0x217451]
V  [jvm.dll+0x1a355d]
V  [jvm.dll+0x226e38]
V  [jvm.dll+0x224f7c]
V  [jvm.dll+0x7e3f5b]
V  [jvm.dll+0x7de51a]
V  [jvm.dll+0x673305]
C  [ucrtbase.DLL+0x1c1ae]
C  [KERNEL32.DLL+0x15dd]
C  [ntdll.dll+0x743d1]


---------------  P R O C E S S  ---------------

Threads class SMR info:
_java_thread_list=0x000000265782de80, length=14, elements={
0x000000263f37d680, 0x000000265693b2a0, 0x000000265693e370, 0x000000265750a4a0,
0x000000265750b050, 0x000000265750bc00, 0x0000002657513bd0, 0x0000002657516970,
0x0000002657517410, 0x000000265751fa00, 0x000000265766c560, 0x000000265767e010,
0x00000026576960e0, 0x0000002657850f70
}

Java Threads: ( => current thread )
  0x000000263f37d680 JavaThread "main" [_thread_in_native, id=5784, stack(0x000000263ea30000,0x000000263eb30000)]
  0x000000265693b2a0 JavaThread "Reference Handler" daemon [_thread_blocked, id=5712, stack(0x0000002656aa0000,0x0000002656ba0000)]
  0x000000265693e370 JavaThread "Finalizer" daemon [_thread_blocked, id=8616, stack(0x0000002657400000,0x0000002657500000)]
  0x000000265750a4a0 JavaThread "Signal Dispatcher" daemon [_thread_blocked, id=5252, stack(0x0000002657900000,0x0000002657a00000)]
  0x000000265750b050 JavaThread "Attach Listener" daemon [_thread_blocked, id=8952, stack(0x0000002657a00000,0x0000002657b00000)]
  0x000000265750bc00 JavaThread "Service Thread" daemon [_thread_blocked, id=6288, stack(0x0000002657b00000,0x0000002657c00000)]
  0x0000002657513bd0 JavaThread "Monitor Deflation Thread" daemon [_thread_blocked, id=5640, stack(0x0000002657c00000,0x0000002657d00000)]
=>0x0000002657516970 JavaThread "C2 CompilerThread0" daemon [_thread_in_native, id=8216, stack(0x0000002657d00000,0x0000002657e00000)]
  0x0000002657517410 JavaThread "C1 CompilerThread0" daemon [_thread_blocked, id=3116, stack(0x0000002657e00000,0x0000002657f00000)]
  0x000000265751fa00 JavaThread "Sweeper thread" daemon [_thread_blocked, id=8404, stack(0x0000002657f00000,0x0000002658000000)]
  0x000000265766c560 JavaThread "Notification Thread" daemon [_thread_blocked, id=4664, stack(0x0000002658000000,0x0000002658100000)]
  0x000000265767e010 JavaThread "Common-Cleaner" daemon [_thread_blocked, id=6872, stack(0x0000002658200000,0x0000002658300000)]
  0x00000026576960e0 JavaThread "surefire-forkedjvm-command-thread" daemon [_thread_in_native, id=3548, stack(0x0000002658300000,0x0000002658400000)]
  0x0000002657850f70 JavaThread "surefire-forkedjvm-ping-30s" daemon [_thread_blocked, id=8692, stack(0x0000002658c00000,0x0000002658d00000)]

Other Threads:
  0x00000026568cf420 VMThread "VM Thread" [stack: 0x00000026569a0000,0x0000002656aa0000] [id=8748]
  0x000000263f3c9900 WatcherThread [stack: 0x0000002658100000,0x0000002658200000] [id=8168]
  0x000000263f3aca10 GCTaskThread "GC Thread#0" [stack: 0x000000263f150000,0x000000263f250000] [id=6636]
  0x00000026587262b0 GCTaskThread "GC Thread#1" [stack: 0x0000002658d00000,0x0000002658e00000] [id=2024]
  0x0000002658b80300 GCTaskThread "GC Thread#2" [stack: 0x0000002658e00000,0x0000002658f00000] [id=5720]
  0x0000002658b805b0 GCTaskThread "GC Thread#3" [stack: 0x0000002658f00000,0x0000002659000000] [id=1884]
  0x000000263f3b5f50 ConcurrentGCThread "G1 Main Marker" [stack: 0x0000002653f60000,0x0000002654060000] [id=2084]
  0x000000263f3b7520 ConcurrentGCThread "G1 Conc#0" [stack: 0x0000002654060000,0x0000002654160000] [id=7248]
  0x000000263f3fbf90 ConcurrentGCThread "G1 Refine#0" [stack: 0x00000026565a0000,0x00000026566a0000] [id=7852]
  0x0000002658af2b00 ConcurrentGCThread "G1 Refine#1" [stack: 0x0000002659800000,0x0000002659900000] [id=3016]
  0x000000263f3fc9b0 ConcurrentGCThread "G1 Service" [stack: 0x00000026566a0000,0x00000026567a0000] [id=2716]

Threads with active compile tasks:
C2 CompilerThread0     6673 1311       4       jdk.internal.loader.URLClassPath::getResource (74 bytes)

VM state: not at safepoint (normal execution)

VM Mutex/Monitor currently owned by a thread: None

Heap address: 0x00000000c1400000, size: 1004 MB, Compressed Oops mode: 32-bit

CDS archive(s) not mapped
Compressed class space mapped at: 0x0000000100000000-0x0000000140000000, reserved size: 1073741824
Narrow klass base: 0x0000000000000000, Narrow klass shift: 3, Narrow klass range: 0x140000000

GC Precious Log:
 CPUs: 4 total, 4 available
 Memory: 4011M
 Large Page Support: Disabled
 NUMA Support: Disabled
 Compressed Oops: Enabled (32-bit)
 Heap Region Size: 1M
 Heap Min Capacity: 8M
 Heap Initial Capacity: 64M
 Heap Max Capacity: 1004M
 Pre-touch: Disabled
 Parallel Workers: 4
 Concurrent Workers: 1
 Concurrent Refinement Workers: 4
 Periodic GC: Disabled

Heap:
 garbage-first heap   total 65536K, used 19484K [0x00000000c1400000, 0x0000000100000000)
  region size 1024K, 15 young (15360K), 1 survivors (1024K)
 Metaspace       used 16532K, committed 16704K, reserved 1064960K
  class space    used 1749K, committed 1856K, reserved 1048576K

Heap Regions: E=young(eden), S=young(survivor), O=old, HS=humongous(starts), HC=humongous(continues), CS=collection set, F=free, OA=open archive, CA=closed archive, TAMS=top-at-mark-start (previous, next)
|   0|0x00000000c1400000, 0x00000000c1500000, 0x00000000c1500000|100%| O|  |TAMS 0x00000000c1400000, 0x00000000c1400000| Untracked 
|   1|0x00000000c1500000, 0x00000000c1600000, 0x00000000c1600000|100%| O|  |TAMS 0x00000000c1500000, 0x00000000c1500000| Untracked 
|   2|0x00000000c1600000, 0x00000000c1700000, 0x00000000c1700000|100%| O|  |TAMS 0x00000000c1600000, 0x00000000c1600000| Untracked 
|   3|0x00000000c1700000, 0x00000000c1800000, 0x00000000c1800000|100%| O|  |TAMS 0x00000000c1700000, 0x00000000c1700000| Untracked 
|   4|0x00000000c1800000, 0x00000000c1900000, 0x00000000c1900000|100%| O|  |TAMS 0x00000000c1800000, 0x00000000c1800000| Untracked 
|   5|0x00000000c1900000, 0x00000000c1991400, 0x00000000c1a00000| 56%| O|  |TAMS 0x00000000c1900000, 0x00000000c1900000| Untracked 
|   6|0x00000000c1a00000, 0x00000000c1a00000, 0x00000000c1b00000|  0%| F|  |TAMS 0x00000000c1a00000, 0x00000000c1a00000| Untracked 
|   7|0x00000000c1b00000, 0x00000000c1b00000, 0x00000000c1c00000|  0%| F|  |TAMS 0x00000000c1b00000, 0x00000000c1b00000| Untracked 
|   8|0x00000000c1c00000, 0x00000000c1c00000, 0x00000000c1d00000|  0%| F|  |TAMS 0x00000000c1c00000, 0x00000000c1c00000| Untracked 
|   9|0x00000000c1d00000, 0x00000000c1d00000, 0x00000000c1e00000|  0%| F|  |TAMS 0x00000000c1d00000, 0x00000000c1d00000| Untracked 
|  10|0x00000000c1e00000, 0x00000000c1e00000, 0x00000000c1f00000|  0%| F|  |TAMS 0x00000000c1e00000, 0x00000000c1e00000| Untracked 
|  11|0x00000000c1f00000, 0x00000000c1f00000, 0x00000000c2000000|  0%| F|  |TAMS 0x00000000c1f00000, 0x00000000c1f00000| Untracked 
|  12|0x00000000c2000000, 0x00000000c2000000, 0x00000000c2100000|  0%| F|  |TAMS 0x00000000c2000000, 0x00000000c2000000| Untracked 
|  13|0x00000000c2100000, 0x00000000c2100000, 0x00000000c2200000|  0%| F|  |TAMS 0x00000000c2100000, 0x00000000c2100000| Untracked 
|  14|0x00000000c2200000, 0x00000000c2200000, 0x00000000c2300000|  0%| F|  |TAMS 0x00000000c2200000, 0x00000000c2200000| Untracked 
|  15|0x00000000c2300000, 0x00000000c2300000, 0x00000000c2400000|  0%| F|  |TAMS 0x00000000c2300000, 0x00000000c2300000| Untracked 
|  16|0x00000000c2400000, 0x00000000c2400000, 0x00000000c2500000|  0%| F|  |TAMS 0x00000000c2400000, 0x00000000c2400000| Untracked 
|  17|0x00000000c2500000, 0x00000000c2500000, 0x00000000c2600000|  0%| F|  |TAMS 0x00000000c2500000, 0x00000000c2500000| Untracked 
|  18|0x00000000c2600000, 0x00000000c2600000, 0x00000000c2700000|  0%| F|  |TAMS 0x00000000c2600000, 0x00000000c2600000| Untracked 
|  19|0x00000000c2700000, 0x00000000c2700000, 0x00000000c2800000|  0%| F|  |TAMS 0x00000000c2700000, 0x00000000c2700000| Untracked 
|  20|0x00000000c2800000, 0x00000000c2800000, 0x00000000c2900000|  0%| F|  |TAMS 0x00000000c2800000, 0x00000000c2800000| Untracked 
|  21|0x00000000c2900000, 0x00000000c2900000, 0x00000000c2a00000|  0%| F|  |TAMS 0x00000000c2900000, 0x00000000c2900000| Untracked 
|  22|0x00000000c2a00000, 0x00000000c2a00000, 0x00000000c2b00000|  0%| F|  |TAMS 0x00000000c2a00000, 0x00000000c2a00000| Untracked 
|  23|0x00000000c2b00000, 0x00000000c2b00000, 0x00000000c2c00000|  0%| F|  |TAMS 0x00000000c2b00000, 0x00000000c2b00000| Untracked 
|  24|0x00000000c2c00000, 0x00000000c2c00000, 0x00000000c2d00000|  0%| F|  |TAMS 0x00000000c2c00000, 0x00000000c2c00000| Untracked 
|  25|0x00000000c2d00000, 0x00000000c2d00000, 0x00000000c2e00000|  0%| F|  |TAMS 0x00000000c2d00000, 0x00000000c2d00000| Untracked 
|  26|0x00000000c2e00000, 0x00000000c2e00000, 0x00000000c2f00000|  0%| F|  |TAMS 0x00000000c2e00000, 0x00000000c2e00000| Untracked 
|  27|0x00000000c2f00000, 0x00000000c2f00000, 0x00000000c3000000|  0%| F|  |TAMS 0x00000000c2f00000, 0x00000000c2f00000| Untracked 
|  28|0x00000000c3000000, 0x00000000c3000000, 0x00000000c3100000|  0%| F|  |TAMS 0x00000000c3000000, 0x00000000c3000000| Untracked 
|  29|0x00000000c3100000, 0x00000000c3100000, 0x00000000c3200000|  0%| F|  |TAMS 0x00000000c3100000, 0x00000000c3100000| Untracked 
|  30|0x00000000c3200000, 0x00000000c3200000, 0x00000000c3300000|  0%| F|  |TAMS 0x00000000c3200000, 0x00000000c3200000| Untracked 
|  31|0x00000000c3300000, 0x00000000c3300000, 0x00000000c3400000|  0%| F|  |TAMS 0x00000000c3300000, 0x00000000c3300000| Untracked 
|  32|0x00000000c3400000, 0x00000000c3400000, 0x00000000c3500000|  0%| F|  |TAMS 0x00000000c3400000, 0x00000000c3400000| Untracked 
|  33|0x00000000c3500000, 0x00000000c3500000, 0x00000000c3600000|  0%| F|  |TAMS 0x00000000c3500000, 0x00000000c3500000| Untracked 
|  34|0x00000000c3600000, 0x00000000c3600000, 0x00000000c3700000|  0%| F|  |TAMS 0x00000000c3600000, 0x00000000c3600000| Untracked 
|  35|0x00000000c3700000, 0x00000000c3700000, 0x00000000c3800000|  0%| F|  |TAMS 0x00000000c3700000, 0x00000000c3700000| Untracked 
|  36|0x00000000c3800000, 0x00000000c3800000, 0x00000000c3900000|  0%| F|  |TAMS 0x00000000c3800000, 0x00000000c3800000| Untracked 
|  37|0x00000000c3900000, 0x00000000c3900000, 0x00000000c3a00000|  0%| F|  |TAMS 0x00000000c3900000, 0x00000000c3900000| Untracked 
|  38|0x00000000c3a00000, 0x00000000c3a00000, 0x00000000c3b00000|  0%| F|  |TAMS 0x00000000c3a00000, 0x00000000c3a00000| Untracked 
|  39|0x00000000c3b00000, 0x00000000c3b00000, 0x00000000c3c00000|  0%| F|  |TAMS 0x00000000c3b00000, 0x00000000c3b00000| Untracked 
|  40|0x00000000c3c00000, 0x00000000c3c00000, 0x00000000c3d00000|  0%| F|  |TAMS 0x00000000c3c00000, 0x00000000c3c00000| Untracked 
|  41|0x00000000c3d00000, 0x00000000c3d00000, 0x00000000c3e00000|  0%| F|  |TAMS 0x00000000c3d00000, 0x00000000c3d00000| Untracked 
|  42|0x00000000c3e00000, 0x00000000c3e00000, 0x00000000c3f00000|  0%| F|  |TAMS 0x00000000c3e00000, 0x00000000c3e00000| Untracked 
|  43|0x00000000c3f00000, 0x00000000c3f00000, 0x00000000c4000000|  0%| F|  |TAMS 0x00000000c3f00000, 0x00000000c3f00000| Untracked 
|  44|0x00000000c4000000, 0x00000000c4000000, 0x00000000c4100000|  0%| F|  |TAMS 0x00000000c4000000, 0x00000000c4000000| Untracked 
|  45|0x00000000c4100000, 0x00000000c4100000, 0x00000000c4200000|  0%| F|  |TAMS 0x00000000c4100000, 0x00000000c4100000| Untracked 
|  46|0x00000000c4200000, 0x00000000c4200000, 0x00000000c4300000|  0%| F|  |TAMS 0x00000000c4200000, 0x00000000c4200000| Untracked 
|  47|0x00000000c4300000, 0x00000000c4300000, 0x00000000c4400000|  0%| F|  |TAMS 0x00000000c4300000, 0x00000000c4300000| Untracked 
|  48|0x00000000c4400000, 0x00000000c4400000, 0x00000000c4500000|  0%| F|  |TAMS 0x00000000c4400000, 0x00000000c4400000| Untracked 
|  49|0x00000000c4500000, 0x00000000c45d6990, 0x00000000c4600000| 83%| E|  |TAMS 0x00000000c4500000, 0x00000000c4500000| Complete 
|  50|0x00000000c4600000, 0x00000000c4700000, 0x00000000c4700000|100%| E|CS|TAMS 0x00000000c4600000, 0x00000000c4600000| Complete 
|  51|0x00000000c4700000, 0x00000000c4800000, 0x00000000c4800000|100%| E|CS|TAMS 0x00000000c4700000, 0x00000000c4700000| Complete 
|  52|0x00000000c4800000, 0x00000000c4900000, 0x00000000c4900000|100%| E|CS|TAMS 0x00000000c4800000, 0x00000000c4800000| Complete 
|  53|0x00000000c4900000, 0x00000000c4a00000, 0x00000000c4a00000|100%| E|CS|TAMS 0x00000000c4900000, 0x00000000c4900000| Complete 
|  54|0x00000000c4a00000, 0x00000000c4b00000, 0x00000000c4b00000|100%| E|CS|TAMS 0x00000000c4a00000, 0x00000000c4a00000| Complete 
|  55|0x00000000c4b00000, 0x00000000c4c00000, 0x00000000c4c00000|100%| E|CS|TAMS 0x00000000c4b00000, 0x00000000c4b00000| Complete 
|  56|0x00000000c4c00000, 0x00000000c4c75fd8, 0x00000000c4d00000| 46%| S|CS|TAMS 0x00000000c4c00000, 0x00000000c4c00000| Complete 
|  57|0x00000000c4d00000, 0x00000000c4e00000, 0x00000000c4e00000|100%| E|CS|TAMS 0x00000000c4d00000, 0x00000000c4d00000| Complete 
|  58|0x00000000c4e00000, 0x00000000c4f00000, 0x00000000c4f00000|100%| E|CS|TAMS 0x00000000c4e00000, 0x00000000c4e00000| Complete 
|  59|0x00000000c4f00000, 0x00000000c5000000, 0x00000000c5000000|100%| E|CS|TAMS 0x00000000c4f00000, 0x00000000c4f00000| Complete 
|  60|0x00000000c5000000, 0x00000000c5100000, 0x00000000c5100000|100%| E|CS|TAMS 0x00000000c5000000, 0x00000000c5000000| Complete 
|  61|0x00000000c5100000, 0x00000000c5200000, 0x00000000c5200000|100%| E|CS|TAMS 0x00000000c5100000, 0x00000000c5100000| Complete 
|  62|0x00000000c5200000, 0x00000000c5300000, 0x00000000c5300000|100%| E|CS|TAMS 0x00000000c5200000, 0x00000000c5200000| Complete 
|  63|0x00000000c5300000, 0x00000000c5400000, 0x00000000c5400000|100%| E|CS|TAMS 0x00000000c5300000, 0x00000000c5300000| Complete 

Card table byte_map: [0x0000002651c00000,0x0000002651e00000] _byte_map_base: 0x00000026515f6000

Marking Bits (Prev, Next): (CMBitMap*) 0x000000263f3ad020, (CMBitMap*) 0x000000263f3ad060
 Prev Bits: [0x0000002652000000, 0x0000002652fb0000)
 Next Bits: [0x0000002652fb0000, 0x0000002653f60000)

Polling page: 0x000000263d220000

Metaspace:

Usage:
  Non-class:     14.44 MB used.
      Class:      1.71 MB used.
       Both:     16.14 MB used.

Virtual space:
  Non-class space:       16.00 MB reserved,      14.50 MB ( 91%) committed,  2 nodes.
      Class space:        1.00 GB reserved,       1.81 MB ( <1%) committed,  1 nodes.
             Both:        1.02 GB reserved,      16.31 MB (  2%) committed. 

Chunk freelists:
   Non-Class:  900.00 KB
       Class:  2.17 MB
        Both:  3.05 MB

MaxMetaspaceSize: unlimited
CompressedClassSpaceSize: 1.00 GB
Initial GC threshold: 21.00 MB
Current GC threshold: 21.00 MB
CDS: off
MetaspaceReclaimPolicy: balanced
 - commit_granule_bytes: 65536.
 - commit_granule_words: 8192.
 - virtual_space_node_default_size: 1048576.
 - enlarge_chunks_in_place: 1.
 - new_chunks_are_fully_committed: 0.
 - uncommit_free_chunks: 1.
 - use_allocation_guard: 0.
 - handle_deallocations: 1.


Internal statistics:

num_allocs_failed_limit: 0.
num_arena_births: 102.
num_arena_deaths: 0.
num_vsnodes_births: 3.
num_vsnodes_deaths: 0.
num_space_committed: 261.
num_space_uncommitted: 0.
num_chunks_returned_to_freelist: 0.
num_chunks_taken_from_freelist: 381.
num_chunk_merges: 0.
num_chunk_splits: 222.
num_chunks_enlarged: 164.
num_purges: 0.
num_inconsistent_stats: 0.

CodeHeap 'non-profiled nmethods': size=120000Kb used=447Kb max_used=447Kb free=119552Kb
 bounds [0x000000264a4d0000, 0x000000264a740000, 0x0000002651a00000]
CodeHeap 'profiled nmethods': size=120000Kb used=2550Kb max_used=2550Kb free=117449Kb
 bounds [0x0000002642fa0000, 0x0000002643220000, 0x000000264a4d0000]
CodeHeap 'non-nmethods': size=5760Kb used=1157Kb max_used=1174Kb free=4602Kb
 bounds [0x0000002642a00000, 0x0000002642c70000, 0x0000002642fa0000]
 total_blobs=1813 nmethods=1365 adapters=361
 compilation: enabled
              stopped_count=0, restarted_count=0
 full_count=0

Compilation events (20 events):
Event: 6.594 Thread 0x0000002657517410 1354       3       org.springframework.core.annotation.AnnotationTypeMappings::size (10 bytes)
Event: 6.594 Thread 0x0000002657517410 nmethod 1354 0x0000002643215b10 code [0x0000002643215cc0, 0x0000002643215e88]
Event: 6.594 Thread 0x0000002657517410 1355       3       org.springframework.util.ConcurrentReferenceHashMap::getHash (64 bytes)
Event: 6.595 Thread 0x0000002657517410 nmethod 1355 0x0000002643215f90 code [0x0000002643216140, 0x00000026432163a8]
Event: 6.595 Thread 0x0000002657517410 1356       3       org.springframework.util.ConcurrentReferenceHashMap::getSegmentForHash (23 bytes)
Event: 6.596 Thread 0x0000002657517410 nmethod 1356 0x0000002643216490 code [0x0000002643216620, 0x0000002643216778]
Event: 6.596 Thread 0x0000002657517410 1357       3       org.springframework.util.ConcurrentReferenceHashMap$Segment::restructureIfNecessary (56 bytes)
Event: 6.598 Thread 0x0000002657517410 nmethod 1357 0x0000002643216890 code [0x0000002643216a80, 0x0000002643217118]
Event: 6.598 Thread 0x0000002657517410 1361       3       org.springframework.util.Assert::notNull (14 bytes)
Event: 6.598 Thread 0x0000002657517410 nmethod 1361 0x0000002643217390 code [0x0000002643217540, 0x0000002643217728]
Event: 6.598 Thread 0x0000002657517410 1358       3       org.springframework.util.ConcurrentReferenceHashMap$ReferenceManager::pollForPurge (11 bytes)
Event: 6.599 Thread 0x0000002657517410 nmethod 1358 0x0000002643217810 code [0x00000026432179e0, 0x0000002643217e28]
Event: 6.599 Thread 0x0000002657517410 1359       3       java.util.stream.StreamOpFlag::fromCharacteristics (37 bytes)
Event: 6.600 Thread 0x0000002657517410 nmethod 1359 0x0000002643217f90 code [0x0000002643218140, 0x0000002643218458]
Event: 6.600 Thread 0x0000002657517410 1360       3       java.util.stream.AbstractPipeline::<init> (55 bytes)
Event: 6.601 Thread 0x0000002657517410 nmethod 1360 0x0000002643218590 code [0x0000002643218740, 0x0000002643218a18]
Event: 6.601 Thread 0x0000002657517410 1362       3       org.springframework.core.annotation.AttributeMethods::get (7 bytes)
Event: 6.601 Thread 0x0000002657517410 nmethod 1362 0x0000002643218b10 code [0x0000002643218ca0, 0x0000002643218dd8]
Event: 6.610 Thread 0x0000002657517410 1363       3       java.lang.reflect.Constructor::setConstructorAccessor (21 bytes)
Event: 6.611 Thread 0x0000002657517410 nmethod 1363 0x0000002643218e90 code [0x0000002643219040, 0x0000002643219328]

GC Heap History (4 events):
Event: 3.681 GC heap before
{Heap before GC invocations=0 (full 0):
 garbage-first heap   total 65536K, used 12288K [0x00000000c1400000, 0x0000000100000000)
  region size 1024K, 13 young (13312K), 0 survivors (0K)
 Metaspace       used 10911K, committed 11072K, reserved 1064960K
  class space    used 998K, committed 1088K, reserved 1048576K
}
Event: 3.702 GC heap after
{Heap after GC invocations=1 (full 0):
 garbage-first heap   total 65536K, used 6042K [0x00000000c1400000, 0x0000000100000000)
  region size 1024K, 2 young (2048K), 2 survivors (2048K)
 Metaspace       used 10911K, committed 11072K, reserved 1064960K
  class space    used 998K, committed 1088K, reserved 1048576K
}
Event: 4.465 GC heap before
{Heap before GC invocations=1 (full 0):
 garbage-first heap   total 65536K, used 12186K [0x00000000c1400000, 0x0000000100000000)
  region size 1024K, 9 young (9216K), 2 survivors (2048K)
 Metaspace       used 12767K, committed 12928K, reserved 1064960K
  class space    used 1270K, committed 1344K, reserved 1048576K
}
Event: 4.476 GC heap after
{Heap after GC invocations=2 (full 0):
 garbage-first heap   total 65536K, used 6172K [0x00000000c1400000, 0x0000000100000000)
  region size 1024K, 1 young (1024K), 1 survivors (1024K)
 Metaspace       used 12767K, committed 12928K, reserved 1064960K
  class space    used 1270K, committed 1344K, reserved 1048576K
}

Deoptimization events (20 events):
Event: 6.061 Thread 0x000000263f37d680 DEOPT PACKING pc=0x000000264a512e74 sp=0x000000263eb2bf70
Event: 6.061 Thread 0x000000263f37d680 DEOPT UNPACKING pc=0x0000002642a523a3 sp=0x000000263eb2be20 mode 2
Event: 6.061 Thread 0x000000263f37d680 Uncommon trap: trap_request=0xffffff45 fr.pc=0x000000264a50d970 relative=0x0000000000000610
Event: 6.061 Thread 0x000000263f37d680 Uncommon trap: reason=unstable_if action=reinterpret pc=0x000000264a50d970 method=java.util.zip.ZipCoder.hash(Ljava/lang/String;)I @ 23 c2
Event: 6.061 Thread 0x000000263f37d680 DEOPT PACKING pc=0x000000264a50d970 sp=0x000000263eb2bef0
Event: 6.061 Thread 0x000000263f37d680 DEOPT UNPACKING pc=0x0000002642a523a3 sp=0x000000263eb2be10 mode 2
Event: 6.061 Thread 0x000000263f37d680 Uncommon trap: trap_request=0xffffff45 fr.pc=0x000000264a50567c relative=0x000000000000025c
Event: 6.061 Thread 0x000000263f37d680 Uncommon trap: reason=unstable_if action=reinterpret pc=0x000000264a50567c method=java.util.zip.ZipCoder.hash(Ljava/lang/String;)I @ 23 c2
Event: 6.061 Thread 0x000000263f37d680 DEOPT PACKING pc=0x000000264a50567c sp=0x000000263eb2be70
Event: 6.061 Thread 0x000000263f37d680 DEOPT UNPACKING pc=0x0000002642a523a3 sp=0x000000263eb2be08 mode 2
Event: 6.061 Thread 0x000000263f37d680 Uncommon trap: trap_request=0xffffff45 fr.pc=0x000000264a52f400 relative=0x00000000000001c0
Event: 6.061 Thread 0x000000263f37d680 Uncommon trap: reason=unstable_if action=reinterpret pc=0x000000264a52f400 method=java.io.WinNTFileSystem.normalize(Ljava/lang/String;)Ljava/lang/String; @ 128 c2
Event: 6.061 Thread 0x000000263f37d680 DEOPT PACKING pc=0x000000264a52f400 sp=0x000000263eb2bf40
Event: 6.061 Thread 0x000000263f37d680 DEOPT UNPACKING pc=0x0000002642a523a3 sp=0x000000263eb2beb8 mode 2
Event: 6.328 Thread 0x000000263f37d680 DEOPT PACKING pc=0x00000026431ec858 sp=0x000000263eb2b4f0
Event: 6.328 Thread 0x000000263f37d680 DEOPT UNPACKING pc=0x0000002642a52b43 sp=0x000000263eb2a9f8 mode 0
Event: 6.463 Thread 0x000000263f37d680 Uncommon trap: trap_request=0xffffff45 fr.pc=0x000000264a5327f4 relative=0x00000000000008d4
Event: 6.463 Thread 0x000000263f37d680 Uncommon trap: reason=unstable_if action=reinterpret pc=0x000000264a5327f4 method=java.util.HashMap.hash(Ljava/lang/Object;)I @ 1 c2
Event: 6.463 Thread 0x000000263f37d680 DEOPT PACKING pc=0x000000264a5327f4 sp=0x000000263eb2b9c0
Event: 6.463 Thread 0x000000263f37d680 DEOPT UNPACKING pc=0x0000002642a523a3 sp=0x000000263eb2b938 mode 2

Classes unloaded (0 events):
No events

Classes redefined (0 events):
No events

Internal exceptions (20 events):
Event: 4.088 Thread 0x000000263f37d680 Exception <a 'java/lang/IncompatibleClassChangeError'{0x00000000c50eeac0}: Found class java.lang.Object, but interface was expected> (0x00000000c50eeac0) 
thrown [e:\jenkins\tmp\workspace\build\src\src\hotspot\share\interpreter\linkResolver.cpp, line 833]
Event: 4.114 Thread 0x000000263f37d680 Exception <a 'java/lang/IncompatibleClassChangeError'{0x00000000c4f23c90}: Found class java.lang.Object, but interface was expected> (0x00000000c4f23c90) 
thrown [e:\jenkins\tmp\workspace\build\src\src\hotspot\share\interpreter\linkResolver.cpp, line 833]
Event: 4.126 Thread 0x000000263f37d680 Exception <a 'java/lang/NoSuchMethodError'{0x00000000c4f42a10}: 'java.lang.Object java.lang.invoke.DirectMethodHandle$Holder.invokeStatic(java.lang.Object, java.lang.Object, int)'> (0x00000000c4f42a10) 
thrown [e:\jenkins\tmp\workspace\build\src\src\hotspot\share\interpreter\linkResolver.cpp, line 766]
Event: 4.165 Thread 0x000000263f37d680 Exception <a 'java/lang/NoSuchMethodError'{0x00000000c4f9ae58}: 'void java.lang.invoke.DirectMethodHandle$Holder.invokeSpecial(java.lang.Object, java.lang.Object, java.lang.Object, java.lang.Object, java.lang.Object)'> (0x00000000c4f9ae58) 
thrown [e:\jenkins\tmp\workspace\build\src\src\hotspot\share\interpreter\linkResolver.cpp, line 766]
Event: 4.173 Thread 0x000000263f37d680 Exception <a 'java/lang/NoSuchMethodError'{0x00000000c4faf720}: 'void java.lang.invoke.DirectMethodHandle$Holder.invokeStatic(java.lang.Object, java.lang.Object, java.lang.Object, java.lang.Object)'> (0x00000000c4faf720) 
thrown [e:\jenkins\tmp\workspace\build\src\src\hotspot\share\interpreter\linkResolver.cpp, line 766]
Event: 4.311 Thread 0x000000263f37d680 Exception <a 'java/lang/NoSuchMethodError'{0x00000000c4e93ea0}: 'void java.lang.invoke.DirectMethodHandle$Holder.invokeInterface(java.lang.Object, java.lang.Object, java.lang.Object, java.lang.Object)'> (0x00000000c4e93ea0) 
thrown [e:\jenkins\tmp\workspace\build\src\src\hotspot\share\interpreter\linkResolver.cpp, line 766]
Event: 4.312 Thread 0x000000263f37d680 Exception <a 'java/lang/IncompatibleClassChangeError'{0x00000000c4e97328}: Found class java.lang.Object, but interface was expected> (0x00000000c4e97328) 
thrown [e:\jenkins\tmp\workspace\build\src\src\hotspot\share\interpreter\linkResolver.cpp, line 833]
Event: 4.361 Thread 0x000000263f37d680 Exception <a 'java/lang/NoSuchMethodError'{0x00000000c4d07260}: 'int java.lang.invoke.DirectMethodHandle$Holder.invokeStatic(java.lang.Object, java.lang.Object, java.lang.Object, java.lang.Object)'> (0x00000000c4d07260) 
thrown [e:\jenkins\tmp\workspace\build\src\src\hotspot\share\interpreter\linkResolver.cpp, line 766]
Event: 4.363 Thread 0x000000263f37d680 Exception <a 'java/lang/NoSuchMethodError'{0x00000000c4d0abe0}: 'java.lang.Object java.lang.invoke.Invokers$Holder.invokeExact_MT(java.lang.Object, java.lang.Object, java.lang.Object, java.lang.Object, java.lang.Object, java.lang.Object)'> (0x00000000c4d0abe0) 
thrown [e:\jenkins\tmp\workspace\build\src\src\hotspot\share\interpreter\linkResolver.cpp, line 766]
Event: 4.370 Thread 0x000000263f37d680 Exception <a 'java/lang/NoSuchMethodError'{0x00000000c4d1a7a0}: 'int java.lang.invoke.DirectMethodHandle$Holder.invokeStatic(java.lang.Object, java.lang.Object, java.lang.Object, java.lang.Object, java.lang.Object)'> (0x00000000c4d1a7a0) 
thrown [e:\jenkins\tmp\workspace\build\src\src\hotspot\share\interpreter\linkResolver.cpp, line 766]
Event: 4.409 Thread 0x000000263f37d680 Exception <a 'java/lang/NoSuchMethodError'{0x00000000c4d65e60}: 'void java.lang.invoke.DirectMethodHandle$Holder.invokeStaticInit(java.lang.Object)'> (0x00000000c4d65e60) 
thrown [e:\jenkins\tmp\workspace\build\src\src\hotspot\share\interpreter\linkResolver.cpp, line 766]
Event: 4.512 Thread 0x000000263f37d680 Exception <a 'java/lang/NoSuchMethodError'{0x00000000c5365de0}: 'int java.lang.invoke.DirectMethodHandle$Holder.invokeStaticInit(java.lang.Object, java.lang.Object)'> (0x00000000c5365de0) 
thrown [e:\jenkins\tmp\workspace\build\src\src\hotspot\share\interpreter\linkResolver.cpp, line 766]
Event: 4.621 Thread 0x000000263f37d680 Exception <a 'java/lang/IncompatibleClassChangeError'{0x00000000c52a0678}: Found class java.lang.Object, but interface was expected> (0x00000000c52a0678) 
thrown [e:\jenkins\tmp\workspace\build\src\src\hotspot\share\interpreter\linkResolver.cpp, line 833]
Event: 5.169 Thread 0x000000263f37d680 Exception <a 'java/lang/ClassNotFoundException'{0x00000000c4f2a768}: javax/smartcardio/CardPermission> (0x00000000c4f2a768) 
thrown [e:\jenkins\tmp\workspace\build\src\src\hotspot\share\classfile\systemDictionary.cpp, line 256]
Event: 5.191 Thread 0x000000263f37d680 Exception <a 'java/io/FileNotFoundException'{0x00000000c4f39778}> (0x00000000c4f39778) 
thrown [e:\jenkins\tmp\workspace\build\src\src\hotspot\share\prims\jni.cpp, line 516]
Event: 6.029 Thread 0x000000263f37d680 Exception <a 'java/lang/NoSuchMethodError'{0x00000000c4939a48}: 'org.slf4j.impl.StaticMDCBinder org.slf4j.impl.StaticMDCBinder.getSingleton()'> (0x00000000c4939a48) 
thrown [e:\jenkins\tmp\workspace\build\src\src\hotspot\share\interpreter\linkResolver.cpp, line 766]
Event: 6.058 Thread 0x000000263f37d680 Exception <a 'java/lang/NoSuchMethodError'{0x00000000c497d030}: 'java.lang.Object java.lang.invoke.DirectMethodHandle$Holder.invokeVirtual(java.lang.Object, java.lang.Object, java.lang.Object)'> (0x00000000c497d030) 
thrown [e:\jenkins\tmp\workspace\build\src\src\hotspot\share\interpreter\linkResolver.cpp, line 766]
Event: 6.259 Thread 0x000000263f37d680 Exception <a 'java/lang/NoSuchMethodError'{0x00000000c4736d18}: 'int java.lang.invoke.DirectMethodHandle$Holder.invokeStaticInit(java.lang.Object, java.lang.Object, java.lang.Object)'> (0x00000000c4736d18) 
thrown [e:\jenkins\tmp\workspace\build\src\src\hotspot\share\interpreter\linkResolver.cpp, line 766]
Event: 6.297 Thread 0x000000263f37d680 Exception <a 'java/lang/NoSuchMethodError'{0x00000000c47aee40}: 'int java.lang.invoke.DirectMethodHandle$Holder.invokeInterface(java.lang.Object, java.lang.Object)'> (0x00000000c47aee40) 
thrown [e:\jenkins\tmp\workspace\build\src\src\hotspot\share\interpreter\linkResolver.cpp, line 766]
Event: 6.463 Thread 0x000000263f37d680 Implicit null exception at 0x000000264a531f5e to 0x000000264a5327d8

VM Operations (20 events):
Event: 1.928 Executing VM operation: Cleanup
Event: 1.929 Executing VM operation: Cleanup done
Event: 2.929 Executing VM operation: Cleanup
Event: 2.929 Executing VM operation: Cleanup done
Event: 3.381 Executing VM operation: HandshakeAllThreads
Event: 3.381 Executing VM operation: HandshakeAllThreads done
Event: 3.477 Executing VM operation: HandshakeAllThreads
Event: 3.477 Executing VM operation: HandshakeAllThreads done
Event: 3.681 Executing VM operation: G1CollectForAllocation
Event: 3.702 Executing VM operation: G1CollectForAllocation done
Event: 4.465 Executing VM operation: G1CollectForAllocation
Event: 4.477 Executing VM operation: G1CollectForAllocation done
Event: 4.629 Executing VM operation: HandshakeAllThreads
Event: 4.629 Executing VM operation: HandshakeAllThreads done
Event: 5.365 Executing VM operation: HandshakeAllThreads
Event: 5.365 Executing VM operation: HandshakeAllThreads done
Event: 6.365 Executing VM operation: Cleanup
Event: 6.365 Executing VM operation: Cleanup done
Event: 6.519 Executing VM operation: HandshakeAllThreads
Event: 6.519 Executing VM operation: HandshakeAllThreads done

Events (20 events):
Event: 6.598 loading class java/beans/Introspector
Event: 6.600 loading class java/beans/Introspector done
Event: 6.600 loading class java/beans/EventSetDescriptor
Event: 6.601 loading class java/beans/FeatureDescriptor
Event: 6.602 loading class java/beans/FeatureDescriptor done
Event: 6.602 loading class java/beans/EventSetDescriptor done
Event: 6.602 loading class java/beans/Introspector$1
Event: 6.603 loading class jdk/internal/access/JavaBeansAccess
Event: 6.603 loading class jdk/internal/access/JavaBeansAccess done
Event: 6.603 loading class java/beans/Introspector$1 done
Event: 6.604 loading class sun/util/locale/provider/TimeZoneNameUtility
Event: 6.604 loading class sun/util/locale/provider/TimeZoneNameUtility done
Event: 6.605 loading class sun/util/locale/provider/TimeZoneNameUtility$TimeZoneNameGetter
Event: 6.605 loading class sun/util/locale/provider/TimeZoneNameUtility$TimeZoneNameGetter done
Event: 6.606 loading class sun/util/cldr/CLDRTimeZoneNameProviderImpl
Event: 6.607 loading class sun/util/locale/provider/TimeZoneNameProviderImpl
Event: 6.607 loading class sun/util/locale/provider/TimeZoneNameProviderImpl done
Event: 6.607 loading class sun/util/cldr/CLDRTimeZoneNameProviderImpl done
Event: 6.611 loading class sun/util/locale/provider/BaseLocaleDataMetaInfo
Event: 6.611 loading class sun/util/locale/provider/BaseLocaleDataMetaInfo done


Dynamic libraries:
0x00007ff679990000 - 0x00007ff67999e000 	C:\Users\Nidhi\Downloads\eclipse-java-2021-12-R-win32-x86_64\eclipse\plugins\org.eclipse.justj.openjdk.hotspot.jre.full.win32.x86_64_17.0.1.v20211116-1657\jre\bin\java.exe
0x00007ff807470000 - 0x00007ff807619000 	C:\Windows\SYSTEM32\ntdll.dll
0x00007ff806d70000 - 0x00007ff806ea9000 	C:\Windows\system32\KERNEL32.DLL
0x00007ff804970000 - 0x00007ff804a7e000 	C:\Windows\system32\KERNELBASE.dll
0x00007ff8004c0000 - 0x00007ff8004d8000 	C:\Users\Nidhi\Downloads\eclipse-java-2021-12-R-win32-x86_64\eclipse\plugins\org.eclipse.justj.openjdk.hotspot.jre.full.win32.x86_64_17.0.1.v20211116-1657\jre\bin\jli.dll
0x00007ff800450000 - 0x00007ff800469000 	C:\Users\Nidhi\Downloads\eclipse-java-2021-12-R-win32-x86_64\eclipse\plugins\org.eclipse.justj.openjdk.hotspot.jre.full.win32.x86_64_17.0.1.v20211116-1657\jre\bin\VCRUNTIME140.dll
0x00007ff801cd0000 - 0x00007ff801cd4000 	C:\Users\Nidhi\Downloads\eclipse-java-2021-12-R-win32-x86_64\eclipse\plugins\org.eclipse.justj.openjdk.hotspot.jre.full.win32.x86_64_17.0.1.v20211116-1657\jre\bin\api-ms-win-crt-stdio-l1-1-0.dll
0x00007ff801440000 - 0x00007ff801444000 	C:\Users\Nidhi\Downloads\eclipse-java-2021-12-R-win32-x86_64\eclipse\plugins\org.eclipse.justj.openjdk.hotspot.jre.full.win32.x86_64_17.0.1.v20211116-1657\jre\bin\api-ms-win-crt-runtime-l1-1-0.dll
0x00007ff801620000 - 0x00007ff801623000 	C:\Users\Nidhi\Downloads\eclipse-java-2021-12-R-win32-x86_64\eclipse\plugins\org.eclipse.justj.openjdk.hotspot.jre.full.win32.x86_64_17.0.1.v20211116-1657\jre\bin\api-ms-win-crt-environment-l1-1-0.dll
0x00007ff801c00000 - 0x00007ff801c05000 	C:\Users\Nidhi\Downloads\eclipse-java-2021-12-R-win32-x86_64\eclipse\plugins\org.eclipse.justj.openjdk.hotspot.jre.full.win32.x86_64_17.0.1.v20211116-1657\jre\bin\api-ms-win-crt-math-l1-1-0.dll
0x00007ff800d90000 - 0x00007ff800d93000 	C:\Users\Nidhi\Downloads\eclipse-java-2021-12-R-win32-x86_64\eclipse\plugins\org.eclipse.justj.openjdk.hotspot.jre.full.win32.x86_64_17.0.1.v20211116-1657\jre\bin\api-ms-win-crt-locale-l1-1-0.dll
0x00007ff8015f0000 - 0x00007ff8015f3000 	C:\Users\Nidhi\Downloads\eclipse-java-2021-12-R-win32-x86_64\eclipse\plugins\org.eclipse.justj.openjdk.hotspot.jre.full.win32.x86_64_17.0.1.v20211116-1657\jre\bin\api-ms-win-crt-heap-l1-1-0.dll
0x00007ff802b70000 - 0x00007ff802dca000 	C:\Windows\WinSxS\amd64_microsoft.windows.common-controls_6595b64144ccf1df_6.0.9600.16384_none_62475f7becb72503\COMCTL32.dll
0x00007ff805000000 - 0x00007ff805171000 	C:\Windows\system32\USER32.dll
0x00007ff801610000 - 0x00007ff801613000 	C:\Users\Nidhi\Downloads\eclipse-java-2021-12-R-win32-x86_64\eclipse\plugins\org.eclipse.justj.openjdk.hotspot.jre.full.win32.x86_64_17.0.1.v20211116-1657\jre\bin\api-ms-win-crt-filesystem-l1-1-0.dll
0x00007ff801c80000 - 0x00007ff801c84000 	C:\Users\Nidhi\Downloads\eclipse-java-2021-12-R-win32-x86_64\eclipse\plugins\org.eclipse.justj.openjdk.hotspot.jre.full.win32.x86_64_17.0.1.v20211116-1657\jre\bin\api-ms-win-crt-string-l1-1-0.dll
0x00007ff801630000 - 0x00007ff801634000 	C:\Users\Nidhi\Downloads\eclipse-java-2021-12-R-win32-x86_64\eclipse\plugins\org.eclipse.justj.openjdk.hotspot.jre.full.win32.x86_64_17.0.1.v20211116-1657\jre\bin\api-ms-win-crt-convert-l1-1-0.dll
0x00007ff8068a0000 - 0x00007ff806947000 	C:\Windows\system32\msvcrt.dll
0x00007ff806c20000 - 0x00007ff806d65000 	C:\Windows\system32\GDI32.dll
0x00007ffffa730000 - 0x00007ffffa82a000 	C:\Users\Nidhi\Downloads\eclipse-java-2021-12-R-win32-x86_64\eclipse\plugins\org.eclipse.justj.openjdk.hotspot.jre.full.win32.x86_64_17.0.1.v20211116-1657\jre\bin\ucrtbase.DLL
0x00007ff8052d0000 - 0x00007ff805304000 	C:\Windows\system32\IMM32.DLL
0x00007ff806eb0000 - 0x00007ff806fe8000 	C:\Windows\system32\MSCTF.dll
0x00007ff800cb0000 - 0x00007ff800cbc000 	C:\Users\Nidhi\Downloads\eclipse-java-2021-12-R-win32-x86_64\eclipse\plugins\org.eclipse.justj.openjdk.hotspot.jre.full.win32.x86_64_17.0.1.v20211116-1657\jre\bin\vcruntime140_1.dll
0x00007ffffaf20000 - 0x00007ffffafb1000 	C:\Users\Nidhi\Downloads\eclipse-java-2021-12-R-win32-x86_64\eclipse\plugins\org.eclipse.justj.openjdk.hotspot.jre.full.win32.x86_64_17.0.1.v20211116-1657\jre\bin\msvcp140.dll
0x00007ff801600000 - 0x00007ff801603000 	C:\Users\Nidhi\Downloads\eclipse-java-2021-12-R-win32-x86_64\eclipse\plugins\org.eclipse.justj.openjdk.hotspot.jre.full.win32.x86_64_17.0.1.v20211116-1657\jre\bin\api-ms-win-crt-time-l1-1-0.dll
0x00007ff801790000 - 0x00007ff801793000 	C:\Users\Nidhi\Downloads\eclipse-java-2021-12-R-win32-x86_64\eclipse\plugins\org.eclipse.justj.openjdk.hotspot.jre.full.win32.x86_64_17.0.1.v20211116-1657\jre\bin\api-ms-win-crt-utility-l1-1-0.dll
0x00007fffe83d0000 - 0x00007fffe9016000 	C:\Users\Nidhi\Downloads\eclipse-java-2021-12-R-win32-x86_64\eclipse\plugins\org.eclipse.justj.openjdk.hotspot.jre.full.win32.x86_64_17.0.1.v20211116-1657\jre\bin\server\jvm.dll
0x00007ff805310000 - 0x00007ff8053b5000 	C:\Windows\system32\ADVAPI32.dll
0x00007ff801d80000 - 0x00007ff801d89000 	C:\Windows\SYSTEM32\WSOCK32.dll
0x00007ff801690000 - 0x00007ff8016af000 	C:\Windows\SYSTEM32\WINMM.dll
0x00007ff8012f0000 - 0x00007ff8012fa000 	C:\Windows\SYSTEM32\VERSION.dll
0x00007ff806a10000 - 0x00007ff806a17000 	C:\Windows\system32\PSAPI.DLL
0x00007ff807410000 - 0x00007ff807467000 	C:\Windows\SYSTEM32\sechost.dll
0x00007ff805180000 - 0x00007ff8052b6000 	C:\Windows\system32\RPCRT4.dll
0x00007ff806950000 - 0x00007ff8069a8000 	C:\Windows\system32\WS2_32.dll
0x00007ff801660000 - 0x00007ff80168a000 	C:\Windows\SYSTEM32\WINMMBASE.dll
0x00007ff8052c0000 - 0x00007ff8052c9000 	C:\Windows\system32\NSI.dll
0x00007ff804a80000 - 0x00007ff804aca000 	C:\Windows\SYSTEM32\cfgmgr32.dll
0x00007ff803610000 - 0x00007ff803636000 	C:\Windows\SYSTEM32\DEVOBJ.dll
0x00007ff8015e0000 - 0x00007ff8015ea000 	C:\Users\Nidhi\Downloads\eclipse-java-2021-12-R-win32-x86_64\eclipse\plugins\org.eclipse.justj.openjdk.hotspot.jre.full.win32.x86_64_17.0.1.v20211116-1657\jre\bin\jimage.dll
0x00007ffff4de0000 - 0x00007ffff4f68000 	C:\Windows\SYSTEM32\DBGHELP.DLL
0x00007ff8015b0000 - 0x00007ff8015d5000 	C:\Users\Nidhi\Downloads\eclipse-java-2021-12-R-win32-x86_64\eclipse\plugins\org.eclipse.justj.openjdk.hotspot.jre.full.win32.x86_64_17.0.1.v20211116-1657\jre\bin\java.dll
0x00007ff8014e0000 - 0x00007ff8014f8000 	C:\Users\Nidhi\Downloads\eclipse-java-2021-12-R-win32-x86_64\eclipse\plugins\org.eclipse.justj.openjdk.hotspot.jre.full.win32.x86_64_17.0.1.v20211116-1657\jre\bin\zip.dll
0x00007ff8053d0000 - 0x00007ff8067e0000 	C:\Windows\system32\SHELL32.dll
0x00007ff8071d0000 - 0x00007ff8073a7000 	C:\Windows\SYSTEM32\combase.dll
0x00007ff806bc0000 - 0x00007ff806c11000 	C:\Windows\system32\SHLWAPI.dll
0x00007ff802dd0000 - 0x00007ff802e71000 	C:\Windows\SYSTEM32\SHCORE.dll
0x00007ff8047f0000 - 0x00007ff804804000 	C:\Windows\SYSTEM32\profapi.dll
0x00007ff8014c0000 - 0x00007ff8014d9000 	C:\Users\Nidhi\Downloads\eclipse-java-2021-12-R-win32-x86_64\eclipse\plugins\org.eclipse.justj.openjdk.hotspot.jre.full.win32.x86_64_17.0.1.v20211116-1657\jre\bin\net.dll
0x00007ffff75e0000 - 0x00007ffff76a5000 	C:\Windows\SYSTEM32\WINHTTP.dll
0x00007ff8040b0000 - 0x00007ff804108000 	C:\Windows\system32\mswsock.dll
0x00007ff8014a0000 - 0x00007ff8014b5000 	C:\Users\Nidhi\Downloads\eclipse-java-2021-12-R-win32-x86_64\eclipse\plugins\org.eclipse.justj.openjdk.hotspot.jre.full.win32.x86_64_17.0.1.v20211116-1657\jre\bin\nio.dll
0x00007ff800b00000 - 0x00007ff800b09000 	C:\Users\Nidhi\Downloads\eclipse-java-2021-12-R-win32-x86_64\eclipse\plugins\org.eclipse.justj.openjdk.hotspot.jre.full.win32.x86_64_17.0.1.v20211116-1657\jre\bin\management.dll
0x00007ff800af0000 - 0x00007ff800afb000 	C:\Users\Nidhi\Downloads\eclipse-java-2021-12-R-win32-x86_64\eclipse\plugins\org.eclipse.justj.openjdk.hotspot.jre.full.win32.x86_64_17.0.1.v20211116-1657\jre\bin\management_ext.dll
0x00007ff801480000 - 0x00007ff801490000 	C:\Users\Nidhi\Downloads\eclipse-java-2021-12-R-win32-x86_64\eclipse\plugins\org.eclipse.justj.openjdk.hotspot.jre.full.win32.x86_64_17.0.1.v20211116-1657\jre\bin\verify.dll

dbghelp: loaded successfully - version: 4.0.5 - missing functions: none
symbol engine: initialized successfully - sym options: 0x614 - pdb path: .;C:\Users\Nidhi\Downloads\eclipse-java-2021-12-R-win32-x86_64\eclipse\plugins\org.eclipse.justj.openjdk.hotspot.jre.full.win32.x86_64_17.0.1.v20211116-1657\jre\bin;C:\Windows\SYSTEM32;C:\Windows\WinSxS\amd64_microsoft.windows.common-controls_6595b64144ccf1df_6.0.9600.16384_none_62475f7becb72503;C:\Users\Nidhi\Downloads\eclipse-java-2021-12-R-win32-x86_64\eclipse\plugins\org.eclipse.justj.openjdk.hotspot.jre.full.win32.x86_64_17.0.1.v20211116-1657\jre\bin\server

VM Arguments:
java_command: C:\Users\Nidhi\AppData\Local\Temp\surefire17121364921761346774\surefirebooter12084442137695439866.jar C:\Users\Nidhi\AppData\Local\Temp\surefire17121364921761346774 2021-12-21T22-56-23_112-jvmRun1 surefire4604917585784876796tmp surefire_01337776858917035695tmp
java_class_path (initial): C:\Users\Nidhi\AppData\Local\Temp\surefire17121364921761346774\surefirebooter12084442137695439866.jar
Launcher Type: SUN_STANDARD

[Global flags]
     intx CICompilerCount                          = 3                                         {product} {ergonomic}
     uint ConcGCThreads                            = 1                                         {product} {ergonomic}
     uint G1ConcRefinementThreads                  = 4                                         {product} {ergonomic}
   size_t G1HeapRegionSize                         = 1048576                                   {product} {ergonomic}
    uintx GCDrainStackTargetSize                   = 64                                        {product} {ergonomic}
   size_t InitialHeapSize                          = 67108864                                  {product} {ergonomic}
   size_t MarkStackSize                            = 4194304                                   {product} {ergonomic}
   size_t MaxHeapSize                              = 1052770304                                {product} {ergonomic}
   size_t MaxNewSize                               = 631242752                                 {product} {ergonomic}
   size_t MinHeapDeltaBytes                        = 1048576                                   {product} {ergonomic}
   size_t MinHeapSize                              = 8388608                                   {product} {ergonomic}
    uintx NonNMethodCodeHeapSize                   = 5832780                                {pd product} {ergonomic}
    uintx NonProfiledCodeHeapSize                  = 122912730                              {pd product} {ergonomic}
    uintx ProfiledCodeHeapSize                     = 122912730                              {pd product} {ergonomic}
    uintx ReservedCodeCacheSize                    = 251658240                              {pd product} {ergonomic}
     bool SegmentedCodeCache                       = true                                      {product} {ergonomic}
   size_t SoftMaxHeapSize                          = 1052770304                             {manageable} {ergonomic}
     bool UseCompressedClassPointers               = true                           {product lp64_product} {ergonomic}
     bool UseCompressedOops                        = true                           {product lp64_product} {ergonomic}
     bool UseG1GC                                  = true                                      {product} {ergonomic}
     bool UseLargePagesIndividualAllocation        = false                                  {pd product} {ergonomic}

Logging:
Log output configuration:
 #0: stdout all=warning uptime,level,tags
 #1: stderr all=off uptime,level,tags

Environment Variables:
PATH=C:/Users/Nidhi/Downloads/eclipse-java-2021-12-R-win32-x86_64/eclipse//plugins/org.eclipse.justj.openjdk.hotspot.jre.full.win32.x86_64_17.0.1.v20211116-1657/jre/bin/server;C:/Users/Nidhi/Downloads/eclipse-java-2021-12-R-win32-x86_64/eclipse//plugins/org.eclipse.justj.openjdk.hotspot.jre.full.win32.x86_64_17.0.1.v20211116-1657/jre/bin;C:\Program Files\Common Files\Oracle\Java\javapath;C:\Program Files (x86)\Common Files\Oracle\Java\javapath;C:\ProgramData\Oracle\Java\javapath;C:\Program Files\Java\jre1.8.0_121\bin;C:\xampp\php;C:\Users\Default\Desktop;C:\Users\Nidhi\Anaconda4\Scripts\;C:\Program Files\Microsoft VS Code\bin;C:\Program Files\Git\cmd;C:\Program Files\nodejs\;C:\Users\Nidhi\Anaconda3;C:\Users\Nidhi\Anaconda3\Library\mingw-w64\bin;C:\Users\Nidhi\Anaconda3\Library\usr\bin;C:\Users\Nidhi\Anaconda3\Library\bin;C:\Users\Nidhi\Anaconda3\Scripts;C:\Program Files\Java\jdk1.8.0_121\bin;C:\Users\Nidhi\AppData\Roaming\Composer\vendor\bin;C:\Program Files\Microsoft VS Code\bin;C:\Users\Nidhi\AppData\Local\GitHubDesktop\bin;C:\Users\Nidhi\AppData\Roaming\npm;C:\Users\Nidhi\Downloads\eclipse-java-2021-12-R-win32-x86_64\eclipse;
USERNAME=Nidhi
OS=Windows_NT
PROCESSOR_IDENTIFIER=Intel64 Family 6 Model 61 Stepping 4, GenuineIntel



---------------  S Y S T E M  ---------------

OS:
 Windows 8.1 , 64 bit Build 9600 (6.3.9600.16656)
OS uptime: 12 days 8:33 hours

CPU: total 4 (initial active 4) (2 cores per cpu, 2 threads per core) family 6 model 61 stepping 4 microcode 0x1f, cx8, cmov, fxsr, ht, mmx, 3dnowpref, sse, sse2, sse3, ssse3, sse4.1, sse4.2, popcnt, lzcnt, tsc, tscinvbit, avx, avx2, aes, erms, clmul, bmi1, bmi2, adx, fma, vzeroupper, clflush

Memory: 4k page, system-wide physical 4011M (314M free)
TotalPageFile size 4011M (AvailPageFile size 5M)
current process WorkingSet (physical memory assigned to process): 80M, peak: 80M
current process commit charge ("private bytes"): 153M, peak: 153M

vm_info: OpenJDK 64-Bit Server VM (17.0.1+12) for windows-amd64 JRE (17.0.1+12), built on Oct 20 2021 07:42:55 by "" with MS VC++ 16.7 (VS2019)

END.
