#
# There is insufficient memory for the Java Runtime Environment to continue.
# Native memory allocation (malloc) failed to allocate 1831648 bytes for Chunk::new
# Possible reasons:
#   The system is out of physical RAM or swap space
#   The process is running with CompressedOops enabled, and the Java Heap may be blocking the growth of the native heap
# Possible solutions:
#   Reduce memory load on the system
#   Increase physical memory or swap space
#   Check if swap backing store is full
#   Decrease Java heap size (-Xmx/-Xms)
#   Decrease number of Java threads
#   Decrease Java thread stack sizes (-Xss)
#   Set larger code cache with -XX:ReservedCodeCacheSize=
#   JVM is running with Unscaled Compressed Oops mode in which the Java heap is
#     placed in the first 4GB address space. The Java Heap base address is the
#     maximum limit for the native heap growth. Please use -XX:HeapBaseMinAddress
#     to set the Java Heap base and to place the Java Heap above 4GB virtual address.
# This output file may be truncated or incomplete.
#
#  Out of Memory Error (arena.cpp:189), pid=7136, tid=2184
#
# JRE version: OpenJDK Runtime Environment Temurin-17.0.1+12 (17.0.1+12) (build 17.0.1+12)
# Java VM: OpenJDK 64-Bit Server VM Temurin-17.0.1+12 (17.0.1+12, mixed mode, tiered, compressed oops, compressed class ptrs, g1 gc, windows-amd64)
# No core dump will be written. Minidumps are not enabled by default on client versions of Windows
#

---------------  S U M M A R Y ------------

Command Line: -Dmaven.home=EMBEDDED -Dclassworlds.conf=C:\Users\Nidhi\eclipse-workspace\.metadata\.plugins\org.eclipse.m2e.launching\launches\m2conf14900596154345155637.tmp -Dmaven.multiModuleProjectDirectory=C:\Users\Nidhi\Documents\workspace-spring-tool-suite-4-4.12.1.RELEASE\E-CommerceFasionBackend -Dfile.encoding=Cp1252 -XX:+ShowCodeDetailsInExceptionMessages org.codehaus.plexus.classworlds.launcher.Launcher -Ppom.xml -B install

Host: Intel(R) Core(TM) i5-5200U CPU @ 2.20GHz, 4 cores, 3G,  Windows 8.1 , 64 bit Build 9600 (6.3.9600.16656)
Time: Tue Dec 21 22:52:47 2021 India Standard Time elapsed time: 13.753564 seconds (0d 0h 0m 13s)

---------------  T H R E A D  ---------------

Current thread (0x00000045f47f44f0):  JavaThread "C2 CompilerThread0" daemon [_thread_in_native, id=2184, stack(0x00000045f4fe0000,0x00000045f50e0000)]


Current CompileTask:
C2:  13753 3128   !   4       org.codehaus.plexus.interpolation.StringSearchInterpolator::interpolate (650 bytes)

Stack: [0x00000045f4fe0000,0x00000045f50e0000]
Native frames: (J=compiled Java code, j=interpreted, Vv=VM code, C=native code)
V  [jvm.dll+0x6744da]
V  [jvm.dll+0x82e144]
V  [jvm.dll+0x82f8ee]
V  [jvm.dll+0x82ff53]
V  [jvm.dll+0x245175]
V  [jvm.dll+0xab85b]
V  [jvm.dll+0xabdec]
V  [jvm.dll+0x362f07]
V  [jvm.dll+0x1bb698]
V  [jvm.dll+0x218189]
V  [jvm.dll+0x217451]
V  [jvm.dll+0x1a355d]
V  [jvm.dll+0x226e38]
V  [jvm.dll+0x224f7c]
V  [jvm.dll+0x7e3f5b]
V  [jvm.dll+0x7de51a]
V  [jvm.dll+0x673305]
C  [ucrtbase.DLL+0x1c1ae]
C  [KERNEL32.DLL+0x15dd]
C  [ntdll.dll+0x743d1]


---------------  P R O C E S S  ---------------

Threads class SMR info:
_java_thread_list=0x00000045f490c810, length=12, elements={
0x00000045dc50fa60, 0x00000045f3acb8d0, 0x00000045f3acd8a0, 0x00000045f47ea4a0,
0x00000045f47eaf60, 0x00000045f47eba20, 0x00000045f47f3900, 0x00000045f47f44f0,
0x00000045f47f4ea0, 0x00000045f47f6f90, 0x00000045f492e6d0, 0x00000045f49333d0
}

Java Threads: ( => current thread )
  0x00000045dc50fa60 JavaThread "main" [_thread_in_native, id=6368, stack(0x00000045da460000,0x00000045da560000)]
  0x00000045f3acb8d0 JavaThread "Reference Handler" daemon [_thread_blocked, id=5264, stack(0x00000045f4500000,0x00000045f4600000)]
  0x00000045f3acd8a0 JavaThread "Finalizer" daemon [_thread_blocked, id=7740, stack(0x00000045f4600000,0x00000045f4700000)]
  0x00000045f47ea4a0 JavaThread "Signal Dispatcher" daemon [_thread_blocked, id=1180, stack(0x00000045f4be0000,0x00000045f4ce0000)]
  0x00000045f47eaf60 JavaThread "Attach Listener" daemon [_thread_blocked, id=8272, stack(0x00000045f4ce0000,0x00000045f4de0000)]
  0x00000045f47eba20 JavaThread "Service Thread" daemon [_thread_blocked, id=6552, stack(0x00000045f4de0000,0x00000045f4ee0000)]
  0x00000045f47f3900 JavaThread "Monitor Deflation Thread" daemon [_thread_blocked, id=5280, stack(0x00000045f4ee0000,0x00000045f4fe0000)]
=>0x00000045f47f44f0 JavaThread "C2 CompilerThread0" daemon [_thread_in_native, id=2184, stack(0x00000045f4fe0000,0x00000045f50e0000)]
  0x00000045f47f4ea0 JavaThread "C1 CompilerThread0" daemon [_thread_blocked, id=5456, stack(0x00000045f50e0000,0x00000045f51e0000)]
  0x00000045f47f6f90 JavaThread "Sweeper thread" daemon [_thread_blocked, id=8908, stack(0x00000045f51e0000,0x00000045f52e0000)]
  0x00000045f492e6d0 JavaThread "Notification Thread" daemon [_thread_blocked, id=8132, stack(0x00000045f52e0000,0x00000045f53e0000)]
  0x00000045f49333d0 JavaThread "Common-Cleaner" daemon [_thread_blocked, id=6176, stack(0x00000045f54e0000,0x00000045f55e0000)]

Other Threads:
  0x00000045f3a70ee0 VMThread "VM Thread" [stack: 0x00000045f4400000,0x00000045f4500000] [id=7772]
  0x00000045dc552270 WatcherThread [stack: 0x00000045f53e0000,0x00000045f54e0000] [id=956]
  0x00000045dc53e550 GCTaskThread "GC Thread#0" [stack: 0x00000045dc310000,0x00000045dc410000] [id=7160]
  0x00000045f5b9b040 GCTaskThread "GC Thread#1" [stack: 0x00000045f64c0000,0x00000045f65c0000] [id=5576]
  0x00000045f5bdd060 GCTaskThread "GC Thread#2" [stack: 0x00000045f65c0000,0x00000045f66c0000] [id=4868]
  0x00000045f5bf0180 GCTaskThread "GC Thread#3" [stack: 0x00000045f66c0000,0x00000045f67c0000] [id=5484]
  0x00000045dc547e40 ConcurrentGCThread "G1 Main Marker" [stack: 0x00000045f10f0000,0x00000045f11f0000] [id=6056]
  0x00000045dc54a870 ConcurrentGCThread "G1 Conc#0" [stack: 0x00000045f11f0000,0x00000045f12f0000] [id=4152]
  0x00000045dc59b560 ConcurrentGCThread "G1 Refine#0" [stack: 0x00000045f3740000,0x00000045f3840000] [id=6264]
  0x00000045dc59deb0 ConcurrentGCThread "G1 Service" [stack: 0x00000045f3840000,0x00000045f3940000] [id=5140]

Threads with active compile tasks:
C2 CompilerThread0    13815 3128   !   4       org.codehaus.plexus.interpolation.StringSearchInterpolator::interpolate (650 bytes)

VM state: not at safepoint (normal execution)

VM Mutex/Monitor currently owned by a thread: None

Heap address: 0x00000000c1400000, size: 1004 MB, Compressed Oops mode: 32-bit

CDS archive(s) not mapped
Compressed class space mapped at: 0x0000000100000000-0x0000000140000000, reserved size: 1073741824
Narrow klass base: 0x0000000000000000, Narrow klass shift: 3, Narrow klass range: 0x140000000

GC Precious Log:
 CPUs: 4 total, 4 available
 Memory: 4011M
 Large Page Support: Disabled
 NUMA Support: Disabled
 Compressed Oops: Enabled (32-bit)
 Heap Region Size: 1M
 Heap Min Capacity: 8M
 Heap Initial Capacity: 64M
 Heap Max Capacity: 1004M
 Pre-touch: Disabled
 Parallel Workers: 4
 Concurrent Workers: 1
 Concurrent Refinement Workers: 4
 Periodic GC: Disabled

Heap:
 garbage-first heap   total 65536K, used 26487K [0x00000000c1400000, 0x0000000100000000)
  region size 1024K, 21 young (21504K), 4 survivors (4096K)
 Metaspace       used 21251K, committed 21376K, reserved 1073152K
  class space    used 2194K, committed 2240K, reserved 1048576K

Heap Regions: E=young(eden), S=young(survivor), O=old, HS=humongous(starts), HC=humongous(continues), CS=collection set, F=free, OA=open archive, CA=closed archive, TAMS=top-at-mark-start (previous, next)
|   0|0x00000000c1400000, 0x00000000c1500000, 0x00000000c1500000|100%| O|  |TAMS 0x00000000c1400000, 0x00000000c1400000| Untracked 
|   1|0x00000000c1500000, 0x00000000c1600000, 0x00000000c1600000|100%| O|  |TAMS 0x00000000c1500000, 0x00000000c1500000| Untracked 
|   2|0x00000000c1600000, 0x00000000c1700000, 0x00000000c1700000|100%| O|  |TAMS 0x00000000c1600000, 0x00000000c1600000| Untracked 
|   3|0x00000000c1700000, 0x00000000c1800000, 0x00000000c1800000|100%| O|  |TAMS 0x00000000c1700000, 0x00000000c1700000| Untracked 
|   4|0x00000000c1800000, 0x00000000c1900000, 0x00000000c1900000|100%| O|  |TAMS 0x00000000c1800000, 0x00000000c1800000| Untracked 
|   5|0x00000000c1900000, 0x00000000c1a00000, 0x00000000c1a00000|100%| O|  |TAMS 0x00000000c1900000, 0x00000000c1900000| Untracked 
|   6|0x00000000c1a00000, 0x00000000c1a13600, 0x00000000c1b00000|  7%| O|  |TAMS 0x00000000c1a00000, 0x00000000c1a00000| Untracked 
|   7|0x00000000c1b00000, 0x00000000c1b00000, 0x00000000c1c00000|  0%| F|  |TAMS 0x00000000c1b00000, 0x00000000c1b00000| Untracked 
|   8|0x00000000c1c00000, 0x00000000c1c00000, 0x00000000c1d00000|  0%| F|  |TAMS 0x00000000c1c00000, 0x00000000c1c00000| Untracked 
|   9|0x00000000c1d00000, 0x00000000c1d00000, 0x00000000c1e00000|  0%| F|  |TAMS 0x00000000c1d00000, 0x00000000c1d00000| Untracked 
|  10|0x00000000c1e00000, 0x00000000c1e00000, 0x00000000c1f00000|  0%| F|  |TAMS 0x00000000c1e00000, 0x00000000c1e00000| Untracked 
|  11|0x00000000c1f00000, 0x00000000c1f00000, 0x00000000c2000000|  0%| F|  |TAMS 0x00000000c1f00000, 0x00000000c1f00000| Untracked 
|  12|0x00000000c2000000, 0x00000000c2000000, 0x00000000c2100000|  0%| F|  |TAMS 0x00000000c2000000, 0x00000000c2000000| Untracked 
|  13|0x00000000c2100000, 0x00000000c2100000, 0x00000000c2200000|  0%| F|  |TAMS 0x00000000c2100000, 0x00000000c2100000| Untracked 
|  14|0x00000000c2200000, 0x00000000c2200000, 0x00000000c2300000|  0%| F|  |TAMS 0x00000000c2200000, 0x00000000c2200000| Untracked 
|  15|0x00000000c2300000, 0x00000000c2300000, 0x00000000c2400000|  0%| F|  |TAMS 0x00000000c2300000, 0x00000000c2300000| Untracked 
|  16|0x00000000c2400000, 0x00000000c2400000, 0x00000000c2500000|  0%| F|  |TAMS 0x00000000c2400000, 0x00000000c2400000| Untracked 
|  17|0x00000000c2500000, 0x00000000c2500000, 0x00000000c2600000|  0%| F|  |TAMS 0x00000000c2500000, 0x00000000c2500000| Untracked 
|  18|0x00000000c2600000, 0x00000000c2600000, 0x00000000c2700000|  0%| F|  |TAMS 0x00000000c2600000, 0x00000000c2600000| Untracked 
|  19|0x00000000c2700000, 0x00000000c2700000, 0x00000000c2800000|  0%| F|  |TAMS 0x00000000c2700000, 0x00000000c2700000| Untracked 
|  20|0x00000000c2800000, 0x00000000c2800000, 0x00000000c2900000|  0%| F|  |TAMS 0x00000000c2800000, 0x00000000c2800000| Untracked 
|  21|0x00000000c2900000, 0x00000000c2900000, 0x00000000c2a00000|  0%| F|  |TAMS 0x00000000c2900000, 0x00000000c2900000| Untracked 
|  22|0x00000000c2a00000, 0x00000000c2a00000, 0x00000000c2b00000|  0%| F|  |TAMS 0x00000000c2a00000, 0x00000000c2a00000| Untracked 
|  23|0x00000000c2b00000, 0x00000000c2b00000, 0x00000000c2c00000|  0%| F|  |TAMS 0x00000000c2b00000, 0x00000000c2b00000| Untracked 
|  24|0x00000000c2c00000, 0x00000000c2c00000, 0x00000000c2d00000|  0%| F|  |TAMS 0x00000000c2c00000, 0x00000000c2c00000| Untracked 
|  25|0x00000000c2d00000, 0x00000000c2d00000, 0x00000000c2e00000|  0%| F|  |TAMS 0x00000000c2d00000, 0x00000000c2d00000| Untracked 
|  26|0x00000000c2e00000, 0x00000000c2eca710, 0x00000000c2f00000| 79%| S|CS|TAMS 0x00000000c2e00000, 0x00000000c2e00000| Complete 
|  27|0x00000000c2f00000, 0x00000000c3000000, 0x00000000c3000000|100%| S|CS|TAMS 0x00000000c2f00000, 0x00000000c2f00000| Complete 
|  28|0x00000000c3000000, 0x00000000c3100000, 0x00000000c3100000|100%| S|CS|TAMS 0x00000000c3000000, 0x00000000c3000000| Complete 
|  29|0x00000000c3100000, 0x00000000c3200000, 0x00000000c3200000|100%| S|CS|TAMS 0x00000000c3100000, 0x00000000c3100000| Complete 
|  30|0x00000000c3200000, 0x00000000c3200000, 0x00000000c3300000|  0%| F|  |TAMS 0x00000000c3200000, 0x00000000c3200000| Untracked 
|  31|0x00000000c3300000, 0x00000000c3300000, 0x00000000c3400000|  0%| F|  |TAMS 0x00000000c3300000, 0x00000000c3300000| Untracked 
|  32|0x00000000c3400000, 0x00000000c3400000, 0x00000000c3500000|  0%| F|  |TAMS 0x00000000c3400000, 0x00000000c3400000| Untracked 
|  33|0x00000000c3500000, 0x00000000c3500000, 0x00000000c3600000|  0%| F|  |TAMS 0x00000000c3500000, 0x00000000c3500000| Untracked 
|  34|0x00000000c3600000, 0x00000000c3600000, 0x00000000c3700000|  0%| F|  |TAMS 0x00000000c3600000, 0x00000000c3600000| Untracked 
|  35|0x00000000c3700000, 0x00000000c3700000, 0x00000000c3800000|  0%| F|  |TAMS 0x00000000c3700000, 0x00000000c3700000| Untracked 
|  36|0x00000000c3800000, 0x00000000c3800000, 0x00000000c3900000|  0%| F|  |TAMS 0x00000000c3800000, 0x00000000c3800000| Untracked 
|  37|0x00000000c3900000, 0x00000000c3900000, 0x00000000c3a00000|  0%| F|  |TAMS 0x00000000c3900000, 0x00000000c3900000| Untracked 
|  38|0x00000000c3a00000, 0x00000000c3a00000, 0x00000000c3b00000|  0%| F|  |TAMS 0x00000000c3a00000, 0x00000000c3a00000| Untracked 
|  39|0x00000000c3b00000, 0x00000000c3b00000, 0x00000000c3c00000|  0%| F|  |TAMS 0x00000000c3b00000, 0x00000000c3b00000| Untracked 
|  40|0x00000000c3c00000, 0x00000000c3c00000, 0x00000000c3d00000|  0%| F|  |TAMS 0x00000000c3c00000, 0x00000000c3c00000| Untracked 
|  41|0x00000000c3d00000, 0x00000000c3d00000, 0x00000000c3e00000|  0%| F|  |TAMS 0x00000000c3d00000, 0x00000000c3d00000| Untracked 
|  42|0x00000000c3e00000, 0x00000000c3e00000, 0x00000000c3f00000|  0%| F|  |TAMS 0x00000000c3e00000, 0x00000000c3e00000| Untracked 
|  43|0x00000000c3f00000, 0x00000000c3f00000, 0x00000000c4000000|  0%| F|  |TAMS 0x00000000c3f00000, 0x00000000c3f00000| Untracked 
|  44|0x00000000c4000000, 0x00000000c4000000, 0x00000000c4100000|  0%| F|  |TAMS 0x00000000c4000000, 0x00000000c4000000| Untracked 
|  45|0x00000000c4100000, 0x00000000c4100000, 0x00000000c4200000|  0%| F|  |TAMS 0x00000000c4100000, 0x00000000c4100000| Untracked 
|  46|0x00000000c4200000, 0x00000000c4200000, 0x00000000c4300000|  0%| F|  |TAMS 0x00000000c4200000, 0x00000000c4200000| Untracked 
|  47|0x00000000c4300000, 0x00000000c4380800, 0x00000000c4400000| 50%| E|  |TAMS 0x00000000c4300000, 0x00000000c4300000| Complete 
|  48|0x00000000c4400000, 0x00000000c4500000, 0x00000000c4500000|100%| E|CS|TAMS 0x00000000c4400000, 0x00000000c4400000| Complete 
|  49|0x00000000c4500000, 0x00000000c4600000, 0x00000000c4600000|100%| E|CS|TAMS 0x00000000c4500000, 0x00000000c4500000| Complete 
|  50|0x00000000c4600000, 0x00000000c4700000, 0x00000000c4700000|100%| E|CS|TAMS 0x00000000c4600000, 0x00000000c4600000| Complete 
|  51|0x00000000c4700000, 0x00000000c4800000, 0x00000000c4800000|100%| E|CS|TAMS 0x00000000c4700000, 0x00000000c4700000| Complete 
|  52|0x00000000c4800000, 0x00000000c4900000, 0x00000000c4900000|100%| E|CS|TAMS 0x00000000c4800000, 0x00000000c4800000| Complete 
|  53|0x00000000c4900000, 0x00000000c4a00000, 0x00000000c4a00000|100%| E|CS|TAMS 0x00000000c4900000, 0x00000000c4900000| Complete 
|  54|0x00000000c4a00000, 0x00000000c4b00000, 0x00000000c4b00000|100%| E|CS|TAMS 0x00000000c4a00000, 0x00000000c4a00000| Complete 
|  55|0x00000000c4b00000, 0x00000000c4c00000, 0x00000000c4c00000|100%| E|CS|TAMS 0x00000000c4b00000, 0x00000000c4b00000| Complete 
|  56|0x00000000c4c00000, 0x00000000c4d00000, 0x00000000c4d00000|100%| E|CS|TAMS 0x00000000c4c00000, 0x00000000c4c00000| Complete 
|  57|0x00000000c4d00000, 0x00000000c4e00000, 0x00000000c4e00000|100%| E|CS|TAMS 0x00000000c4d00000, 0x00000000c4d00000| Complete 
|  58|0x00000000c4e00000, 0x00000000c4f00000, 0x00000000c4f00000|100%| E|CS|TAMS 0x00000000c4e00000, 0x00000000c4e00000| Complete 
|  59|0x00000000c4f00000, 0x00000000c5000000, 0x00000000c5000000|100%| E|CS|TAMS 0x00000000c4f00000, 0x00000000c4f00000| Complete 
|  60|0x00000000c5000000, 0x00000000c5100000, 0x00000000c5100000|100%| E|CS|TAMS 0x00000000c5000000, 0x00000000c5000000| Complete 
|  61|0x00000000c5100000, 0x00000000c5200000, 0x00000000c5200000|100%| E|CS|TAMS 0x00000000c5100000, 0x00000000c5100000| Complete 
|  62|0x00000000c5200000, 0x00000000c5300000, 0x00000000c5300000|100%| E|CS|TAMS 0x00000000c5200000, 0x00000000c5200000| Complete 
|  63|0x00000000c5300000, 0x00000000c5400000, 0x00000000c5400000|100%| E|CS|TAMS 0x00000000c5300000, 0x00000000c5300000| Complete 

Card table byte_map: [0x00000045eed90000,0x00000045eef90000] _byte_map_base: 0x00000045ee786000

Marking Bits (Prev, Next): (CMBitMap*) 0x00000045dc53eb60, (CMBitMap*) 0x00000045dc53eba0
 Prev Bits: [0x00000045ef190000, 0x00000045f0140000)
 Next Bits: [0x00000045f0140000, 0x00000045f10f0000)

Polling page: 0x00000045da560000

Metaspace:

Usage:
  Non-class:     18.61 MB used.
      Class:      2.14 MB used.
       Both:     20.75 MB used.

Virtual space:
  Non-class space:       24.00 MB reserved,      18.69 MB ( 78%) committed,  3 nodes.
      Class space:        1.00 GB reserved,       2.19 MB ( <1%) committed,  1 nodes.
             Both:        1.02 GB reserved,      20.88 MB (  2%) committed. 

Chunk freelists:
   Non-Class:  782.00 KB
       Class:  1.69 MB
        Both:  2.45 MB

MaxMetaspaceSize: unlimited
CompressedClassSpaceSize: 1.00 GB
Initial GC threshold: 21.00 MB
Current GC threshold: 21.00 MB
CDS: off
MetaspaceReclaimPolicy: balanced
 - commit_granule_bytes: 65536.
 - commit_granule_words: 8192.
 - virtual_space_node_default_size: 1048576.
 - enlarge_chunks_in_place: 1.
 - new_chunks_are_fully_committed: 0.
 - uncommit_free_chunks: 1.
 - use_allocation_guard: 0.
 - handle_deallocations: 1.


Internal statistics:

num_allocs_failed_limit: 0.
num_arena_births: 72.
num_arena_deaths: 0.
num_vsnodes_births: 4.
num_vsnodes_deaths: 0.
num_space_committed: 334.
num_space_uncommitted: 0.
num_chunks_returned_to_freelist: 0.
num_chunks_taken_from_freelist: 523.
num_chunk_merges: 0.
num_chunk_splits: 358.
num_chunks_enlarged: 287.
num_purges: 0.
num_inconsistent_stats: 0.

CodeHeap 'non-profiled nmethods': size=120000Kb used=1346Kb max_used=1346Kb free=118653Kb
 bounds [0x00000045e7660000, 0x00000045e78d0000, 0x00000045eeb90000]
CodeHeap 'profiled nmethods': size=120000Kb used=6329Kb max_used=6329Kb free=113670Kb
 bounds [0x00000045e0130000, 0x00000045e0760000, 0x00000045e7660000]
CodeHeap 'non-nmethods': size=5760Kb used=1174Kb max_used=1208Kb free=4586Kb
 bounds [0x00000045dfb90000, 0x00000045dfe00000, 0x00000045e0130000]
 total_blobs=3670 nmethods=3206 adapters=376
 compilation: enabled
              stopped_count=0, restarted_count=0
 full_count=0

Compilation events (20 events):
Event: 13.632 Thread 0x00000045f47f4ea0 3223       3       java.io.File::isFile (34 bytes)
Event: 13.633 Thread 0x00000045f47f4ea0 nmethod 3223 0x00000045e0752790 code [0x00000045e0752980, 0x00000045e0752ea8]
Event: 13.654 Thread 0x00000045f47f4ea0 3224       3       org.apache.maven.model.inheritance.DefaultInheritanceAssembler$InheritanceModelMerger::concatPath (105 bytes)
Event: 13.660 Thread 0x00000045f47f4ea0 nmethod 3224 0x00000045e0753010 code [0x00000045e0753300, 0x00000045e07542d8]
Event: 13.661 Thread 0x00000045f47f4ea0 3225       3       org.apache.maven.model.PluginExecution::getGoals (23 bytes)
Event: 13.661 Thread 0x00000045f47f4ea0 nmethod 3225 0x00000045e0754910 code [0x00000045e0754ae0, 0x00000045e0754eb8]
Event: 13.661 Thread 0x00000045f47f4ea0 3226       1       org.eclipse.aether.graph.DefaultDependencyNode::setVersionConstraint (6 bytes)
Event: 13.662 Thread 0x00000045f47f4ea0 nmethod 3226 0x00000045e77af290 code [0x00000045e77af420, 0x00000045e77af538]
Event: 13.662 Thread 0x00000045f47f4ea0 3227       1       org.eclipse.aether.graph.DefaultDependencyNode::setVersion (6 bytes)
Event: 13.662 Thread 0x00000045f47f4ea0 nmethod 3227 0x00000045e77af590 code [0x00000045e77af720, 0x00000045e77af838]
Event: 13.662 Thread 0x00000045f47f4ea0 3228       1       org.eclipse.aether.internal.impl.collect.DefaultDependencyCollectionContext::getDependency (5 bytes)
Event: 13.662 Thread 0x00000045f47f4ea0 nmethod 3228 0x00000045e77af890 code [0x00000045e77afa20, 0x00000045e77afaf8]
Event: 13.662 Thread 0x00000045f47f4ea0 3229       1       org.eclipse.aether.resolution.VersionRangeRequest::getRepositories (5 bytes)
Event: 13.662 Thread 0x00000045f47f4ea0 nmethod 3229 0x00000045e77afb90 code [0x00000045e77afd20, 0x00000045e77afdf8]
Event: 13.683 Thread 0x00000045f47f4ea0 3230   !   3       org.apache.maven.model.profile.DefaultProfileSelector::isActive (187 bytes)
Event: 13.686 Thread 0x00000045f47f4ea0 nmethod 3230 0x00000045e0755010 code [0x00000045e0755360, 0x00000045e0756718]
Event: 13.703 Thread 0x00000045f47f4ea0 3231       3       org.apache.maven.model.Model::getDevelopers (23 bytes)
Event: 13.704 Thread 0x00000045f47f4ea0 nmethod 3231 0x00000045e0756e10 code [0x00000045e0756fe0, 0x00000045e07573d8]
Event: 13.709 Thread 0x00000045f47f4ea0 3232       3       org.eclipse.aether.util.version.GenericVersion$Item::isNumber (15 bytes)
Event: 13.710 Thread 0x00000045f47f4ea0 nmethod 3232 0x00000045e0757510 code [0x00000045e07576a0, 0x00000045e0757818]

GC Heap History (8 events):
Event: 3.645 GC heap before
{Heap before GC invocations=0 (full 0):
 garbage-first heap   total 65536K, used 13312K [0x00000000c1400000, 0x0000000100000000)
  region size 1024K, 13 young (13312K), 0 survivors (0K)
 Metaspace       used 11497K, committed 11648K, reserved 1064960K
  class space    used 1062K, committed 1152K, reserved 1048576K
}
Event: 3.659 GC heap after
{Heap after GC invocations=1 (full 0):
 garbage-first heap   total 65536K, used 2884K [0x00000000c1400000, 0x0000000100000000)
  region size 1024K, 2 young (2048K), 2 survivors (2048K)
 Metaspace       used 11497K, committed 11648K, reserved 1064960K
  class space    used 1062K, committed 1152K, reserved 1048576K
}
Event: 6.071 GC heap before
{Heap before GC invocations=1 (full 0):
 garbage-first heap   total 65536K, used 17220K [0x00000000c1400000, 0x0000000100000000)
  region size 1024K, 16 young (16384K), 2 survivors (2048K)
 Metaspace       used 13678K, committed 13824K, reserved 1064960K
  class space    used 1361K, committed 1408K, reserved 1048576K
}
Event: 6.090 GC heap after
{Heap after GC invocations=2 (full 0):
 garbage-first heap   total 65536K, used 3696K [0x00000000c1400000, 0x0000000100000000)
  region size 1024K, 1 young (1024K), 1 survivors (1024K)
 Metaspace       used 13678K, committed 13824K, reserved 1064960K
  class space    used 1361K, committed 1408K, reserved 1048576K
}
Event: 9.261 GC heap before
{Heap before GC invocations=2 (full 0):
 garbage-first heap   total 65536K, used 41584K [0x00000000c1400000, 0x0000000100000000)
  region size 1024K, 38 young (38912K), 1 survivors (1024K)
 Metaspace       used 20141K, committed 20352K, reserved 1073152K
  class space    used 2133K, committed 2240K, reserved 1048576K
}
Event: 9.285 GC heap after
{Heap after GC invocations=3 (full 0):
 garbage-first heap   total 65536K, used 6406K [0x00000000c1400000, 0x0000000100000000)
  region size 1024K, 4 young (4096K), 4 survivors (4096K)
 Metaspace       used 20141K, committed 20352K, reserved 1073152K
  class space    used 2133K, committed 2240K, reserved 1048576K
}
Event: 12.349 GC heap before
{Heap before GC invocations=3 (full 0):
 garbage-first heap   total 65536K, used 41222K [0x00000000c1400000, 0x0000000100000000)
  region size 1024K, 38 young (38912K), 4 survivors (4096K)
 Metaspace       used 20902K, committed 21056K, reserved 1073152K
  class space    used 2177K, committed 2240K, reserved 1048576K
}
Event: 12.398 GC heap after
{Heap after GC invocations=4 (full 0):
 garbage-first heap   total 65536K, used 10103K [0x00000000c1400000, 0x0000000100000000)
  region size 1024K, 4 young (4096K), 4 survivors (4096K)
 Metaspace       used 20902K, committed 21056K, reserved 1073152K
  class space    used 2177K, committed 2240K, reserved 1048576K
}

Deoptimization events (20 events):
Event: 11.022 Thread 0x00000045dc50fa60 DEOPT PACKING pc=0x00000045e7728a9c sp=0x00000045da55cb90
Event: 11.022 Thread 0x00000045dc50fa60 DEOPT UNPACKING pc=0x00000045dfbe23a3 sp=0x00000045da55ca60 mode 2
Event: 11.039 Thread 0x00000045dc50fa60 Uncommon trap: trap_request=0xffffffde fr.pc=0x00000045e7728a9c relative=0x00000000000016bc
Event: 11.039 Thread 0x00000045dc50fa60 Uncommon trap: reason=class_check action=maybe_recompile pc=0x00000045e7728a9c method=java.nio.charset.CharsetDecoder.decode(Ljava/nio/ByteBuffer;Ljava/nio/CharBuffer;Z)Ljava/nio/charset/CoderResult; @ 57 c2
Event: 11.039 Thread 0x00000045dc50fa60 DEOPT PACKING pc=0x00000045e7728a9c sp=0x00000045da55ca00
Event: 11.039 Thread 0x00000045dc50fa60 DEOPT UNPACKING pc=0x00000045dfbe23a3 sp=0x00000045da55c8d0 mode 2
Event: 11.040 Thread 0x00000045dc50fa60 Uncommon trap: trap_request=0xffffffde fr.pc=0x00000045e7728a9c relative=0x00000000000016bc
Event: 11.040 Thread 0x00000045dc50fa60 Uncommon trap: reason=class_check action=maybe_recompile pc=0x00000045e7728a9c method=java.nio.charset.CharsetDecoder.decode(Ljava/nio/ByteBuffer;Ljava/nio/CharBuffer;Z)Ljava/nio/charset/CoderResult; @ 57 c2
Event: 11.040 Thread 0x00000045dc50fa60 DEOPT PACKING pc=0x00000045e7728a9c sp=0x00000045da55c6e0
Event: 11.040 Thread 0x00000045dc50fa60 DEOPT UNPACKING pc=0x00000045dfbe23a3 sp=0x00000045da55c5b0 mode 2
Event: 11.305 Thread 0x00000045dc50fa60 DEOPT PACKING pc=0x00000045e0578c3e sp=0x00000045da55c800
Event: 11.305 Thread 0x00000045dc50fa60 DEOPT UNPACKING pc=0x00000045dfbe2b43 sp=0x00000045da55bd00 mode 0
Event: 12.699 Thread 0x00000045dc50fa60 DEOPT PACKING pc=0x00000045e0354b20 sp=0x00000045da55cac0
Event: 12.699 Thread 0x00000045dc50fa60 DEOPT UNPACKING pc=0x00000045dfbe2b43 sp=0x00000045da55bf70 mode 0
Event: 13.081 Thread 0x00000045dc50fa60 Uncommon trap: trap_request=0xffffff45 fr.pc=0x00000045e76e6b30 relative=0x0000000000000470
Event: 13.081 Thread 0x00000045dc50fa60 Uncommon trap: reason=unstable_if action=reinterpret pc=0x00000045e76e6b30 method=java.util.HashMap.hash(Ljava/lang/Object;)I @ 1 c2
Event: 13.082 Thread 0x00000045dc50fa60 DEOPT PACKING pc=0x00000045e76e6b30 sp=0x00000045da55d930
Event: 13.082 Thread 0x00000045dc50fa60 DEOPT UNPACKING pc=0x00000045dfbe23a3 sp=0x00000045da55d7d8 mode 2
Event: 13.163 Thread 0x00000045dc50fa60 DEOPT PACKING pc=0x00000045e018ecc3 sp=0x00000045da55d830
Event: 13.163 Thread 0x00000045dc50fa60 DEOPT UNPACKING pc=0x00000045dfbe2b43 sp=0x00000045da55cd50 mode 0

Classes unloaded (0 events):
No events

Classes redefined (0 events):
No events

Internal exceptions (8 events):
Event: 1.227 Thread 0x00000045dc50fa60 Exception <a 'java/lang/NoSuchMethodError'{0x00000000c4f50710}: 'java.lang.Object java.lang.invoke.DirectMethodHandle$Holder.invokeStaticInit(java.lang.Object, int, int, int, int)'> (0x00000000c4f50710) 
thrown [e:\jenkins\tmp\workspace\build\src\src\hotspot\share\interpreter\linkResolver.cpp, line 766]
Event: 1.409 Thread 0x00000045dc50fa60 Exception <a 'java/lang/NoSuchMethodError'{0x00000000c4e40308}: 'java.lang.Object java.lang.invoke.DirectMethodHandle$Holder.invokeStaticInit(java.lang.Object, java.lang.Object, int, int, int, int)'> (0x00000000c4e40308) 
thrown [e:\jenkins\tmp\workspace\build\src\src\hotspot\share\interpreter\linkResolver.cpp, line 766]
Event: 4.875 Thread 0x00000045dc50fa60 Exception <a 'java/lang/NoSuchMethodError'{0x00000000c5078cc8}: 'java.lang.Object java.lang.invoke.DirectMethodHandle$Holder.newInvokeSpecial(java.lang.Object, java.lang.Object, java.lang.Object, java.lang.Object, java.lang.Object)'> (0x00000000c5078cc8) 
thrown [e:\jenkins\tmp\workspace\build\src\src\hotspot\share\interpreter\linkResolver.cpp, line 766]
Event: 8.344 Thread 0x00000045dc50fa60 Exception <a 'java/lang/NoClassDefFoundError'{0x00000000c361d040}: com/google/inject/servlet/ServletModuleTargetVisitor> (0x00000000c361d040) 
thrown [e:\jenkins\tmp\workspace\build\src\src\hotspot\share\classfile\systemDictionary.cpp, line 245]
Event: 8.345 Thread 0x00000045dc50fa60 Exception <a 'java/lang/NoClassDefFoundError'{0x00000000c3620f40}: javax/annotation/Priority> (0x00000000c3620f40) 
thrown [e:\jenkins\tmp\workspace\build\src\src\hotspot\share\classfile\systemDictionary.cpp, line 245]
Event: 8.853 Thread 0x00000045dc50fa60 Implicit null exception at 0x00000045e7683572 to 0x00000045e7683b44
Event: 8.853 Thread 0x00000045dc50fa60 Implicit null exception at 0x00000045e7684df2 to 0x00000045e76853d4
Event: 13.081 Thread 0x00000045dc50fa60 Implicit null exception at 0x00000045e76e6711 to 0x00000045e76e6b14

VM Operations (20 events):
Event: 7.618 Executing VM operation: HandshakeAllThreads
Event: 7.618 Executing VM operation: HandshakeAllThreads done
Event: 8.208 Executing VM operation: HandshakeAllThreads
Event: 8.208 Executing VM operation: HandshakeAllThreads done
Event: 8.547 Executing VM operation: HandshakeAllThreads
Event: 8.547 Executing VM operation: HandshakeAllThreads done
Event: 8.776 Executing VM operation: HandshakeAllThreads
Event: 8.776 Executing VM operation: HandshakeAllThreads done
Event: 8.776 Executing VM operation: Cleanup
Event: 8.776 Executing VM operation: Cleanup done
Event: 9.261 Executing VM operation: G1CollectForAllocation
Event: 9.285 Executing VM operation: G1CollectForAllocation done
Event: 10.286 Executing VM operation: Cleanup
Event: 10.286 Executing VM operation: Cleanup done
Event: 11.287 Executing VM operation: Cleanup
Event: 11.287 Executing VM operation: Cleanup done
Event: 12.288 Executing VM operation: Cleanup
Event: 12.288 Executing VM operation: Cleanup done
Event: 12.349 Executing VM operation: G1CollectForAllocation
Event: 12.398 Executing VM operation: G1CollectForAllocation done

Events (20 events):
Event: 9.181 loading class java/lang/Short$ShortCache
Event: 9.182 loading class java/lang/Short$ShortCache done
Event: 9.182 loading class java/lang/Byte$ByteCache
Event: 9.182 loading class java/lang/Byte$ByteCache done
Event: 10.229 loading class java/util/LinkedList$ListItr
Event: 10.229 loading class java/util/LinkedList$ListItr done
Event: 10.346 loading class java/io/RandomAccessFile$1
Event: 10.347 loading class java/io/RandomAccessFile$1 done
Event: 10.350 loading class java/util/TreeMap$Values
Event: 10.350 loading class java/util/TreeMap$Values done
Event: 10.351 loading class java/util/TreeMap$ValueIterator
Event: 10.351 loading class java/util/TreeMap$ValueIterator done
Event: 11.020 loading class sun/nio/cs/ISO_8859_1$Decoder
Event: 11.021 loading class sun/nio/cs/ISO_8859_1$Decoder done
Event: 13.068 loading class java/util/IdentityHashMap$KeyIterator
Event: 13.068 loading class java/util/IdentityHashMap$IdentityHashMapIterator
Event: 13.069 loading class java/util/IdentityHashMap$IdentityHashMapIterator done
Event: 13.069 loading class java/util/IdentityHashMap$KeyIterator done
Event: 13.171 loading class java/lang/Character$CharacterCache
Event: 13.171 loading class java/lang/Character$CharacterCache done


Dynamic libraries:
0x00007ff61d720000 - 0x00007ff61d72e000 	C:\Users\Nidhi\Downloads\eclipse-java-2021-12-R-win32-x86_64\eclipse\plugins\org.eclipse.justj.openjdk.hotspot.jre.full.win32.x86_64_17.0.1.v20211116-1657\jre\bin\javaw.exe
0x00007ff807470000 - 0x00007ff807619000 	C:\Windows\SYSTEM32\ntdll.dll
0x00007ff806d70000 - 0x00007ff806ea9000 	C:\Windows\system32\KERNEL32.DLL
0x00007ff804970000 - 0x00007ff804a7e000 	C:\Windows\system32\KERNELBASE.dll
0x00007ff8004c0000 - 0x00007ff8004d8000 	C:\Users\Nidhi\Downloads\eclipse-java-2021-12-R-win32-x86_64\eclipse\plugins\org.eclipse.justj.openjdk.hotspot.jre.full.win32.x86_64_17.0.1.v20211116-1657\jre\bin\jli.dll
0x00007ff800450000 - 0x00007ff800469000 	C:\Users\Nidhi\Downloads\eclipse-java-2021-12-R-win32-x86_64\eclipse\plugins\org.eclipse.justj.openjdk.hotspot.jre.full.win32.x86_64_17.0.1.v20211116-1657\jre\bin\VCRUNTIME140.dll
0x00007ff801cd0000 - 0x00007ff801cd4000 	C:\Users\Nidhi\Downloads\eclipse-java-2021-12-R-win32-x86_64\eclipse\plugins\org.eclipse.justj.openjdk.hotspot.jre.full.win32.x86_64_17.0.1.v20211116-1657\jre\bin\api-ms-win-crt-stdio-l1-1-0.dll
0x00007ff801440000 - 0x00007ff801444000 	C:\Users\Nidhi\Downloads\eclipse-java-2021-12-R-win32-x86_64\eclipse\plugins\org.eclipse.justj.openjdk.hotspot.jre.full.win32.x86_64_17.0.1.v20211116-1657\jre\bin\api-ms-win-crt-runtime-l1-1-0.dll
0x00007ff801620000 - 0x00007ff801623000 	C:\Users\Nidhi\Downloads\eclipse-java-2021-12-R-win32-x86_64\eclipse\plugins\org.eclipse.justj.openjdk.hotspot.jre.full.win32.x86_64_17.0.1.v20211116-1657\jre\bin\api-ms-win-crt-environment-l1-1-0.dll
0x00007ff801c00000 - 0x00007ff801c05000 	C:\Users\Nidhi\Downloads\eclipse-java-2021-12-R-win32-x86_64\eclipse\plugins\org.eclipse.justj.openjdk.hotspot.jre.full.win32.x86_64_17.0.1.v20211116-1657\jre\bin\api-ms-win-crt-math-l1-1-0.dll
0x00007ff800d90000 - 0x00007ff800d93000 	C:\Users\Nidhi\Downloads\eclipse-java-2021-12-R-win32-x86_64\eclipse\plugins\org.eclipse.justj.openjdk.hotspot.jre.full.win32.x86_64_17.0.1.v20211116-1657\jre\bin\api-ms-win-crt-locale-l1-1-0.dll
0x00007ff8015f0000 - 0x00007ff8015f3000 	C:\Users\Nidhi\Downloads\eclipse-java-2021-12-R-win32-x86_64\eclipse\plugins\org.eclipse.justj.openjdk.hotspot.jre.full.win32.x86_64_17.0.1.v20211116-1657\jre\bin\api-ms-win-crt-heap-l1-1-0.dll
0x00007ff802b70000 - 0x00007ff802dca000 	C:\Windows\WinSxS\amd64_microsoft.windows.common-controls_6595b64144ccf1df_6.0.9600.16384_none_62475f7becb72503\COMCTL32.dll
0x00007ff805000000 - 0x00007ff805171000 	C:\Windows\system32\USER32.dll
0x00007ff801610000 - 0x00007ff801613000 	C:\Users\Nidhi\Downloads\eclipse-java-2021-12-R-win32-x86_64\eclipse\plugins\org.eclipse.justj.openjdk.hotspot.jre.full.win32.x86_64_17.0.1.v20211116-1657\jre\bin\api-ms-win-crt-filesystem-l1-1-0.dll
0x00007ff801c80000 - 0x00007ff801c84000 	C:\Users\Nidhi\Downloads\eclipse-java-2021-12-R-win32-x86_64\eclipse\plugins\org.eclipse.justj.openjdk.hotspot.jre.full.win32.x86_64_17.0.1.v20211116-1657\jre\bin\api-ms-win-crt-string-l1-1-0.dll
0x00007ff801630000 - 0x00007ff801634000 	C:\Users\Nidhi\Downloads\eclipse-java-2021-12-R-win32-x86_64\eclipse\plugins\org.eclipse.justj.openjdk.hotspot.jre.full.win32.x86_64_17.0.1.v20211116-1657\jre\bin\api-ms-win-crt-convert-l1-1-0.dll
0x00007ff8068a0000 - 0x00007ff806947000 	C:\Windows\system32\msvcrt.dll
0x00007ff806c20000 - 0x00007ff806d65000 	C:\Windows\system32\GDI32.dll
0x00007ffffa730000 - 0x00007ffffa82a000 	C:\Users\Nidhi\Downloads\eclipse-java-2021-12-R-win32-x86_64\eclipse\plugins\org.eclipse.justj.openjdk.hotspot.jre.full.win32.x86_64_17.0.1.v20211116-1657\jre\bin\ucrtbase.DLL
0x00007ff8052d0000 - 0x00007ff805304000 	C:\Windows\system32\IMM32.DLL
0x00007ff806eb0000 - 0x00007ff806fe8000 	C:\Windows\system32\MSCTF.dll
0x00007ff800cb0000 - 0x00007ff800cbc000 	C:\Users\Nidhi\Downloads\eclipse-java-2021-12-R-win32-x86_64\eclipse\plugins\org.eclipse.justj.openjdk.hotspot.jre.full.win32.x86_64_17.0.1.v20211116-1657\jre\bin\vcruntime140_1.dll
0x00007ffffaf20000 - 0x00007ffffafb1000 	C:\Users\Nidhi\Downloads\eclipse-java-2021-12-R-win32-x86_64\eclipse\plugins\org.eclipse.justj.openjdk.hotspot.jre.full.win32.x86_64_17.0.1.v20211116-1657\jre\bin\msvcp140.dll
0x00007ff801600000 - 0x00007ff801603000 	C:\Users\Nidhi\Downloads\eclipse-java-2021-12-R-win32-x86_64\eclipse\plugins\org.eclipse.justj.openjdk.hotspot.jre.full.win32.x86_64_17.0.1.v20211116-1657\jre\bin\api-ms-win-crt-time-l1-1-0.dll
0x00007ff801790000 - 0x00007ff801793000 	C:\Users\Nidhi\Downloads\eclipse-java-2021-12-R-win32-x86_64\eclipse\plugins\org.eclipse.justj.openjdk.hotspot.jre.full.win32.x86_64_17.0.1.v20211116-1657\jre\bin\api-ms-win-crt-utility-l1-1-0.dll
0x00007fffe83d0000 - 0x00007fffe9016000 	C:\Users\Nidhi\Downloads\eclipse-java-2021-12-R-win32-x86_64\eclipse\plugins\org.eclipse.justj.openjdk.hotspot.jre.full.win32.x86_64_17.0.1.v20211116-1657\jre\bin\server\jvm.dll
0x00007ff805310000 - 0x00007ff8053b5000 	C:\Windows\system32\ADVAPI32.dll
0x00007ff801d80000 - 0x00007ff801d89000 	C:\Windows\SYSTEM32\WSOCK32.dll
0x00007ff801690000 - 0x00007ff8016af000 	C:\Windows\SYSTEM32\WINMM.dll
0x00007ff8012f0000 - 0x00007ff8012fa000 	C:\Windows\SYSTEM32\VERSION.dll
0x00007ff806a10000 - 0x00007ff806a17000 	C:\Windows\system32\PSAPI.DLL
0x00007ff807410000 - 0x00007ff807467000 	C:\Windows\SYSTEM32\sechost.dll
0x00007ff805180000 - 0x00007ff8052b6000 	C:\Windows\system32\RPCRT4.dll
0x00007ff806950000 - 0x00007ff8069a8000 	C:\Windows\system32\WS2_32.dll
0x00007ff801660000 - 0x00007ff80168a000 	C:\Windows\SYSTEM32\WINMMBASE.dll
0x00007ff8052c0000 - 0x00007ff8052c9000 	C:\Windows\system32\NSI.dll
0x00007ff804a80000 - 0x00007ff804aca000 	C:\Windows\SYSTEM32\cfgmgr32.dll
0x00007ff803610000 - 0x00007ff803636000 	C:\Windows\SYSTEM32\DEVOBJ.dll
0x00007ff8015e0000 - 0x00007ff8015ea000 	C:\Users\Nidhi\Downloads\eclipse-java-2021-12-R-win32-x86_64\eclipse\plugins\org.eclipse.justj.openjdk.hotspot.jre.full.win32.x86_64_17.0.1.v20211116-1657\jre\bin\jimage.dll
0x00007ffff4de0000 - 0x00007ffff4f68000 	C:\Windows\SYSTEM32\DBGHELP.DLL
0x00007ff8015b0000 - 0x00007ff8015d5000 	C:\Users\Nidhi\Downloads\eclipse-java-2021-12-R-win32-x86_64\eclipse\plugins\org.eclipse.justj.openjdk.hotspot.jre.full.win32.x86_64_17.0.1.v20211116-1657\jre\bin\java.dll
0x00007ff8014e0000 - 0x00007ff8014f8000 	C:\Users\Nidhi\Downloads\eclipse-java-2021-12-R-win32-x86_64\eclipse\plugins\org.eclipse.justj.openjdk.hotspot.jre.full.win32.x86_64_17.0.1.v20211116-1657\jre\bin\zip.dll
0x00007ff8053d0000 - 0x00007ff8067e0000 	C:\Windows\system32\SHELL32.dll
0x00007ff8071d0000 - 0x00007ff8073a7000 	C:\Windows\SYSTEM32\combase.dll
0x00007ff806bc0000 - 0x00007ff806c11000 	C:\Windows\system32\SHLWAPI.dll
0x00007ff802dd0000 - 0x00007ff802e71000 	C:\Windows\SYSTEM32\SHCORE.dll
0x00007ff8047f0000 - 0x00007ff804804000 	C:\Windows\SYSTEM32\profapi.dll
0x00007ff8014c0000 - 0x00007ff8014d9000 	C:\Users\Nidhi\Downloads\eclipse-java-2021-12-R-win32-x86_64\eclipse\plugins\org.eclipse.justj.openjdk.hotspot.jre.full.win32.x86_64_17.0.1.v20211116-1657\jre\bin\net.dll
0x00007ffff75e0000 - 0x00007ffff76a5000 	C:\Windows\SYSTEM32\WINHTTP.dll
0x00007ff8040b0000 - 0x00007ff804108000 	C:\Windows\system32\mswsock.dll
0x00007ff8014a0000 - 0x00007ff8014b5000 	C:\Users\Nidhi\Downloads\eclipse-java-2021-12-R-win32-x86_64\eclipse\plugins\org.eclipse.justj.openjdk.hotspot.jre.full.win32.x86_64_17.0.1.v20211116-1657\jre\bin\nio.dll
0x00007ff801480000 - 0x00007ff801490000 	C:\Users\Nidhi\Downloads\eclipse-java-2021-12-R-win32-x86_64\eclipse\plugins\org.eclipse.justj.openjdk.hotspot.jre.full.win32.x86_64_17.0.1.v20211116-1657\jre\bin\verify.dll
0x00007ff804110000 - 0x00007ff80412e000 	C:\Windows\SYSTEM32\CRYPTSP.dll
0x00007ff803d50000 - 0x00007ff803d85000 	C:\Windows\system32\rsaenh.dll
0x00007ff804340000 - 0x00007ff804366000 	C:\Windows\SYSTEM32\bcrypt.dll
0x00007ff803e60000 - 0x00007ff803e7f000 	C:\Windows\SYSTEM32\USERENV.dll
0x00007ff804660000 - 0x00007ff8046be000 	C:\Windows\system32\bcryptprimitives.dll
0x00007ff8046c0000 - 0x00007ff8046ca000 	C:\Windows\SYSTEM32\CRYPTBASE.dll
0x00007fffff110000 - 0x00007fffff139000 	C:\Windows\SYSTEM32\IPHLPAPI.DLL
0x00007fffff100000 - 0x00007fffff10a000 	C:\Windows\SYSTEM32\WINNSI.DLL
0x00007ffffe500000 - 0x00007ffffe514000 	C:\Windows\SYSTEM32\dhcpcsvc6.DLL
0x00007ffffe400000 - 0x00007ffffe419000 	C:\Windows\SYSTEM32\dhcpcsvc.DLL
0x00007ff801d00000 - 0x00007ff801d0a000 	C:\Users\Nidhi\AppData\Local\Temp\jansi-1.17.1-2056250453202299060.dll
0x00007ff801ce0000 - 0x00007ff801cea000 	C:\Users\Nidhi\AppData\Local\Temp\jansi-1.17.1-3633139316674286642.dll

dbghelp: loaded successfully - version: 4.0.5 - missing functions: none
symbol engine: initialized successfully - sym options: 0x614 - pdb path: .;C:\Users\Nidhi\Downloads\eclipse-java-2021-12-R-win32-x86_64\eclipse\plugins\org.eclipse.justj.openjdk.hotspot.jre.full.win32.x86_64_17.0.1.v20211116-1657\jre\bin;C:\Windows\SYSTEM32;C:\Windows\WinSxS\amd64_microsoft.windows.common-controls_6595b64144ccf1df_6.0.9600.16384_none_62475f7becb72503;C:\Users\Nidhi\Downloads\eclipse-java-2021-12-R-win32-x86_64\eclipse\plugins\org.eclipse.justj.openjdk.hotspot.jre.full.win32.x86_64_17.0.1.v20211116-1657\jre\bin\server;C:\Users\Nidhi\AppData\Local\Temp

VM Arguments:
jvm_args: -Dmaven.home=EMBEDDED -Dclassworlds.conf=C:\Users\Nidhi\eclipse-workspace\.metadata\.plugins\org.eclipse.m2e.launching\launches\m2conf14900596154345155637.tmp -Dmaven.multiModuleProjectDirectory=C:\Users\Nidhi\Documents\workspace-spring-tool-suite-4-4.12.1.RELEASE\E-CommerceFasionBackend -Dfile.encoding=Cp1252 -XX:+ShowCodeDetailsInExceptionMessages 
java_command: org.codehaus.plexus.classworlds.launcher.Launcher -Ppom.xml -B install
java_class_path (initial): C:\Users\Nidhi\Downloads\eclipse-java-2021-12-R-win32-x86_64\eclipse\plugins\org.eclipse.m2e.maven.runtime_1.18.1.20211011-2139\jars\plexus-classworlds-2.6.0.jar
Launcher Type: SUN_STANDARD

[Global flags]
     intx CICompilerCount                          = 3                                         {product} {ergonomic}
     uint ConcGCThreads                            = 1                                         {product} {ergonomic}
     uint G1ConcRefinementThreads                  = 4                                         {product} {ergonomic}
   size_t G1HeapRegionSize                         = 1048576                                   {product} {ergonomic}
    uintx GCDrainStackTargetSize                   = 64                                        {product} {ergonomic}
   size_t InitialHeapSize                          = 67108864                                  {product} {ergonomic}
   size_t MarkStackSize                            = 4194304                                   {product} {ergonomic}
   size_t MaxHeapSize                              = 1052770304                                {product} {ergonomic}
   size_t MaxNewSize                               = 631242752                                 {product} {ergonomic}
   size_t MinHeapDeltaBytes                        = 1048576                                   {product} {ergonomic}
   size_t MinHeapSize                              = 8388608                                   {product} {ergonomic}
    uintx NonNMethodCodeHeapSize                   = 5832780                                {pd product} {ergonomic}
    uintx NonProfiledCodeHeapSize                  = 122912730                              {pd product} {ergonomic}
    uintx ProfiledCodeHeapSize                     = 122912730                              {pd product} {ergonomic}
    uintx ReservedCodeCacheSize                    = 251658240                              {pd product} {ergonomic}
     bool SegmentedCodeCache                       = true                                      {product} {ergonomic}
     bool ShowCodeDetailsInExceptionMessages       = true                                   {manageable} {command line}
   size_t SoftMaxHeapSize                          = 1052770304                             {manageable} {ergonomic}
     bool UseCompressedClassPointers               = true                           {product lp64_product} {ergonomic}
     bool UseCompressedOops                        = true                           {product lp64_product} {ergonomic}
     bool UseG1GC                                  = true                                      {product} {ergonomic}
     bool UseLargePagesIndividualAllocation        = false                                  {pd product} {ergonomic}

Logging:
Log output configuration:
 #0: stdout all=warning uptime,level,tags
 #1: stderr all=off uptime,level,tags

Environment Variables:
PATH=C:/Users/Nidhi/Downloads/eclipse-java-2021-12-R-win32-x86_64/eclipse//plugins/org.eclipse.justj.openjdk.hotspot.jre.full.win32.x86_64_17.0.1.v20211116-1657/jre/bin/server;C:/Users/Nidhi/Downloads/eclipse-java-2021-12-R-win32-x86_64/eclipse//plugins/org.eclipse.justj.openjdk.hotspot.jre.full.win32.x86_64_17.0.1.v20211116-1657/jre/bin;C:\Program Files\Common Files\Oracle\Java\javapath;C:\Program Files (x86)\Common Files\Oracle\Java\javapath;C:\ProgramData\Oracle\Java\javapath;C:\Program Files\Java\jre1.8.0_121\bin;C:\xampp\php;C:\Users\Default\Desktop;C:\Users\Nidhi\Anaconda4\Scripts\;C:\Program Files\Microsoft VS Code\bin;C:\Program Files\Git\cmd;C:\Program Files\nodejs\;C:\Users\Nidhi\Anaconda3;C:\Users\Nidhi\Anaconda3\Library\mingw-w64\bin;C:\Users\Nidhi\Anaconda3\Library\usr\bin;C:\Users\Nidhi\Anaconda3\Library\bin;C:\Users\Nidhi\Anaconda3\Scripts;C:\Program Files\Java\jdk1.8.0_121\bin;C:\Users\Nidhi\AppData\Roaming\Composer\vendor\bin;C:\Program Files\Microsoft VS Code\bin;C:\Users\Nidhi\AppData\Local\GitHubDesktop\bin;C:\Users\Nidhi\AppData\Roaming\npm;C:\Users\Nidhi\Downloads\eclipse-java-2021-12-R-win32-x86_64\eclipse;
USERNAME=Nidhi
OS=Windows_NT
PROCESSOR_IDENTIFIER=Intel64 Family 6 Model 61 Stepping 4, GenuineIntel



---------------  S Y S T E M  ---------------

OS:
 Windows 8.1 , 64 bit Build 9600 (6.3.9600.16656)
OS uptime: 12 days 8:30 hours

CPU: total 4 (initial active 4) (2 cores per cpu, 2 threads per core) family 6 model 61 stepping 4 microcode 0x1f, cx8, cmov, fxsr, ht, mmx, 3dnowpref, sse, sse2, sse3, ssse3, sse4.1, sse4.2, popcnt, lzcnt, tsc, tscinvbit, avx, avx2, aes, erms, clmul, bmi1, bmi2, adx, fma, vzeroupper, clflush

Memory: 4k page, system-wide physical 4011M (293M free)
TotalPageFile size 4011M (AvailPageFile size 6M)
current process WorkingSet (physical memory assigned to process): 129M, peak: 131M
current process commit charge ("private bytes"): 174M, peak: 176M

vm_info: OpenJDK 64-Bit Server VM (17.0.1+12) for windows-amd64 JRE (17.0.1+12), built on Oct 20 2021 07:42:55 by "" with MS VC++ 16.7 (VS2019)

END.
