#
# There is insufficient memory for the Java Runtime Environment to continue.
# Native memory allocation (mmap) failed to map 1048576 bytes for G1 virtual space
# Possible reasons:
#   The system is out of physical RAM or swap space
#   The process is running with CompressedOops enabled, and the Java Heap may be blocking the growth of the native heap
# Possible solutions:
#   Reduce memory load on the system
#   Increase physical memory or swap space
#   Check if swap backing store is full
#   Decrease Java heap size (-Xmx/-Xms)
#   Decrease number of Java threads
#   Decrease Java thread stack sizes (-Xss)
#   Set larger code cache with -XX:ReservedCodeCacheSize=
#   JVM is running with Unscaled Compressed Oops mode in which the Java heap is
#     placed in the first 4GB address space. The Java Heap base address is the
#     maximum limit for the native heap growth. Please use -XX:HeapBaseMinAddress
#     to set the Java Heap base and to place the Java Heap above 4GB virtual address.
# This output file may be truncated or incomplete.
#
#  Out of Memory Error (os_windows.cpp:3469), pid=5204, tid=6984
#
# JRE version: OpenJDK Runtime Environment Temurin-17.0.1+12 (17.0.1+12) (build 17.0.1+12)
# Java VM: OpenJDK 64-Bit Server VM Temurin-17.0.1+12 (17.0.1+12, mixed mode, tiered, compressed oops, compressed class ptrs, g1 gc, windows-amd64)
# No core dump will be written. Minidumps are not enabled by default on client versions of Windows
#

---------------  S U M M A R Y ------------

Command Line: -Dmaven.home=EMBEDDED -Dclassworlds.conf=C:\Users\Nidhi\eclipse-workspace\.metadata\.plugins\org.eclipse.m2e.launching\launches\m2conf11929487369347949256.tmp -Dmaven.multiModuleProjectDirectory=C:\Users\Nidhi\Documents\workspace-spring-tool-suite-4-4.12.1.RELEASE\E-CommerceFasionBackend -Dfile.encoding=Cp1252 -XX:+ShowCodeDetailsInExceptionMessages org.codehaus.plexus.classworlds.launcher.Launcher -Ppom.xml -B install

Host: Intel(R) Core(TM) i5-5200U CPU @ 2.20GHz, 4 cores, 3G,  Windows 8.1 , 64 bit Build 9600 (6.3.9600.16656)
Time: Tue Dec 21 22:51:16 2021 India Standard Time elapsed time: 15.053342 seconds (0d 0h 0m 15s)

---------------  T H R E A D  ---------------

Current thread (0x000000509ab0fa60):  JavaThread "main" [_thread_in_vm, id=6984, stack(0x000000509a1c0000,0x000000509a2c0000)]

Stack: [0x000000509a1c0000,0x000000509a2c0000]
Native frames: (J=compiled Java code, j=interpreted, Vv=VM code, C=native code)
V  [jvm.dll+0x6744da]
V  [jvm.dll+0x82e144]
V  [jvm.dll+0x82f8ee]
V  [jvm.dll+0x82ff53]
V  [jvm.dll+0x245175]
V  [jvm.dll+0x6714c9]
V  [jvm.dll+0x665f92]
V  [jvm.dll+0x303c3b]
V  [jvm.dll+0x30b176]
V  [jvm.dll+0x35ac0b]
V  [jvm.dll+0x35b230]
V  [jvm.dll+0x35ade6]
V  [jvm.dll+0x2db0c4]
V  [jvm.dll+0x2d7106]
V  [jvm.dll+0x607c73]
V  [jvm.dll+0x20fe95]
V  [jvm.dll+0x7f81f6]
V  [jvm.dll+0x187c6e]
C  0x000000509e285b72

Java frames: (J=compiled Java code, j=interpreted, Vv=VM code)
v  ~RuntimeStub::new_type_array Runtime1 stub
J 3557 c1 java.nio.HeapByteBuffer.<init>(IILjdk/internal/access/foreign/MemorySegmentProxy;)V java.base@17.0.1 (21 bytes) @ 0x000000509ee02508 [0x000000509ee023a0+0x0000000000000168]
j  java.nio.ByteBuffer.allocate(I)Ljava/nio/ByteBuffer;+16 java.base@17.0.1
j  org.apache.maven.shared.utils.io.FileUtils.copyFile(Ljava/io/File;Ljava/io/File;Ljava/lang/String;[Lorg/apache/maven/shared/utils/io/FileUtils$FilterWrapper;Z)V+288
j  org.apache.maven.shared.filtering.DefaultMavenFileFilter.copyFile(Ljava/io/File;Ljava/io/File;ZLjava/util/List;Ljava/lang/String;Z)V+82
j  org.apache.maven.shared.filtering.DefaultMavenResourcesFiltering.filterResources(Lorg/apache/maven/shared/filtering/MavenResourcesExecution;)V+1116
j  org.apache.maven.plugins.resources.ResourcesMojo.execute()V+236
j  org.apache.maven.plugin.DefaultBuildPluginManager.executeMojo(Lorg/apache/maven/execution/MavenSession;Lorg/apache/maven/plugin/MojoExecution;)V+152
j  org.apache.maven.lifecycle.internal.MojoExecutor.execute(Lorg/apache/maven/execution/MavenSession;Lorg/apache/maven/plugin/MojoExecution;Lorg/apache/maven/lifecycle/internal/ProjectIndex;Lorg/apache/maven/lifecycle/internal/DependencyContext;)V+215
j  org.apache.maven.lifecycle.internal.MojoExecutor.execute(Lorg/apache/maven/execution/MavenSession;Lorg/apache/maven/plugin/MojoExecution;Lorg/apache/maven/lifecycle/internal/ProjectIndex;Lorg/apache/maven/lifecycle/internal/DependencyContext;Lorg/apache/maven/lifecycle/internal/PhaseRecorder;)V+6
j  org.apache.maven.lifecycle.internal.MojoExecutor.execute(Lorg/apache/maven/execution/MavenSession;Ljava/util/List;Lorg/apache/maven/lifecycle/internal/ProjectIndex;)V+60
j  org.apache.maven.lifecycle.internal.LifecycleModuleBuilder.buildProject(Lorg/apache/maven/execution/MavenSession;Lorg/apache/maven/execution/MavenSession;Lorg/apache/maven/lifecycle/internal/ReactorContext;Lorg/apache/maven/project/MavenProject;Lorg/apache/maven/lifecycle/internal/TaskSegment;)V+179
j  org.apache.maven.lifecycle.internal.LifecycleModuleBuilder.buildProject(Lorg/apache/maven/execution/MavenSession;Lorg/apache/maven/lifecycle/internal/ReactorContext;Lorg/apache/maven/project/MavenProject;Lorg/apache/maven/lifecycle/internal/TaskSegment;)V+7
j  org.apache.maven.lifecycle.internal.builder.singlethreaded.SingleThreadedBuilder.build(Lorg/apache/maven/execution/MavenSession;Lorg/apache/maven/lifecycle/internal/ReactorContext;Lorg/apache/maven/lifecycle/internal/ProjectBuildList;Ljava/util/List;Lorg/apache/maven/lifecycle/internal/ReactorBuildStatus;)V+77
j  org.apache.maven.lifecycle.internal.LifecycleStarter.execute(Lorg/apache/maven/execution/MavenSession;)V+348
j  org.apache.maven.DefaultMaven.doExecute(Lorg/apache/maven/execution/MavenExecutionRequest;Lorg/apache/maven/execution/MavenSession;Lorg/apache/maven/execution/MavenExecutionResult;Lorg/eclipse/aether/DefaultRepositorySystemSession;)Lorg/apache/maven/execution/MavenExecutionResult;+425
j  org.apache.maven.DefaultMaven.doExecute(Lorg/apache/maven/execution/MavenExecutionRequest;)Lorg/apache/maven/execution/MavenExecutionResult;+98
j  org.apache.maven.DefaultMaven.execute(Lorg/apache/maven/execution/MavenExecutionRequest;)Lorg/apache/maven/execution/MavenExecutionResult;+2
j  org.apache.maven.cli.MavenCli.execute(Lorg/apache/maven/cli/CliRequest;)I+27
j  org.apache.maven.cli.MavenCli.doMain(Lorg/apache/maven/cli/CliRequest;)I+66
j  org.apache.maven.cli.MavenCli.main([Ljava/lang/String;Lorg/codehaus/plexus/classworlds/ClassWorld;)I+24
v  ~StubRoutines::call_stub
j  jdk.internal.reflect.NativeMethodAccessorImpl.invoke0(Ljava/lang/reflect/Method;Ljava/lang/Object;[Ljava/lang/Object;)Ljava/lang/Object;+0 java.base@17.0.1
j  jdk.internal.reflect.NativeMethodAccessorImpl.invoke(Ljava/lang/Object;[Ljava/lang/Object;)Ljava/lang/Object;+133 java.base@17.0.1
j  jdk.internal.reflect.DelegatingMethodAccessorImpl.invoke(Ljava/lang/Object;[Ljava/lang/Object;)Ljava/lang/Object;+6 java.base@17.0.1
j  java.lang.reflect.Method.invoke(Ljava/lang/Object;[Ljava/lang/Object;)Ljava/lang/Object;+59 java.base@17.0.1
j  org.codehaus.plexus.classworlds.launcher.Launcher.launchEnhanced([Ljava/lang/String;)V+45
j  org.codehaus.plexus.classworlds.launcher.Launcher.launch([Ljava/lang/String;)V+2
j  org.codehaus.plexus.classworlds.launcher.Launcher.mainWithExitCode([Ljava/lang/String;)I+101
j  org.codehaus.plexus.classworlds.launcher.Launcher.main([Ljava/lang/String;)V+1
v  ~StubRoutines::call_stub

---------------  P R O C E S S  ---------------

Threads class SMR info:
_java_thread_list=0x00000050b2f20dc0, length=12, elements={
0x000000509ab0fa60, 0x00000050b20b8450, 0x00000050b20ba6e0, 0x00000050b210e010,
0x00000050b210e8d0, 0x00000050b21178b0, 0x00000050b2def330, 0x00000050b2df1390,
0x00000050b2df3d50, 0x00000050b2df5e40, 0x00000050b2df01a0, 0x00000050b2dee990
}

Java Threads: ( => current thread )
=>0x000000509ab0fa60 JavaThread "main" [_thread_in_vm, id=6984, stack(0x000000509a1c0000,0x000000509a2c0000)]
  0x00000050b20b8450 JavaThread "Reference Handler" daemon [_thread_blocked, id=3016, stack(0x00000050b2230000,0x00000050b2330000)]
  0x00000050b20ba6e0 JavaThread "Finalizer" daemon [_thread_blocked, id=1884, stack(0x00000050b2c00000,0x00000050b2d00000)]
  0x00000050b210e010 JavaThread "Signal Dispatcher" daemon [_thread_blocked, id=5720, stack(0x00000050b31e0000,0x00000050b32e0000)]
  0x00000050b210e8d0 JavaThread "Attach Listener" daemon [_thread_blocked, id=2024, stack(0x00000050b32e0000,0x00000050b33e0000)]
  0x00000050b21178b0 JavaThread "Service Thread" daemon [_thread_blocked, id=6996, stack(0x00000050b33e0000,0x00000050b34e0000)]
  0x00000050b2def330 JavaThread "Monitor Deflation Thread" daemon [_thread_blocked, id=1784, stack(0x00000050b34e0000,0x00000050b35e0000)]
  0x00000050b2df1390 JavaThread "C2 CompilerThread0" daemon [_thread_blocked, id=8380, stack(0x00000050b35e0000,0x00000050b36e0000)]
  0x00000050b2df3d50 JavaThread "C1 CompilerThread0" daemon [_thread_blocked, id=3952, stack(0x00000050b36e0000,0x00000050b37e0000)]
  0x00000050b2df5e40 JavaThread "Sweeper thread" daemon [_thread_blocked, id=2324, stack(0x00000050b37e0000,0x00000050b38e0000)]
  0x00000050b2df01a0 JavaThread "Notification Thread" daemon [_thread_blocked, id=9188, stack(0x00000050b38e0000,0x00000050b39e0000)]
  0x00000050b2dee990 JavaThread "Common-Cleaner" daemon [_thread_blocked, id=5312, stack(0x00000050b3ae0000,0x00000050b3be0000)]

Other Threads:
  0x00000050b205e620 VMThread "VM Thread" [stack: 0x00000050b2130000,0x00000050b2230000] [id=6256]
  0x000000509ab59250 WatcherThread [stack: 0x00000050b39e0000,0x00000050b3ae0000] [id=7948]
  0x000000509ab3e550 GCTaskThread "GC Thread#0" [stack: 0x000000509a940000,0x000000509aa40000] [id=2404]
  0x00000050b41648a0 GCTaskThread "GC Thread#1" [stack: 0x00000050b4ac0000,0x00000050b4bc0000] [id=5320]
  0x00000050b4163b30 GCTaskThread "GC Thread#2" [stack: 0x00000050b63d0000,0x00000050b64d0000] [id=5764]
  0x00000050b41650b0 GCTaskThread "GC Thread#3" [stack: 0x00000050b64d0000,0x00000050b65d0000] [id=8224]
  0x000000509ab47e40 ConcurrentGCThread "G1 Main Marker" [stack: 0x00000050af6f0000,0x00000050af7f0000] [id=5452]
  0x000000509ab4a870 ConcurrentGCThread "G1 Conc#0" [stack: 0x00000050af7f0000,0x00000050af8f0000] [id=3780]
  0x000000509ab9dd60 ConcurrentGCThread "G1 Refine#0" [stack: 0x00000050b1d30000,0x00000050b1e30000] [id=5984]
  0x000000509aba06b0 ConcurrentGCThread "G1 Service" [stack: 0x00000050b1e30000,0x00000050b1f30000] [id=3100]

Threads with active compile tasks:
C2 CompilerThread0    15130 3531  s!   4       jdk.internal.loader.URLClassPath::getLoader (194 bytes)

VM state: not at safepoint (normal execution)

VM Mutex/Monitor currently owned by a thread:  ([mutex/lock_event])
[0x000000509ab0c6c0] Heap_lock - owner thread: 0x000000509ab0fa60

Heap address: 0x00000000c1400000, size: 1004 MB, Compressed Oops mode: 32-bit

CDS archive(s) not mapped
Compressed class space mapped at: 0x0000000100000000-0x0000000140000000, reserved size: 1073741824
Narrow klass base: 0x0000000000000000, Narrow klass shift: 3, Narrow klass range: 0x140000000

GC Precious Log:
 CPUs: 4 total, 4 available
 Memory: 4011M
 Large Page Support: Disabled
 NUMA Support: Disabled
 Compressed Oops: Enabled (32-bit)
 Heap Region Size: 1M
 Heap Min Capacity: 8M
 Heap Initial Capacity: 64M
 Heap Max Capacity: 1004M
 Pre-touch: Disabled
 Parallel Workers: 4
 Concurrent Workers: 1
 Concurrent Refinement Workers: 4
 Periodic GC: Disabled

Heap:
 garbage-first heap   total 61440K, used 41022K [0x00000000c1400000, 0x0000000100000000)
  region size 1024K, 11 young (11264K), 3 survivors (3072K)
 Metaspace       used 22335K, committed 22592K, reserved 1073152K
  class space    used 2298K, committed 2432K, reserved 1048576K

Heap Regions: E=young(eden), S=young(survivor), O=old, HS=humongous(starts), HC=humongous(continues), CS=collection set, F=free, OA=open archive, CA=closed archive, TAMS=top-at-mark-start (previous, next)
|   0|0x00000000c1400000, 0x00000000c1500000, 0x00000000c1500000|100%| O|  |TAMS 0x00000000c1500000, 0x00000000c1400000| Untracked 
|   1|0x00000000c1500000, 0x00000000c1600000, 0x00000000c1600000|100%| O|  |TAMS 0x00000000c1600000, 0x00000000c1500000| Untracked 
|   2|0x00000000c1600000, 0x00000000c1700000, 0x00000000c1700000|100%| O|  |TAMS 0x00000000c1700000, 0x00000000c1600000| Untracked 
|   3|0x00000000c1700000, 0x00000000c1800000, 0x00000000c1800000|100%| O|  |TAMS 0x00000000c1800000, 0x00000000c1700000| Untracked 
|   4|0x00000000c1800000, 0x00000000c1900000, 0x00000000c1900000|100%| O|  |TAMS 0x00000000c1900000, 0x00000000c1800000| Untracked 
|   5|0x00000000c1900000, 0x00000000c1a00000, 0x00000000c1a00000|100%| O|  |TAMS 0x00000000c1a00000, 0x00000000c1900000| Untracked 
|   6|0x00000000c1a00000, 0x00000000c1b00000, 0x00000000c1b00000|100%| O|  |TAMS 0x00000000c1a13a00, 0x00000000c1a00000| Untracked 
|   7|0x00000000c1b00000, 0x00000000c1c00000, 0x00000000c1c00000|100%| O|  |TAMS 0x00000000c1b00000, 0x00000000c1b00000| Untracked 
|   8|0x00000000c1c00000, 0x00000000c1d00000, 0x00000000c1d00000|100%| O|  |TAMS 0x00000000c1c00000, 0x00000000c1c00000| Untracked 
|   9|0x00000000c1d00000, 0x00000000c1db7000, 0x00000000c1e00000| 71%| O|  |TAMS 0x00000000c1d00000, 0x00000000c1d00000| Complete 
|  10|0x00000000c1e00000, 0x00000000c1f00000, 0x00000000c1f00000|100%|HS|  |TAMS 0x00000000c1e00000, 0x00000000c1e00000| Complete 
|  11|0x00000000c1f00000, 0x00000000c2000000, 0x00000000c2000000|100%|HC|  |TAMS 0x00000000c1f00000, 0x00000000c1f00000| Complete 
|  12|0x00000000c2000000, 0x00000000c2100000, 0x00000000c2100000|100%|HC|  |TAMS 0x00000000c2000000, 0x00000000c2000000| Complete 
|  13|0x00000000c2100000, 0x00000000c2200000, 0x00000000c2200000|100%|HC|  |TAMS 0x00000000c2100000, 0x00000000c2100000| Complete 
|  14|0x00000000c2200000, 0x00000000c2300000, 0x00000000c2300000|100%|HC|  |TAMS 0x00000000c2200000, 0x00000000c2200000| Complete 
|  15|0x00000000c2300000, 0x00000000c2400000, 0x00000000c2400000|100%|HC|  |TAMS 0x00000000c2300000, 0x00000000c2300000| Complete 
|  16|0x00000000c2400000, 0x00000000c2500000, 0x00000000c2500000|100%|HC|  |TAMS 0x00000000c2400000, 0x00000000c2400000| Complete 
|  17|0x00000000c2500000, 0x00000000c2600000, 0x00000000c2600000|100%|HC|  |TAMS 0x00000000c2500000, 0x00000000c2500000| Complete 
|  18|0x00000000c2600000, 0x00000000c2700000, 0x00000000c2700000|100%|HS|  |TAMS 0x00000000c2600000, 0x00000000c2600000| Complete 
|  19|0x00000000c2700000, 0x00000000c2800000, 0x00000000c2800000|100%|HC|  |TAMS 0x00000000c2700000, 0x00000000c2700000| Complete 
|  20|0x00000000c2800000, 0x00000000c2900000, 0x00000000c2900000|100%|HC|  |TAMS 0x00000000c2800000, 0x00000000c2800000| Complete 
|  21|0x00000000c2900000, 0x00000000c2a00000, 0x00000000c2a00000|100%|HC|  |TAMS 0x00000000c2900000, 0x00000000c2900000| Complete 
|  22|0x00000000c2a00000, 0x00000000c2b00000, 0x00000000c2b00000|100%|HC|  |TAMS 0x00000000c2a00000, 0x00000000c2a00000| Complete 
|  23|0x00000000c2b00000, 0x00000000c2c00000, 0x00000000c2c00000|100%|HC|  |TAMS 0x00000000c2b00000, 0x00000000c2b00000| Complete 
|  24|0x00000000c2c00000, 0x00000000c2d00000, 0x00000000c2d00000|100%|HC|  |TAMS 0x00000000c2c00000, 0x00000000c2c00000| Complete 
|  25|0x00000000c2d00000, 0x00000000c2e00000, 0x00000000c2e00000|100%|HC|  |TAMS 0x00000000c2d00000, 0x00000000c2d00000| Complete 
|  26|0x00000000c2e00000, 0x00000000c2f00000, 0x00000000c2f00000|100%|HC|  |TAMS 0x00000000c2e00000, 0x00000000c2e00000| Complete 
|  27|0x00000000c2f00000, 0x00000000c3000000, 0x00000000c3000000|100%|HC|  |TAMS 0x00000000c2f00000, 0x00000000c2f00000| Complete 
|  28|0x00000000c3000000, 0x00000000c3100000, 0x00000000c3100000|100%|HC|  |TAMS 0x00000000c3000000, 0x00000000c3000000| Complete 
|  29|0x00000000c3100000, 0x00000000c3200000, 0x00000000c3200000|100%|HC|  |TAMS 0x00000000c3100000, 0x00000000c3100000| Complete 
|  30|0x00000000c3200000, 0x00000000c3200000, 0x00000000c3300000|  0%| F|  |TAMS 0x00000000c3200000, 0x00000000c3200000| Untracked 
|  31|0x00000000c3300000, 0x00000000c3300000, 0x00000000c3400000|  0%| F|  |TAMS 0x00000000c3300000, 0x00000000c3300000| Untracked 
|  32|0x00000000c3400000, 0x00000000c3458a20, 0x00000000c3500000| 34%| S|CS|TAMS 0x00000000c3400000, 0x00000000c3400000| Complete 
|  33|0x00000000c3500000, 0x00000000c3600000, 0x00000000c3600000|100%| S|CS|TAMS 0x00000000c3500000, 0x00000000c3500000| Complete 
|  34|0x00000000c3600000, 0x00000000c3700000, 0x00000000c3700000|100%| S|CS|TAMS 0x00000000c3600000, 0x00000000c3600000| Complete 
|  35|0x00000000c3700000, 0x00000000c3700000, 0x00000000c3800000|  0%| F|  |TAMS 0x00000000c3700000, 0x00000000c3700000| Untracked 
|  36|0x00000000c3800000, 0x00000000c3800000, 0x00000000c3900000|  0%| F|  |TAMS 0x00000000c3800000, 0x00000000c3800000| Untracked 
|  37|0x00000000c3900000, 0x00000000c3900000, 0x00000000c3a00000|  0%| F|  |TAMS 0x00000000c3900000, 0x00000000c3900000| Untracked 
|  38|0x00000000c3a00000, 0x00000000c3a00000, 0x00000000c3b00000|  0%| F|  |TAMS 0x00000000c3a00000, 0x00000000c3a00000| Untracked 
|  39|0x00000000c3b00000, 0x00000000c3b00000, 0x00000000c3c00000|  0%| F|  |TAMS 0x00000000c3b00000, 0x00000000c3b00000| Untracked 
|  40|0x00000000c3c00000, 0x00000000c3c00000, 0x00000000c3d00000|  0%| F|  |TAMS 0x00000000c3c00000, 0x00000000c3c00000| Untracked 
|  41|0x00000000c3d00000, 0x00000000c3d00000, 0x00000000c3e00000|  0%| F|  |TAMS 0x00000000c3d00000, 0x00000000c3d00000| Untracked 
|  42|0x00000000c3e00000, 0x00000000c3f00000, 0x00000000c3f00000|100%| E|  |TAMS 0x00000000c3e00000, 0x00000000c3e00000| Complete 
|  43|0x00000000c3f00000, 0x00000000c4000000, 0x00000000c4000000|100%| E|CS|TAMS 0x00000000c3f00000, 0x00000000c3f00000| Complete 
|  44|0x00000000c4000000, 0x00000000c4100000, 0x00000000c4100000|100%| E|CS|TAMS 0x00000000c4000000, 0x00000000c4000000| Complete 
|  45|0x00000000c4100000, 0x00000000c4200000, 0x00000000c4200000|100%| E|CS|TAMS 0x00000000c4100000, 0x00000000c4100000| Complete 
|  46|0x00000000c4200000, 0x00000000c4300000, 0x00000000c4300000|100%| E|CS|TAMS 0x00000000c4200000, 0x00000000c4200000| Complete 
|  47|0x00000000c4300000, 0x00000000c4400000, 0x00000000c4400000|100%| E|CS|TAMS 0x00000000c4300000, 0x00000000c4300000| Complete 
|  48|0x00000000c4400000, 0x00000000c4400000, 0x00000000c4500000|  0%| F|  |TAMS 0x00000000c4400000, 0x00000000c4400000| Untracked 
|  49|0x00000000c4500000, 0x00000000c4500000, 0x00000000c4600000|  0%| F|  |TAMS 0x00000000c4500000, 0x00000000c4500000| Untracked 
|  50|0x00000000c4600000, 0x00000000c4600000, 0x00000000c4700000|  0%| F|  |TAMS 0x00000000c4600000, 0x00000000c4600000| Untracked 
|  51|0x00000000c4700000, 0x00000000c4700000, 0x00000000c4800000|  0%| F|  |TAMS 0x00000000c4700000, 0x00000000c4700000| Untracked 
|  52|0x00000000c4800000, 0x00000000c4800000, 0x00000000c4900000|  0%| F|  |TAMS 0x00000000c4800000, 0x00000000c4800000| Untracked 
|  53|0x00000000c4900000, 0x00000000c4900000, 0x00000000c4a00000|  0%| F|  |TAMS 0x00000000c4900000, 0x00000000c4900000| Untracked 
|  54|0x00000000c4a00000, 0x00000000c4a00000, 0x00000000c4b00000|  0%| F|  |TAMS 0x00000000c4a00000, 0x00000000c4a00000| Untracked 
|  55|0x00000000c4b00000, 0x00000000c4b00000, 0x00000000c4c00000|  0%| F|  |TAMS 0x00000000c4b00000, 0x00000000c4b00000| Untracked 
|  56|0x00000000c4c00000, 0x00000000c4c00000, 0x00000000c4d00000|  0%| F|  |TAMS 0x00000000c4c00000, 0x00000000c4c00000| Untracked 
|  57|0x00000000c4d00000, 0x00000000c4d00000, 0x00000000c4e00000|  0%| F|  |TAMS 0x00000000c4d00000, 0x00000000c4d00000| Untracked 
|  62|0x00000000c5200000, 0x00000000c5300000, 0x00000000c5300000|100%| E|CS|TAMS 0x00000000c5200000, 0x00000000c5200000| Complete 
|  63|0x00000000c5300000, 0x00000000c5400000, 0x00000000c5400000|100%| E|CS|TAMS 0x00000000c5300000, 0x00000000c5300000| Complete 

Card table byte_map: [0x00000050ad390000,0x00000050ad590000] _byte_map_base: 0x00000050acd86000

Marking Bits (Prev, Next): (CMBitMap*) 0x000000509ab3eba0, (CMBitMap*) 0x000000509ab3eb60
 Prev Bits: [0x00000050ae740000, 0x00000050af6f0000)
 Next Bits: [0x00000050ad790000, 0x00000050ae740000)

Polling page: 0x0000005098a80000

Metaspace:

Usage:
  Non-class:     19.57 MB used.
      Class:      2.24 MB used.
       Both:     21.81 MB used.

Virtual space:
  Non-class space:       24.00 MB reserved,      19.69 MB ( 82%) committed,  3 nodes.
      Class space:        1.00 GB reserved,       2.38 MB ( <1%) committed,  1 nodes.
             Both:        1.02 GB reserved,      22.06 MB (  2%) committed. 

Chunk freelists:
   Non-Class:  16.00 KB
       Class:  1.59 MB
        Both:  1.61 MB

MaxMetaspaceSize: unlimited
CompressedClassSpaceSize: 1.00 GB
Initial GC threshold: 21.00 MB
Current GC threshold: 35.13 MB
CDS: off
MetaspaceReclaimPolicy: balanced
 - commit_granule_bytes: 65536.
 - commit_granule_words: 8192.
 - virtual_space_node_default_size: 1048576.
 - enlarge_chunks_in_place: 1.
 - new_chunks_are_fully_committed: 0.
 - uncommit_free_chunks: 1.
 - use_allocation_guard: 0.
 - handle_deallocations: 1.


Internal statistics:

num_allocs_failed_limit: 3.
num_arena_births: 78.
num_arena_deaths: 0.
num_vsnodes_births: 4.
num_vsnodes_deaths: 0.
num_space_committed: 353.
num_space_uncommitted: 0.
num_chunks_returned_to_freelist: 3.
num_chunks_taken_from_freelist: 568.
num_chunk_merges: 3.
num_chunk_splits: 395.
num_chunks_enlarged: 312.
num_purges: 0.
num_inconsistent_stats: 0.

CodeHeap 'non-profiled nmethods': size=120000Kb used=1529Kb max_used=1529Kb free=118470Kb
 bounds [0x00000050a5c60000, 0x00000050a5ed0000, 0x00000050ad190000]
CodeHeap 'profiled nmethods': size=120000Kb used=6988Kb max_used=6988Kb free=113011Kb
 bounds [0x000000509e730000, 0x000000509ee10000, 0x00000050a5c60000]
CodeHeap 'non-nmethods': size=5760Kb used=1182Kb max_used=1230Kb free=4577Kb
 bounds [0x000000509e190000, 0x000000509e400000, 0x000000509e730000]
 total_blobs=4003 nmethods=3529 adapters=386
 compilation: enabled
              stopped_count=0, restarted_count=0
 full_count=0

Compilation events (20 events):
Event: 14.988 Thread 0x00000050b2df3d50 3549   !   2       sun.nio.cs.StreamEncoder::write (78 bytes)
Event: 14.990 Thread 0x00000050b2df3d50 nmethod 3549 0x000000509edff010 code [0x000000509edff200, 0x000000509edff678]
Event: 14.990 Thread 0x00000050b2df3d50 3550       2       sun.nio.cs.StreamEncoder::ensureOpen (18 bytes)
Event: 14.990 Thread 0x00000050b2df3d50 nmethod 3550 0x000000509edffa10 code [0x000000509edffbc0, 0x000000509edffd88]
Event: 14.990 Thread 0x00000050b2df3d50 3551       2       sun.nio.cs.StreamEncoder::implWrite (15 bytes)
Event: 14.991 Thread 0x00000050b2df3d50 nmethod 3551 0x000000509edffe90 code [0x000000509ee00040, 0x000000509ee00198]
Event: 14.991 Thread 0x00000050b2df3d50 3552       2       sun.nio.cs.StreamEncoder::implWrite (137 bytes)
Event: 14.993 Thread 0x00000050b2df3d50 nmethod 3552 0x000000509ee00290 code [0x000000509ee00480, 0x000000509ee00868]
Event: 14.993 Thread 0x00000050b2df3d50 3554       2       sun.nio.cs.SingleByte$Encoder::encodeLoop (28 bytes)
Event: 14.994 Thread 0x00000050b2df3d50 nmethod 3554 0x000000509ee00b10 code [0x000000509ee00cc0, 0x000000509ee00e98]
Event: 14.994 Thread 0x00000050b2df3d50 3556       2       sun.nio.cs.SingleByte$Encoder::encode (32 bytes)
Event: 14.995 Thread 0x00000050b2df3d50 nmethod 3556 0x000000509ee00f90 code [0x000000509ee01140, 0x000000509ee012f8]
Event: 14.995 Thread 0x00000050b2df3d50 3553   !   2       java.nio.charset.CharsetEncoder::encode (273 bytes)
Event: 15.000 Thread 0x00000050b2df3d50 nmethod 3553 0x000000509ee01410 code [0x000000509ee01640, 0x000000509ee01d98]
Event: 15.013 Thread 0x00000050b2df3d50 3557       2       java.nio.HeapByteBuffer::<init> (21 bytes)
Event: 15.014 Thread 0x00000050b2df3d50 nmethod 3557 0x000000509ee02210 code [0x000000509ee023a0, 0x000000509ee025a8]
Event: 15.015 Thread 0x00000050b2df3d50 3558       2       org.codehaus.plexus.classworlds.realm.ClassRealm::getClassRealmLoadingLock (14 bytes)
Event: 15.016 Thread 0x00000050b2df3d50 nmethod 3558 0x000000509ee02690 code [0x000000509ee02820, 0x000000509ee02948]
Event: 15.021 Thread 0x00000050b2df3d50 3559   !   2       org.codehaus.plexus.classworlds.realm.ClassRealm::loadClassFromSelf (40 bytes)
Event: 15.022 Thread 0x00000050b2df3d50 nmethod 3559 0x000000509ee02a10 code [0x000000509ee02be0, 0x000000509ee02ef8]

GC Heap History (10 events):
Event: 3.468 GC heap before
{Heap before GC invocations=0 (full 0):
 garbage-first heap   total 65536K, used 13312K [0x00000000c1400000, 0x0000000100000000)
  region size 1024K, 13 young (13312K), 0 survivors (0K)
 Metaspace       used 11477K, committed 11648K, reserved 1064960K
  class space    used 1062K, committed 1152K, reserved 1048576K
}
Event: 3.482 GC heap after
{Heap after GC invocations=1 (full 0):
 garbage-first heap   total 65536K, used 2878K [0x00000000c1400000, 0x0000000100000000)
  region size 1024K, 2 young (2048K), 2 survivors (2048K)
 Metaspace       used 11477K, committed 11648K, reserved 1064960K
  class space    used 1062K, committed 1152K, reserved 1048576K
}
Event: 5.696 GC heap before
{Heap before GC invocations=1 (full 0):
 garbage-first heap   total 65536K, used 17214K [0x00000000c1400000, 0x0000000100000000)
  region size 1024K, 16 young (16384K), 2 survivors (2048K)
 Metaspace       used 13687K, committed 13824K, reserved 1064960K
  class space    used 1361K, committed 1408K, reserved 1048576K
}
Event: 5.715 GC heap after
{Heap after GC invocations=2 (full 0):
 garbage-first heap   total 65536K, used 3708K [0x00000000c1400000, 0x0000000100000000)
  region size 1024K, 1 young (1024K), 1 survivors (1024K)
 Metaspace       used 13687K, committed 13824K, reserved 1064960K
  class space    used 1361K, committed 1408K, reserved 1048576K
}
Event: 8.860 GC heap before
{Heap before GC invocations=2 (full 0):
 garbage-first heap   total 65536K, used 41596K [0x00000000c1400000, 0x0000000100000000)
  region size 1024K, 38 young (38912K), 1 survivors (1024K)
 Metaspace       used 20130K, committed 20352K, reserved 1073152K
  class space    used 2132K, committed 2240K, reserved 1048576K
}
Event: 8.885 GC heap after
{Heap after GC invocations=3 (full 0):
 garbage-first heap   total 65536K, used 6419K [0x00000000c1400000, 0x0000000100000000)
  region size 1024K, 4 young (4096K), 4 survivors (4096K)
 Metaspace       used 20130K, committed 20352K, reserved 1073152K
  class space    used 2132K, committed 2240K, reserved 1048576K
}
Event: 11.612 GC heap before
{Heap before GC invocations=3 (full 0):
 garbage-first heap   total 65536K, used 41235K [0x00000000c1400000, 0x0000000100000000)
  region size 1024K, 38 young (38912K), 4 survivors (4096K)
 Metaspace       used 20872K, committed 21056K, reserved 1073152K
  class space    used 2175K, committed 2240K, reserved 1048576K
}
Event: 11.645 GC heap after
{Heap after GC invocations=4 (full 0):
 garbage-first heap   total 65536K, used 10318K [0x00000000c1400000, 0x0000000100000000)
  region size 1024K, 4 young (4096K), 4 survivors (4096K)
 Metaspace       used 20872K, committed 21056K, reserved 1073152K
  class space    used 2175K, committed 2240K, reserved 1048576K
}
Event: 14.423 GC heap before
{Heap before GC invocations=4 (full 0):
 garbage-first heap   total 65536K, used 38990K [0x00000000c1400000, 0x0000000100000000)
  region size 1024K, 33 young (33792K), 4 survivors (4096K)
 Metaspace       used 21346K, committed 21504K, reserved 1073152K
  class space    used 2193K, committed 2240K, reserved 1048576K
}
Event: 14.452 GC heap after
{Heap after GC invocations=5 (full 0):
 garbage-first heap   total 65536K, used 12350K [0x00000000c1400000, 0x0000000100000000)
  region size 1024K, 3 young (3072K), 3 survivors (3072K)
 Metaspace       used 21346K, committed 21504K, reserved 1073152K
  class space    used 2193K, committed 2240K, reserved 1048576K
}

Deoptimization events (20 events):
Event: 14.839 Thread 0x000000509ab0fa60 Uncommon trap: trap_request=0xffffffde fr.pc=0x00000050a5d06c0c relative=0x000000000000006c
Event: 14.839 Thread 0x000000509ab0fa60 Uncommon trap: reason=class_check action=maybe_recompile pc=0x00000050a5d06c0c method=com.google.inject.internal.LinkedBindingImpl.acceptTargetVisitor(Lcom/google/inject/spi/BindingTargetVisitor;)Ljava/lang/Object; @ 2 c2
Event: 14.839 Thread 0x000000509ab0fa60 DEOPT PACKING pc=0x00000050a5d06c0c sp=0x000000509a2bd9b0
Event: 14.840 Thread 0x000000509ab0fa60 DEOPT UNPACKING pc=0x000000509e1e23a3 sp=0x000000509a2bd948 mode 2
Event: 14.840 Thread 0x000000509ab0fa60 Uncommon trap: trap_request=0xffffffde fr.pc=0x00000050a5d06c0c relative=0x000000000000006c
Event: 14.840 Thread 0x000000509ab0fa60 Uncommon trap: reason=class_check action=maybe_recompile pc=0x00000050a5d06c0c method=com.google.inject.internal.LinkedBindingImpl.acceptTargetVisitor(Lcom/google/inject/spi/BindingTargetVisitor;)Ljava/lang/Object; @ 2 c2
Event: 14.840 Thread 0x000000509ab0fa60 DEOPT PACKING pc=0x00000050a5d06c0c sp=0x000000509a2bd9b0
Event: 14.840 Thread 0x000000509ab0fa60 DEOPT UNPACKING pc=0x000000509e1e23a3 sp=0x000000509a2bd948 mode 2
Event: 14.850 Thread 0x000000509ab0fa60 Uncommon trap: trap_request=0xfffffff4 fr.pc=0x00000050a5dc7bbc relative=0x00000000000009dc
Event: 14.850 Thread 0x000000509ab0fa60 Uncommon trap: reason=null_check action=make_not_entrant pc=0x00000050a5dc7bbc method=com.google.inject.internal.InjectorImpl.enterContext()Lcom/google/inject/internal/InternalContext; @ 7 c2
Event: 14.850 Thread 0x000000509ab0fa60 DEOPT PACKING pc=0x00000050a5dc7bbc sp=0x000000509a2bda60
Event: 14.850 Thread 0x000000509ab0fa60 DEOPT UNPACKING pc=0x000000509e1e23a3 sp=0x000000509a2bda50 mode 2
Event: 14.855 Thread 0x000000509ab0fa60 Uncommon trap: trap_request=0xffffff54 fr.pc=0x00000050a5daf23c relative=0x000000000000031c
Event: 14.855 Thread 0x000000509ab0fa60 Uncommon trap: reason=speculate_null_assert action=make_not_entrant pc=0x00000050a5daf23c method=org.eclipse.sisu.inject.RankedBindings$Itr.hasNext()Z @ 80 c2
Event: 14.855 Thread 0x000000509ab0fa60 DEOPT PACKING pc=0x00000050a5daf23c sp=0x000000509a2bde20
Event: 14.855 Thread 0x000000509ab0fa60 DEOPT UNPACKING pc=0x000000509e1e23a3 sp=0x000000509a2bddf8 mode 2
Event: 14.902 Thread 0x000000509ab0fa60 DEOPT PACKING pc=0x000000509e83e434 sp=0x000000509a2b8120
Event: 14.902 Thread 0x000000509ab0fa60 DEOPT UNPACKING pc=0x000000509e1e2b43 sp=0x000000509a2b7558 mode 0
Event: 14.902 Thread 0x000000509ab0fa60 DEOPT PACKING pc=0x000000509e83e04c sp=0x000000509a2b8190
Event: 14.903 Thread 0x000000509ab0fa60 DEOPT UNPACKING pc=0x000000509e1e2b43 sp=0x000000509a2b7638 mode 0

Classes unloaded (0 events):
No events

Classes redefined (0 events):
No events

Internal exceptions (9 events):
Event: 1.084 Thread 0x000000509ab0fa60 Exception <a 'java/lang/NoSuchMethodError'{0x00000000c4f517b0}: 'java.lang.Object java.lang.invoke.DirectMethodHandle$Holder.invokeStaticInit(java.lang.Object, int, int, int, int)'> (0x00000000c4f517b0) 
thrown [e:\jenkins\tmp\workspace\build\src\src\hotspot\share\interpreter\linkResolver.cpp, line 766]
Event: 1.261 Thread 0x000000509ab0fa60 Exception <a 'java/lang/NoSuchMethodError'{0x00000000c4e43bf8}: 'java.lang.Object java.lang.invoke.DirectMethodHandle$Holder.invokeStaticInit(java.lang.Object, java.lang.Object, int, int, int, int)'> (0x00000000c4e43bf8) 
thrown [e:\jenkins\tmp\workspace\build\src\src\hotspot\share\interpreter\linkResolver.cpp, line 766]
Event: 4.651 Thread 0x000000509ab0fa60 Exception <a 'java/lang/NoSuchMethodError'{0x00000000c507e260}: 'java.lang.Object java.lang.invoke.DirectMethodHandle$Holder.newInvokeSpecial(java.lang.Object, java.lang.Object, java.lang.Object, java.lang.Object, java.lang.Object)'> (0x00000000c507e260) 
thrown [e:\jenkins\tmp\workspace\build\src\src\hotspot\share\interpreter\linkResolver.cpp, line 766]
Event: 7.970 Thread 0x000000509ab0fa60 Exception <a 'java/lang/NoClassDefFoundError'{0x00000000c36278a0}: com/google/inject/servlet/ServletModuleTargetVisitor> (0x00000000c36278a0) 
thrown [e:\jenkins\tmp\workspace\build\src\src\hotspot\share\classfile\systemDictionary.cpp, line 245]
Event: 7.971 Thread 0x000000509ab0fa60 Exception <a 'java/lang/NoClassDefFoundError'{0x00000000c362b7a0}: javax/annotation/Priority> (0x00000000c362b7a0) 
thrown [e:\jenkins\tmp\workspace\build\src\src\hotspot\share\classfile\systemDictionary.cpp, line 245]
Event: 8.446 Thread 0x000000509ab0fa60 Implicit null exception at 0x00000050a5c851f2 to 0x00000050a5c857c4
Event: 8.446 Thread 0x000000509ab0fa60 Implicit null exception at 0x00000050a5c845f2 to 0x00000050a5c84bd4
Event: 12.325 Thread 0x000000509ab0fa60 Implicit null exception at 0x00000050a5cf5b11 to 0x00000050a5cf5f08
Event: 14.850 Thread 0x000000509ab0fa60 Implicit null exception at 0x00000050a5dc727a to 0x00000050a5dc7bac

VM Operations (20 events):
Event: 9.886 Executing VM operation: Cleanup
Event: 9.886 Executing VM operation: Cleanup done
Event: 10.887 Executing VM operation: Cleanup
Event: 10.887 Executing VM operation: Cleanup done
Event: 11.611 Executing VM operation: G1CollectForAllocation
Event: 11.645 Executing VM operation: G1CollectForAllocation done
Event: 12.645 Executing VM operation: Cleanup
Event: 12.646 Executing VM operation: Cleanup done
Event: 14.423 Executing VM operation: CollectForMetadataAllocation
Event: 14.452 Executing VM operation: CollectForMetadataAllocation done
Event: 14.536 Executing VM operation: G1Concurrent
Event: 14.545 Executing VM operation: G1Concurrent done
Event: 14.598 Executing VM operation: G1Concurrent
Event: 14.598 Executing VM operation: G1Concurrent done
Event: 14.606 Executing VM operation: HandshakeAllThreads
Event: 14.606 Executing VM operation: HandshakeAllThreads done
Event: 14.902 Executing VM operation: HandshakeAllThreads
Event: 14.902 Executing VM operation: HandshakeAllThreads done
Event: 15.027 Executing VM operation: HandshakeAllThreads
Event: 15.027 Executing VM operation: HandshakeAllThreads done

Events (20 events):
Event: 15.006 loading class sun/nio/ch/IOUtil
Event: 15.007 loading class sun/nio/ch/IOUtil done
Event: 15.010 loading class sun/nio/ch/NativeThreadSet
Event: 15.010 loading class sun/nio/ch/NativeThreadSet done
Event: 15.010 loading class sun/nio/ch/FileDispatcherImpl
Event: 15.011 loading class sun/nio/ch/FileDispatcher
Event: 15.011 loading class sun/nio/ch/NativeDispatcher
Event: 15.012 loading class sun/nio/ch/NativeDispatcher done
Event: 15.012 loading class sun/nio/ch/FileDispatcher done
Event: 15.012 loading class sun/nio/ch/FileDispatcherImpl done
Event: 15.012 loading class sun/nio/ch/FileChannelImpl$Closer
Event: 15.012 loading class sun/nio/ch/FileChannelImpl$Closer done
Event: 15.012 loading class java/nio/channels/Channels
Event: 15.012 loading class java/nio/channels/Channels done
Event: 15.012 loading class sun/nio/ch/ChannelInputStream
Event: 15.013 loading class sun/nio/ch/ChannelInputStream done
Event: 15.026 loading class sun/nio/cs/UTF_8$Encoder
Event: 15.027 loading class sun/nio/cs/UTF_8$Encoder done
Event: 15.028 loading class java/lang/StrictMath
Event: 15.028 loading class java/lang/StrictMath done


Dynamic libraries:
0x00007ff61d720000 - 0x00007ff61d72e000 	C:\Users\Nidhi\Downloads\eclipse-java-2021-12-R-win32-x86_64\eclipse\plugins\org.eclipse.justj.openjdk.hotspot.jre.full.win32.x86_64_17.0.1.v20211116-1657\jre\bin\javaw.exe
0x00007ff807470000 - 0x00007ff807619000 	C:\Windows\SYSTEM32\ntdll.dll
0x00007ff806d70000 - 0x00007ff806ea9000 	C:\Windows\system32\KERNEL32.DLL
0x00007ff804970000 - 0x00007ff804a7e000 	C:\Windows\system32\KERNELBASE.dll
0x00007ff8004c0000 - 0x00007ff8004d8000 	C:\Users\Nidhi\Downloads\eclipse-java-2021-12-R-win32-x86_64\eclipse\plugins\org.eclipse.justj.openjdk.hotspot.jre.full.win32.x86_64_17.0.1.v20211116-1657\jre\bin\jli.dll
0x00007ff800450000 - 0x00007ff800469000 	C:\Users\Nidhi\Downloads\eclipse-java-2021-12-R-win32-x86_64\eclipse\plugins\org.eclipse.justj.openjdk.hotspot.jre.full.win32.x86_64_17.0.1.v20211116-1657\jre\bin\VCRUNTIME140.dll
0x00007ff801cd0000 - 0x00007ff801cd4000 	C:\Users\Nidhi\Downloads\eclipse-java-2021-12-R-win32-x86_64\eclipse\plugins\org.eclipse.justj.openjdk.hotspot.jre.full.win32.x86_64_17.0.1.v20211116-1657\jre\bin\api-ms-win-crt-stdio-l1-1-0.dll
0x00007ff801440000 - 0x00007ff801444000 	C:\Users\Nidhi\Downloads\eclipse-java-2021-12-R-win32-x86_64\eclipse\plugins\org.eclipse.justj.openjdk.hotspot.jre.full.win32.x86_64_17.0.1.v20211116-1657\jre\bin\api-ms-win-crt-runtime-l1-1-0.dll
0x00007ff801620000 - 0x00007ff801623000 	C:\Users\Nidhi\Downloads\eclipse-java-2021-12-R-win32-x86_64\eclipse\plugins\org.eclipse.justj.openjdk.hotspot.jre.full.win32.x86_64_17.0.1.v20211116-1657\jre\bin\api-ms-win-crt-environment-l1-1-0.dll
0x00007ff801c00000 - 0x00007ff801c05000 	C:\Users\Nidhi\Downloads\eclipse-java-2021-12-R-win32-x86_64\eclipse\plugins\org.eclipse.justj.openjdk.hotspot.jre.full.win32.x86_64_17.0.1.v20211116-1657\jre\bin\api-ms-win-crt-math-l1-1-0.dll
0x00007ff800d90000 - 0x00007ff800d93000 	C:\Users\Nidhi\Downloads\eclipse-java-2021-12-R-win32-x86_64\eclipse\plugins\org.eclipse.justj.openjdk.hotspot.jre.full.win32.x86_64_17.0.1.v20211116-1657\jre\bin\api-ms-win-crt-locale-l1-1-0.dll
0x00007ff8015f0000 - 0x00007ff8015f3000 	C:\Users\Nidhi\Downloads\eclipse-java-2021-12-R-win32-x86_64\eclipse\plugins\org.eclipse.justj.openjdk.hotspot.jre.full.win32.x86_64_17.0.1.v20211116-1657\jre\bin\api-ms-win-crt-heap-l1-1-0.dll
0x00007ff802b70000 - 0x00007ff802dca000 	C:\Windows\WinSxS\amd64_microsoft.windows.common-controls_6595b64144ccf1df_6.0.9600.16384_none_62475f7becb72503\COMCTL32.dll
0x00007ff805000000 - 0x00007ff805171000 	C:\Windows\system32\USER32.dll
0x00007ff801610000 - 0x00007ff801613000 	C:\Users\Nidhi\Downloads\eclipse-java-2021-12-R-win32-x86_64\eclipse\plugins\org.eclipse.justj.openjdk.hotspot.jre.full.win32.x86_64_17.0.1.v20211116-1657\jre\bin\api-ms-win-crt-filesystem-l1-1-0.dll
0x00007ff801c80000 - 0x00007ff801c84000 	C:\Users\Nidhi\Downloads\eclipse-java-2021-12-R-win32-x86_64\eclipse\plugins\org.eclipse.justj.openjdk.hotspot.jre.full.win32.x86_64_17.0.1.v20211116-1657\jre\bin\api-ms-win-crt-string-l1-1-0.dll
0x00007ff801630000 - 0x00007ff801634000 	C:\Users\Nidhi\Downloads\eclipse-java-2021-12-R-win32-x86_64\eclipse\plugins\org.eclipse.justj.openjdk.hotspot.jre.full.win32.x86_64_17.0.1.v20211116-1657\jre\bin\api-ms-win-crt-convert-l1-1-0.dll
0x00007ff8068a0000 - 0x00007ff806947000 	C:\Windows\system32\msvcrt.dll
0x00007ff806c20000 - 0x00007ff806d65000 	C:\Windows\system32\GDI32.dll
0x00007ffffa730000 - 0x00007ffffa82a000 	C:\Users\Nidhi\Downloads\eclipse-java-2021-12-R-win32-x86_64\eclipse\plugins\org.eclipse.justj.openjdk.hotspot.jre.full.win32.x86_64_17.0.1.v20211116-1657\jre\bin\ucrtbase.DLL
0x00007ff8052d0000 - 0x00007ff805304000 	C:\Windows\system32\IMM32.DLL
0x00007ff806eb0000 - 0x00007ff806fe8000 	C:\Windows\system32\MSCTF.dll
0x00007ff800cb0000 - 0x00007ff800cbc000 	C:\Users\Nidhi\Downloads\eclipse-java-2021-12-R-win32-x86_64\eclipse\plugins\org.eclipse.justj.openjdk.hotspot.jre.full.win32.x86_64_17.0.1.v20211116-1657\jre\bin\vcruntime140_1.dll
0x00007ffffaf20000 - 0x00007ffffafb1000 	C:\Users\Nidhi\Downloads\eclipse-java-2021-12-R-win32-x86_64\eclipse\plugins\org.eclipse.justj.openjdk.hotspot.jre.full.win32.x86_64_17.0.1.v20211116-1657\jre\bin\msvcp140.dll
0x00007ff801600000 - 0x00007ff801603000 	C:\Users\Nidhi\Downloads\eclipse-java-2021-12-R-win32-x86_64\eclipse\plugins\org.eclipse.justj.openjdk.hotspot.jre.full.win32.x86_64_17.0.1.v20211116-1657\jre\bin\api-ms-win-crt-time-l1-1-0.dll
0x00007ff801790000 - 0x00007ff801793000 	C:\Users\Nidhi\Downloads\eclipse-java-2021-12-R-win32-x86_64\eclipse\plugins\org.eclipse.justj.openjdk.hotspot.jre.full.win32.x86_64_17.0.1.v20211116-1657\jre\bin\api-ms-win-crt-utility-l1-1-0.dll
0x00007fffe83d0000 - 0x00007fffe9016000 	C:\Users\Nidhi\Downloads\eclipse-java-2021-12-R-win32-x86_64\eclipse\plugins\org.eclipse.justj.openjdk.hotspot.jre.full.win32.x86_64_17.0.1.v20211116-1657\jre\bin\server\jvm.dll
0x00007ff805310000 - 0x00007ff8053b5000 	C:\Windows\system32\ADVAPI32.dll
0x00007ff801d80000 - 0x00007ff801d89000 	C:\Windows\SYSTEM32\WSOCK32.dll
0x00007ff801690000 - 0x00007ff8016af000 	C:\Windows\SYSTEM32\WINMM.dll
0x00007ff8012f0000 - 0x00007ff8012fa000 	C:\Windows\SYSTEM32\VERSION.dll
0x00007ff806a10000 - 0x00007ff806a17000 	C:\Windows\system32\PSAPI.DLL
0x00007ff807410000 - 0x00007ff807467000 	C:\Windows\SYSTEM32\sechost.dll
0x00007ff805180000 - 0x00007ff8052b6000 	C:\Windows\system32\RPCRT4.dll
0x00007ff806950000 - 0x00007ff8069a8000 	C:\Windows\system32\WS2_32.dll
0x00007ff801660000 - 0x00007ff80168a000 	C:\Windows\SYSTEM32\WINMMBASE.dll
0x00007ff8052c0000 - 0x00007ff8052c9000 	C:\Windows\system32\NSI.dll
0x00007ff804a80000 - 0x00007ff804aca000 	C:\Windows\SYSTEM32\cfgmgr32.dll
0x00007ff803610000 - 0x00007ff803636000 	C:\Windows\SYSTEM32\DEVOBJ.dll
0x00007ff8015e0000 - 0x00007ff8015ea000 	C:\Users\Nidhi\Downloads\eclipse-java-2021-12-R-win32-x86_64\eclipse\plugins\org.eclipse.justj.openjdk.hotspot.jre.full.win32.x86_64_17.0.1.v20211116-1657\jre\bin\jimage.dll
0x00007ffff4de0000 - 0x00007ffff4f68000 	C:\Windows\SYSTEM32\DBGHELP.DLL
0x00007ff8015b0000 - 0x00007ff8015d5000 	C:\Users\Nidhi\Downloads\eclipse-java-2021-12-R-win32-x86_64\eclipse\plugins\org.eclipse.justj.openjdk.hotspot.jre.full.win32.x86_64_17.0.1.v20211116-1657\jre\bin\java.dll
0x00007ff8014e0000 - 0x00007ff8014f8000 	C:\Users\Nidhi\Downloads\eclipse-java-2021-12-R-win32-x86_64\eclipse\plugins\org.eclipse.justj.openjdk.hotspot.jre.full.win32.x86_64_17.0.1.v20211116-1657\jre\bin\zip.dll
0x00007ff8053d0000 - 0x00007ff8067e0000 	C:\Windows\system32\SHELL32.dll
0x00007ff8071d0000 - 0x00007ff8073a7000 	C:\Windows\SYSTEM32\combase.dll
0x00007ff806bc0000 - 0x00007ff806c11000 	C:\Windows\system32\SHLWAPI.dll
0x00007ff802dd0000 - 0x00007ff802e71000 	C:\Windows\SYSTEM32\SHCORE.dll
0x00007ff8047f0000 - 0x00007ff804804000 	C:\Windows\SYSTEM32\profapi.dll
0x00007ff8014c0000 - 0x00007ff8014d9000 	C:\Users\Nidhi\Downloads\eclipse-java-2021-12-R-win32-x86_64\eclipse\plugins\org.eclipse.justj.openjdk.hotspot.jre.full.win32.x86_64_17.0.1.v20211116-1657\jre\bin\net.dll
0x00007ffff75e0000 - 0x00007ffff76a5000 	C:\Windows\SYSTEM32\WINHTTP.dll
0x00007ff8040b0000 - 0x00007ff804108000 	C:\Windows\system32\mswsock.dll
0x00007ff8014a0000 - 0x00007ff8014b5000 	C:\Users\Nidhi\Downloads\eclipse-java-2021-12-R-win32-x86_64\eclipse\plugins\org.eclipse.justj.openjdk.hotspot.jre.full.win32.x86_64_17.0.1.v20211116-1657\jre\bin\nio.dll
0x00007ff801480000 - 0x00007ff801490000 	C:\Users\Nidhi\Downloads\eclipse-java-2021-12-R-win32-x86_64\eclipse\plugins\org.eclipse.justj.openjdk.hotspot.jre.full.win32.x86_64_17.0.1.v20211116-1657\jre\bin\verify.dll
0x00007ff804110000 - 0x00007ff80412e000 	C:\Windows\SYSTEM32\CRYPTSP.dll
0x00007ff803d50000 - 0x00007ff803d85000 	C:\Windows\system32\rsaenh.dll
0x00007ff804340000 - 0x00007ff804366000 	C:\Windows\SYSTEM32\bcrypt.dll
0x00007ff803e60000 - 0x00007ff803e7f000 	C:\Windows\SYSTEM32\USERENV.dll
0x00007ff804660000 - 0x00007ff8046be000 	C:\Windows\system32\bcryptprimitives.dll
0x00007ff8046c0000 - 0x00007ff8046ca000 	C:\Windows\SYSTEM32\CRYPTBASE.dll
0x00007fffff110000 - 0x00007fffff139000 	C:\Windows\SYSTEM32\IPHLPAPI.DLL
0x00007fffff100000 - 0x00007fffff10a000 	C:\Windows\SYSTEM32\WINNSI.DLL
0x00007ffffe500000 - 0x00007ffffe514000 	C:\Windows\SYSTEM32\dhcpcsvc6.DLL
0x00007ffffe400000 - 0x00007ffffe419000 	C:\Windows\SYSTEM32\dhcpcsvc.DLL
0x00007ff801ce0000 - 0x00007ff801cea000 	C:\Users\Nidhi\AppData\Local\Temp\jansi-1.17.1-15907481083498828970.dll
0x00007ff8013e0000 - 0x00007ff8013ea000 	C:\Users\Nidhi\AppData\Local\Temp\jansi-1.17.1-5804100241298057155.dll

dbghelp: loaded successfully - version: 4.0.5 - missing functions: none
symbol engine: initialized successfully - sym options: 0x614 - pdb path: .;C:\Users\Nidhi\Downloads\eclipse-java-2021-12-R-win32-x86_64\eclipse\plugins\org.eclipse.justj.openjdk.hotspot.jre.full.win32.x86_64_17.0.1.v20211116-1657\jre\bin;C:\Windows\SYSTEM32;C:\Windows\WinSxS\amd64_microsoft.windows.common-controls_6595b64144ccf1df_6.0.9600.16384_none_62475f7becb72503;C:\Users\Nidhi\Downloads\eclipse-java-2021-12-R-win32-x86_64\eclipse\plugins\org.eclipse.justj.openjdk.hotspot.jre.full.win32.x86_64_17.0.1.v20211116-1657\jre\bin\server;C:\Users\Nidhi\AppData\Local\Temp

VM Arguments:
jvm_args: -Dmaven.home=EMBEDDED -Dclassworlds.conf=C:\Users\Nidhi\eclipse-workspace\.metadata\.plugins\org.eclipse.m2e.launching\launches\m2conf11929487369347949256.tmp -Dmaven.multiModuleProjectDirectory=C:\Users\Nidhi\Documents\workspace-spring-tool-suite-4-4.12.1.RELEASE\E-CommerceFasionBackend -Dfile.encoding=Cp1252 -XX:+ShowCodeDetailsInExceptionMessages 
java_command: org.codehaus.plexus.classworlds.launcher.Launcher -Ppom.xml -B install
java_class_path (initial): C:\Users\Nidhi\Downloads\eclipse-java-2021-12-R-win32-x86_64\eclipse\plugins\org.eclipse.m2e.maven.runtime_1.18.1.20211011-2139\jars\plexus-classworlds-2.6.0.jar
Launcher Type: SUN_STANDARD

[Global flags]
     intx CICompilerCount                          = 3                                         {product} {ergonomic}
     uint ConcGCThreads                            = 1                                         {product} {ergonomic}
     uint G1ConcRefinementThreads                  = 4                                         {product} {ergonomic}
   size_t G1HeapRegionSize                         = 1048576                                   {product} {ergonomic}
    uintx GCDrainStackTargetSize                   = 64                                        {product} {ergonomic}
   size_t InitialHeapSize                          = 67108864                                  {product} {ergonomic}
   size_t MarkStackSize                            = 4194304                                   {product} {ergonomic}
   size_t MaxHeapSize                              = 1052770304                                {product} {ergonomic}
   size_t MaxNewSize                               = 631242752                                 {product} {ergonomic}
   size_t MinHeapDeltaBytes                        = 1048576                                   {product} {ergonomic}
   size_t MinHeapSize                              = 8388608                                   {product} {ergonomic}
    uintx NonNMethodCodeHeapSize                   = 5832780                                {pd product} {ergonomic}
    uintx NonProfiledCodeHeapSize                  = 122912730                              {pd product} {ergonomic}
    uintx ProfiledCodeHeapSize                     = 122912730                              {pd product} {ergonomic}
    uintx ReservedCodeCacheSize                    = 251658240                              {pd product} {ergonomic}
     bool SegmentedCodeCache                       = true                                      {product} {ergonomic}
     bool ShowCodeDetailsInExceptionMessages       = true                                   {manageable} {command line}
   size_t SoftMaxHeapSize                          = 1052770304                             {manageable} {ergonomic}
     bool UseCompressedClassPointers               = true                           {product lp64_product} {ergonomic}
     bool UseCompressedOops                        = true                           {product lp64_product} {ergonomic}
     bool UseG1GC                                  = true                                      {product} {ergonomic}
     bool UseLargePagesIndividualAllocation        = false                                  {pd product} {ergonomic}

Logging:
Log output configuration:
 #0: stdout all=warning uptime,level,tags
 #1: stderr all=off uptime,level,tags

Environment Variables:
PATH=C:/Users/Nidhi/Downloads/eclipse-java-2021-12-R-win32-x86_64/eclipse//plugins/org.eclipse.justj.openjdk.hotspot.jre.full.win32.x86_64_17.0.1.v20211116-1657/jre/bin/server;C:/Users/Nidhi/Downloads/eclipse-java-2021-12-R-win32-x86_64/eclipse//plugins/org.eclipse.justj.openjdk.hotspot.jre.full.win32.x86_64_17.0.1.v20211116-1657/jre/bin;C:\Program Files\Common Files\Oracle\Java\javapath;C:\Program Files (x86)\Common Files\Oracle\Java\javapath;C:\ProgramData\Oracle\Java\javapath;C:\Program Files\Java\jre1.8.0_121\bin;C:\xampp\php;C:\Users\Default\Desktop;C:\Users\Nidhi\Anaconda4\Scripts\;C:\Program Files\Microsoft VS Code\bin;C:\Program Files\Git\cmd;C:\Program Files\nodejs\;C:\Users\Nidhi\Anaconda3;C:\Users\Nidhi\Anaconda3\Library\mingw-w64\bin;C:\Users\Nidhi\Anaconda3\Library\usr\bin;C:\Users\Nidhi\Anaconda3\Library\bin;C:\Users\Nidhi\Anaconda3\Scripts;C:\Program Files\Java\jdk1.8.0_121\bin;C:\Users\Nidhi\AppData\Roaming\Composer\vendor\bin;C:\Program Files\Microsoft VS Code\bin;C:\Users\Nidhi\AppData\Local\GitHubDesktop\bin;C:\Users\Nidhi\AppData\Roaming\npm;C:\Users\Nidhi\Downloads\eclipse-java-2021-12-R-win32-x86_64\eclipse;
USERNAME=Nidhi
OS=Windows_NT
PROCESSOR_IDENTIFIER=Intel64 Family 6 Model 61 Stepping 4, GenuineIntel



---------------  S Y S T E M  ---------------

OS:
 Windows 8.1 , 64 bit Build 9600 (6.3.9600.16656)
OS uptime: 12 days 8:28 hours

CPU: total 4 (initial active 4) (2 cores per cpu, 2 threads per core) family 6 model 61 stepping 4 microcode 0x1f, cx8, cmov, fxsr, ht, mmx, 3dnowpref, sse, sse2, sse3, ssse3, sse4.1, sse4.2, popcnt, lzcnt, tsc, tscinvbit, avx, avx2, aes, erms, clmul, bmi1, bmi2, adx, fma, vzeroupper, clflush

Memory: 4k page, system-wide physical 4011M (286M free)
TotalPageFile size 4011M (AvailPageFile size 6M)
current process WorkingSet (physical memory assigned to process): 137M, peak: 139M
current process commit charge ("private bytes"): 173M, peak: 176M

vm_info: OpenJDK 64-Bit Server VM (17.0.1+12) for windows-amd64 JRE (17.0.1+12), built on Oct 20 2021 07:42:55 by "" with MS VC++ 16.7 (VS2019)

END.
