#
# There is insufficient memory for the Java Runtime Environment to continue.
# Native memory allocation (malloc) failed to allocate 1048576 bytes for AllocateHeap
# Possible reasons:
#   The system is out of physical RAM or swap space
#   The process is running with CompressedOops enabled, and the Java Heap may be blocking the growth of the native heap
# Possible solutions:
#   Reduce memory load on the system
#   Increase physical memory or swap space
#   Check if swap backing store is full
#   Decrease Java heap size (-Xmx/-Xms)
#   Decrease number of Java threads
#   Decrease Java thread stack sizes (-Xss)
#   Set larger code cache with -XX:ReservedCodeCacheSize=
#   JVM is running with Unscaled Compressed Oops mode in which the Java heap is
#     placed in the first 4GB address space. The Java Heap base address is the
#     maximum limit for the native heap growth. Please use -XX:HeapBaseMinAddress
#     to set the Java Heap base and to place the Java Heap above 4GB virtual address.
# This output file may be truncated or incomplete.
#
#  Out of Memory Error (allocation.cpp:44), pid=7716, tid=3412
#
# JRE version:  (17.0+35) (build )
# Java VM: OpenJDK 64-Bit Server VM (17+35, mixed mode, sharing, tiered, compressed oops, compressed class ptrs, g1 gc, windows-amd64)
# No core dump will be written. Minidumps are not enabled by default on client versions of Windows
#

---------------  S U M M A R Y ------------

Command Line: -ea -Dfile.encoding=UTF-8 -XX:+ShowCodeDetailsInExceptionMessages org.eclipse.jdt.internal.junit.runner.RemoteTestRunner -version 3 -port 50583 -testLoaderClass org.eclipse.jdt.internal.junit5.runner.JUnit5TestLoader -loaderpluginname org.eclipse.jdt.junit5.runtime -test ECommerce.test.CategoryJUnitTest:addCategoryTest

Host: Intel(R) Core(TM) i5-5200U CPU @ 2.20GHz, 4 cores, 3G,  Windows 8.1 , 64 bit Build 9600 (6.3.9600.16656)
Time: Fri Dec 10 22:10:28 2021 India Standard Time elapsed time: 0.048780 seconds (0d 0h 0m 0s)

---------------  T H R E A D  ---------------

Current thread (0x0000006b86d4a780):  JavaThread "Unknown thread" [_thread_in_vm, id=3412, stack(0x0000006b863f0000,0x0000006b864f0000)]

Stack: [0x0000006b863f0000,0x0000006b864f0000]
Native frames: (J=compiled Java code, j=interpreted, Vv=VM code, C=native code)
V  [jvm.dll+0x674afa]
V  [jvm.dll+0x82eb44]
V  [jvm.dll+0x8302ee]
V  [jvm.dll+0x830953]
V  [jvm.dll+0x245335]
V  [jvm.dll+0xa5b43]
V  [jvm.dll+0x2d69f4]
V  [jvm.dll+0x80066c]
V  [jvm.dll+0x369081]
V  [jvm.dll+0x7dfb6c]
V  [jvm.dll+0x3eb9bf]
V  [jvm.dll+0x3ed6f1]
C  [jli.dll+0x5277]
C  [ucrtbase.DLL+0x1c1ae]
C  [KERNEL32.DLL+0x15dd]
C  [ntdll.dll+0x743d1]


---------------  P R O C E S S  ---------------

Threads class SMR info:
_java_thread_list=0x00007ffff3244e58, length=0, elements={
}

Java Threads: ( => current thread )

Other Threads:

=>0x0000006b86d4a780 (exited) JavaThread "Unknown thread" [_thread_in_vm, id=3412, stack(0x0000006b863f0000,0x0000006b864f0000)]

Threads with active compile tasks:

VM state: not at safepoint (not fully initialized)

VM Mutex/Monitor currently owned by a thread: None

Heap address: 0x0000000000000000, size: 0 MB, Compressed Oops mode: 32-bit

CDS archive(s) mapped at: [0x0000000000000000-0x0000000000000000-0x0000000000000000), size 0, SharedBaseAddress: 0x0000000800000000, ArchiveRelocationMode: 0.
Narrow klass base: 0x0000000000000000, Narrow klass shift: 0, Narrow klass range: 0x0

GC Precious Log:
<Empty>

GC Heap History (0 events):
No events

Deoptimization events (0 events):
No events

Classes unloaded (0 events):
No events

Classes redefined (0 events):
No events

Internal exceptions (0 events):
No events

VM Operations (0 events):
No events

Events (1 events):
Event: 0.026 Loaded shared library C:\Users\Nidhi\Downloads\sts-4.12.1.RELEASE\plugins\org.eclipse.justj.openjdk.hotspot.jre.full.win32.x86_64_17.0.0.v20211012-1059\jre\bin\java.dll


Dynamic libraries:
0x00007ff7fa890000 - 0x00007ff7fa89e000 	C:\Users\Nidhi\Downloads\sts-4.12.1.RELEASE\plugins\org.eclipse.justj.openjdk.hotspot.jre.full.win32.x86_64_17.0.0.v20211012-1059\jre\bin\javaw.exe
0x00007ff807470000 - 0x00007ff807619000 	C:\Windows\SYSTEM32\ntdll.dll
0x00007ff806d70000 - 0x00007ff806ea9000 	C:\Windows\system32\KERNEL32.DLL
0x00007ff804970000 - 0x00007ff804a7e000 	C:\Windows\system32\KERNELBASE.dll
0x00007ffff3890000 - 0x00007ffff38a8000 	C:\Users\Nidhi\Downloads\sts-4.12.1.RELEASE\plugins\org.eclipse.justj.openjdk.hotspot.jre.full.win32.x86_64_17.0.0.v20211012-1059\jre\bin\jli.dll
0x00007ffff3870000 - 0x00007ffff3889000 	C:\Users\Nidhi\Downloads\sts-4.12.1.RELEASE\plugins\org.eclipse.justj.openjdk.hotspot.jre.full.win32.x86_64_17.0.0.v20211012-1059\jre\bin\VCRUNTIME140.dll
0x00007ffff26e0000 - 0x00007ffff26e4000 	C:\Users\Nidhi\Downloads\sts-4.12.1.RELEASE\plugins\org.eclipse.justj.openjdk.hotspot.jre.full.win32.x86_64_17.0.0.v20211012-1059\jre\bin\api-ms-win-crt-stdio-l1-1-0.dll
0x00007ffff3860000 - 0x00007ffff3864000 	C:\Users\Nidhi\Downloads\sts-4.12.1.RELEASE\plugins\org.eclipse.justj.openjdk.hotspot.jre.full.win32.x86_64_17.0.0.v20211012-1059\jre\bin\api-ms-win-crt-runtime-l1-1-0.dll
0x00007ffff2680000 - 0x00007ffff2683000 	C:\Users\Nidhi\Downloads\sts-4.12.1.RELEASE\plugins\org.eclipse.justj.openjdk.hotspot.jre.full.win32.x86_64_17.0.0.v20211012-1059\jre\bin\api-ms-win-crt-environment-l1-1-0.dll
0x00007ffff26c0000 - 0x00007ffff26c5000 	C:\Users\Nidhi\Downloads\sts-4.12.1.RELEASE\plugins\org.eclipse.justj.openjdk.hotspot.jre.full.win32.x86_64_17.0.0.v20211012-1059\jre\bin\api-ms-win-crt-math-l1-1-0.dll
0x00007ffff3850000 - 0x00007ffff3853000 	C:\Users\Nidhi\Downloads\sts-4.12.1.RELEASE\plugins\org.eclipse.justj.openjdk.hotspot.jre.full.win32.x86_64_17.0.0.v20211012-1059\jre\bin\api-ms-win-crt-locale-l1-1-0.dll
0x00007ffff2650000 - 0x00007ffff2653000 	C:\Users\Nidhi\Downloads\sts-4.12.1.RELEASE\plugins\org.eclipse.justj.openjdk.hotspot.jre.full.win32.x86_64_17.0.0.v20211012-1059\jre\bin\api-ms-win-crt-heap-l1-1-0.dll
0x00007ff801ba0000 - 0x00007ff801dfa000 	C:\Windows\WinSxS\amd64_microsoft.windows.common-controls_6595b64144ccf1df_6.0.9600.16384_none_62475f7becb72503\COMCTL32.dll
0x00007ff805000000 - 0x00007ff805171000 	C:\Windows\system32\USER32.dll
0x00007ffff2670000 - 0x00007ffff2673000 	C:\Users\Nidhi\Downloads\sts-4.12.1.RELEASE\plugins\org.eclipse.justj.openjdk.hotspot.jre.full.win32.x86_64_17.0.0.v20211012-1059\jre\bin\api-ms-win-crt-filesystem-l1-1-0.dll
0x00007ffff26d0000 - 0x00007ffff26d4000 	C:\Users\Nidhi\Downloads\sts-4.12.1.RELEASE\plugins\org.eclipse.justj.openjdk.hotspot.jre.full.win32.x86_64_17.0.0.v20211012-1059\jre\bin\api-ms-win-crt-string-l1-1-0.dll
0x00007ffff2690000 - 0x00007ffff2694000 	C:\Users\Nidhi\Downloads\sts-4.12.1.RELEASE\plugins\org.eclipse.justj.openjdk.hotspot.jre.full.win32.x86_64_17.0.0.v20211012-1059\jre\bin\api-ms-win-crt-convert-l1-1-0.dll
0x00007ff8068a0000 - 0x00007ff806947000 	C:\Windows\system32\msvcrt.dll
0x00007ff806c20000 - 0x00007ff806d65000 	C:\Windows\system32\GDI32.dll
0x00007ffff0d80000 - 0x00007ffff0e7a000 	C:\Users\Nidhi\Downloads\sts-4.12.1.RELEASE\plugins\org.eclipse.justj.openjdk.hotspot.jre.full.win32.x86_64_17.0.0.v20211012-1059\jre\bin\ucrtbase.DLL
0x00007ff8052d0000 - 0x00007ff805304000 	C:\Windows\system32\IMM32.DLL
0x00007ff806eb0000 - 0x00007ff806fe8000 	C:\Windows\system32\MSCTF.dll
0x00007ffff3840000 - 0x00007ffff384c000 	C:\Users\Nidhi\Downloads\sts-4.12.1.RELEASE\plugins\org.eclipse.justj.openjdk.hotspot.jre.full.win32.x86_64_17.0.0.v20211012-1059\jre\bin\vcruntime140_1.dll
0x00007fffefa50000 - 0x00007fffefae1000 	C:\Users\Nidhi\Downloads\sts-4.12.1.RELEASE\plugins\org.eclipse.justj.openjdk.hotspot.jre.full.win32.x86_64_17.0.0.v20211012-1059\jre\bin\msvcp140.dll
0x00007ffff2660000 - 0x00007ffff2663000 	C:\Users\Nidhi\Downloads\sts-4.12.1.RELEASE\plugins\org.eclipse.justj.openjdk.hotspot.jre.full.win32.x86_64_17.0.0.v20211012-1059\jre\bin\api-ms-win-crt-time-l1-1-0.dll
0x00007ffff26b0000 - 0x00007ffff26b3000 	C:\Users\Nidhi\Downloads\sts-4.12.1.RELEASE\plugins\org.eclipse.justj.openjdk.hotspot.jre.full.win32.x86_64_17.0.0.v20211012-1059\jre\bin\api-ms-win-crt-utility-l1-1-0.dll
0x00007ffff2730000 - 0x00007ffff3376000 	C:\Users\Nidhi\Downloads\sts-4.12.1.RELEASE\plugins\org.eclipse.justj.openjdk.hotspot.jre.full.win32.x86_64_17.0.0.v20211012-1059\jre\bin\server\jvm.dll
0x00007ff805310000 - 0x00007ff8053b5000 	C:\Windows\system32\ADVAPI32.dll
0x00007ffff2720000 - 0x00007ffff2729000 	C:\Windows\SYSTEM32\WSOCK32.dll
0x00007ff801690000 - 0x00007ff8016af000 	C:\Windows\SYSTEM32\WINMM.dll
0x00007ff8012f0000 - 0x00007ff8012fa000 	C:\Windows\SYSTEM32\VERSION.dll
0x00007ff806a10000 - 0x00007ff806a17000 	C:\Windows\system32\PSAPI.DLL
0x00007ff807410000 - 0x00007ff807467000 	C:\Windows\SYSTEM32\sechost.dll
0x00007ff805180000 - 0x00007ff8052b6000 	C:\Windows\system32\RPCRT4.dll
0x00007ff806950000 - 0x00007ff8069a8000 	C:\Windows\system32\WS2_32.dll
0x00007ff801660000 - 0x00007ff80168a000 	C:\Windows\SYSTEM32\WINMMBASE.dll
0x00007ff8052c0000 - 0x00007ff8052c9000 	C:\Windows\system32\NSI.dll
0x00007ff804a80000 - 0x00007ff804aca000 	C:\Windows\SYSTEM32\cfgmgr32.dll
0x00007ff803610000 - 0x00007ff803636000 	C:\Windows\SYSTEM32\DEVOBJ.dll
0x00007ffff4f70000 - 0x00007ffff4f7a000 	C:\Users\Nidhi\Downloads\sts-4.12.1.RELEASE\plugins\org.eclipse.justj.openjdk.hotspot.jre.full.win32.x86_64_17.0.0.v20211012-1059\jre\bin\jimage.dll
0x00007ffff4de0000 - 0x00007ffff4f68000 	C:\Windows\SYSTEM32\DBGHELP.DLL
0x00007ffff4d30000 - 0x00007ffff4d55000 	C:\Users\Nidhi\Downloads\sts-4.12.1.RELEASE\plugins\org.eclipse.justj.openjdk.hotspot.jre.full.win32.x86_64_17.0.0.v20211012-1059\jre\bin\java.dll

dbghelp: loaded successfully - version: 4.0.5 - missing functions: none
symbol engine: initialized successfully - sym options: 0x614 - pdb path: .;C:\Users\Nidhi\Downloads\sts-4.12.1.RELEASE\plugins\org.eclipse.justj.openjdk.hotspot.jre.full.win32.x86_64_17.0.0.v20211012-1059\jre\bin;C:\Windows\SYSTEM32;C:\Windows\WinSxS\amd64_microsoft.windows.common-controls_6595b64144ccf1df_6.0.9600.16384_none_62475f7becb72503;C:\Users\Nidhi\Downloads\sts-4.12.1.RELEASE\plugins\org.eclipse.justj.openjdk.hotspot.jre.full.win32.x86_64_17.0.0.v20211012-1059\jre\bin\server

VM Arguments:
jvm_args: -ea -Dfile.encoding=UTF-8 -XX:+ShowCodeDetailsInExceptionMessages 
java_command: org.eclipse.jdt.internal.junit.runner.RemoteTestRunner -version 3 -port 50583 -testLoaderClass org.eclipse.jdt.internal.junit5.runner.JUnit5TestLoader -loaderpluginname org.eclipse.jdt.junit5.runtime -test ECommerce.test.CategoryJUnitTest:addCategoryTest
java_class_path (initial): C:\Users\Nidhi\Documents\workspace-spring-tool-suite-4-4.12.1.RELEASE\E-CommerceFasionBackend\target\test-classes;C:\Users\Nidhi\Documents\workspace-spring-tool-suite-4-4.12.1.RELEASE\E-CommerceFasionBackend\target\classes;C:\Users\Nidhi\.m2\repository\org\javassist\javassist\3.23.1-GA\javassist-3.23.1-GA.jar;C:\Users\Nidhi\.m2\repository\org\springframework\boot\spring-boot-starter\2.6.1\spring-boot-starter-2.6.1.jar;C:\Users\Nidhi\.m2\repository\org\springframework\boot\spring-boot\2.6.1\spring-boot-2.6.1.jar;C:\Users\Nidhi\.m2\repository\org\springframework\boot\spring-boot-autoconfigure\2.6.1\spring-boot-autoconfigure-2.6.1.jar;C:\Users\Nidhi\.m2\repository\org\springframework\boot\spring-boot-starter-logging\2.6.1\spring-boot-starter-logging-2.6.1.jar;C:\Users\Nidhi\.m2\repository\ch\qos\logback\logback-classic\1.2.7\logback-classic-1.2.7.jar;C:\Users\Nidhi\.m2\repository\ch\qos\logback\logback-core\1.2.7\logback-core-1.2.7.jar;C:\Users\Nidhi\.m2\repository\org\apache\logging\log4j\log4j-to-slf4j\2.14.1\log4j-to-slf4j-2.14.1.jar;C:\Users\Nidhi\.m2\repository\org\apache\logging\log4j\log4j-api\2.14.1\log4j-api-2.14.1.jar;C:\Users\Nidhi\.m2\repository\org\slf4j\jul-to-slf4j\1.7.32\jul-to-slf4j-1.7.32.jar;C:\Users\Nidhi\.m2\repository\jakarta\annotation\jakarta.annotation-api\1.3.5\jakarta.annotation-api-1.3.5.jar;C:\Users\Nidhi\.m2\repository\org\springframework\spring-core\5.3.13\spring-core-5.3.13.jar;C:\Users\Nidhi\.m2\repository\org\springframework\spring-jcl\5.3.13\spring-jcl-5.3.13.jar;C:\Users\Nidhi\.m2\repository\org\yaml\snakeyaml\1.29\snakeyaml-1.29.jar;C:\Users\Nidhi\.m2\repository\javax\persistence\javax.persistence-api\2.2\javax.persistence-api-2.2.jar;C:\Users\Nidhi\.m2\repository\com\h2database\h2\1.4.200\h2-1.4.200.jar;C:\Users\Nidhi\.m2\repository\org\springframework\boot\spring-boot-starter-test\2.6.1\spring-boot-starter-test-2.6.1.jar;C:\Users\Nidhi\.m2\repository\org\springframework\boot\spring-boot-test\2.6.1\spri
Launcher Type: SUN_STANDARD

[Global flags]
     intx CICompilerCount                          = 3                                         {product} {ergonomic}
     uint ConcGCThreads                            = 1                                         {product} {ergonomic}
     uint G1ConcRefinementThreads                  = 4                                         {product} {ergonomic}
   size_t G1HeapRegionSize                         = 1048576                                   {product} {ergonomic}
    uintx GCDrainStackTargetSize                   = 64                                        {product} {ergonomic}
   size_t InitialHeapSize                          = 67108864                                  {product} {ergonomic}
   size_t MarkStackSize                            = 4194304                                   {product} {ergonomic}
   size_t MaxHeapSize                              = 1052770304                                {product} {ergonomic}
   size_t MinHeapDeltaBytes                        = 1048576                                   {product} {ergonomic}
   size_t MinHeapSize                              = 8388608                                   {product} {ergonomic}
    uintx NonNMethodCodeHeapSize                   = 5832780                                {pd product} {ergonomic}
    uintx NonProfiledCodeHeapSize                  = 122912730                              {pd product} {ergonomic}
    uintx ProfiledCodeHeapSize                     = 122912730                              {pd product} {ergonomic}
    uintx ReservedCodeCacheSize                    = 251658240                              {pd product} {ergonomic}
     bool SegmentedCodeCache                       = true                                      {product} {ergonomic}
     bool ShowCodeDetailsInExceptionMessages       = true                                   {manageable} {command line}
   size_t SoftMaxHeapSize                          = 1052770304                             {manageable} {ergonomic}
     bool UseCompressedClassPointers               = true                           {product lp64_product} {ergonomic}
     bool UseCompressedOops                        = true                           {product lp64_product} {ergonomic}
     bool UseG1GC                                  = true                                      {product} {ergonomic}
     bool UseLargePagesIndividualAllocation        = false                                  {pd product} {ergonomic}

Logging:
Log output configuration:
 #0: stdout all=warning uptime,level,tags
 #1: stderr all=off uptime,level,tags

Environment Variables:
PATH=C:/Users/Nidhi/Downloads/sts-4.12.1.RELEASE//plugins/org.eclipse.justj.openjdk.hotspot.jre.full.win32.x86_64_17.0.0.v20211012-1059/jre/bin/server;C:/Users/Nidhi/Downloads/sts-4.12.1.RELEASE//plugins/org.eclipse.justj.openjdk.hotspot.jre.full.win32.x86_64_17.0.0.v20211012-1059/jre/bin;C:\Program Files\Common Files\Oracle\Java\javapath;C:\Program Files (x86)\Common Files\Oracle\Java\javapath;C:\ProgramData\Oracle\Java\javapath;C:\Program Files\Java\jre1.8.0_121\bin;C:\xampp\php;C:\Users\Default\Desktop;C:\Users\Nidhi\Anaconda4\Scripts\;C:\Program Files\Microsoft VS Code\bin;C:\Program Files\Git\cmd;C:\Program Files\nodejs\;C:\Users\Nidhi\Anaconda3;C:\Users\Nidhi\Anaconda3\Library\mingw-w64\bin;C:\Users\Nidhi\Anaconda3\Library\usr\bin;C:\Users\Nidhi\Anaconda3\Library\bin;C:\Users\Nidhi\Anaconda3\Scripts;C:\Program Files\Java\jdk1.8.0_121\bin;C:\Users\Nidhi\AppData\Roaming\Composer\vendor\bin;C:\Program Files\Microsoft VS Code\bin;C:\Users\Nidhi\AppData\Local\GitHubDesktop\bin;C:\Users\Nidhi\AppData\Roaming\npm;C:\Users\Nidhi\Downloads\sts-4.12.1.RELEASE;
USERNAME=Nidhi
OS=Windows_NT
PROCESSOR_IDENTIFIER=Intel64 Family 6 Model 61 Stepping 4, GenuineIntel



---------------  S Y S T E M  ---------------

OS:
 Windows 8.1 , 64 bit Build 9600 (6.3.9600.16656)
OS uptime: 1 days 7:47 hours

CPU: total 4 (initial active 4) (2 cores per cpu, 2 threads per core) family 6 model 61 stepping 4 microcode 0x1f, cx8, cmov, fxsr, ht, mmx, 3dnowpref, sse, sse2, sse3, ssse3, sse4.1, sse4.2, popcnt, lzcnt, tsc, tscinvbit, avx, avx2, aes, erms, clmul, bmi1, bmi2, adx, fma, vzeroupper, clflush

Memory: 4k page, system-wide physical 4011M (283M free)
TotalPageFile size 4011M (AvailPageFile size 5M)
current process WorkingSet (physical memory assigned to process): 8M, peak: 8M
current process commit charge ("private bytes"): 12M, peak: 13M

vm_info: OpenJDK 64-Bit Server VM (17+35) for windows-amd64 JRE (17+35), built on Sep 14 2021 17:27:39 by "" with MS VC++ 16.7 (VS2019)

END.
