#
# There is insufficient memory for the Java Runtime Environment to continue.
# Native memory allocation (malloc) failed to allocate 724656 bytes for Chunk::new
# Possible reasons:
#   The system is out of physical RAM or swap space
#   The process is running with CompressedOops enabled, and the Java Heap may be blocking the growth of the native heap
# Possible solutions:
#   Reduce memory load on the system
#   Increase physical memory or swap space
#   Check if swap backing store is full
#   Decrease Java heap size (-Xmx/-Xms)
#   Decrease number of Java threads
#   Decrease Java thread stack sizes (-Xss)
#   Set larger code cache with -XX:ReservedCodeCacheSize=
#   JVM is running with Unscaled Compressed Oops mode in which the Java heap is
#     placed in the first 4GB address space. The Java Heap base address is the
#     maximum limit for the native heap growth. Please use -XX:HeapBaseMinAddress
#     to set the Java Heap base and to place the Java Heap above 4GB virtual address.
# This output file may be truncated or incomplete.
#
#  Out of Memory Error (arena.cpp:189), pid=4996, tid=7224
#
# JRE version: OpenJDK Runtime Environment Temurin-17.0.1+12 (17.0.1+12) (build 17.0.1+12)
# Java VM: OpenJDK 64-Bit Server VM Temurin-17.0.1+12 (17.0.1+12, mixed mode, tiered, compressed oops, compressed class ptrs, g1 gc, windows-amd64)
# No core dump will be written. Minidumps are not enabled by default on client versions of Windows
#

---------------  S U M M A R Y ------------

Command Line: C:\Users\Nidhi\AppData\Local\Temp\surefire9237790101899739148\surefirebooter17060061368880643388.jar C:\Users\Nidhi\AppData\Local\Temp\surefire9237790101899739148 2021-12-21T23-01-36_325-jvmRun1 surefire10188073318613089050tmp surefire_012034414011620238856tmp

Host: Intel(R) Core(TM) i5-5200U CPU @ 2.20GHz, 4 cores, 3G,  Windows 8.1 , 64 bit Build 9600 (6.3.9600.16656)
Time: Tue Dec 21 23:01:45 2021 India Standard Time elapsed time: 7.890357 seconds (0d 0h 0m 7s)

---------------  T H R E A D  ---------------

Current thread (0x00000086b1316670):  JavaThread "C2 CompilerThread0" daemon [_thread_in_native, id=7224, stack(0x00000086b1b00000,0x00000086b1c00000)]


Current CompileTask:
C2:   7890 1697       4       java.net.URLStreamHandler::parseURL (1201 bytes)

Stack: [0x00000086b1b00000,0x00000086b1c00000]
Native frames: (J=compiled Java code, j=interpreted, Vv=VM code, C=native code)
V  [jvm.dll+0x6744da]
V  [jvm.dll+0x82e144]
V  [jvm.dll+0x82f8ee]
V  [jvm.dll+0x82ff53]
V  [jvm.dll+0x245175]
V  [jvm.dll+0xab85b]
V  [jvm.dll+0xabdec]
V  [jvm.dll+0x362eb2]
V  [jvm.dll+0x32d4c1]
V  [jvm.dll+0x32c96a]
V  [jvm.dll+0x218031]
V  [jvm.dll+0x217451]
V  [jvm.dll+0x1a355d]
V  [jvm.dll+0x226e38]
V  [jvm.dll+0x224f7c]
V  [jvm.dll+0x7e3f5b]
V  [jvm.dll+0x7de51a]
V  [jvm.dll+0x673305]
C  [ucrtbase.DLL+0x1c1ae]
C  [KERNEL32.DLL+0x15dd]
C  [ntdll.dll+0x743d1]


---------------  P R O C E S S  ---------------

Threads class SMR info:
_java_thread_list=0x00000086b15df400, length=14, elements={
0x00000086990ed680, 0x00000086b06870b0, 0x00000086b068a180, 0x00000086b130a290,
0x00000086b130ad50, 0x00000086b130d910, 0x00000086b13138d0, 0x00000086b1316670,
0x00000086b1317110, 0x00000086b06fd410, 0x00000086b145fe20, 0x00000086b1473010,
0x00000086b148cad0, 0x00000086b16a63b0
}

Java Threads: ( => current thread )
  0x00000086990ed680 JavaThread "main" [_thread_in_Java, id=3576, stack(0x00000086987a0000,0x00000086988a0000)]
  0x00000086b06870b0 JavaThread "Reference Handler" daemon [_thread_blocked, id=788, stack(0x00000086b1100000,0x00000086b1200000)]
  0x00000086b068a180 JavaThread "Finalizer" daemon [_thread_blocked, id=7960, stack(0x00000086b1200000,0x00000086b1300000)]
  0x00000086b130a290 JavaThread "Signal Dispatcher" daemon [_thread_blocked, id=8412, stack(0x00000086b1700000,0x00000086b1800000)]
  0x00000086b130ad50 JavaThread "Attach Listener" daemon [_thread_blocked, id=2352, stack(0x00000086b1800000,0x00000086b1900000)]
  0x00000086b130d910 JavaThread "Service Thread" daemon [_thread_blocked, id=8036, stack(0x00000086b1900000,0x00000086b1a00000)]
  0x00000086b13138d0 JavaThread "Monitor Deflation Thread" daemon [_thread_blocked, id=1464, stack(0x00000086b1a00000,0x00000086b1b00000)]
=>0x00000086b1316670 JavaThread "C2 CompilerThread0" daemon [_thread_in_native, id=7224, stack(0x00000086b1b00000,0x00000086b1c00000)]
  0x00000086b1317110 JavaThread "C1 CompilerThread0" daemon [_thread_in_native, id=4620, stack(0x00000086b1c00000,0x00000086b1d00000)]
  0x00000086b06fd410 JavaThread "Sweeper thread" daemon [_thread_blocked, id=2132, stack(0x00000086b1d00000,0x00000086b1e00000)]
  0x00000086b145fe20 JavaThread "Notification Thread" daemon [_thread_blocked, id=1956, stack(0x00000086b1e00000,0x00000086b1f00000)]
  0x00000086b1473010 JavaThread "Common-Cleaner" daemon [_thread_blocked, id=6480, stack(0x00000086b2000000,0x00000086b2100000)]
  0x00000086b148cad0 JavaThread "surefire-forkedjvm-command-thread" daemon [_thread_in_native, id=5740, stack(0x00000086b2100000,0x00000086b2200000)]
  0x00000086b16a63b0 JavaThread "surefire-forkedjvm-ping-30s" daemon [_thread_blocked, id=4188, stack(0x00000086b2200000,0x00000086b2300000)]

Other Threads:
  0x00000086b06830c0 VMThread "VM Thread" [stack: 0x00000086b1000000,0x00000086b1100000] [id=2792]
  0x00000086991360c0 WatcherThread [stack: 0x00000086b1f00000,0x00000086b2000000] [id=5488]
  0x000000869911ca10 GCTaskThread "GC Thread#0" [stack: 0x0000008698ec0000,0x0000008698fc0000] [id=4172]
  0x00000086b311a440 GCTaskThread "GC Thread#1" [stack: 0x00000086b2300000,0x00000086b2400000] [id=948]
  0x00000086b2fa4ca0 GCTaskThread "GC Thread#2" [stack: 0x00000086b3400000,0x00000086b3500000] [id=6320]
  0x00000086b32a2590 GCTaskThread "GC Thread#3" [stack: 0x00000086b3500000,0x00000086b3600000] [id=4708]
  0x0000008699125f50 ConcurrentGCThread "G1 Main Marker" [stack: 0x00000086adcd0000,0x00000086addd0000] [id=7660]
  0x0000008699127520 ConcurrentGCThread "G1 Conc#0" [stack: 0x00000086addd0000,0x00000086aded0000] [id=5528]
  0x000000869916b9e0 ConcurrentGCThread "G1 Refine#0" [stack: 0x00000086b0310000,0x00000086b0410000] [id=7716]
  0x00000086b3118200 ConcurrentGCThread "G1 Refine#1" [stack: 0x00000086b3600000,0x00000086b3700000] [id=4912]
  0x00000086b2f6c050 ConcurrentGCThread "G1 Refine#2" [stack: 0x00000086b3700000,0x00000086b3800000] [id=6756]
  0x000000869916d2b0 ConcurrentGCThread "G1 Service" [stack: 0x00000086b0410000,0x00000086b0510000] [id=5044]

Threads with active compile tasks:
C2 CompilerThread0     7971 1697       4       java.net.URLStreamHandler::parseURL (1201 bytes)

VM state: not at safepoint (normal execution)

VM Mutex/Monitor currently owned by a thread: None

Heap address: 0x00000000c1400000, size: 1004 MB, Compressed Oops mode: 32-bit

CDS archive(s) not mapped
Compressed class space mapped at: 0x0000000100000000-0x0000000140000000, reserved size: 1073741824
Narrow klass base: 0x0000000000000000, Narrow klass shift: 3, Narrow klass range: 0x140000000

GC Precious Log:
 CPUs: 4 total, 4 available
 Memory: 4011M
 Large Page Support: Disabled
 NUMA Support: Disabled
 Compressed Oops: Enabled (32-bit)
 Heap Region Size: 1M
 Heap Min Capacity: 8M
 Heap Initial Capacity: 64M
 Heap Max Capacity: 1004M
 Pre-touch: Disabled
 Parallel Workers: 4
 Concurrent Workers: 1
 Concurrent Refinement Workers: 4
 Periodic GC: Disabled

Heap:
 garbage-first heap   total 65536K, used 11736K [0x00000000c1400000, 0x0000000100000000)
  region size 1024K, 7 young (7168K), 3 survivors (3072K)
 Metaspace       used 19857K, committed 20032K, reserved 1073152K
  class space    used 2166K, committed 2240K, reserved 1048576K

Heap Regions: E=young(eden), S=young(survivor), O=old, HS=humongous(starts), HC=humongous(continues), CS=collection set, F=free, OA=open archive, CA=closed archive, TAMS=top-at-mark-start (previous, next)
|   0|0x00000000c1400000, 0x00000000c1500000, 0x00000000c1500000|100%| O|  |TAMS 0x00000000c1400000, 0x00000000c1400000| Untracked 
|   1|0x00000000c1500000, 0x00000000c1600000, 0x00000000c1600000|100%| O|  |TAMS 0x00000000c1500000, 0x00000000c1500000| Untracked 
|   2|0x00000000c1600000, 0x00000000c1700000, 0x00000000c1700000|100%| O|  |TAMS 0x00000000c1600000, 0x00000000c1600000| Untracked 
|   3|0x00000000c1700000, 0x00000000c1800000, 0x00000000c1800000|100%| O|  |TAMS 0x00000000c1700000, 0x00000000c1700000| Untracked 
|   4|0x00000000c1800000, 0x00000000c1900000, 0x00000000c1900000|100%| O|  |TAMS 0x00000000c1800000, 0x00000000c1800000| Untracked 
|   5|0x00000000c1900000, 0x00000000c1a00000, 0x00000000c1a00000|100%| O|  |TAMS 0x00000000c1900000, 0x00000000c1900000| Untracked 
|   6|0x00000000c1a00000, 0x00000000c1a00000, 0x00000000c1b00000|  0%| F|  |TAMS 0x00000000c1a00000, 0x00000000c1a00000| Untracked 
|   7|0x00000000c1b00000, 0x00000000c1b00000, 0x00000000c1c00000|  0%| F|  |TAMS 0x00000000c1b00000, 0x00000000c1b00000| Untracked 
|   8|0x00000000c1c00000, 0x00000000c1c00000, 0x00000000c1d00000|  0%| F|  |TAMS 0x00000000c1c00000, 0x00000000c1c00000| Untracked 
|   9|0x00000000c1d00000, 0x00000000c1d00000, 0x00000000c1e00000|  0%| F|  |TAMS 0x00000000c1d00000, 0x00000000c1d00000| Untracked 
|  10|0x00000000c1e00000, 0x00000000c1e00000, 0x00000000c1f00000|  0%| F|  |TAMS 0x00000000c1e00000, 0x00000000c1e00000| Untracked 
|  11|0x00000000c1f00000, 0x00000000c1f00000, 0x00000000c2000000|  0%| F|  |TAMS 0x00000000c1f00000, 0x00000000c1f00000| Untracked 
|  12|0x00000000c2000000, 0x00000000c2000000, 0x00000000c2100000|  0%| F|  |TAMS 0x00000000c2000000, 0x00000000c2000000| Untracked 
|  13|0x00000000c2100000, 0x00000000c2100000, 0x00000000c2200000|  0%| F|  |TAMS 0x00000000c2100000, 0x00000000c2100000| Untracked 
|  14|0x00000000c2200000, 0x00000000c2200000, 0x00000000c2300000|  0%| F|  |TAMS 0x00000000c2200000, 0x00000000c2200000| Untracked 
|  15|0x00000000c2300000, 0x00000000c2300000, 0x00000000c2400000|  0%| F|  |TAMS 0x00000000c2300000, 0x00000000c2300000| Untracked 
|  16|0x00000000c2400000, 0x00000000c2400000, 0x00000000c2500000|  0%| F|  |TAMS 0x00000000c2400000, 0x00000000c2400000| Untracked 
|  17|0x00000000c2500000, 0x00000000c2500000, 0x00000000c2600000|  0%| F|  |TAMS 0x00000000c2500000, 0x00000000c2500000| Untracked 
|  18|0x00000000c2600000, 0x00000000c2600000, 0x00000000c2700000|  0%| F|  |TAMS 0x00000000c2600000, 0x00000000c2600000| Untracked 
|  19|0x00000000c2700000, 0x00000000c2700000, 0x00000000c2800000|  0%| F|  |TAMS 0x00000000c2700000, 0x00000000c2700000| Untracked 
|  20|0x00000000c2800000, 0x00000000c2800000, 0x00000000c2900000|  0%| F|  |TAMS 0x00000000c2800000, 0x00000000c2800000| Untracked 
|  21|0x00000000c2900000, 0x00000000c2900000, 0x00000000c2a00000|  0%| F|  |TAMS 0x00000000c2900000, 0x00000000c2900000| Untracked 
|  22|0x00000000c2a00000, 0x00000000c2a00000, 0x00000000c2b00000|  0%| F|  |TAMS 0x00000000c2a00000, 0x00000000c2a00000| Untracked 
|  23|0x00000000c2b00000, 0x00000000c2b00000, 0x00000000c2c00000|  0%| F|  |TAMS 0x00000000c2b00000, 0x00000000c2b00000| Untracked 
|  24|0x00000000c2c00000, 0x00000000c2c00000, 0x00000000c2d00000|  0%| F|  |TAMS 0x00000000c2c00000, 0x00000000c2c00000| Untracked 
|  25|0x00000000c2d00000, 0x00000000c2d00000, 0x00000000c2e00000|  0%| F|  |TAMS 0x00000000c2d00000, 0x00000000c2d00000| Untracked 
|  26|0x00000000c2e00000, 0x00000000c2e76110, 0x00000000c2f00000| 46%| S|CS|TAMS 0x00000000c2e00000, 0x00000000c2e00000| Complete 
|  27|0x00000000c2f00000, 0x00000000c3000000, 0x00000000c3000000|100%| S|CS|TAMS 0x00000000c2f00000, 0x00000000c2f00000| Complete 
|  28|0x00000000c3000000, 0x00000000c3100000, 0x00000000c3100000|100%| S|CS|TAMS 0x00000000c3000000, 0x00000000c3000000| Complete 
|  29|0x00000000c3100000, 0x00000000c3100000, 0x00000000c3200000|  0%| F|  |TAMS 0x00000000c3100000, 0x00000000c3100000| Untracked 
|  30|0x00000000c3200000, 0x00000000c3200000, 0x00000000c3300000|  0%| F|  |TAMS 0x00000000c3200000, 0x00000000c3200000| Untracked 
|  31|0x00000000c3300000, 0x00000000c3300000, 0x00000000c3400000|  0%| F|  |TAMS 0x00000000c3300000, 0x00000000c3300000| Untracked 
|  32|0x00000000c3400000, 0x00000000c3400000, 0x00000000c3500000|  0%| F|  |TAMS 0x00000000c3400000, 0x00000000c3400000| Untracked 
|  33|0x00000000c3500000, 0x00000000c3500000, 0x00000000c3600000|  0%| F|  |TAMS 0x00000000c3500000, 0x00000000c3500000| Untracked 
|  34|0x00000000c3600000, 0x00000000c3600000, 0x00000000c3700000|  0%| F|  |TAMS 0x00000000c3600000, 0x00000000c3600000| Untracked 
|  35|0x00000000c3700000, 0x00000000c3700000, 0x00000000c3800000|  0%| F|  |TAMS 0x00000000c3700000, 0x00000000c3700000| Untracked 
|  36|0x00000000c3800000, 0x00000000c3800000, 0x00000000c3900000|  0%| F|  |TAMS 0x00000000c3800000, 0x00000000c3800000| Untracked 
|  37|0x00000000c3900000, 0x00000000c3900000, 0x00000000c3a00000|  0%| F|  |TAMS 0x00000000c3900000, 0x00000000c3900000| Untracked 
|  38|0x00000000c3a00000, 0x00000000c3a00000, 0x00000000c3b00000|  0%| F|  |TAMS 0x00000000c3a00000, 0x00000000c3a00000| Untracked 
|  39|0x00000000c3b00000, 0x00000000c3b00000, 0x00000000c3c00000|  0%| F|  |TAMS 0x00000000c3b00000, 0x00000000c3b00000| Untracked 
|  40|0x00000000c3c00000, 0x00000000c3c00000, 0x00000000c3d00000|  0%| F|  |TAMS 0x00000000c3c00000, 0x00000000c3c00000| Untracked 
|  41|0x00000000c3d00000, 0x00000000c3d00000, 0x00000000c3e00000|  0%| F|  |TAMS 0x00000000c3d00000, 0x00000000c3d00000| Untracked 
|  42|0x00000000c3e00000, 0x00000000c3e00000, 0x00000000c3f00000|  0%| F|  |TAMS 0x00000000c3e00000, 0x00000000c3e00000| Untracked 
|  43|0x00000000c3f00000, 0x00000000c3f00000, 0x00000000c4000000|  0%| F|  |TAMS 0x00000000c3f00000, 0x00000000c3f00000| Untracked 
|  44|0x00000000c4000000, 0x00000000c4000000, 0x00000000c4100000|  0%| F|  |TAMS 0x00000000c4000000, 0x00000000c4000000| Untracked 
|  45|0x00000000c4100000, 0x00000000c4100000, 0x00000000c4200000|  0%| F|  |TAMS 0x00000000c4100000, 0x00000000c4100000| Untracked 
|  46|0x00000000c4200000, 0x00000000c4200000, 0x00000000c4300000|  0%| F|  |TAMS 0x00000000c4200000, 0x00000000c4200000| Untracked 
|  47|0x00000000c4300000, 0x00000000c4300000, 0x00000000c4400000|  0%| F|  |TAMS 0x00000000c4300000, 0x00000000c4300000| Untracked 
|  48|0x00000000c4400000, 0x00000000c4400000, 0x00000000c4500000|  0%| F|  |TAMS 0x00000000c4400000, 0x00000000c4400000| Untracked 
|  49|0x00000000c4500000, 0x00000000c4500000, 0x00000000c4600000|  0%| F|  |TAMS 0x00000000c4500000, 0x00000000c4500000| Untracked 
|  50|0x00000000c4600000, 0x00000000c4600000, 0x00000000c4700000|  0%| F|  |TAMS 0x00000000c4600000, 0x00000000c4600000| Untracked 
|  51|0x00000000c4700000, 0x00000000c4700000, 0x00000000c4800000|  0%| F|  |TAMS 0x00000000c4700000, 0x00000000c4700000| Untracked 
|  52|0x00000000c4800000, 0x00000000c4800000, 0x00000000c4900000|  0%| F|  |TAMS 0x00000000c4800000, 0x00000000c4800000| Untracked 
|  53|0x00000000c4900000, 0x00000000c4900000, 0x00000000c4a00000|  0%| F|  |TAMS 0x00000000c4900000, 0x00000000c4900000| Untracked 
|  54|0x00000000c4a00000, 0x00000000c4a00000, 0x00000000c4b00000|  0%| F|  |TAMS 0x00000000c4a00000, 0x00000000c4a00000| Untracked 
|  55|0x00000000c4b00000, 0x00000000c4b00000, 0x00000000c4c00000|  0%| F|  |TAMS 0x00000000c4b00000, 0x00000000c4b00000| Untracked 
|  56|0x00000000c4c00000, 0x00000000c4c00000, 0x00000000c4d00000|  0%| F|  |TAMS 0x00000000c4c00000, 0x00000000c4c00000| Untracked 
|  57|0x00000000c4d00000, 0x00000000c4d00000, 0x00000000c4e00000|  0%| F|  |TAMS 0x00000000c4d00000, 0x00000000c4d00000| Untracked 
|  58|0x00000000c4e00000, 0x00000000c4e00000, 0x00000000c4f00000|  0%| F|  |TAMS 0x00000000c4e00000, 0x00000000c4e00000| Untracked 
|  59|0x00000000c4f00000, 0x00000000c4f00000, 0x00000000c5000000|  0%| F|  |TAMS 0x00000000c4f00000, 0x00000000c4f00000| Untracked 
|  60|0x00000000c5000000, 0x00000000c5080800, 0x00000000c5100000| 50%| E|  |TAMS 0x00000000c5000000, 0x00000000c5000000| Complete 
|  61|0x00000000c5100000, 0x00000000c5200000, 0x00000000c5200000|100%| E|CS|TAMS 0x00000000c5100000, 0x00000000c5100000| Complete 
|  62|0x00000000c5200000, 0x00000000c5300000, 0x00000000c5300000|100%| E|CS|TAMS 0x00000000c5200000, 0x00000000c5200000| Complete 
|  63|0x00000000c5300000, 0x00000000c5400000, 0x00000000c5400000|100%| E|CS|TAMS 0x00000000c5300000, 0x00000000c5300000| Complete 

Card table byte_map: [0x00000086ab970000,0x00000086abb70000] _byte_map_base: 0x00000086ab366000

Marking Bits (Prev, Next): (CMBitMap*) 0x000000869911d020, (CMBitMap*) 0x000000869911d060
 Prev Bits: [0x00000086abd70000, 0x00000086acd20000)
 Next Bits: [0x00000086acd20000, 0x00000086adcd0000)

Polling page: 0x0000008696e60000

Metaspace:

Usage:
  Non-class:     17.28 MB used.
      Class:      2.12 MB used.
       Both:     19.40 MB used.

Virtual space:
  Non-class space:       24.00 MB reserved,      17.38 MB ( 72%) committed,  3 nodes.
      Class space:        1.00 GB reserved,       2.19 MB ( <1%) committed,  1 nodes.
             Both:        1.02 GB reserved,      19.56 MB (  2%) committed. 

Chunk freelists:
   Non-Class:  2.23 MB
       Class:  1.84 MB
        Both:  4.08 MB

MaxMetaspaceSize: unlimited
CompressedClassSpaceSize: 1.00 GB
Initial GC threshold: 21.00 MB
Current GC threshold: 21.00 MB
CDS: off
MetaspaceReclaimPolicy: balanced
 - commit_granule_bytes: 65536.
 - commit_granule_words: 8192.
 - virtual_space_node_default_size: 1048576.
 - enlarge_chunks_in_place: 1.
 - new_chunks_are_fully_committed: 0.
 - uncommit_free_chunks: 1.
 - use_allocation_guard: 0.
 - handle_deallocations: 1.


Internal statistics:

num_allocs_failed_limit: 0.
num_arena_births: 110.
num_arena_deaths: 0.
num_vsnodes_births: 4.
num_vsnodes_deaths: 0.
num_space_committed: 313.
num_space_uncommitted: 0.
num_chunks_returned_to_freelist: 0.
num_chunks_taken_from_freelist: 499.
num_chunk_merges: 0.
num_chunk_splits: 308.
num_chunks_enlarged: 236.
num_purges: 0.
num_inconsistent_stats: 0.

CodeHeap 'non-profiled nmethods': size=120000Kb used=602Kb max_used=602Kb free=119397Kb
 bounds [0x00000086a4240000, 0x00000086a44b0000, 0x00000086ab770000]
CodeHeap 'profiled nmethods': size=120000Kb used=3617Kb max_used=3617Kb free=116382Kb
 bounds [0x000000869cd10000, 0x000000869d0a0000, 0x00000086a4240000]
CodeHeap 'non-nmethods': size=5760Kb used=1165Kb max_used=1187Kb free=4594Kb
 bounds [0x000000869c770000, 0x000000869c9e0000, 0x000000869cd10000]
 total_blobs=2259 nmethods=1803 adapters=368
 compilation: enabled
              stopped_count=0, restarted_count=0
 full_count=0

Compilation events (20 events):
Event: 7.872 Thread 0x00000086b1317110 1762       3       com.sun.beans.TypeResolver::getActualType (24 bytes)
Event: 7.874 Thread 0x00000086b1317110 nmethod 1762 0x000000869d079490 code [0x000000869d0796a0, 0x000000869d079d68]
Event: 7.874 Thread 0x00000086b1317110 1763       3       com.sun.beans.introspect.PropertyInfo::is (31 bytes)
Event: 7.875 Thread 0x00000086b1317110 nmethod 1763 0x000000869d079f90 code [0x000000869d07a160, 0x000000869d07a708]
Event: 7.875 Thread 0x00000086b1317110 1764       3       java.beans.FeatureDescriptor::setValue (11 bytes)
Event: 7.876 Thread 0x00000086b1317110 nmethod 1764 0x000000869d07a890 code [0x000000869d07aa80, 0x000000869d07ae78]
Event: 7.876 Thread 0x00000086b1317110 1766       3       java.util.Collections$SetFromMap::contains (11 bytes)
Event: 7.877 Thread 0x00000086b1317110 nmethod 1766 0x000000869d07b010 code [0x000000869d07b1c0, 0x000000869d07b388]
Event: 7.877 Thread 0x00000086b1317110 1767       3       java.util.concurrent.ConcurrentHashMap::remove (8 bytes)
Event: 7.877 Thread 0x00000086b1317110 nmethod 1767 0x000000869d07b490 code [0x000000869d07b640, 0x000000869d07b788]
Event: 7.877 Thread 0x00000086b1317110 1765       3       java.util.Hashtable$Entry::<init> (26 bytes)
Event: 7.878 Thread 0x00000086b1317110 nmethod 1765 0x000000869d07b810 code [0x000000869d07b9c0, 0x000000869d07bc38]
Event: 7.878 Thread 0x00000086b1317110 1768       1       java.beans.PropertyEditorSupport::setSource (6 bytes)
Event: 7.878 Thread 0x00000086b1317110 nmethod 1768 0x00000086a42d5710 code [0x00000086a42d58a0, 0x00000086a42d59b8]
Event: 7.879 Thread 0x00000086b1317110 1769       3       java.lang.Class::privateGetDeclaredConstructors (79 bytes)
Event: 7.881 Thread 0x00000086b1317110 nmethod 1769 0x000000869d07bd10 code [0x000000869d07bf00, 0x000000869d07c448]
Event: 7.881 Thread 0x00000086b1317110 1770       3       jdk.internal.reflect.ReflectionFactory::copyConstructor (11 bytes)
Event: 7.881 Thread 0x00000086b1317110 nmethod 1770 0x000000869d07c610 code [0x000000869d07c7c0, 0x000000869d07c9a8]
Event: 7.881 Thread 0x00000086b1317110 1771       3       java.lang.reflect.ReflectAccess::copyConstructor (5 bytes)
Event: 7.882 Thread 0x00000086b1317110 nmethod 1771 0x000000869d07cb10 code [0x000000869d07ccc0, 0x000000869d07ce08]

GC Heap History (8 events):
Event: 3.428 GC heap before
{Heap before GC invocations=0 (full 0):
 garbage-first heap   total 65536K, used 12288K [0x00000000c1400000, 0x0000000100000000)
  region size 1024K, 13 young (13312K), 0 survivors (0K)
 Metaspace       used 10908K, committed 11136K, reserved 1064960K
  class space    used 994K, committed 1088K, reserved 1048576K
}
Event: 3.452 GC heap after
{Heap after GC invocations=1 (full 0):
 garbage-first heap   total 65536K, used 6208K [0x00000000c1400000, 0x0000000100000000)
  region size 1024K, 2 young (2048K), 2 survivors (2048K)
 Metaspace       used 10908K, committed 11136K, reserved 1064960K
  class space    used 994K, committed 1088K, reserved 1048576K
}
Event: 4.242 GC heap before
{Heap before GC invocations=1 (full 0):
 garbage-first heap   total 65536K, used 13376K [0x00000000c1400000, 0x0000000100000000)
  region size 1024K, 9 young (9216K), 2 survivors (2048K)
 Metaspace       used 12773K, committed 12928K, reserved 1064960K
  class space    used 1270K, committed 1344K, reserved 1048576K
}
Event: 4.254 GC heap after
{Heap after GC invocations=2 (full 0):
 garbage-first heap   total 65536K, used 6573K [0x00000000c1400000, 0x0000000100000000)
  region size 1024K, 1 young (1024K), 1 survivors (1024K)
 Metaspace       used 12773K, committed 12928K, reserved 1064960K
  class space    used 1270K, committed 1344K, reserved 1048576K
}
Event: 6.779 GC heap before
{Heap before GC invocations=2 (full 0):
 garbage-first heap   total 65536K, used 29101K [0x00000000c1400000, 0x0000000100000000)
  region size 1024K, 23 young (23552K), 1 survivors (1024K)
 Metaspace       used 17739K, committed 17920K, reserved 1064960K
  class space    used 1903K, committed 1984K, reserved 1048576K
}
Event: 6.792 GC heap after
{Heap after GC invocations=3 (full 0):
 garbage-first heap   total 65536K, used 7910K [0x00000000c1400000, 0x0000000100000000)
  region size 1024K, 2 young (2048K), 2 survivors (2048K)
 Metaspace       used 17739K, committed 17920K, reserved 1064960K
  class space    used 1903K, committed 1984K, reserved 1048576K
}
Event: 7.654 GC heap before
{Heap before GC invocations=3 (full 0):
 garbage-first heap   total 65536K, used 40678K [0x00000000c1400000, 0x0000000100000000)
  region size 1024K, 35 young (35840K), 2 survivors (2048K)
 Metaspace       used 19370K, committed 19520K, reserved 1073152K
  class space    used 2111K, committed 2176K, reserved 1048576K
}
Event: 7.675 GC heap after
{Heap after GC invocations=4 (full 0):
 garbage-first heap   total 65536K, used 8664K [0x00000000c1400000, 0x0000000100000000)
  region size 1024K, 3 young (3072K), 3 survivors (3072K)
 Metaspace       used 19370K, committed 19520K, reserved 1073152K
  class space    used 2111K, committed 2176K, reserved 1048576K
}

Deoptimization events (20 events):
Event: 7.691 Thread 0x00000086990ed680 Uncommon trap: trap_request=0xffffffde fr.pc=0x00000086a42517a4 relative=0x00000000000001a4
Event: 7.691 Thread 0x00000086990ed680 Uncommon trap: reason=class_check action=maybe_recompile pc=0x00000086a42517a4 method=java.lang.String.equals(Ljava/lang/Object;)Z @ 8 c2
Event: 7.691 Thread 0x00000086990ed680 DEOPT PACKING pc=0x00000086a42517a4 sp=0x000000869889acd0
Event: 7.691 Thread 0x00000086990ed680 DEOPT UNPACKING pc=0x000000869c7c23a3 sp=0x000000869889ac78 mode 2
Event: 7.691 Thread 0x00000086990ed680 Uncommon trap: trap_request=0xffffffde fr.pc=0x00000086a42517a4 relative=0x00000000000001a4
Event: 7.691 Thread 0x00000086990ed680 Uncommon trap: reason=class_check action=maybe_recompile pc=0x00000086a42517a4 method=java.lang.String.equals(Ljava/lang/Object;)Z @ 8 c2
Event: 7.691 Thread 0x00000086990ed680 DEOPT PACKING pc=0x00000086a42517a4 sp=0x000000869889acd0
Event: 7.691 Thread 0x00000086990ed680 DEOPT UNPACKING pc=0x000000869c7c23a3 sp=0x000000869889ac78 mode 2
Event: 7.798 Thread 0x00000086990ed680 Uncommon trap: trap_request=0xffffffc6 fr.pc=0x00000086a42bb728 relative=0x00000000000007a8
Event: 7.798 Thread 0x00000086990ed680 Uncommon trap: reason=bimorphic_or_optimized_type_check action=maybe_recompile pc=0x00000086a42bb728 method=java.util.HashMap.putVal(ILjava/lang/Object;Ljava/lang/Object;ZZ)Ljava/lang/Object; @ 91 c2
Event: 7.798 Thread 0x00000086990ed680 DEOPT PACKING pc=0x00000086a42bb728 sp=0x0000008698899b00
Event: 7.798 Thread 0x00000086990ed680 DEOPT UNPACKING pc=0x000000869c7c23a3 sp=0x0000008698899a80 mode 2
Event: 7.801 Thread 0x00000086990ed680 Uncommon trap: trap_request=0xffffffde fr.pc=0x00000086a429a450 relative=0x0000000000000410
Event: 7.801 Thread 0x00000086990ed680 Uncommon trap: reason=class_check action=maybe_recompile pc=0x00000086a429a450 method=java.util.HashMap.getNode(Ljava/lang/Object;)Ljava/util/HashMap$Node; @ 128 c2
Event: 7.801 Thread 0x00000086990ed680 DEOPT PACKING pc=0x00000086a429a450 sp=0x0000008698899910
Event: 7.801 Thread 0x00000086990ed680 DEOPT UNPACKING pc=0x000000869c7c23a3 sp=0x0000008698899828 mode 2
Event: 7.823 Thread 0x00000086990ed680 Uncommon trap: trap_request=0xffffffc6 fr.pc=0x00000086a42bb728 relative=0x00000000000007a8
Event: 7.823 Thread 0x00000086990ed680 Uncommon trap: reason=bimorphic_or_optimized_type_check action=maybe_recompile pc=0x00000086a42bb728 method=java.util.HashMap.putVal(ILjava/lang/Object;Ljava/lang/Object;ZZ)Ljava/lang/Object; @ 91 c2
Event: 7.823 Thread 0x00000086990ed680 DEOPT PACKING pc=0x00000086a42bb728 sp=0x0000008698899b00
Event: 7.823 Thread 0x00000086990ed680 DEOPT UNPACKING pc=0x000000869c7c23a3 sp=0x0000008698899a80 mode 2

Classes unloaded (0 events):
No events

Classes redefined (0 events):
No events

Internal exceptions (20 events):
Event: 7.679 Thread 0x00000086990ed680 Exception <a 'java/lang/ClassNotFoundException'{0x00000000c5312c20}: org/springframework/context/ApplicationContextAwareBeanInfo> (0x00000000c5312c20) 
thrown [e:\jenkins\tmp\workspace\build\src\src\hotspot\share\classfile\systemDictionary.cpp, line 256]
Event: 7.680 Thread 0x00000086990ed680 Exception <a 'java/lang/ClassNotFoundException'{0x00000000c5317968}: org/springframework/context/ApplicationContextAwareCustomizer> (0x00000000c5317968) 
thrown [e:\jenkins\tmp\workspace\build\src\src\hotspot\share\classfile\systemDictionary.cpp, line 256]
Event: 7.695 Thread 0x00000086990ed680 Exception <a 'java/lang/ClassNotFoundException'{0x00000000c534e3d8}: org/springframework/transaction/annotation/ProxyTransactionManagementConfiguration$$EnhancerBySpringCGLIB$$6625d406BeanInfo> (0x00000000c534e3d8) 
thrown [e:\jenkins\tmp\workspace\build\src\src\hotspot\share\classfile\systemDictionary.cpp, line 256]
Event: 7.697 Thread 0x00000086990ed680 Exception <a 'java/lang/ClassNotFoundException'{0x00000000c5353f88}: org/springframework/transaction/annotation/ProxyTransactionManagementConfigurationBeanInfo> (0x00000000c5353f88) 
thrown [e:\jenkins\tmp\workspace\build\src\src\hotspot\share\classfile\systemDictionary.cpp, line 256]
Event: 7.698 Thread 0x00000086990ed680 Exception <a 'java/lang/ClassNotFoundException'{0x00000000c5359b68}: org/springframework/transaction/annotation/AbstractTransactionManagementConfigurationBeanInfo> (0x00000000c5359b68) 
thrown [e:\jenkins\tmp\workspace\build\src\src\hotspot\share\classfile\systemDictionary.cpp, line 256]
Event: 7.700 Thread 0x00000086990ed680 Exception <a 'java/lang/ClassNotFoundException'{0x00000000c535f7c0}: org/springframework/transaction/annotation/AbstractTransactionManagementConfigurationCustomizer> (0x00000000c535f7c0) 
thrown [e:\jenkins\tmp\workspace\build\src\src\hotspot\share\classfile\systemDictionary.cpp, line 256]
Event: 7.705 Thread 0x00000086990ed680 Exception <a 'java/lang/ClassNotFoundException'{0x00000000c5374290}: org/springframework/transaction/annotation/ProxyTransactionManagementConfigurationCustomizer> (0x00000000c5374290) 
thrown [e:\jenkins\tmp\workspace\build\src\src\hotspot\share\classfile\systemDictionary.cpp, line 256]
Event: 7.708 Thread 0x00000086990ed680 Exception <a 'java/lang/ClassNotFoundException'{0x00000000c537db40}: org/springframework/transaction/annotation/ProxyTransactionManagementConfiguration$$EnhancerBySpringCGLIB$$6625d406Customizer> (0x00000000c537db40) 
thrown [e:\jenkins\tmp\workspace\build\src\src\hotspot\share\classfile\systemDictionary.cpp, line 256]
Event: 7.712 Thread 0x00000086990ed680 Exception <a 'java/lang/ClassNotFoundException'{0x00000000c538cb18}: org/springframework/context/annotation/ConfigurationClassEnhancer$EnhancedConfigurationBeanInfo> (0x00000000c538cb18) 
thrown [e:\jenkins\tmp\workspace\build\src\src\hotspot\share\classfile\systemDictionary.cpp, line 256]
Event: 7.713 Thread 0x00000086990ed680 Exception <a 'java/lang/ClassNotFoundException'{0x00000000c5392868}: org/springframework/context/annotation/ConfigurationClassEnhancer$EnhancedConfigurationCustomizer> (0x00000000c5392868) 
thrown [e:\jenkins\tmp\workspace\build\src\src\hotspot\share\classfile\systemDictionary.cpp, line 256]
Event: 7.715 Thread 0x00000086990ed680 Exception <a 'java/lang/ClassNotFoundException'{0x00000000c53983c8}: org/springframework/context/annotation/ImportAwareBeanInfo> (0x00000000c53983c8) 
thrown [e:\jenkins\tmp\workspace\build\src\src\hotspot\share\classfile\systemDictionary.cpp, line 256]
Event: 7.716 Thread 0x00000086990ed680 Exception <a 'java/lang/ClassNotFoundException'{0x00000000c539d930}: org/springframework/context/annotation/ImportAwareCustomizer> (0x00000000c539d930) 
thrown [e:\jenkins\tmp\workspace\build\src\src\hotspot\share\classfile\systemDictionary.cpp, line 256]
Event: 7.862 Thread 0x00000086990ed680 Exception <a 'java/lang/ClassNotFoundException'{0x00000000c51094b0}: org/springframework/transaction/annotation/AnnotationTransactionAttributeSourceBeanInfo> (0x00000000c51094b0) 
thrown [e:\jenkins\tmp\workspace\build\src\src\hotspot\share\classfile\systemDictionary.cpp, line 256]
Event: 7.862 Thread 0x00000086990ed680 Exception <a 'java/lang/ClassNotFoundException'{0x00000000c510f0c0}: org/springframework/transaction/interceptor/AbstractFallbackTransactionAttributeSourceBeanInfo> (0x00000000c510f0c0) 
thrown [e:\jenkins\tmp\workspace\build\src\src\hotspot\share\classfile\systemDictionary.cpp, line 256]
Event: 7.863 Thread 0x00000086990ed680 Exception <a 'java/lang/ClassNotFoundException'{0x00000000c5114d28}: org/springframework/transaction/interceptor/AbstractFallbackTransactionAttributeSourceCustomizer> (0x00000000c5114d28) 
thrown [e:\jenkins\tmp\workspace\build\src\src\hotspot\share\classfile\systemDictionary.cpp, line 256]
Event: 7.865 Thread 0x00000086990ed680 Exception <a 'java/lang/ClassNotFoundException'{0x00000000c511dee8}: org/springframework/transaction/annotation/AnnotationTransactionAttributeSourceCustomizer> (0x00000000c511dee8) 
thrown [e:\jenkins\tmp\workspace\build\src\src\hotspot\share\classfile\systemDictionary.cpp, line 256]
Event: 7.868 Thread 0x00000086990ed680 Exception <a 'java/lang/ClassNotFoundException'{0x00000000c5128220}: org/springframework/transaction/interceptor/TransactionAttributeSourceBeanInfo> (0x00000000c5128220) 
thrown [e:\jenkins\tmp\workspace\build\src\src\hotspot\share\classfile\systemDictionary.cpp, line 256]
Event: 7.869 Thread 0x00000086990ed680 Exception <a 'java/lang/ClassNotFoundException'{0x00000000c512db98}: org/springframework/transaction/interceptor/TransactionAttributeSourceCustomizer> (0x00000000c512db98) 
thrown [e:\jenkins\tmp\workspace\build\src\src\hotspot\share\classfile\systemDictionary.cpp, line 256]
Event: 7.871 Thread 0x00000086990ed680 Exception <a 'java/lang/ClassNotFoundException'{0x00000000c5135858}: org/springframework/context/EmbeddedValueResolverAwareBeanInfo> (0x00000000c5135858) 
thrown [e:\jenkins\tmp\workspace\build\src\src\hotspot\share\classfile\systemDictionary.cpp, line 256]
Event: 7.871 Thread 0x00000086990ed680 Exception <a 'java/lang/ClassNotFoundException'{0x00000000c513ae50}: org/springframework/context/EmbeddedValueResolverAwareCustomizer> (0x00000000c513ae50) 
thrown [e:\jenkins\tmp\workspace\build\src\src\hotspot\share\classfile\systemDictionary.cpp, line 256]

VM Operations (20 events):
Event: 4.457 Executing VM operation: HandshakeAllThreads
Event: 4.457 Executing VM operation: HandshakeAllThreads done
Event: 4.891 Executing VM operation: HandshakeAllThreads
Event: 4.891 Executing VM operation: HandshakeAllThreads done
Event: 5.891 Executing VM operation: Cleanup
Event: 5.891 Executing VM operation: Cleanup done
Event: 6.020 Executing VM operation: HandshakeAllThreads
Event: 6.020 Executing VM operation: HandshakeAllThreads done
Event: 6.294 Executing VM operation: HandshakeAllThreads
Event: 6.294 Executing VM operation: HandshakeAllThreads done
Event: 6.440 Executing VM operation: HandshakeAllThreads
Event: 6.441 Executing VM operation: HandshakeAllThreads done
Event: 6.779 Executing VM operation: G1CollectForAllocation
Event: 6.792 Executing VM operation: G1CollectForAllocation done
Event: 7.611 Executing VM operation: HandshakeAllThreads
Event: 7.611 Executing VM operation: HandshakeAllThreads done
Event: 7.615 Executing VM operation: HandshakeAllThreads
Event: 7.615 Executing VM operation: HandshakeAllThreads done
Event: 7.654 Executing VM operation: G1CollectForAllocation
Event: 7.675 Executing VM operation: G1CollectForAllocation done

Events (20 events):
Event: 7.498 loading class javax/naming/NameNotFoundException
Event: 7.498 loading class javax/naming/NameNotFoundException done
Event: 7.501 loading class javax/naming/Context
Event: 7.501 loading class javax/naming/Context done
Event: 7.513 loading class java/util/AbstractList$ListItr
Event: 7.513 loading class java/util/AbstractList$Itr
Event: 7.513 loading class java/util/AbstractList$Itr done
Event: 7.513 loading class java/util/AbstractList$ListItr done
Event: 7.582 loading class java/util/regex/Pattern$BnM
Event: 7.582 loading class java/util/regex/Pattern$BnM done
Event: 7.630 loading class java/text/MessageFormat
Event: 7.631 loading class java/text/MessageFormat done
Event: 7.720 loading class jdk/internal/reflect/UnsafeObjectFieldAccessorImpl
Event: 7.721 loading class jdk/internal/reflect/UnsafeObjectFieldAccessorImpl done
Event: 7.849 loading class jdk/internal/reflect/UnsafeQualifiedStaticIntegerFieldAccessorImpl
Event: 7.850 loading class jdk/internal/reflect/UnsafeQualifiedStaticFieldAccessorImpl
Event: 7.850 loading class jdk/internal/reflect/UnsafeQualifiedStaticFieldAccessorImpl done
Event: 7.850 loading class jdk/internal/reflect/UnsafeQualifiedStaticIntegerFieldAccessorImpl done
Event: 7.866 loading class sun/reflect/generics/tree/BooleanSignature
Event: 7.866 loading class sun/reflect/generics/tree/BooleanSignature done


Dynamic libraries:
0x00007ff78e080000 - 0x00007ff78e08e000 	C:\Users\Nidhi\Downloads\eclipse-java-2021-12-R-win32-x86_64\eclipse\plugins\org.eclipse.justj.openjdk.hotspot.jre.full.win32.x86_64_17.0.1.v20211116-1657\jre\bin\java.exe
0x00007ff807470000 - 0x00007ff807619000 	C:\Windows\SYSTEM32\ntdll.dll
0x00007ff806d70000 - 0x00007ff806ea9000 	C:\Windows\system32\KERNEL32.DLL
0x00007ff804970000 - 0x00007ff804a7e000 	C:\Windows\system32\KERNELBASE.dll
0x00007ff8004c0000 - 0x00007ff8004d8000 	C:\Users\Nidhi\Downloads\eclipse-java-2021-12-R-win32-x86_64\eclipse\plugins\org.eclipse.justj.openjdk.hotspot.jre.full.win32.x86_64_17.0.1.v20211116-1657\jre\bin\jli.dll
0x00007ff800450000 - 0x00007ff800469000 	C:\Users\Nidhi\Downloads\eclipse-java-2021-12-R-win32-x86_64\eclipse\plugins\org.eclipse.justj.openjdk.hotspot.jre.full.win32.x86_64_17.0.1.v20211116-1657\jre\bin\VCRUNTIME140.dll
0x00007ff801cd0000 - 0x00007ff801cd4000 	C:\Users\Nidhi\Downloads\eclipse-java-2021-12-R-win32-x86_64\eclipse\plugins\org.eclipse.justj.openjdk.hotspot.jre.full.win32.x86_64_17.0.1.v20211116-1657\jre\bin\api-ms-win-crt-stdio-l1-1-0.dll
0x00007ff801440000 - 0x00007ff801444000 	C:\Users\Nidhi\Downloads\eclipse-java-2021-12-R-win32-x86_64\eclipse\plugins\org.eclipse.justj.openjdk.hotspot.jre.full.win32.x86_64_17.0.1.v20211116-1657\jre\bin\api-ms-win-crt-runtime-l1-1-0.dll
0x00007ff801620000 - 0x00007ff801623000 	C:\Users\Nidhi\Downloads\eclipse-java-2021-12-R-win32-x86_64\eclipse\plugins\org.eclipse.justj.openjdk.hotspot.jre.full.win32.x86_64_17.0.1.v20211116-1657\jre\bin\api-ms-win-crt-environment-l1-1-0.dll
0x00007ff801c00000 - 0x00007ff801c05000 	C:\Users\Nidhi\Downloads\eclipse-java-2021-12-R-win32-x86_64\eclipse\plugins\org.eclipse.justj.openjdk.hotspot.jre.full.win32.x86_64_17.0.1.v20211116-1657\jre\bin\api-ms-win-crt-math-l1-1-0.dll
0x00007ff800d90000 - 0x00007ff800d93000 	C:\Users\Nidhi\Downloads\eclipse-java-2021-12-R-win32-x86_64\eclipse\plugins\org.eclipse.justj.openjdk.hotspot.jre.full.win32.x86_64_17.0.1.v20211116-1657\jre\bin\api-ms-win-crt-locale-l1-1-0.dll
0x00007ff8015f0000 - 0x00007ff8015f3000 	C:\Users\Nidhi\Downloads\eclipse-java-2021-12-R-win32-x86_64\eclipse\plugins\org.eclipse.justj.openjdk.hotspot.jre.full.win32.x86_64_17.0.1.v20211116-1657\jre\bin\api-ms-win-crt-heap-l1-1-0.dll
0x00007ff802b70000 - 0x00007ff802dca000 	C:\Windows\WinSxS\amd64_microsoft.windows.common-controls_6595b64144ccf1df_6.0.9600.16384_none_62475f7becb72503\COMCTL32.dll
0x00007ff805000000 - 0x00007ff805171000 	C:\Windows\system32\USER32.dll
0x00007ff801610000 - 0x00007ff801613000 	C:\Users\Nidhi\Downloads\eclipse-java-2021-12-R-win32-x86_64\eclipse\plugins\org.eclipse.justj.openjdk.hotspot.jre.full.win32.x86_64_17.0.1.v20211116-1657\jre\bin\api-ms-win-crt-filesystem-l1-1-0.dll
0x00007ff801c80000 - 0x00007ff801c84000 	C:\Users\Nidhi\Downloads\eclipse-java-2021-12-R-win32-x86_64\eclipse\plugins\org.eclipse.justj.openjdk.hotspot.jre.full.win32.x86_64_17.0.1.v20211116-1657\jre\bin\api-ms-win-crt-string-l1-1-0.dll
0x00007ff801630000 - 0x00007ff801634000 	C:\Users\Nidhi\Downloads\eclipse-java-2021-12-R-win32-x86_64\eclipse\plugins\org.eclipse.justj.openjdk.hotspot.jre.full.win32.x86_64_17.0.1.v20211116-1657\jre\bin\api-ms-win-crt-convert-l1-1-0.dll
0x00007ff8068a0000 - 0x00007ff806947000 	C:\Windows\system32\msvcrt.dll
0x00007ff806c20000 - 0x00007ff806d65000 	C:\Windows\system32\GDI32.dll
0x00007ffffa730000 - 0x00007ffffa82a000 	C:\Users\Nidhi\Downloads\eclipse-java-2021-12-R-win32-x86_64\eclipse\plugins\org.eclipse.justj.openjdk.hotspot.jre.full.win32.x86_64_17.0.1.v20211116-1657\jre\bin\ucrtbase.DLL
0x00007ff8052d0000 - 0x00007ff805304000 	C:\Windows\system32\IMM32.DLL
0x00007ff806eb0000 - 0x00007ff806fe8000 	C:\Windows\system32\MSCTF.dll
0x00007ff800cb0000 - 0x00007ff800cbc000 	C:\Users\Nidhi\Downloads\eclipse-java-2021-12-R-win32-x86_64\eclipse\plugins\org.eclipse.justj.openjdk.hotspot.jre.full.win32.x86_64_17.0.1.v20211116-1657\jre\bin\vcruntime140_1.dll
0x00007ffffaf20000 - 0x00007ffffafb1000 	C:\Users\Nidhi\Downloads\eclipse-java-2021-12-R-win32-x86_64\eclipse\plugins\org.eclipse.justj.openjdk.hotspot.jre.full.win32.x86_64_17.0.1.v20211116-1657\jre\bin\msvcp140.dll
0x00007ff801600000 - 0x00007ff801603000 	C:\Users\Nidhi\Downloads\eclipse-java-2021-12-R-win32-x86_64\eclipse\plugins\org.eclipse.justj.openjdk.hotspot.jre.full.win32.x86_64_17.0.1.v20211116-1657\jre\bin\api-ms-win-crt-time-l1-1-0.dll
0x00007ff801790000 - 0x00007ff801793000 	C:\Users\Nidhi\Downloads\eclipse-java-2021-12-R-win32-x86_64\eclipse\plugins\org.eclipse.justj.openjdk.hotspot.jre.full.win32.x86_64_17.0.1.v20211116-1657\jre\bin\api-ms-win-crt-utility-l1-1-0.dll
0x00007fffe83d0000 - 0x00007fffe9016000 	C:\Users\Nidhi\Downloads\eclipse-java-2021-12-R-win32-x86_64\eclipse\plugins\org.eclipse.justj.openjdk.hotspot.jre.full.win32.x86_64_17.0.1.v20211116-1657\jre\bin\server\jvm.dll
0x00007ff805310000 - 0x00007ff8053b5000 	C:\Windows\system32\ADVAPI32.dll
0x00007ff801d80000 - 0x00007ff801d89000 	C:\Windows\SYSTEM32\WSOCK32.dll
0x00007ff801690000 - 0x00007ff8016af000 	C:\Windows\SYSTEM32\WINMM.dll
0x00007ff8012f0000 - 0x00007ff8012fa000 	C:\Windows\SYSTEM32\VERSION.dll
0x00007ff806a10000 - 0x00007ff806a17000 	C:\Windows\system32\PSAPI.DLL
0x00007ff807410000 - 0x00007ff807467000 	C:\Windows\SYSTEM32\sechost.dll
0x00007ff805180000 - 0x00007ff8052b6000 	C:\Windows\system32\RPCRT4.dll
0x00007ff806950000 - 0x00007ff8069a8000 	C:\Windows\system32\WS2_32.dll
0x00007ff801660000 - 0x00007ff80168a000 	C:\Windows\SYSTEM32\WINMMBASE.dll
0x00007ff8052c0000 - 0x00007ff8052c9000 	C:\Windows\system32\NSI.dll
0x00007ff804a80000 - 0x00007ff804aca000 	C:\Windows\SYSTEM32\cfgmgr32.dll
0x00007ff803610000 - 0x00007ff803636000 	C:\Windows\SYSTEM32\DEVOBJ.dll
0x00007ff8015e0000 - 0x00007ff8015ea000 	C:\Users\Nidhi\Downloads\eclipse-java-2021-12-R-win32-x86_64\eclipse\plugins\org.eclipse.justj.openjdk.hotspot.jre.full.win32.x86_64_17.0.1.v20211116-1657\jre\bin\jimage.dll
0x00007ffff4de0000 - 0x00007ffff4f68000 	C:\Windows\SYSTEM32\DBGHELP.DLL
0x00007ff8015b0000 - 0x00007ff8015d5000 	C:\Users\Nidhi\Downloads\eclipse-java-2021-12-R-win32-x86_64\eclipse\plugins\org.eclipse.justj.openjdk.hotspot.jre.full.win32.x86_64_17.0.1.v20211116-1657\jre\bin\java.dll
0x00007ff8014e0000 - 0x00007ff8014f8000 	C:\Users\Nidhi\Downloads\eclipse-java-2021-12-R-win32-x86_64\eclipse\plugins\org.eclipse.justj.openjdk.hotspot.jre.full.win32.x86_64_17.0.1.v20211116-1657\jre\bin\zip.dll
0x00007ff8053d0000 - 0x00007ff8067e0000 	C:\Windows\system32\SHELL32.dll
0x00007ff8071d0000 - 0x00007ff8073a7000 	C:\Windows\SYSTEM32\combase.dll
0x00007ff806bc0000 - 0x00007ff806c11000 	C:\Windows\system32\SHLWAPI.dll
0x00007ff802dd0000 - 0x00007ff802e71000 	C:\Windows\SYSTEM32\SHCORE.dll
0x00007ff8047f0000 - 0x00007ff804804000 	C:\Windows\SYSTEM32\profapi.dll
0x00007ff8014c0000 - 0x00007ff8014d9000 	C:\Users\Nidhi\Downloads\eclipse-java-2021-12-R-win32-x86_64\eclipse\plugins\org.eclipse.justj.openjdk.hotspot.jre.full.win32.x86_64_17.0.1.v20211116-1657\jre\bin\net.dll
0x00007ffff75e0000 - 0x00007ffff76a5000 	C:\Windows\SYSTEM32\WINHTTP.dll
0x00007ff8040b0000 - 0x00007ff804108000 	C:\Windows\system32\mswsock.dll
0x00007ff8014a0000 - 0x00007ff8014b5000 	C:\Users\Nidhi\Downloads\eclipse-java-2021-12-R-win32-x86_64\eclipse\plugins\org.eclipse.justj.openjdk.hotspot.jre.full.win32.x86_64_17.0.1.v20211116-1657\jre\bin\nio.dll
0x00007ff800b00000 - 0x00007ff800b09000 	C:\Users\Nidhi\Downloads\eclipse-java-2021-12-R-win32-x86_64\eclipse\plugins\org.eclipse.justj.openjdk.hotspot.jre.full.win32.x86_64_17.0.1.v20211116-1657\jre\bin\management.dll
0x00007ff800af0000 - 0x00007ff800afb000 	C:\Users\Nidhi\Downloads\eclipse-java-2021-12-R-win32-x86_64\eclipse\plugins\org.eclipse.justj.openjdk.hotspot.jre.full.win32.x86_64_17.0.1.v20211116-1657\jre\bin\management_ext.dll
0x00007ff801480000 - 0x00007ff801490000 	C:\Users\Nidhi\Downloads\eclipse-java-2021-12-R-win32-x86_64\eclipse\plugins\org.eclipse.justj.openjdk.hotspot.jre.full.win32.x86_64_17.0.1.v20211116-1657\jre\bin\verify.dll

dbghelp: loaded successfully - version: 4.0.5 - missing functions: none
symbol engine: initialized successfully - sym options: 0x614 - pdb path: .;C:\Users\Nidhi\Downloads\eclipse-java-2021-12-R-win32-x86_64\eclipse\plugins\org.eclipse.justj.openjdk.hotspot.jre.full.win32.x86_64_17.0.1.v20211116-1657\jre\bin;C:\Windows\SYSTEM32;C:\Windows\WinSxS\amd64_microsoft.windows.common-controls_6595b64144ccf1df_6.0.9600.16384_none_62475f7becb72503;C:\Users\Nidhi\Downloads\eclipse-java-2021-12-R-win32-x86_64\eclipse\plugins\org.eclipse.justj.openjdk.hotspot.jre.full.win32.x86_64_17.0.1.v20211116-1657\jre\bin\server

VM Arguments:
java_command: C:\Users\Nidhi\AppData\Local\Temp\surefire9237790101899739148\surefirebooter17060061368880643388.jar C:\Users\Nidhi\AppData\Local\Temp\surefire9237790101899739148 2021-12-21T23-01-36_325-jvmRun1 surefire10188073318613089050tmp surefire_012034414011620238856tmp
java_class_path (initial): C:\Users\Nidhi\AppData\Local\Temp\surefire9237790101899739148\surefirebooter17060061368880643388.jar
Launcher Type: SUN_STANDARD

[Global flags]
     intx CICompilerCount                          = 3                                         {product} {ergonomic}
     uint ConcGCThreads                            = 1                                         {product} {ergonomic}
     uint G1ConcRefinementThreads                  = 4                                         {product} {ergonomic}
   size_t G1HeapRegionSize                         = 1048576                                   {product} {ergonomic}
    uintx GCDrainStackTargetSize                   = 64                                        {product} {ergonomic}
   size_t InitialHeapSize                          = 67108864                                  {product} {ergonomic}
   size_t MarkStackSize                            = 4194304                                   {product} {ergonomic}
   size_t MaxHeapSize                              = 1052770304                                {product} {ergonomic}
   size_t MaxNewSize                               = 631242752                                 {product} {ergonomic}
   size_t MinHeapDeltaBytes                        = 1048576                                   {product} {ergonomic}
   size_t MinHeapSize                              = 8388608                                   {product} {ergonomic}
    uintx NonNMethodCodeHeapSize                   = 5832780                                {pd product} {ergonomic}
    uintx NonProfiledCodeHeapSize                  = 122912730                              {pd product} {ergonomic}
    uintx ProfiledCodeHeapSize                     = 122912730                              {pd product} {ergonomic}
    uintx ReservedCodeCacheSize                    = 251658240                              {pd product} {ergonomic}
     bool SegmentedCodeCache                       = true                                      {product} {ergonomic}
   size_t SoftMaxHeapSize                          = 1052770304                             {manageable} {ergonomic}
     bool UseCompressedClassPointers               = true                           {product lp64_product} {ergonomic}
     bool UseCompressedOops                        = true                           {product lp64_product} {ergonomic}
     bool UseG1GC                                  = true                                      {product} {ergonomic}
     bool UseLargePagesIndividualAllocation        = false                                  {pd product} {ergonomic}

Logging:
Log output configuration:
 #0: stdout all=warning uptime,level,tags
 #1: stderr all=off uptime,level,tags

Environment Variables:
PATH=C:/Users/Nidhi/Downloads/eclipse-java-2021-12-R-win32-x86_64/eclipse//plugins/org.eclipse.justj.openjdk.hotspot.jre.full.win32.x86_64_17.0.1.v20211116-1657/jre/bin/server;C:/Users/Nidhi/Downloads/eclipse-java-2021-12-R-win32-x86_64/eclipse//plugins/org.eclipse.justj.openjdk.hotspot.jre.full.win32.x86_64_17.0.1.v20211116-1657/jre/bin;C:\Program Files\Common Files\Oracle\Java\javapath;C:\Program Files (x86)\Common Files\Oracle\Java\javapath;C:\ProgramData\Oracle\Java\javapath;C:\Program Files\Java\jre1.8.0_121\bin;C:\xampp\php;C:\Users\Default\Desktop;C:\Users\Nidhi\Anaconda4\Scripts\;C:\Program Files\Microsoft VS Code\bin;C:\Program Files\Git\cmd;C:\Program Files\nodejs\;C:\Users\Nidhi\Anaconda3;C:\Users\Nidhi\Anaconda3\Library\mingw-w64\bin;C:\Users\Nidhi\Anaconda3\Library\usr\bin;C:\Users\Nidhi\Anaconda3\Library\bin;C:\Users\Nidhi\Anaconda3\Scripts;C:\Program Files\Java\jdk1.8.0_121\bin;C:\Users\Nidhi\AppData\Roaming\Composer\vendor\bin;C:\Program Files\Microsoft VS Code\bin;C:\Users\Nidhi\AppData\Local\GitHubDesktop\bin;C:\Users\Nidhi\AppData\Roaming\npm;C:\Users\Nidhi\Downloads\eclipse-java-2021-12-R-win32-x86_64\eclipse;
USERNAME=Nidhi
OS=Windows_NT
PROCESSOR_IDENTIFIER=Intel64 Family 6 Model 61 Stepping 4, GenuineIntel



---------------  S Y S T E M  ---------------

OS:
 Windows 8.1 , 64 bit Build 9600 (6.3.9600.16656)
OS uptime: 12 days 8:39 hours

CPU: total 4 (initial active 4) (2 cores per cpu, 2 threads per core) family 6 model 61 stepping 4 microcode 0x1f, cx8, cmov, fxsr, ht, mmx, 3dnowpref, sse, sse2, sse3, ssse3, sse4.1, sse4.2, popcnt, lzcnt, tsc, tscinvbit, avx, avx2, aes, erms, clmul, bmi1, bmi2, adx, fma, vzeroupper, clflush

Memory: 4k page, system-wide physical 4011M (282M free)
TotalPageFile size 4011M (AvailPageFile size 3M)
current process WorkingSet (physical memory assigned to process): 110M, peak: 110M
current process commit charge ("private bytes"): 160M, peak: 160M

vm_info: OpenJDK 64-Bit Server VM (17.0.1+12) for windows-amd64 JRE (17.0.1+12), built on Oct 20 2021 07:42:55 by "" with MS VC++ 16.7 (VS2019)

END.
