#
# There is insufficient memory for the Java Runtime Environment to continue.
# Native memory allocation (malloc) failed to allocate 1425088 bytes for Chunk::new
# Possible reasons:
#   The system is out of physical RAM or swap space
#   The process is running with CompressedOops enabled, and the Java Heap may be blocking the growth of the native heap
# Possible solutions:
#   Reduce memory load on the system
#   Increase physical memory or swap space
#   Check if swap backing store is full
#   Decrease Java heap size (-Xmx/-Xms)
#   Decrease number of Java threads
#   Decrease Java thread stack sizes (-Xss)
#   Set larger code cache with -XX:ReservedCodeCacheSize=
#   JVM is running with Unscaled Compressed Oops mode in which the Java heap is
#     placed in the first 4GB address space. The Java Heap base address is the
#     maximum limit for the native heap growth. Please use -XX:HeapBaseMinAddress
#     to set the Java Heap base and to place the Java Heap above 4GB virtual address.
# This output file may be truncated or incomplete.
#
#  Out of Memory Error (arena.cpp:189), pid=6336, tid=7208
#
# JRE version: OpenJDK Runtime Environment Temurin-17.0.1+12 (17.0.1+12) (build 17.0.1+12)
# Java VM: OpenJDK 64-Bit Server VM Temurin-17.0.1+12 (17.0.1+12, mixed mode, tiered, compressed oops, compressed class ptrs, g1 gc, windows-amd64)
# No core dump will be written. Minidumps are not enabled by default on client versions of Windows
#

---------------  S U M M A R Y ------------

Command Line: -Dmaven.home=EMBEDDED -Dclassworlds.conf=C:\Users\Nidhi\eclipse-workspace\.metadata\.plugins\org.eclipse.m2e.launching\launches\m2conf10887272490007595579.tmp -Dmaven.multiModuleProjectDirectory=C:\Users\Nidhi\Documents\workspace-spring-tool-suite-4-4.12.1.RELEASE\E-CommerceFasionBackend -Dfile.encoding=Cp1252 -XX:+ShowCodeDetailsInExceptionMessages org.codehaus.plexus.classworlds.launcher.Launcher -Ppom.xml -B install

Host: Intel(R) Core(TM) i5-5200U CPU @ 2.20GHz, 4 cores, 3G,  Windows 8.1 , 64 bit Build 9600 (6.3.9600.16656)
Time: Tue Dec 21 22:52:13 2021 India Standard Time elapsed time: 20.157370 seconds (0d 0h 0m 20s)

---------------  T H R E A D  ---------------

Current thread (0x00000001948bdca0):  JavaThread "C2 CompilerThread0" daemon [_thread_in_native, id=7208, stack(0x00000001958e0000,0x00000001959e0000)]


Current CompileTask:
C2:  20157 4008   !   4       sun.nio.cs.StreamDecoder::read (196 bytes)

Stack: [0x00000001958e0000,0x00000001959e0000]
Native frames: (J=compiled Java code, j=interpreted, Vv=VM code, C=native code)
V  [jvm.dll+0x6744da]
V  [jvm.dll+0x82e144]
V  [jvm.dll+0x82f8ee]
V  [jvm.dll+0x82ff53]
V  [jvm.dll+0x245175]
V  [jvm.dll+0xab85b]
V  [jvm.dll+0xabdec]
V  [jvm.dll+0x362f07]
V  [jvm.dll+0x1bb698]
V  [jvm.dll+0x218189]
V  [jvm.dll+0x217451]
V  [jvm.dll+0x1a355d]
V  [jvm.dll+0x226e38]
V  [jvm.dll+0x224f7c]
V  [jvm.dll+0x7e3f5b]
V  [jvm.dll+0x7de51a]
V  [jvm.dll+0x673305]
C  [ucrtbase.DLL+0x1c1ae]
C  [KERNEL32.DLL+0x15dd]
C  [ntdll.dll+0x743d1]


---------------  P R O C E S S  ---------------

Threads class SMR info:
_java_thread_list=0x0000000196754360, length=12, elements={
0x00000001fd26fa60, 0x0000000194851c20, 0x0000000194853c30, 0x00000001948a1000,
0x00000001948a2680, 0x00000001948a3d00, 0x00000001948bc4f0, 0x00000001948bdca0,
0x00000001948c1170, 0x0000000195ae4090, 0x0000000195c30410, 0x0000000195c44ef0
}

Java Threads: ( => current thread )
  0x00000001fd26fa60 JavaThread "main" [_thread_in_native, id=9124, stack(0x00000001fb1c0000,0x00000001fb2c0000)]
  0x0000000194851c20 JavaThread "Reference Handler" daemon [_thread_blocked, id=8312, stack(0x00000001949d0000,0x0000000194ad0000)]
  0x0000000194853c30 JavaThread "Finalizer" daemon [_thread_blocked, id=4280, stack(0x0000000194ad0000,0x0000000194bd0000)]
  0x00000001948a1000 JavaThread "Signal Dispatcher" daemon [_thread_blocked, id=1412, stack(0x00000001954e0000,0x00000001955e0000)]
  0x00000001948a2680 JavaThread "Attach Listener" daemon [_thread_blocked, id=8200, stack(0x00000001955e0000,0x00000001956e0000)]
  0x00000001948a3d00 JavaThread "Service Thread" daemon [_thread_blocked, id=2380, stack(0x00000001956e0000,0x00000001957e0000)]
  0x00000001948bc4f0 JavaThread "Monitor Deflation Thread" daemon [_thread_blocked, id=6960, stack(0x00000001957e0000,0x00000001958e0000)]
=>0x00000001948bdca0 JavaThread "C2 CompilerThread0" daemon [_thread_in_native, id=7208, stack(0x00000001958e0000,0x00000001959e0000)]
  0x00000001948c1170 JavaThread "C1 CompilerThread0" daemon [_thread_in_native, id=6944, stack(0x00000001959e0000,0x0000000195ae0000)]
  0x0000000195ae4090 JavaThread "Sweeper thread" daemon [_thread_blocked, id=8576, stack(0x0000000195ee0000,0x0000000195fe0000)]
  0x0000000195c30410 JavaThread "Notification Thread" daemon [_thread_blocked, id=9184, stack(0x0000000195fe0000,0x00000001960e0000)]
  0x0000000195c44ef0 JavaThread "Common-Cleaner" daemon [_thread_blocked, id=3436, stack(0x00000001961e0000,0x00000001962e0000)]

Other Threads:
  0x00000001fd31c3c0 VMThread "VM Thread" [stack: 0x00000001948d0000,0x00000001949d0000] [id=8320]
  0x00000001fd30eb40 WatcherThread [stack: 0x00000001960e0000,0x00000001961e0000] [id=8480]
  0x00000001fd29e550 GCTaskThread "GC Thread#0" [stack: 0x00000001fd080000,0x00000001fd180000] [id=1928]
  0x000000019693dc50 GCTaskThread "GC Thread#1" [stack: 0x00000001971c0000,0x00000001972c0000] [id=404]
  0x00000001969a0850 GCTaskThread "GC Thread#2" [stack: 0x00000001972c0000,0x00000001973c0000] [id=5384]
  0x0000000196316110 GCTaskThread "GC Thread#3" [stack: 0x0000000198bd0000,0x0000000198cd0000] [id=7184]
  0x00000001fd2a7210 ConcurrentGCThread "G1 Main Marker" [stack: 0x00000001ff880000,0x00000001ff980000] [id=8308]
  0x00000001fd2aa8e0 ConcurrentGCThread "G1 Conc#0" [stack: 0x00000001ff980000,0x00000001ffa80000] [id=1860]
  0x00000001fd2f8570 ConcurrentGCThread "G1 Refine#0" [stack: 0x00000001ffec0000,0x00000001fffc0000] [id=8292]
  0x00000001fd2fbaf0 ConcurrentGCThread "G1 Service" [stack: 0x00000001945d0000,0x00000001946d0000] [id=7844]

Threads with active compile tasks:
C2 CompilerThread0    20246 4008   !   4       sun.nio.cs.StreamDecoder::read (196 bytes)
C1 CompilerThread0    20246 4081       3       sun.security.provider.ByteArrayAccess::b2iBig64 (231 bytes)

VM state: not at safepoint (normal execution)

VM Mutex/Monitor currently owned by a thread: None

Heap address: 0x00000000c1400000, size: 1004 MB, Compressed Oops mode: 32-bit

CDS archive(s) not mapped
Compressed class space mapped at: 0x0000000100000000-0x0000000140000000, reserved size: 1073741824
Narrow klass base: 0x0000000000000000, Narrow klass shift: 3, Narrow klass range: 0x140000000

GC Precious Log:
 CPUs: 4 total, 4 available
 Memory: 4011M
 Large Page Support: Disabled
 NUMA Support: Disabled
 Compressed Oops: Enabled (32-bit)
 Heap Region Size: 1M
 Heap Min Capacity: 8M
 Heap Initial Capacity: 64M
 Heap Max Capacity: 1004M
 Pre-touch: Disabled
 Parallel Workers: 4
 Concurrent Workers: 1
 Concurrent Refinement Workers: 4
 Periodic GC: Disabled

Heap:
 garbage-first heap   total 60416K, used 23977K [0x00000000c1400000, 0x0000000100000000)
  region size 1024K, 13 young (13312K), 2 survivors (2048K)
 Metaspace       used 24023K, committed 24256K, reserved 1073152K
  class space    used 2413K, committed 2560K, reserved 1048576K

Heap Regions: E=young(eden), S=young(survivor), O=old, HS=humongous(starts), HC=humongous(continues), CS=collection set, F=free, OA=open archive, CA=closed archive, TAMS=top-at-mark-start (previous, next)
|   0|0x00000000c1400000, 0x00000000c1500000, 0x00000000c1500000|100%| O|  |TAMS 0x00000000c1500000, 0x00000000c1400000| Untracked 
|   1|0x00000000c1500000, 0x00000000c1600000, 0x00000000c1600000|100%| O|  |TAMS 0x00000000c1600000, 0x00000000c1500000| Untracked 
|   2|0x00000000c1600000, 0x00000000c1700000, 0x00000000c1700000|100%| O|  |TAMS 0x00000000c1700000, 0x00000000c1600000| Untracked 
|   3|0x00000000c1700000, 0x00000000c1800000, 0x00000000c1800000|100%| O|  |TAMS 0x00000000c1800000, 0x00000000c1700000| Untracked 
|   4|0x00000000c1800000, 0x00000000c1900000, 0x00000000c1900000|100%| O|  |TAMS 0x00000000c1900000, 0x00000000c1800000| Untracked 
|   5|0x00000000c1900000, 0x00000000c1a00000, 0x00000000c1a00000|100%| O|  |TAMS 0x00000000c19fd000, 0x00000000c1900000| Untracked 
|   6|0x00000000c1a00000, 0x00000000c1b00000, 0x00000000c1b00000|100%| O|  |TAMS 0x00000000c1a00000, 0x00000000c1a00000| Untracked 
|   7|0x00000000c1b00000, 0x00000000c1c00000, 0x00000000c1c00000|100%| O|  |TAMS 0x00000000c1b00000, 0x00000000c1b00000| Untracked 
|   8|0x00000000c1c00000, 0x00000000c1d00000, 0x00000000c1d00000|100%| O|  |TAMS 0x00000000c1c00000, 0x00000000c1c00000| Untracked 
|   9|0x00000000c1d00000, 0x00000000c1d00000, 0x00000000c1e00000|  0%| F|  |TAMS 0x00000000c1d00000, 0x00000000c1d00000| Untracked 
|  10|0x00000000c1e00000, 0x00000000c1f00000, 0x00000000c1f00000|100%| O|  |TAMS 0x00000000c1e00000, 0x00000000c1e00000| Untracked 
|  11|0x00000000c1f00000, 0x00000000c2000000, 0x00000000c2000000|100%| O|  |TAMS 0x00000000c1f00000, 0x00000000c1f00000| Untracked 
|  12|0x00000000c2000000, 0x00000000c209ae00, 0x00000000c2100000| 60%| O|  |TAMS 0x00000000c2000000, 0x00000000c2000000| Untracked 
|  13|0x00000000c2100000, 0x00000000c2100000, 0x00000000c2200000|  0%| F|  |TAMS 0x00000000c2100000, 0x00000000c2100000| Untracked 
|  14|0x00000000c2200000, 0x00000000c2200000, 0x00000000c2300000|  0%| F|  |TAMS 0x00000000c2200000, 0x00000000c2200000| Untracked 
|  15|0x00000000c2300000, 0x00000000c2300000, 0x00000000c2400000|  0%| F|  |TAMS 0x00000000c2300000, 0x00000000c2300000| Untracked 
|  16|0x00000000c2400000, 0x00000000c2400000, 0x00000000c2500000|  0%| F|  |TAMS 0x00000000c2400000, 0x00000000c2400000| Untracked 
|  17|0x00000000c2500000, 0x00000000c2500000, 0x00000000c2600000|  0%| F|  |TAMS 0x00000000c2500000, 0x00000000c2500000| Untracked 
|  18|0x00000000c2600000, 0x00000000c2600000, 0x00000000c2700000|  0%| F|  |TAMS 0x00000000c2600000, 0x00000000c2600000| Untracked 
|  19|0x00000000c2700000, 0x00000000c2700000, 0x00000000c2800000|  0%| F|  |TAMS 0x00000000c2700000, 0x00000000c2700000| Untracked 
|  20|0x00000000c2800000, 0x00000000c2800000, 0x00000000c2900000|  0%| F|  |TAMS 0x00000000c2800000, 0x00000000c2800000| Untracked 
|  21|0x00000000c2900000, 0x00000000c2900000, 0x00000000c2a00000|  0%| F|  |TAMS 0x00000000c2900000, 0x00000000c2900000| Untracked 
|  22|0x00000000c2a00000, 0x00000000c2a00000, 0x00000000c2b00000|  0%| F|  |TAMS 0x00000000c2a00000, 0x00000000c2a00000| Untracked 
|  23|0x00000000c2b00000, 0x00000000c2b00000, 0x00000000c2c00000|  0%| F|  |TAMS 0x00000000c2b00000, 0x00000000c2b00000| Untracked 
|  24|0x00000000c2c00000, 0x00000000c2ccf6e8, 0x00000000c2d00000| 81%| S|CS|TAMS 0x00000000c2c00000, 0x00000000c2c00000| Complete 
|  25|0x00000000c2d00000, 0x00000000c2e00000, 0x00000000c2e00000|100%| S|CS|TAMS 0x00000000c2d00000, 0x00000000c2d00000| Complete 
|  26|0x00000000c2e00000, 0x00000000c2e00000, 0x00000000c2f00000|  0%| F|  |TAMS 0x00000000c2e00000, 0x00000000c2e00000| Untracked 
|  27|0x00000000c2f00000, 0x00000000c2f00000, 0x00000000c3000000|  0%| F|  |TAMS 0x00000000c2f00000, 0x00000000c2f00000| Untracked 
|  28|0x00000000c3000000, 0x00000000c3000000, 0x00000000c3100000|  0%| F|  |TAMS 0x00000000c3000000, 0x00000000c3000000| Untracked 
|  29|0x00000000c3100000, 0x00000000c3100000, 0x00000000c3200000|  0%| F|  |TAMS 0x00000000c3100000, 0x00000000c3100000| Untracked 
|  30|0x00000000c3200000, 0x00000000c3200000, 0x00000000c3300000|  0%| F|  |TAMS 0x00000000c3200000, 0x00000000c3200000| Untracked 
|  31|0x00000000c3300000, 0x00000000c3300000, 0x00000000c3400000|  0%| F|  |TAMS 0x00000000c3300000, 0x00000000c3300000| Untracked 
|  32|0x00000000c3400000, 0x00000000c3400000, 0x00000000c3500000|  0%| F|  |TAMS 0x00000000c3400000, 0x00000000c3400000| Untracked 
|  33|0x00000000c3500000, 0x00000000c3500000, 0x00000000c3600000|  0%| F|  |TAMS 0x00000000c3500000, 0x00000000c3500000| Untracked 
|  34|0x00000000c3600000, 0x00000000c3600000, 0x00000000c3700000|  0%| F|  |TAMS 0x00000000c3600000, 0x00000000c3600000| Untracked 
|  35|0x00000000c3700000, 0x00000000c3700000, 0x00000000c3800000|  0%| F|  |TAMS 0x00000000c3700000, 0x00000000c3700000| Untracked 
|  36|0x00000000c3800000, 0x00000000c3800000, 0x00000000c3900000|  0%| F|  |TAMS 0x00000000c3800000, 0x00000000c3800000| Untracked 
|  37|0x00000000c3900000, 0x00000000c3900000, 0x00000000c3a00000|  0%| F|  |TAMS 0x00000000c3900000, 0x00000000c3900000| Untracked 
|  38|0x00000000c3a00000, 0x00000000c3a00000, 0x00000000c3b00000|  0%| F|  |TAMS 0x00000000c3a00000, 0x00000000c3a00000| Untracked 
|  39|0x00000000c3b00000, 0x00000000c3b00000, 0x00000000c3c00000|  0%| F|  |TAMS 0x00000000c3b00000, 0x00000000c3b00000| Untracked 
|  40|0x00000000c3c00000, 0x00000000c3c00000, 0x00000000c3d00000|  0%| F|  |TAMS 0x00000000c3c00000, 0x00000000c3c00000| Untracked 
|  41|0x00000000c3d00000, 0x00000000c3d00000, 0x00000000c3e00000|  0%| F|  |TAMS 0x00000000c3d00000, 0x00000000c3d00000| Untracked 
|  42|0x00000000c3e00000, 0x00000000c3e00000, 0x00000000c3f00000|  0%| F|  |TAMS 0x00000000c3e00000, 0x00000000c3e00000| Untracked 
|  43|0x00000000c3f00000, 0x00000000c3f00000, 0x00000000c4000000|  0%| F|  |TAMS 0x00000000c3f00000, 0x00000000c3f00000| Untracked 
|  44|0x00000000c4000000, 0x00000000c4000000, 0x00000000c4100000|  0%| F|  |TAMS 0x00000000c4000000, 0x00000000c4000000| Untracked 
|  45|0x00000000c4100000, 0x00000000c4100000, 0x00000000c4200000|  0%| F|  |TAMS 0x00000000c4100000, 0x00000000c4100000| Untracked 
|  46|0x00000000c4200000, 0x00000000c4200000, 0x00000000c4300000|  0%| F|  |TAMS 0x00000000c4200000, 0x00000000c4200000| Untracked 
|  47|0x00000000c4300000, 0x00000000c4300000, 0x00000000c4400000|  0%| F|  |TAMS 0x00000000c4300000, 0x00000000c4300000| Untracked 
|  48|0x00000000c4400000, 0x00000000c44d5120, 0x00000000c4500000| 83%| E|  |TAMS 0x00000000c4400000, 0x00000000c4400000| Complete 
|  49|0x00000000c4500000, 0x00000000c4600000, 0x00000000c4600000|100%| E|CS|TAMS 0x00000000c4500000, 0x00000000c4500000| Complete 
|  50|0x00000000c4600000, 0x00000000c4700000, 0x00000000c4700000|100%| E|CS|TAMS 0x00000000c4600000, 0x00000000c4600000| Complete 
|  51|0x00000000c4700000, 0x00000000c4800000, 0x00000000c4800000|100%| E|CS|TAMS 0x00000000c4700000, 0x00000000c4700000| Complete 
|  52|0x00000000c4800000, 0x00000000c4900000, 0x00000000c4900000|100%| E|CS|TAMS 0x00000000c4800000, 0x00000000c4800000| Complete 
|  53|0x00000000c4900000, 0x00000000c4a00000, 0x00000000c4a00000|100%| E|CS|TAMS 0x00000000c4900000, 0x00000000c4900000| Complete 
|  54|0x00000000c4a00000, 0x00000000c4b00000, 0x00000000c4b00000|100%| E|CS|TAMS 0x00000000c4a00000, 0x00000000c4a00000| Complete 
|  55|0x00000000c4b00000, 0x00000000c4c00000, 0x00000000c4c00000|100%| E|CS|TAMS 0x00000000c4b00000, 0x00000000c4b00000| Complete 
|  56|0x00000000c4c00000, 0x00000000c4d00000, 0x00000000c4d00000|100%| E|CS|TAMS 0x00000000c4c00000, 0x00000000c4c00000| Complete 
|  62|0x00000000c5200000, 0x00000000c5300000, 0x00000000c5300000|100%| E|CS|TAMS 0x00000000c5200000, 0x00000000c5200000| Complete 
|  63|0x00000000c5300000, 0x00000000c5400000, 0x00000000c5400000|100%| E|CS|TAMS 0x00000000c5300000, 0x00000000c5300000| Complete 

Card table byte_map: [0x00000001fd520000,0x00000001fd720000] _byte_map_base: 0x00000001fcf16000

Marking Bits (Prev, Next): (CMBitMap*) 0x00000001fd29eba0, (CMBitMap*) 0x00000001fd29eb60
 Prev Bits: [0x00000001fe8d0000, 0x00000001ff880000)
 Next Bits: [0x00000001fd920000, 0x00000001fe8d0000)

Polling page: 0x00000001fb2c0000

Metaspace:

Usage:
  Non-class:     21.10 MB used.
      Class:      2.36 MB used.
       Both:     23.46 MB used.

Virtual space:
  Non-class space:       24.00 MB reserved,      21.19 MB ( 88%) committed,  3 nodes.
      Class space:        1.00 GB reserved,       2.50 MB ( <1%) committed,  1 nodes.
             Both:        1.02 GB reserved,      23.69 MB (  2%) committed. 

Chunk freelists:
   Non-Class:  2.84 MB
       Class:  1.49 MB
        Both:  4.34 MB

MaxMetaspaceSize: unlimited
CompressedClassSpaceSize: 1.00 GB
Initial GC threshold: 21.00 MB
Current GC threshold: 35.13 MB
CDS: off
MetaspaceReclaimPolicy: balanced
 - commit_granule_bytes: 65536.
 - commit_granule_words: 8192.
 - virtual_space_node_default_size: 1048576.
 - enlarge_chunks_in_place: 1.
 - new_chunks_are_fully_committed: 0.
 - uncommit_free_chunks: 1.
 - use_allocation_guard: 0.
 - handle_deallocations: 1.


Internal statistics:

num_allocs_failed_limit: 3.
num_arena_births: 96.
num_arena_deaths: 0.
num_vsnodes_births: 4.
num_vsnodes_deaths: 0.
num_space_committed: 379.
num_space_uncommitted: 0.
num_chunks_returned_to_freelist: 3.
num_chunks_taken_from_freelist: 648.
num_chunk_merges: 3.
num_chunk_splits: 450.
num_chunks_enlarged: 356.
num_purges: 0.
num_inconsistent_stats: 0.

CodeHeap 'non-profiled nmethods': size=120000Kb used=1936Kb max_used=1936Kb free=118063Kb
 bounds [0x000000018b0a0000, 0x000000018b310000, 0x00000001925d0000]
CodeHeap 'profiled nmethods': size=120000Kb used=8353Kb max_used=8353Kb free=111647Kb
 bounds [0x0000000183b70000, 0x00000001843a0000, 0x000000018b0a0000]
CodeHeap 'non-nmethods': size=5760Kb used=1197Kb max_used=1223Kb free=4562Kb
 bounds [0x00000001835d0000, 0x0000000183840000, 0x0000000183b70000]
 total_blobs=4523 nmethods=4030 adapters=405
 compilation: enabled
              stopped_count=0, restarted_count=0
 full_count=0

Compilation events (20 events):
Event: 20.085 Thread 0x00000001948c1170 4056       3       org.eclipse.sisu.inject.Guice4::getProviderInstance (22 bytes)
Event: 20.085 Thread 0x00000001948c1170 nmethod 4056 0x0000000184381910 code [0x0000000184381aa0, 0x0000000184381c78]
Event: 20.086 Thread 0x00000001948c1170 4064       3       jdk.internal.reflect.ClassFileAssembler::emitConstantPoolClass (23 bytes)
Event: 20.087 Thread 0x00000001948c1170 nmethod 4064 0x0000000184381d90 code [0x0000000184381f80, 0x00000001843823a8]
Event: 20.088 Thread 0x00000001948c1170 4065       3       org.eclipse.sisu.inject.MildKeys::get (14 bytes)
Event: 20.089 Thread 0x00000001948c1170 nmethod 4065 0x0000000184382610 code [0x0000000184382800, 0x0000000184382c88]
Event: 20.089 Thread 0x00000001948c1170 4066       3       org.eclipse.sisu.inject.MildKeys::tempKey (10 bytes)
Event: 20.090 Thread 0x00000001948c1170 nmethod 4066 0x0000000184382e90 code [0x0000000184383060, 0x00000001843834e8]
Event: 20.090 Thread 0x00000001948c1170 4067       3       java.lang.reflect.Field::getFieldAccessor (16 bytes)
Event: 20.090 Thread 0x00000001948c1170 nmethod 4067 0x0000000184383690 code [0x0000000184383820, 0x0000000184383998]
Event: 20.090 Thread 0x00000001948c1170 4068       3       jdk.internal.reflect.ReflectionFactory::newFieldAccessor (83 bytes)
Event: 20.092 Thread 0x00000001948c1170 nmethod 4068 0x0000000184383a10 code [0x0000000184383c00, 0x0000000184384218]
Event: 20.092 Thread 0x00000001948c1170 4070       3       org.eclipse.sisu.inject.MildKeys$Weak::equals (40 bytes)
Event: 20.093 Thread 0x00000001948c1170 nmethod 4070 0x0000000184384490 code [0x0000000184384660, 0x0000000184384c48]
Event: 20.093 Thread 0x00000001948c1170 4072       3       org.eclipse.sisu.plexus.Roles::camelizeName (126 bytes)
Event: 20.099 Thread 0x00000001948c1170 nmethod 4072 0x0000000184384d90 code [0x0000000184385100, 0x0000000184386738]
Event: 20.099 Thread 0x00000001948c1170 4069       3       org.slf4j.impl.SimpleLogger::isLevelEnabled (14 bytes)
Event: 20.100 Thread 0x00000001948c1170 nmethod 4069 0x0000000184387010 code [0x00000001843871a0, 0x0000000184387318]
Event: 20.100 Thread 0x00000001948c1170 4071       3       org.apache.maven.project.MavenProject::getProperties (8 bytes)
Event: 20.101 Thread 0x00000001948c1170 nmethod 4071 0x0000000184387390 code [0x0000000184387560, 0x0000000184387928]

GC Heap History (16 events):
Event: 3.467 GC heap before
{Heap before GC invocations=0 (full 0):
 garbage-first heap   total 65536K, used 13312K [0x00000000c1400000, 0x0000000100000000)
  region size 1024K, 13 young (13312K), 0 survivors (0K)
 Metaspace       used 11478K, committed 11648K, reserved 1064960K
  class space    used 1062K, committed 1152K, reserved 1048576K
}
Event: 3.481 GC heap after
{Heap after GC invocations=1 (full 0):
 garbage-first heap   total 65536K, used 2881K [0x00000000c1400000, 0x0000000100000000)
  region size 1024K, 2 young (2048K), 2 survivors (2048K)
 Metaspace       used 11478K, committed 11648K, reserved 1064960K
  class space    used 1062K, committed 1152K, reserved 1048576K
}
Event: 5.786 GC heap before
{Heap before GC invocations=1 (full 0):
 garbage-first heap   total 65536K, used 17217K [0x00000000c1400000, 0x0000000100000000)
  region size 1024K, 16 young (16384K), 2 survivors (2048K)
 Metaspace       used 13692K, committed 13824K, reserved 1064960K
  class space    used 1361K, committed 1408K, reserved 1048576K
}
Event: 5.802 GC heap after
{Heap after GC invocations=2 (full 0):
 garbage-first heap   total 65536K, used 3611K [0x00000000c1400000, 0x0000000100000000)
  region size 1024K, 1 young (1024K), 1 survivors (1024K)
 Metaspace       used 13692K, committed 13824K, reserved 1064960K
  class space    used 1361K, committed 1408K, reserved 1048576K
}
Event: 9.022 GC heap before
{Heap before GC invocations=2 (full 0):
 garbage-first heap   total 65536K, used 41499K [0x00000000c1400000, 0x0000000100000000)
  region size 1024K, 38 young (38912K), 1 survivors (1024K)
 Metaspace       used 20129K, committed 20352K, reserved 1073152K
  class space    used 2132K, committed 2240K, reserved 1048576K
}
Event: 9.047 GC heap after
{Heap after GC invocations=3 (full 0):
 garbage-first heap   total 65536K, used 6314K [0x00000000c1400000, 0x0000000100000000)
  region size 1024K, 4 young (4096K), 4 survivors (4096K)
 Metaspace       used 20129K, committed 20352K, reserved 1073152K
  class space    used 2132K, committed 2240K, reserved 1048576K
}
Event: 12.173 GC heap before
{Heap before GC invocations=3 (full 0):
 garbage-first heap   total 65536K, used 41130K [0x00000000c1400000, 0x0000000100000000)
  region size 1024K, 38 young (38912K), 4 survivors (4096K)
 Metaspace       used 20883K, committed 21056K, reserved 1073152K
  class space    used 2175K, committed 2240K, reserved 1048576K
}
Event: 12.228 GC heap after
{Heap after GC invocations=4 (full 0):
 garbage-first heap   total 65536K, used 10228K [0x00000000c1400000, 0x0000000100000000)
  region size 1024K, 4 young (4096K), 4 survivors (4096K)
 Metaspace       used 20883K, committed 21056K, reserved 1073152K
  class space    used 2175K, committed 2240K, reserved 1048576K
}
Event: 14.713 GC heap before
{Heap before GC invocations=4 (full 0):
 garbage-first heap   total 65536K, used 37876K [0x00000000c1400000, 0x0000000100000000)
  region size 1024K, 32 young (32768K), 4 survivors (4096K)
 Metaspace       used 21347K, committed 21504K, reserved 1073152K
  class space    used 2193K, committed 2240K, reserved 1048576K
}
Event: 14.753 GC heap after
{Heap after GC invocations=5 (full 0):
 garbage-first heap   total 65536K, used 11751K [0x00000000c1400000, 0x0000000100000000)
  region size 1024K, 2 young (2048K), 2 survivors (2048K)
 Metaspace       used 21347K, committed 21504K, reserved 1073152K
  class space    used 2193K, committed 2240K, reserved 1048576K
}
Event: 15.788 GC heap before
{Heap before GC invocations=6 (full 0):
 garbage-first heap   total 60416K, used 54759K [0x00000000c1400000, 0x0000000100000000)
  region size 1024K, 13 young (13312K), 2 survivors (2048K)
 Metaspace       used 22411K, committed 22592K, reserved 1073152K
  class space    used 2306K, committed 2432K, reserved 1048576K
}
Event: 15.800 GC heap after
{Heap after GC invocations=7 (full 0):
 garbage-first heap   total 60416K, used 12449K [0x00000000c1400000, 0x0000000100000000)
  region size 1024K, 3 young (3072K), 3 survivors (3072K)
 Metaspace       used 22411K, committed 22592K, reserved 1073152K
  class space    used 2306K, committed 2432K, reserved 1048576K
}
Event: 15.894 GC heap before
{Heap before GC invocations=7 (full 0):
 garbage-first heap   total 60416K, used 13473K [0x00000000c1400000, 0x0000000100000000)
  region size 1024K, 4 young (4096K), 3 survivors (3072K)
 Metaspace       used 22418K, committed 22592K, reserved 1073152K
  class space    used 2306K, committed 2432K, reserved 1048576K
}
Event: 15.907 GC heap after
{Heap after GC invocations=8 (full 0):
 garbage-first heap   total 60416K, used 12367K [0x00000000c1400000, 0x0000000100000000)
  region size 1024K, 1 young (1024K), 1 survivors (1024K)
 Metaspace       used 22418K, committed 22592K, reserved 1073152K
  class space    used 2306K, committed 2432K, reserved 1048576K
}
Event: 18.632 GC heap before
{Heap before GC invocations=8 (full 0):
 garbage-first heap   total 60416K, used 45135K [0x00000000c1400000, 0x0000000100000000)
  region size 1024K, 33 young (33792K), 1 survivors (1024K)
 Metaspace       used 23157K, committed 23360K, reserved 1073152K
  class space    used 2345K, committed 2496K, reserved 1048576K
}
Event: 18.641 GC heap after
{Heap after GC invocations=9 (full 0):
 garbage-first heap   total 60416K, used 13737K [0x00000000c1400000, 0x0000000100000000)
  region size 1024K, 2 young (2048K), 2 survivors (2048K)
 Metaspace       used 23157K, committed 23360K, reserved 1073152K
  class space    used 2345K, committed 2496K, reserved 1048576K
}

Deoptimization events (20 events):
Event: 20.071 Thread 0x00000001fd26fa60 Uncommon trap: trap_request=0xffffff45 fr.pc=0x000000018b146080 relative=0x0000000000000840
Event: 20.071 Thread 0x00000001fd26fa60 Uncommon trap: reason=unstable_if action=reinterpret pc=0x000000018b146080 method=com.google.inject.internal.MoreTypes.canonicalize(Ljava/lang/reflect/Type;)Ljava/lang/reflect/Type; @ 16 c2
Event: 20.071 Thread 0x00000001fd26fa60 DEOPT PACKING pc=0x000000018b146080 sp=0x00000001fb2bda50
Event: 20.071 Thread 0x00000001fd26fa60 DEOPT UNPACKING pc=0x00000001836223a3 sp=0x00000001fb2bda50 mode 2
Event: 20.071 Thread 0x00000001fd26fa60 Uncommon trap: trap_request=0xffffffde fr.pc=0x000000018b14acec relative=0x000000000000048c
Event: 20.071 Thread 0x00000001fd26fa60 Uncommon trap: reason=class_check action=maybe_recompile pc=0x000000018b14acec method=com.google.inject.internal.MoreTypes.getRawType(Ljava/lang/reflect/Type;)Ljava/lang/Class; @ 13 c2
Event: 20.071 Thread 0x00000001fd26fa60 DEOPT PACKING pc=0x000000018b14acec sp=0x00000001fb2bdaf0
Event: 20.071 Thread 0x00000001fd26fa60 DEOPT UNPACKING pc=0x00000001836223a3 sp=0x00000001fb2bda38 mode 2
Event: 20.074 Thread 0x00000001fd26fa60 Uncommon trap: trap_request=0xffffffde fr.pc=0x000000018b14acec relative=0x000000000000048c
Event: 20.074 Thread 0x00000001fd26fa60 Uncommon trap: reason=class_check action=maybe_recompile pc=0x000000018b14acec method=com.google.inject.internal.MoreTypes.getRawType(Ljava/lang/reflect/Type;)Ljava/lang/Class; @ 13 c2
Event: 20.074 Thread 0x00000001fd26fa60 DEOPT PACKING pc=0x000000018b14acec sp=0x00000001fb2bdaf0
Event: 20.074 Thread 0x00000001fd26fa60 DEOPT UNPACKING pc=0x00000001836223a3 sp=0x00000001fb2bda38 mode 2
Event: 20.074 Thread 0x00000001fd26fa60 Uncommon trap: trap_request=0xffffffde fr.pc=0x000000018b14acec relative=0x000000000000048c
Event: 20.074 Thread 0x00000001fd26fa60 Uncommon trap: reason=class_check action=maybe_recompile pc=0x000000018b14acec method=com.google.inject.internal.MoreTypes.getRawType(Ljava/lang/reflect/Type;)Ljava/lang/Class; @ 13 c2
Event: 20.074 Thread 0x00000001fd26fa60 DEOPT PACKING pc=0x000000018b14acec sp=0x00000001fb2bdaf0
Event: 20.074 Thread 0x00000001fd26fa60 DEOPT UNPACKING pc=0x00000001836223a3 sp=0x00000001fb2bda38 mode 2
Event: 20.090 Thread 0x00000001fd26fa60 Uncommon trap: trap_request=0xffffffde fr.pc=0x000000018b14acec relative=0x000000000000048c
Event: 20.090 Thread 0x00000001fd26fa60 Uncommon trap: reason=class_check action=maybe_recompile pc=0x000000018b14acec method=com.google.inject.internal.MoreTypes.getRawType(Ljava/lang/reflect/Type;)Ljava/lang/Class; @ 13 c2
Event: 20.090 Thread 0x00000001fd26fa60 DEOPT PACKING pc=0x000000018b14acec sp=0x00000001fb2bdaf0
Event: 20.090 Thread 0x00000001fd26fa60 DEOPT UNPACKING pc=0x00000001836223a3 sp=0x00000001fb2bda38 mode 2

Classes unloaded (0 events):
No events

Classes redefined (0 events):
No events

Internal exceptions (9 events):
Event: 1.115 Thread 0x00000001fd26fa60 Exception <a 'java/lang/NoSuchMethodError'{0x00000000c4f51170}: 'java.lang.Object java.lang.invoke.DirectMethodHandle$Holder.invokeStaticInit(java.lang.Object, int, int, int, int)'> (0x00000000c4f51170) 
thrown [e:\jenkins\tmp\workspace\build\src\src\hotspot\share\interpreter\linkResolver.cpp, line 766]
Event: 1.299 Thread 0x00000001fd26fa60 Exception <a 'java/lang/NoSuchMethodError'{0x00000000c4e41210}: 'java.lang.Object java.lang.invoke.DirectMethodHandle$Holder.invokeStaticInit(java.lang.Object, java.lang.Object, int, int, int, int)'> (0x00000000c4e41210) 
thrown [e:\jenkins\tmp\workspace\build\src\src\hotspot\share\interpreter\linkResolver.cpp, line 766]
Event: 4.714 Thread 0x00000001fd26fa60 Exception <a 'java/lang/NoSuchMethodError'{0x00000000c507dc78}: 'java.lang.Object java.lang.invoke.DirectMethodHandle$Holder.newInvokeSpecial(java.lang.Object, java.lang.Object, java.lang.Object, java.lang.Object, java.lang.Object)'> (0x00000000c507dc78) 
thrown [e:\jenkins\tmp\workspace\build\src\src\hotspot\share\interpreter\linkResolver.cpp, line 766]
Event: 8.102 Thread 0x00000001fd26fa60 Exception <a 'java/lang/NoClassDefFoundError'{0x00000000c37ea260}: com/google/inject/servlet/ServletModuleTargetVisitor> (0x00000000c37ea260) 
thrown [e:\jenkins\tmp\workspace\build\src\src\hotspot\share\classfile\systemDictionary.cpp, line 245]
Event: 8.103 Thread 0x00000001fd26fa60 Exception <a 'java/lang/NoClassDefFoundError'{0x00000000c37ee160}: javax/annotation/Priority> (0x00000000c37ee160) 
thrown [e:\jenkins\tmp\workspace\build\src\src\hotspot\share\classfile\systemDictionary.cpp, line 245]
Event: 8.564 Thread 0x00000001fd26fa60 Implicit null exception at 0x000000018b0bd572 to 0x000000018b0bdb44
Event: 8.564 Thread 0x00000001fd26fa60 Implicit null exception at 0x000000018b0cae72 to 0x000000018b0cb454
Event: 12.872 Thread 0x00000001fd26fa60 Implicit null exception at 0x000000018b180091 to 0x000000018b180494
Event: 20.125 Thread 0x00000001fd26fa60 Exception <a 'java/lang/NoSuchMethodError'{0x00000000c45f7358}: 'java.lang.String org.apache.maven.execution.MavenExecutionRequest.getFailureBehavior()'> (0x00000000c45f7358) 
thrown [e:\jenkins\tmp\workspace\build\src\src\hotspot\share\interpreter\linkResolver.cpp, line 862]

VM Operations (20 events):
Event: 15.570 Executing VM operation: HandshakeAllThreads
Event: 15.570 Executing VM operation: HandshakeAllThreads done
Event: 15.670 Executing VM operation: HandshakeAllThreads
Event: 15.670 Executing VM operation: HandshakeAllThreads done
Event: 15.788 Executing VM operation: G1CollectForAllocation
Event: 15.800 Executing VM operation: G1CollectForAllocation done
Event: 15.894 Executing VM operation: G1CollectForAllocation
Event: 15.907 Executing VM operation: G1CollectForAllocation done
Event: 16.908 Executing VM operation: Cleanup
Event: 16.908 Executing VM operation: Cleanup done
Event: 17.547 Executing VM operation: HandshakeAllThreads
Event: 17.547 Executing VM operation: HandshakeAllThreads done
Event: 18.547 Executing VM operation: Cleanup
Event: 18.548 Executing VM operation: Cleanup done
Event: 18.632 Executing VM operation: G1CollectForAllocation
Event: 18.641 Executing VM operation: G1CollectForAllocation done
Event: 19.999 Executing VM operation: HandshakeAllThreads
Event: 19.999 Executing VM operation: HandshakeAllThreads done
Event: 19.999 Executing VM operation: Cleanup
Event: 19.999 Executing VM operation: Cleanup done

Events (20 events):
Event: 15.611 loading class java/nio/file/attribute/PosixFileAttributes done
Event: 17.546 loading class java/io/FileWriter
Event: 17.546 loading class java/io/FileWriter done
Event: 17.586 loading class jdk/internal/reflect/UnsafeIntegerFieldAccessorImpl
Event: 17.586 loading class jdk/internal/reflect/UnsafeIntegerFieldAccessorImpl done
Event: 19.996 loading class java/util/concurrent/RunnableFuture
Event: 19.996 loading class java/util/concurrent/RunnableFuture done
Event: 19.997 loading class java/util/concurrent/FutureTask
Event: 19.997 loading class java/util/concurrent/FutureTask done
Event: 20.000 loading class java/lang/invoke/VarHandleInts$FieldInstanceReadWrite
Event: 20.000 loading class java/lang/invoke/VarHandleInts$FieldInstanceReadOnly
Event: 20.001 loading class java/lang/invoke/VarHandleInts$FieldInstanceReadOnly done
Event: 20.001 loading class java/lang/invoke/VarHandleInts$FieldInstanceReadWrite done
Event: 20.002 loading class java/util/concurrent/FutureTask$WaitNode
Event: 20.002 loading class java/util/concurrent/FutureTask$WaitNode done
Event: 20.062 Thread 0x0000000199898a60 Thread added: 0x0000000199898a60
Event: 20.116 loading class java/lang/IllegalAccessError
Event: 20.116 loading class java/lang/IllegalAccessError done
Event: 20.119 loading class java/text/NumberFormat$Field
Event: 20.119 loading class java/text/NumberFormat$Field done


Dynamic libraries:
0x00007ff61d720000 - 0x00007ff61d72e000 	C:\Users\Nidhi\Downloads\eclipse-java-2021-12-R-win32-x86_64\eclipse\plugins\org.eclipse.justj.openjdk.hotspot.jre.full.win32.x86_64_17.0.1.v20211116-1657\jre\bin\javaw.exe
0x00007ff807470000 - 0x00007ff807619000 	C:\Windows\SYSTEM32\ntdll.dll
0x00007ff806d70000 - 0x00007ff806ea9000 	C:\Windows\system32\KERNEL32.DLL
0x00007ff804970000 - 0x00007ff804a7e000 	C:\Windows\system32\KERNELBASE.dll
0x00007ff8004c0000 - 0x00007ff8004d8000 	C:\Users\Nidhi\Downloads\eclipse-java-2021-12-R-win32-x86_64\eclipse\plugins\org.eclipse.justj.openjdk.hotspot.jre.full.win32.x86_64_17.0.1.v20211116-1657\jre\bin\jli.dll
0x00007ff800450000 - 0x00007ff800469000 	C:\Users\Nidhi\Downloads\eclipse-java-2021-12-R-win32-x86_64\eclipse\plugins\org.eclipse.justj.openjdk.hotspot.jre.full.win32.x86_64_17.0.1.v20211116-1657\jre\bin\VCRUNTIME140.dll
0x00007ff801cd0000 - 0x00007ff801cd4000 	C:\Users\Nidhi\Downloads\eclipse-java-2021-12-R-win32-x86_64\eclipse\plugins\org.eclipse.justj.openjdk.hotspot.jre.full.win32.x86_64_17.0.1.v20211116-1657\jre\bin\api-ms-win-crt-stdio-l1-1-0.dll
0x00007ff801440000 - 0x00007ff801444000 	C:\Users\Nidhi\Downloads\eclipse-java-2021-12-R-win32-x86_64\eclipse\plugins\org.eclipse.justj.openjdk.hotspot.jre.full.win32.x86_64_17.0.1.v20211116-1657\jre\bin\api-ms-win-crt-runtime-l1-1-0.dll
0x00007ff801620000 - 0x00007ff801623000 	C:\Users\Nidhi\Downloads\eclipse-java-2021-12-R-win32-x86_64\eclipse\plugins\org.eclipse.justj.openjdk.hotspot.jre.full.win32.x86_64_17.0.1.v20211116-1657\jre\bin\api-ms-win-crt-environment-l1-1-0.dll
0x00007ff801c00000 - 0x00007ff801c05000 	C:\Users\Nidhi\Downloads\eclipse-java-2021-12-R-win32-x86_64\eclipse\plugins\org.eclipse.justj.openjdk.hotspot.jre.full.win32.x86_64_17.0.1.v20211116-1657\jre\bin\api-ms-win-crt-math-l1-1-0.dll
0x00007ff800d90000 - 0x00007ff800d93000 	C:\Users\Nidhi\Downloads\eclipse-java-2021-12-R-win32-x86_64\eclipse\plugins\org.eclipse.justj.openjdk.hotspot.jre.full.win32.x86_64_17.0.1.v20211116-1657\jre\bin\api-ms-win-crt-locale-l1-1-0.dll
0x00007ff8015f0000 - 0x00007ff8015f3000 	C:\Users\Nidhi\Downloads\eclipse-java-2021-12-R-win32-x86_64\eclipse\plugins\org.eclipse.justj.openjdk.hotspot.jre.full.win32.x86_64_17.0.1.v20211116-1657\jre\bin\api-ms-win-crt-heap-l1-1-0.dll
0x00007ff802b70000 - 0x00007ff802dca000 	C:\Windows\WinSxS\amd64_microsoft.windows.common-controls_6595b64144ccf1df_6.0.9600.16384_none_62475f7becb72503\COMCTL32.dll
0x00007ff805000000 - 0x00007ff805171000 	C:\Windows\system32\USER32.dll
0x00007ff801610000 - 0x00007ff801613000 	C:\Users\Nidhi\Downloads\eclipse-java-2021-12-R-win32-x86_64\eclipse\plugins\org.eclipse.justj.openjdk.hotspot.jre.full.win32.x86_64_17.0.1.v20211116-1657\jre\bin\api-ms-win-crt-filesystem-l1-1-0.dll
0x00007ff801c80000 - 0x00007ff801c84000 	C:\Users\Nidhi\Downloads\eclipse-java-2021-12-R-win32-x86_64\eclipse\plugins\org.eclipse.justj.openjdk.hotspot.jre.full.win32.x86_64_17.0.1.v20211116-1657\jre\bin\api-ms-win-crt-string-l1-1-0.dll
0x00007ff801630000 - 0x00007ff801634000 	C:\Users\Nidhi\Downloads\eclipse-java-2021-12-R-win32-x86_64\eclipse\plugins\org.eclipse.justj.openjdk.hotspot.jre.full.win32.x86_64_17.0.1.v20211116-1657\jre\bin\api-ms-win-crt-convert-l1-1-0.dll
0x00007ff8068a0000 - 0x00007ff806947000 	C:\Windows\system32\msvcrt.dll
0x00007ff806c20000 - 0x00007ff806d65000 	C:\Windows\system32\GDI32.dll
0x00007ffffa730000 - 0x00007ffffa82a000 	C:\Users\Nidhi\Downloads\eclipse-java-2021-12-R-win32-x86_64\eclipse\plugins\org.eclipse.justj.openjdk.hotspot.jre.full.win32.x86_64_17.0.1.v20211116-1657\jre\bin\ucrtbase.DLL
0x00007ff8052d0000 - 0x00007ff805304000 	C:\Windows\system32\IMM32.DLL
0x00007ff806eb0000 - 0x00007ff806fe8000 	C:\Windows\system32\MSCTF.dll
0x00007ff800cb0000 - 0x00007ff800cbc000 	C:\Users\Nidhi\Downloads\eclipse-java-2021-12-R-win32-x86_64\eclipse\plugins\org.eclipse.justj.openjdk.hotspot.jre.full.win32.x86_64_17.0.1.v20211116-1657\jre\bin\vcruntime140_1.dll
0x00007ffffaf20000 - 0x00007ffffafb1000 	C:\Users\Nidhi\Downloads\eclipse-java-2021-12-R-win32-x86_64\eclipse\plugins\org.eclipse.justj.openjdk.hotspot.jre.full.win32.x86_64_17.0.1.v20211116-1657\jre\bin\msvcp140.dll
0x00007ff801600000 - 0x00007ff801603000 	C:\Users\Nidhi\Downloads\eclipse-java-2021-12-R-win32-x86_64\eclipse\plugins\org.eclipse.justj.openjdk.hotspot.jre.full.win32.x86_64_17.0.1.v20211116-1657\jre\bin\api-ms-win-crt-time-l1-1-0.dll
0x00007ff801790000 - 0x00007ff801793000 	C:\Users\Nidhi\Downloads\eclipse-java-2021-12-R-win32-x86_64\eclipse\plugins\org.eclipse.justj.openjdk.hotspot.jre.full.win32.x86_64_17.0.1.v20211116-1657\jre\bin\api-ms-win-crt-utility-l1-1-0.dll
0x00007fffe83d0000 - 0x00007fffe9016000 	C:\Users\Nidhi\Downloads\eclipse-java-2021-12-R-win32-x86_64\eclipse\plugins\org.eclipse.justj.openjdk.hotspot.jre.full.win32.x86_64_17.0.1.v20211116-1657\jre\bin\server\jvm.dll
0x00007ff805310000 - 0x00007ff8053b5000 	C:\Windows\system32\ADVAPI32.dll
0x00007ff801d80000 - 0x00007ff801d89000 	C:\Windows\SYSTEM32\WSOCK32.dll
0x00007ff801690000 - 0x00007ff8016af000 	C:\Windows\SYSTEM32\WINMM.dll
0x00007ff8012f0000 - 0x00007ff8012fa000 	C:\Windows\SYSTEM32\VERSION.dll
0x00007ff806a10000 - 0x00007ff806a17000 	C:\Windows\system32\PSAPI.DLL
0x00007ff807410000 - 0x00007ff807467000 	C:\Windows\SYSTEM32\sechost.dll
0x00007ff805180000 - 0x00007ff8052b6000 	C:\Windows\system32\RPCRT4.dll
0x00007ff806950000 - 0x00007ff8069a8000 	C:\Windows\system32\WS2_32.dll
0x00007ff801660000 - 0x00007ff80168a000 	C:\Windows\SYSTEM32\WINMMBASE.dll
0x00007ff8052c0000 - 0x00007ff8052c9000 	C:\Windows\system32\NSI.dll
0x00007ff804a80000 - 0x00007ff804aca000 	C:\Windows\SYSTEM32\cfgmgr32.dll
0x00007ff803610000 - 0x00007ff803636000 	C:\Windows\SYSTEM32\DEVOBJ.dll
0x00007ff8015e0000 - 0x00007ff8015ea000 	C:\Users\Nidhi\Downloads\eclipse-java-2021-12-R-win32-x86_64\eclipse\plugins\org.eclipse.justj.openjdk.hotspot.jre.full.win32.x86_64_17.0.1.v20211116-1657\jre\bin\jimage.dll
0x00007ffff4de0000 - 0x00007ffff4f68000 	C:\Windows\SYSTEM32\DBGHELP.DLL
0x00007ff8015b0000 - 0x00007ff8015d5000 	C:\Users\Nidhi\Downloads\eclipse-java-2021-12-R-win32-x86_64\eclipse\plugins\org.eclipse.justj.openjdk.hotspot.jre.full.win32.x86_64_17.0.1.v20211116-1657\jre\bin\java.dll
0x00007ff8014e0000 - 0x00007ff8014f8000 	C:\Users\Nidhi\Downloads\eclipse-java-2021-12-R-win32-x86_64\eclipse\plugins\org.eclipse.justj.openjdk.hotspot.jre.full.win32.x86_64_17.0.1.v20211116-1657\jre\bin\zip.dll
0x00007ff8053d0000 - 0x00007ff8067e0000 	C:\Windows\system32\SHELL32.dll
0x00007ff8071d0000 - 0x00007ff8073a7000 	C:\Windows\SYSTEM32\combase.dll
0x00007ff806bc0000 - 0x00007ff806c11000 	C:\Windows\system32\SHLWAPI.dll
0x00007ff802dd0000 - 0x00007ff802e71000 	C:\Windows\SYSTEM32\SHCORE.dll
0x00007ff8047f0000 - 0x00007ff804804000 	C:\Windows\SYSTEM32\profapi.dll
0x00007ff8014c0000 - 0x00007ff8014d9000 	C:\Users\Nidhi\Downloads\eclipse-java-2021-12-R-win32-x86_64\eclipse\plugins\org.eclipse.justj.openjdk.hotspot.jre.full.win32.x86_64_17.0.1.v20211116-1657\jre\bin\net.dll
0x00007ffff75e0000 - 0x00007ffff76a5000 	C:\Windows\SYSTEM32\WINHTTP.dll
0x00007ff8040b0000 - 0x00007ff804108000 	C:\Windows\system32\mswsock.dll
0x00007ff8014a0000 - 0x00007ff8014b5000 	C:\Users\Nidhi\Downloads\eclipse-java-2021-12-R-win32-x86_64\eclipse\plugins\org.eclipse.justj.openjdk.hotspot.jre.full.win32.x86_64_17.0.1.v20211116-1657\jre\bin\nio.dll
0x00007ff801480000 - 0x00007ff801490000 	C:\Users\Nidhi\Downloads\eclipse-java-2021-12-R-win32-x86_64\eclipse\plugins\org.eclipse.justj.openjdk.hotspot.jre.full.win32.x86_64_17.0.1.v20211116-1657\jre\bin\verify.dll
0x00007ff804110000 - 0x00007ff80412e000 	C:\Windows\SYSTEM32\CRYPTSP.dll
0x00007ff803d50000 - 0x00007ff803d85000 	C:\Windows\system32\rsaenh.dll
0x00007ff804340000 - 0x00007ff804366000 	C:\Windows\SYSTEM32\bcrypt.dll
0x00007ff803e60000 - 0x00007ff803e7f000 	C:\Windows\SYSTEM32\USERENV.dll
0x00007ff804660000 - 0x00007ff8046be000 	C:\Windows\system32\bcryptprimitives.dll
0x00007ff8046c0000 - 0x00007ff8046ca000 	C:\Windows\SYSTEM32\CRYPTBASE.dll
0x00007fffff110000 - 0x00007fffff139000 	C:\Windows\SYSTEM32\IPHLPAPI.DLL
0x00007fffff100000 - 0x00007fffff10a000 	C:\Windows\SYSTEM32\WINNSI.DLL
0x00007ffffe500000 - 0x00007ffffe514000 	C:\Windows\SYSTEM32\dhcpcsvc6.DLL
0x00007ffffe400000 - 0x00007ffffe419000 	C:\Windows\SYSTEM32\dhcpcsvc.DLL
0x00007ff801d00000 - 0x00007ff801d0a000 	C:\Users\Nidhi\AppData\Local\Temp\jansi-1.17.1-11107395157700540342.dll
0x00007ff801ce0000 - 0x00007ff801cea000 	C:\Users\Nidhi\AppData\Local\Temp\jansi-1.17.1-2466829162801986080.dll

dbghelp: loaded successfully - version: 4.0.5 - missing functions: none
symbol engine: initialized successfully - sym options: 0x614 - pdb path: .;C:\Users\Nidhi\Downloads\eclipse-java-2021-12-R-win32-x86_64\eclipse\plugins\org.eclipse.justj.openjdk.hotspot.jre.full.win32.x86_64_17.0.1.v20211116-1657\jre\bin;C:\Windows\SYSTEM32;C:\Windows\WinSxS\amd64_microsoft.windows.common-controls_6595b64144ccf1df_6.0.9600.16384_none_62475f7becb72503;C:\Users\Nidhi\Downloads\eclipse-java-2021-12-R-win32-x86_64\eclipse\plugins\org.eclipse.justj.openjdk.hotspot.jre.full.win32.x86_64_17.0.1.v20211116-1657\jre\bin\server;C:\Users\Nidhi\AppData\Local\Temp

VM Arguments:
jvm_args: -Dmaven.home=EMBEDDED -Dclassworlds.conf=C:\Users\Nidhi\eclipse-workspace\.metadata\.plugins\org.eclipse.m2e.launching\launches\m2conf10887272490007595579.tmp -Dmaven.multiModuleProjectDirectory=C:\Users\Nidhi\Documents\workspace-spring-tool-suite-4-4.12.1.RELEASE\E-CommerceFasionBackend -Dfile.encoding=Cp1252 -XX:+ShowCodeDetailsInExceptionMessages 
java_command: org.codehaus.plexus.classworlds.launcher.Launcher -Ppom.xml -B install
java_class_path (initial): C:\Users\Nidhi\Downloads\eclipse-java-2021-12-R-win32-x86_64\eclipse\plugins\org.eclipse.m2e.maven.runtime_1.18.1.20211011-2139\jars\plexus-classworlds-2.6.0.jar
Launcher Type: SUN_STANDARD

[Global flags]
     intx CICompilerCount                          = 3                                         {product} {ergonomic}
     uint ConcGCThreads                            = 1                                         {product} {ergonomic}
     uint G1ConcRefinementThreads                  = 4                                         {product} {ergonomic}
   size_t G1HeapRegionSize                         = 1048576                                   {product} {ergonomic}
    uintx GCDrainStackTargetSize                   = 64                                        {product} {ergonomic}
   size_t InitialHeapSize                          = 67108864                                  {product} {ergonomic}
   size_t MarkStackSize                            = 4194304                                   {product} {ergonomic}
   size_t MaxHeapSize                              = 1052770304                                {product} {ergonomic}
   size_t MaxNewSize                               = 631242752                                 {product} {ergonomic}
   size_t MinHeapDeltaBytes                        = 1048576                                   {product} {ergonomic}
   size_t MinHeapSize                              = 8388608                                   {product} {ergonomic}
    uintx NonNMethodCodeHeapSize                   = 5832780                                {pd product} {ergonomic}
    uintx NonProfiledCodeHeapSize                  = 122912730                              {pd product} {ergonomic}
    uintx ProfiledCodeHeapSize                     = 122912730                              {pd product} {ergonomic}
    uintx ReservedCodeCacheSize                    = 251658240                              {pd product} {ergonomic}
     bool SegmentedCodeCache                       = true                                      {product} {ergonomic}
     bool ShowCodeDetailsInExceptionMessages       = true                                   {manageable} {command line}
   size_t SoftMaxHeapSize                          = 1052770304                             {manageable} {ergonomic}
     bool UseCompressedClassPointers               = true                           {product lp64_product} {ergonomic}
     bool UseCompressedOops                        = true                           {product lp64_product} {ergonomic}
     bool UseG1GC                                  = true                                      {product} {ergonomic}
     bool UseLargePagesIndividualAllocation        = false                                  {pd product} {ergonomic}

Logging:
Log output configuration:
 #0: stdout all=warning uptime,level,tags
 #1: stderr all=off uptime,level,tags

Environment Variables:
PATH=C:/Users/Nidhi/Downloads/eclipse-java-2021-12-R-win32-x86_64/eclipse//plugins/org.eclipse.justj.openjdk.hotspot.jre.full.win32.x86_64_17.0.1.v20211116-1657/jre/bin/server;C:/Users/Nidhi/Downloads/eclipse-java-2021-12-R-win32-x86_64/eclipse//plugins/org.eclipse.justj.openjdk.hotspot.jre.full.win32.x86_64_17.0.1.v20211116-1657/jre/bin;C:\Program Files\Common Files\Oracle\Java\javapath;C:\Program Files (x86)\Common Files\Oracle\Java\javapath;C:\ProgramData\Oracle\Java\javapath;C:\Program Files\Java\jre1.8.0_121\bin;C:\xampp\php;C:\Users\Default\Desktop;C:\Users\Nidhi\Anaconda4\Scripts\;C:\Program Files\Microsoft VS Code\bin;C:\Program Files\Git\cmd;C:\Program Files\nodejs\;C:\Users\Nidhi\Anaconda3;C:\Users\Nidhi\Anaconda3\Library\mingw-w64\bin;C:\Users\Nidhi\Anaconda3\Library\usr\bin;C:\Users\Nidhi\Anaconda3\Library\bin;C:\Users\Nidhi\Anaconda3\Scripts;C:\Program Files\Java\jdk1.8.0_121\bin;C:\Users\Nidhi\AppData\Roaming\Composer\vendor\bin;C:\Program Files\Microsoft VS Code\bin;C:\Users\Nidhi\AppData\Local\GitHubDesktop\bin;C:\Users\Nidhi\AppData\Roaming\npm;C:\Users\Nidhi\Downloads\eclipse-java-2021-12-R-win32-x86_64\eclipse;
USERNAME=Nidhi
OS=Windows_NT
PROCESSOR_IDENTIFIER=Intel64 Family 6 Model 61 Stepping 4, GenuineIntel



---------------  S Y S T E M  ---------------

OS:
 Windows 8.1 , 64 bit Build 9600 (6.3.9600.16656)
OS uptime: 12 days 8:29 hours

CPU: total 4 (initial active 4) (2 cores per cpu, 2 threads per core) family 6 model 61 stepping 4 microcode 0x1f, cx8, cmov, fxsr, ht, mmx, 3dnowpref, sse, sse2, sse3, ssse3, sse4.1, sse4.2, popcnt, lzcnt, tsc, tscinvbit, avx, avx2, aes, erms, clmul, bmi1, bmi2, adx, fma, vzeroupper, clflush

Memory: 4k page, system-wide physical 4011M (277M free)
TotalPageFile size 4011M (AvailPageFile size 5M)
current process WorkingSet (physical memory assigned to process): 145M, peak: 146M
current process commit charge ("private bytes"): 173M, peak: 175M

vm_info: OpenJDK 64-Bit Server VM (17.0.1+12) for windows-amd64 JRE (17.0.1+12), built on Oct 20 2021 07:42:55 by "" with MS VC++ 16.7 (VS2019)

END.
